<?xml version="1.0" encoding="UTF-8"?>
<testsuite xmlns:xsi="http://www.w3.org/2001/XMLSchema-instance" xsi:noNamespaceSchemaLocation="https://maven.apache.org/surefire/maven-surefire-plugin/xsd/surefire-test-report.xsd" name="com.acs.configuration.AccessControlSystemApplicationTests" time="19.944" tests="1" errors="1" skipped="0" failures="0">
  <properties>
    <property name="sun.desktop" value="windows"/>
    <property name="awt.toolkit" value="sun.awt.windows.WToolkit"/>
    <property name="file.encoding.pkg" value="sun.io"/>
    <property name="java.specification.version" value="1.8"/>
    <property name="sun.cpu.isalist" value="pentium_pro+mmx pentium_pro pentium+mmx pentium i486 i386 i86"/>
    <property name="sun.jnu.encoding" value="Cp1252"/>
    <property name="java.class.path" value="D:\personal\ACS\AccessControlSystem\project\AccessControlSystem-Server\target\test-classes;D:\personal\ACS\AccessControlSystem\project\AccessControlSystem-Server\target\classes;C:\Users\gnanii\.m2\repository\org\springframework\boot\spring-boot-starter\2.0.5.RELEASE\spring-boot-starter-2.0.5.RELEASE.jar;C:\Users\gnanii\.m2\repository\org\springframework\boot\spring-boot\2.0.5.RELEASE\spring-boot-2.0.5.RELEASE.jar;C:\Users\gnanii\.m2\repository\org\springframework\spring-context\5.0.9.RELEASE\spring-context-5.0.9.RELEASE.jar;C:\Users\gnanii\.m2\repository\org\springframework\boot\spring-boot-autoconfigure\2.0.5.RELEASE\spring-boot-autoconfigure-2.0.5.RELEASE.jar;C:\Users\gnanii\.m2\repository\org\springframework\boot\spring-boot-starter-logging\2.0.5.RELEASE\spring-boot-starter-logging-2.0.5.RELEASE.jar;C:\Users\gnanii\.m2\repository\ch\qos\logback\logback-classic\1.2.3\logback-classic-1.2.3.jar;C:\Users\gnanii\.m2\repository\ch\qos\logback\logback-core\1.2.3\logback-core-1.2.3.jar;C:\Users\gnanii\.m2\repository\org\apache\logging\log4j\log4j-to-slf4j\2.10.0\log4j-to-slf4j-2.10.0.jar;C:\Users\gnanii\.m2\repository\org\apache\logging\log4j\log4j-api\2.10.0\log4j-api-2.10.0.jar;C:\Users\gnanii\.m2\repository\org\slf4j\jul-to-slf4j\1.7.25\jul-to-slf4j-1.7.25.jar;C:\Users\gnanii\.m2\repository\javax\annotation\javax.annotation-api\1.3.2\javax.annotation-api-1.3.2.jar;C:\Users\gnanii\.m2\repository\org\springframework\spring-core\5.0.9.RELEASE\spring-core-5.0.9.RELEASE.jar;C:\Users\gnanii\.m2\repository\org\springframework\spring-jcl\5.0.9.RELEASE\spring-jcl-5.0.9.RELEASE.jar;C:\Users\gnanii\.m2\repository\org\yaml\snakeyaml\1.19\snakeyaml-1.19.jar;C:\Users\gnanii\.m2\repository\org\springframework\boot\spring-boot-starter-data-rest\2.0.5.RELEASE\spring-boot-starter-data-rest-2.0.5.RELEASE.jar;C:\Users\gnanii\.m2\repository\org\springframework\boot\spring-boot-starter-json\2.0.5.RELEASE\spring-boot-starter-json-2.0.5.RELEASE.jar;C:\Users\gnanii\.m2\repository\com\fasterxml\jackson\datatype\jackson-datatype-jdk8\2.9.6\jackson-datatype-jdk8-2.9.6.jar;C:\Users\gnanii\.m2\repository\com\fasterxml\jackson\datatype\jackson-datatype-jsr310\2.9.6\jackson-datatype-jsr310-2.9.6.jar;C:\Users\gnanii\.m2\repository\com\fasterxml\jackson\module\jackson-module-parameter-names\2.9.6\jackson-module-parameter-names-2.9.6.jar;C:\Users\gnanii\.m2\repository\org\springframework\data\spring-data-rest-webmvc\3.0.10.RELEASE\spring-data-rest-webmvc-3.0.10.RELEASE.jar;C:\Users\gnanii\.m2\repository\org\springframework\data\spring-data-rest-core\3.0.10.RELEASE\spring-data-rest-core-3.0.10.RELEASE.jar;C:\Users\gnanii\.m2\repository\org\springframework\hateoas\spring-hateoas\0.25.0.RELEASE\spring-hateoas-0.25.0.RELEASE.jar;C:\Users\gnanii\.m2\repository\org\atteo\evo-inflector\1.2.2\evo-inflector-1.2.2.jar;C:\Users\gnanii\.m2\repository\org\springframework\boot\spring-boot-starter-test\2.0.5.RELEASE\spring-boot-starter-test-2.0.5.RELEASE.jar;C:\Users\gnanii\.m2\repository\org\springframework\boot\spring-boot-test\2.0.5.RELEASE\spring-boot-test-2.0.5.RELEASE.jar;C:\Users\gnanii\.m2\repository\org\springframework\boot\spring-boot-test-autoconfigure\2.0.5.RELEASE\spring-boot-test-autoconfigure-2.0.5.RELEASE.jar;C:\Users\gnanii\.m2\repository\com\jayway\jsonpath\json-path\2.4.0\json-path-2.4.0.jar;C:\Users\gnanii\.m2\repository\net\minidev\json-smart\2.3\json-smart-2.3.jar;C:\Users\gnanii\.m2\repository\net\minidev\accessors-smart\1.2\accessors-smart-1.2.jar;C:\Users\gnanii\.m2\repository\org\ow2\asm\asm\5.0.4\asm-5.0.4.jar;C:\Users\gnanii\.m2\repository\junit\junit\4.12\junit-4.12.jar;C:\Users\gnanii\.m2\repository\org\assertj\assertj-core\3.9.1\assertj-core-3.9.1.jar;C:\Users\gnanii\.m2\repository\org\mockito\mockito-core\2.15.0\mockito-core-2.15.0.jar;C:\Users\gnanii\.m2\repository\net\bytebuddy\byte-buddy\1.7.11\byte-buddy-1.7.11.jar;C:\Users\gnanii\.m2\repository\net\bytebuddy\byte-buddy-agent\1.7.11\byte-buddy-agent-1.7.11.jar;C:\Users\gnanii\.m2\repository\org\objenesis\objenesis\2.6\objenesis-2.6.jar;C:\Users\gnanii\.m2\repository\org\hamcrest\hamcrest-core\1.3\hamcrest-core-1.3.jar;C:\Users\gnanii\.m2\repository\org\hamcrest\hamcrest-library\1.3\hamcrest-library-1.3.jar;C:\Users\gnanii\.m2\repository\org\skyscreamer\jsonassert\1.5.0\jsonassert-1.5.0.jar;C:\Users\gnanii\.m2\repository\org\springframework\spring-test\5.0.9.RELEASE\spring-test-5.0.9.RELEASE.jar;C:\Users\gnanii\.m2\repository\org\xmlunit\xmlunit-core\2.5.1\xmlunit-core-2.5.1.jar;C:\Users\gnanii\.m2\repository\org\springframework\boot\spring-boot-starter-web\2.0.5.RELEASE\spring-boot-starter-web-2.0.5.RELEASE.jar;C:\Users\gnanii\.m2\repository\org\springframework\boot\spring-boot-starter-tomcat\2.0.5.RELEASE\spring-boot-starter-tomcat-2.0.5.RELEASE.jar;C:\Users\gnanii\.m2\repository\org\apache\tomcat\embed\tomcat-embed-core\8.5.34\tomcat-embed-core-8.5.34.jar;C:\Users\gnanii\.m2\repository\org\apache\tomcat\embed\tomcat-embed-el\8.5.34\tomcat-embed-el-8.5.34.jar;C:\Users\gnanii\.m2\repository\org\apache\tomcat\embed\tomcat-embed-websocket\8.5.34\tomcat-embed-websocket-8.5.34.jar;C:\Users\gnanii\.m2\repository\org\hibernate\validator\hibernate-validator\6.0.12.Final\hibernate-validator-6.0.12.Final.jar;C:\Users\gnanii\.m2\repository\javax\validation\validation-api\2.0.1.Final\validation-api-2.0.1.Final.jar;C:\Users\gnanii\.m2\repository\org\jboss\logging\jboss-logging\3.3.2.Final\jboss-logging-3.3.2.Final.jar;C:\Users\gnanii\.m2\repository\org\springframework\spring-web\5.0.9.RELEASE\spring-web-5.0.9.RELEASE.jar;C:\Users\gnanii\.m2\repository\org\springframework\spring-beans\5.0.9.RELEASE\spring-beans-5.0.9.RELEASE.jar;C:\Users\gnanii\.m2\repository\org\springframework\spring-webmvc\5.0.9.RELEASE\spring-webmvc-5.0.9.RELEASE.jar;C:\Users\gnanii\.m2\repository\org\springframework\spring-expression\5.0.9.RELEASE\spring-expression-5.0.9.RELEASE.jar;C:\Users\gnanii\.m2\repository\org\springframework\boot\spring-boot-starter-data-jpa\2.0.5.RELEASE\spring-boot-starter-data-jpa-2.0.5.RELEASE.jar;C:\Users\gnanii\.m2\repository\org\springframework\boot\spring-boot-starter-aop\2.0.5.RELEASE\spring-boot-starter-aop-2.0.5.RELEASE.jar;C:\Users\gnanii\.m2\repository\org\aspectj\aspectjweaver\1.8.13\aspectjweaver-1.8.13.jar;C:\Users\gnanii\.m2\repository\org\springframework\boot\spring-boot-starter-jdbc\2.0.5.RELEASE\spring-boot-starter-jdbc-2.0.5.RELEASE.jar;C:\Users\gnanii\.m2\repository\com\zaxxer\HikariCP\2.7.9\HikariCP-2.7.9.jar;C:\Users\gnanii\.m2\repository\org\springframework\spring-jdbc\5.0.9.RELEASE\spring-jdbc-5.0.9.RELEASE.jar;C:\Users\gnanii\.m2\repository\javax\transaction\javax.transaction-api\1.2\javax.transaction-api-1.2.jar;C:\Users\gnanii\.m2\repository\org\hibernate\hibernate-core\5.2.17.Final\hibernate-core-5.2.17.Final.jar;C:\Users\gnanii\.m2\repository\org\hibernate\javax\persistence\hibernate-jpa-2.1-api\1.0.2.Final\hibernate-jpa-2.1-api-1.0.2.Final.jar;C:\Users\gnanii\.m2\repository\org\javassist\javassist\3.22.0-GA\javassist-3.22.0-GA.jar;C:\Users\gnanii\.m2\repository\antlr\antlr\2.7.7\antlr-2.7.7.jar;C:\Users\gnanii\.m2\repository\org\jboss\jandex\2.0.3.Final\jandex-2.0.3.Final.jar;C:\Users\gnanii\.m2\repository\dom4j\dom4j\1.6.1\dom4j-1.6.1.jar;C:\Users\gnanii\.m2\repository\org\hibernate\common\hibernate-commons-annotations\5.0.1.Final\hibernate-commons-annotations-5.0.1.Final.jar;C:\Users\gnanii\.m2\repository\org\springframework\data\spring-data-jpa\2.0.10.RELEASE\spring-data-jpa-2.0.10.RELEASE.jar;C:\Users\gnanii\.m2\repository\org\springframework\data\spring-data-commons\2.0.10.RELEASE\spring-data-commons-2.0.10.RELEASE.jar;C:\Users\gnanii\.m2\repository\org\springframework\spring-orm\5.0.9.RELEASE\spring-orm-5.0.9.RELEASE.jar;C:\Users\gnanii\.m2\repository\org\springframework\spring-tx\5.0.9.RELEASE\spring-tx-5.0.9.RELEASE.jar;C:\Users\gnanii\.m2\repository\org\springframework\spring-aspects\5.0.9.RELEASE\spring-aspects-5.0.9.RELEASE.jar;C:\Users\gnanii\.m2\repository\org\postgresql\postgresql\42.2.2\postgresql-42.2.2.jar;C:\Users\gnanii\.m2\repository\org\liquibase\liquibase-core\3.5.5\liquibase-core-3.5.5.jar;C:\Users\gnanii\.m2\repository\org\springframework\boot\spring-boot-starter-security\2.0.5.RELEASE\spring-boot-starter-security-2.0.5.RELEASE.jar;C:\Users\gnanii\.m2\repository\org\springframework\spring-aop\5.0.9.RELEASE\spring-aop-5.0.9.RELEASE.jar;C:\Users\gnanii\.m2\repository\org\springframework\security\spring-security-config\5.0.8.RELEASE\spring-security-config-5.0.8.RELEASE.jar;C:\Users\gnanii\.m2\repository\org\springframework\security\spring-security-core\5.0.8.RELEASE\spring-security-core-5.0.8.RELEASE.jar;C:\Users\gnanii\.m2\repository\org\springframework\security\spring-security-web\5.0.8.RELEASE\spring-security-web-5.0.8.RELEASE.jar;C:\Users\gnanii\.m2\repository\org\springframework\security\oauth\boot\spring-security-oauth2-autoconfigure\2.0.0.RELEASE\spring-security-oauth2-autoconfigure-2.0.0.RELEASE.jar;C:\Users\gnanii\.m2\repository\com\fasterxml\jackson\core\jackson-annotations\2.9.0\jackson-annotations-2.9.0.jar;C:\Users\gnanii\.m2\repository\com\fasterxml\jackson\core\jackson-databind\2.9.6\jackson-databind-2.9.6.jar;C:\Users\gnanii\.m2\repository\com\fasterxml\jackson\core\jackson-core\2.9.6\jackson-core-2.9.6.jar;C:\Users\gnanii\.m2\repository\org\springframework\security\oauth\spring-security-oauth2\2.2.1.RELEASE\spring-security-oauth2-2.2.1.RELEASE.jar;C:\Users\gnanii\.m2\repository\org\codehaus\jackson\jackson-mapper-asl\1.9.13\jackson-mapper-asl-1.9.13.jar;C:\Users\gnanii\.m2\repository\org\codehaus\jackson\jackson-core-asl\1.9.13\jackson-core-asl-1.9.13.jar;C:\Users\gnanii\.m2\repository\org\springframework\security\spring-security-jwt\1.0.9.RELEASE\spring-security-jwt-1.0.9.RELEASE.jar;C:\Users\gnanii\.m2\repository\org\bouncycastle\bcpkix-jdk15on\1.56\bcpkix-jdk15on-1.56.jar;C:\Users\gnanii\.m2\repository\org\bouncycastle\bcprov-jdk15on\1.56\bcprov-jdk15on-1.56.jar;C:\Users\gnanii\.m2\repository\io\springfox\springfox-swagger2\2.6.1\springfox-swagger2-2.6.1.jar;C:\Users\gnanii\.m2\repository\io\swagger\swagger-annotations\1.5.10\swagger-annotations-1.5.10.jar;C:\Users\gnanii\.m2\repository\io\swagger\swagger-models\1.5.10\swagger-models-1.5.10.jar;C:\Users\gnanii\.m2\repository\io\springfox\springfox-spi\2.6.1\springfox-spi-2.6.1.jar;C:\Users\gnanii\.m2\repository\io\springfox\springfox-core\2.6.1\springfox-core-2.6.1.jar;C:\Users\gnanii\.m2\repository\io\springfox\springfox-schema\2.6.1\springfox-schema-2.6.1.jar;C:\Users\gnanii\.m2\repository\io\springfox\springfox-swagger-common\2.6.1\springfox-swagger-common-2.6.1.jar;C:\Users\gnanii\.m2\repository\io\springfox\springfox-spring-web\2.6.1\springfox-spring-web-2.6.1.jar;C:\Users\gnanii\.m2\repository\com\google\guava\guava\18.0\guava-18.0.jar;C:\Users\gnanii\.m2\repository\com\fasterxml\classmate\1.3.4\classmate-1.3.4.jar;C:\Users\gnanii\.m2\repository\org\slf4j\slf4j-api\1.7.25\slf4j-api-1.7.25.jar;C:\Users\gnanii\.m2\repository\org\springframework\plugin\spring-plugin-core\1.2.0.RELEASE\spring-plugin-core-1.2.0.RELEASE.jar;C:\Users\gnanii\.m2\repository\org\springframework\plugin\spring-plugin-metadata\1.2.0.RELEASE\spring-plugin-metadata-1.2.0.RELEASE.jar;C:\Users\gnanii\.m2\repository\org\mapstruct\mapstruct\1.0.0.Final\mapstruct-1.0.0.Final.jar;C:\Users\gnanii\.m2\repository\io\springfox\springfox-swagger-ui\2.6.1\springfox-swagger-ui-2.6.1.jar;C:\Users\gnanii\.m2\repository\com\auth0\java-jwt\3.4.0\java-jwt-3.4.0.jar;C:\Users\gnanii\.m2\repository\commons-codec\commons-codec\1.11\commons-codec-1.11.jar;C:\Users\gnanii\.m2\repository\org\modelmapper\modelmapper\2.3.2\modelmapper-2.3.2.jar;C:\Users\gnanii\.m2\repository\com\vaadin\external\google\android-json\0.0.20131108.vaadin1\android-json-0.0.20131108.vaadin1.jar;C:\Users\gnanii\.m2\repository\org\apache\commons\commons-lang3\3.4\commons-lang3-3.4.jar;C:\Users\gnanii\.m2\repository\org\junit\jupiter\junit-jupiter-api\5.4.2\junit-jupiter-api-5.4.2.jar;C:\Users\gnanii\.m2\repository\org\apiguardian\apiguardian-api\1.0.0\apiguardian-api-1.0.0.jar;C:\Users\gnanii\.m2\repository\org\opentest4j\opentest4j\1.1.1\opentest4j-1.1.1.jar;C:\Users\gnanii\.m2\repository\org\junit\platform\junit-platform-commons\1.4.2\junit-platform-commons-1.4.2.jar;C:\Users\gnanii\.m2\repository\org\mockito\mockito-junit-jupiter\2.23.0\mockito-junit-jupiter-2.23.0.jar;"/>
    <property name="java.vm.vendor" value="Oracle Corporation"/>
    <property name="sun.arch.data.model" value="32"/>
    <property name="user.variant" value=""/>
    <property name="java.vendor.url" value="http://java.oracle.com/"/>
    <property name="user.timezone" value=""/>
    <property name="java.vm.specification.version" value="1.8"/>
    <property name="os.name" value="Windows 10"/>
    <property name="user.country" value="GB"/>
    <property name="sun.java.launcher" value="SUN_STANDARD"/>
    <property name="sun.boot.library.path" value="C:\Program Files (x86)\Java\jdk1.8.0_144\jre\bin"/>
    <property name="sun.java.command" value="C:\Users\gnanii\AppData\Local\Temp\surefire1658802995992462239\surefirebooter1077936759950058545.jar C:\Users\gnanii\AppData\Local\Temp\surefire1658802995992462239 2019-05-26T23-09-18_643-jvmRun1 surefire1332485706811814355tmp surefire_04273856218982545056tmp"/>
    <property name="surefire.test.class.path" value="D:\personal\ACS\AccessControlSystem\project\AccessControlSystem-Server\target\test-classes;D:\personal\ACS\AccessControlSystem\project\AccessControlSystem-Server\target\classes;C:\Users\gnanii\.m2\repository\org\springframework\boot\spring-boot-starter\2.0.5.RELEASE\spring-boot-starter-2.0.5.RELEASE.jar;C:\Users\gnanii\.m2\repository\org\springframework\boot\spring-boot\2.0.5.RELEASE\spring-boot-2.0.5.RELEASE.jar;C:\Users\gnanii\.m2\repository\org\springframework\spring-context\5.0.9.RELEASE\spring-context-5.0.9.RELEASE.jar;C:\Users\gnanii\.m2\repository\org\springframework\boot\spring-boot-autoconfigure\2.0.5.RELEASE\spring-boot-autoconfigure-2.0.5.RELEASE.jar;C:\Users\gnanii\.m2\repository\org\springframework\boot\spring-boot-starter-logging\2.0.5.RELEASE\spring-boot-starter-logging-2.0.5.RELEASE.jar;C:\Users\gnanii\.m2\repository\ch\qos\logback\logback-classic\1.2.3\logback-classic-1.2.3.jar;C:\Users\gnanii\.m2\repository\ch\qos\logback\logback-core\1.2.3\logback-core-1.2.3.jar;C:\Users\gnanii\.m2\repository\org\apache\logging\log4j\log4j-to-slf4j\2.10.0\log4j-to-slf4j-2.10.0.jar;C:\Users\gnanii\.m2\repository\org\apache\logging\log4j\log4j-api\2.10.0\log4j-api-2.10.0.jar;C:\Users\gnanii\.m2\repository\org\slf4j\jul-to-slf4j\1.7.25\jul-to-slf4j-1.7.25.jar;C:\Users\gnanii\.m2\repository\javax\annotation\javax.annotation-api\1.3.2\javax.annotation-api-1.3.2.jar;C:\Users\gnanii\.m2\repository\org\springframework\spring-core\5.0.9.RELEASE\spring-core-5.0.9.RELEASE.jar;C:\Users\gnanii\.m2\repository\org\springframework\spring-jcl\5.0.9.RELEASE\spring-jcl-5.0.9.RELEASE.jar;C:\Users\gnanii\.m2\repository\org\yaml\snakeyaml\1.19\snakeyaml-1.19.jar;C:\Users\gnanii\.m2\repository\org\springframework\boot\spring-boot-starter-data-rest\2.0.5.RELEASE\spring-boot-starter-data-rest-2.0.5.RELEASE.jar;C:\Users\gnanii\.m2\repository\org\springframework\boot\spring-boot-starter-json\2.0.5.RELEASE\spring-boot-starter-json-2.0.5.RELEASE.jar;C:\Users\gnanii\.m2\repository\com\fasterxml\jackson\datatype\jackson-datatype-jdk8\2.9.6\jackson-datatype-jdk8-2.9.6.jar;C:\Users\gnanii\.m2\repository\com\fasterxml\jackson\datatype\jackson-datatype-jsr310\2.9.6\jackson-datatype-jsr310-2.9.6.jar;C:\Users\gnanii\.m2\repository\com\fasterxml\jackson\module\jackson-module-parameter-names\2.9.6\jackson-module-parameter-names-2.9.6.jar;C:\Users\gnanii\.m2\repository\org\springframework\data\spring-data-rest-webmvc\3.0.10.RELEASE\spring-data-rest-webmvc-3.0.10.RELEASE.jar;C:\Users\gnanii\.m2\repository\org\springframework\data\spring-data-rest-core\3.0.10.RELEASE\spring-data-rest-core-3.0.10.RELEASE.jar;C:\Users\gnanii\.m2\repository\org\springframework\hateoas\spring-hateoas\0.25.0.RELEASE\spring-hateoas-0.25.0.RELEASE.jar;C:\Users\gnanii\.m2\repository\org\atteo\evo-inflector\1.2.2\evo-inflector-1.2.2.jar;C:\Users\gnanii\.m2\repository\org\springframework\boot\spring-boot-starter-test\2.0.5.RELEASE\spring-boot-starter-test-2.0.5.RELEASE.jar;C:\Users\gnanii\.m2\repository\org\springframework\boot\spring-boot-test\2.0.5.RELEASE\spring-boot-test-2.0.5.RELEASE.jar;C:\Users\gnanii\.m2\repository\org\springframework\boot\spring-boot-test-autoconfigure\2.0.5.RELEASE\spring-boot-test-autoconfigure-2.0.5.RELEASE.jar;C:\Users\gnanii\.m2\repository\com\jayway\jsonpath\json-path\2.4.0\json-path-2.4.0.jar;C:\Users\gnanii\.m2\repository\net\minidev\json-smart\2.3\json-smart-2.3.jar;C:\Users\gnanii\.m2\repository\net\minidev\accessors-smart\1.2\accessors-smart-1.2.jar;C:\Users\gnanii\.m2\repository\org\ow2\asm\asm\5.0.4\asm-5.0.4.jar;C:\Users\gnanii\.m2\repository\junit\junit\4.12\junit-4.12.jar;C:\Users\gnanii\.m2\repository\org\assertj\assertj-core\3.9.1\assertj-core-3.9.1.jar;C:\Users\gnanii\.m2\repository\org\mockito\mockito-core\2.15.0\mockito-core-2.15.0.jar;C:\Users\gnanii\.m2\repository\net\bytebuddy\byte-buddy\1.7.11\byte-buddy-1.7.11.jar;C:\Users\gnanii\.m2\repository\net\bytebuddy\byte-buddy-agent\1.7.11\byte-buddy-agent-1.7.11.jar;C:\Users\gnanii\.m2\repository\org\objenesis\objenesis\2.6\objenesis-2.6.jar;C:\Users\gnanii\.m2\repository\org\hamcrest\hamcrest-core\1.3\hamcrest-core-1.3.jar;C:\Users\gnanii\.m2\repository\org\hamcrest\hamcrest-library\1.3\hamcrest-library-1.3.jar;C:\Users\gnanii\.m2\repository\org\skyscreamer\jsonassert\1.5.0\jsonassert-1.5.0.jar;C:\Users\gnanii\.m2\repository\org\springframework\spring-test\5.0.9.RELEASE\spring-test-5.0.9.RELEASE.jar;C:\Users\gnanii\.m2\repository\org\xmlunit\xmlunit-core\2.5.1\xmlunit-core-2.5.1.jar;C:\Users\gnanii\.m2\repository\org\springframework\boot\spring-boot-starter-web\2.0.5.RELEASE\spring-boot-starter-web-2.0.5.RELEASE.jar;C:\Users\gnanii\.m2\repository\org\springframework\boot\spring-boot-starter-tomcat\2.0.5.RELEASE\spring-boot-starter-tomcat-2.0.5.RELEASE.jar;C:\Users\gnanii\.m2\repository\org\apache\tomcat\embed\tomcat-embed-core\8.5.34\tomcat-embed-core-8.5.34.jar;C:\Users\gnanii\.m2\repository\org\apache\tomcat\embed\tomcat-embed-el\8.5.34\tomcat-embed-el-8.5.34.jar;C:\Users\gnanii\.m2\repository\org\apache\tomcat\embed\tomcat-embed-websocket\8.5.34\tomcat-embed-websocket-8.5.34.jar;C:\Users\gnanii\.m2\repository\org\hibernate\validator\hibernate-validator\6.0.12.Final\hibernate-validator-6.0.12.Final.jar;C:\Users\gnanii\.m2\repository\javax\validation\validation-api\2.0.1.Final\validation-api-2.0.1.Final.jar;C:\Users\gnanii\.m2\repository\org\jboss\logging\jboss-logging\3.3.2.Final\jboss-logging-3.3.2.Final.jar;C:\Users\gnanii\.m2\repository\org\springframework\spring-web\5.0.9.RELEASE\spring-web-5.0.9.RELEASE.jar;C:\Users\gnanii\.m2\repository\org\springframework\spring-beans\5.0.9.RELEASE\spring-beans-5.0.9.RELEASE.jar;C:\Users\gnanii\.m2\repository\org\springframework\spring-webmvc\5.0.9.RELEASE\spring-webmvc-5.0.9.RELEASE.jar;C:\Users\gnanii\.m2\repository\org\springframework\spring-expression\5.0.9.RELEASE\spring-expression-5.0.9.RELEASE.jar;C:\Users\gnanii\.m2\repository\org\springframework\boot\spring-boot-starter-data-jpa\2.0.5.RELEASE\spring-boot-starter-data-jpa-2.0.5.RELEASE.jar;C:\Users\gnanii\.m2\repository\org\springframework\boot\spring-boot-starter-aop\2.0.5.RELEASE\spring-boot-starter-aop-2.0.5.RELEASE.jar;C:\Users\gnanii\.m2\repository\org\aspectj\aspectjweaver\1.8.13\aspectjweaver-1.8.13.jar;C:\Users\gnanii\.m2\repository\org\springframework\boot\spring-boot-starter-jdbc\2.0.5.RELEASE\spring-boot-starter-jdbc-2.0.5.RELEASE.jar;C:\Users\gnanii\.m2\repository\com\zaxxer\HikariCP\2.7.9\HikariCP-2.7.9.jar;C:\Users\gnanii\.m2\repository\org\springframework\spring-jdbc\5.0.9.RELEASE\spring-jdbc-5.0.9.RELEASE.jar;C:\Users\gnanii\.m2\repository\javax\transaction\javax.transaction-api\1.2\javax.transaction-api-1.2.jar;C:\Users\gnanii\.m2\repository\org\hibernate\hibernate-core\5.2.17.Final\hibernate-core-5.2.17.Final.jar;C:\Users\gnanii\.m2\repository\org\hibernate\javax\persistence\hibernate-jpa-2.1-api\1.0.2.Final\hibernate-jpa-2.1-api-1.0.2.Final.jar;C:\Users\gnanii\.m2\repository\org\javassist\javassist\3.22.0-GA\javassist-3.22.0-GA.jar;C:\Users\gnanii\.m2\repository\antlr\antlr\2.7.7\antlr-2.7.7.jar;C:\Users\gnanii\.m2\repository\org\jboss\jandex\2.0.3.Final\jandex-2.0.3.Final.jar;C:\Users\gnanii\.m2\repository\dom4j\dom4j\1.6.1\dom4j-1.6.1.jar;C:\Users\gnanii\.m2\repository\org\hibernate\common\hibernate-commons-annotations\5.0.1.Final\hibernate-commons-annotations-5.0.1.Final.jar;C:\Users\gnanii\.m2\repository\org\springframework\data\spring-data-jpa\2.0.10.RELEASE\spring-data-jpa-2.0.10.RELEASE.jar;C:\Users\gnanii\.m2\repository\org\springframework\data\spring-data-commons\2.0.10.RELEASE\spring-data-commons-2.0.10.RELEASE.jar;C:\Users\gnanii\.m2\repository\org\springframework\spring-orm\5.0.9.RELEASE\spring-orm-5.0.9.RELEASE.jar;C:\Users\gnanii\.m2\repository\org\springframework\spring-tx\5.0.9.RELEASE\spring-tx-5.0.9.RELEASE.jar;C:\Users\gnanii\.m2\repository\org\springframework\spring-aspects\5.0.9.RELEASE\spring-aspects-5.0.9.RELEASE.jar;C:\Users\gnanii\.m2\repository\org\postgresql\postgresql\42.2.2\postgresql-42.2.2.jar;C:\Users\gnanii\.m2\repository\org\liquibase\liquibase-core\3.5.5\liquibase-core-3.5.5.jar;C:\Users\gnanii\.m2\repository\org\springframework\boot\spring-boot-starter-security\2.0.5.RELEASE\spring-boot-starter-security-2.0.5.RELEASE.jar;C:\Users\gnanii\.m2\repository\org\springframework\spring-aop\5.0.9.RELEASE\spring-aop-5.0.9.RELEASE.jar;C:\Users\gnanii\.m2\repository\org\springframework\security\spring-security-config\5.0.8.RELEASE\spring-security-config-5.0.8.RELEASE.jar;C:\Users\gnanii\.m2\repository\org\springframework\security\spring-security-core\5.0.8.RELEASE\spring-security-core-5.0.8.RELEASE.jar;C:\Users\gnanii\.m2\repository\org\springframework\security\spring-security-web\5.0.8.RELEASE\spring-security-web-5.0.8.RELEASE.jar;C:\Users\gnanii\.m2\repository\org\springframework\security\oauth\boot\spring-security-oauth2-autoconfigure\2.0.0.RELEASE\spring-security-oauth2-autoconfigure-2.0.0.RELEASE.jar;C:\Users\gnanii\.m2\repository\com\fasterxml\jackson\core\jackson-annotations\2.9.0\jackson-annotations-2.9.0.jar;C:\Users\gnanii\.m2\repository\com\fasterxml\jackson\core\jackson-databind\2.9.6\jackson-databind-2.9.6.jar;C:\Users\gnanii\.m2\repository\com\fasterxml\jackson\core\jackson-core\2.9.6\jackson-core-2.9.6.jar;C:\Users\gnanii\.m2\repository\org\springframework\security\oauth\spring-security-oauth2\2.2.1.RELEASE\spring-security-oauth2-2.2.1.RELEASE.jar;C:\Users\gnanii\.m2\repository\org\codehaus\jackson\jackson-mapper-asl\1.9.13\jackson-mapper-asl-1.9.13.jar;C:\Users\gnanii\.m2\repository\org\codehaus\jackson\jackson-core-asl\1.9.13\jackson-core-asl-1.9.13.jar;C:\Users\gnanii\.m2\repository\org\springframework\security\spring-security-jwt\1.0.9.RELEASE\spring-security-jwt-1.0.9.RELEASE.jar;C:\Users\gnanii\.m2\repository\org\bouncycastle\bcpkix-jdk15on\1.56\bcpkix-jdk15on-1.56.jar;C:\Users\gnanii\.m2\repository\org\bouncycastle\bcprov-jdk15on\1.56\bcprov-jdk15on-1.56.jar;C:\Users\gnanii\.m2\repository\io\springfox\springfox-swagger2\2.6.1\springfox-swagger2-2.6.1.jar;C:\Users\gnanii\.m2\repository\io\swagger\swagger-annotations\1.5.10\swagger-annotations-1.5.10.jar;C:\Users\gnanii\.m2\repository\io\swagger\swagger-models\1.5.10\swagger-models-1.5.10.jar;C:\Users\gnanii\.m2\repository\io\springfox\springfox-spi\2.6.1\springfox-spi-2.6.1.jar;C:\Users\gnanii\.m2\repository\io\springfox\springfox-core\2.6.1\springfox-core-2.6.1.jar;C:\Users\gnanii\.m2\repository\io\springfox\springfox-schema\2.6.1\springfox-schema-2.6.1.jar;C:\Users\gnanii\.m2\repository\io\springfox\springfox-swagger-common\2.6.1\springfox-swagger-common-2.6.1.jar;C:\Users\gnanii\.m2\repository\io\springfox\springfox-spring-web\2.6.1\springfox-spring-web-2.6.1.jar;C:\Users\gnanii\.m2\repository\com\google\guava\guava\18.0\guava-18.0.jar;C:\Users\gnanii\.m2\repository\com\fasterxml\classmate\1.3.4\classmate-1.3.4.jar;C:\Users\gnanii\.m2\repository\org\slf4j\slf4j-api\1.7.25\slf4j-api-1.7.25.jar;C:\Users\gnanii\.m2\repository\org\springframework\plugin\spring-plugin-core\1.2.0.RELEASE\spring-plugin-core-1.2.0.RELEASE.jar;C:\Users\gnanii\.m2\repository\org\springframework\plugin\spring-plugin-metadata\1.2.0.RELEASE\spring-plugin-metadata-1.2.0.RELEASE.jar;C:\Users\gnanii\.m2\repository\org\mapstruct\mapstruct\1.0.0.Final\mapstruct-1.0.0.Final.jar;C:\Users\gnanii\.m2\repository\io\springfox\springfox-swagger-ui\2.6.1\springfox-swagger-ui-2.6.1.jar;C:\Users\gnanii\.m2\repository\com\auth0\java-jwt\3.4.0\java-jwt-3.4.0.jar;C:\Users\gnanii\.m2\repository\commons-codec\commons-codec\1.11\commons-codec-1.11.jar;C:\Users\gnanii\.m2\repository\org\modelmapper\modelmapper\2.3.2\modelmapper-2.3.2.jar;C:\Users\gnanii\.m2\repository\com\vaadin\external\google\android-json\0.0.20131108.vaadin1\android-json-0.0.20131108.vaadin1.jar;C:\Users\gnanii\.m2\repository\org\apache\commons\commons-lang3\3.4\commons-lang3-3.4.jar;C:\Users\gnanii\.m2\repository\org\junit\jupiter\junit-jupiter-api\5.4.2\junit-jupiter-api-5.4.2.jar;C:\Users\gnanii\.m2\repository\org\apiguardian\apiguardian-api\1.0.0\apiguardian-api-1.0.0.jar;C:\Users\gnanii\.m2\repository\org\opentest4j\opentest4j\1.1.1\opentest4j-1.1.1.jar;C:\Users\gnanii\.m2\repository\org\junit\platform\junit-platform-commons\1.4.2\junit-platform-commons-1.4.2.jar;C:\Users\gnanii\.m2\repository\org\mockito\mockito-junit-jupiter\2.23.0\mockito-junit-jupiter-2.23.0.jar;"/>
    <property name="sun.cpu.endian" value="little"/>
    <property name="user.home" value="C:\Users\gnanii"/>
    <property name="user.language" value="en"/>
    <property name="java.specification.vendor" value="Oracle Corporation"/>
    <property name="java.home" value="C:\Program Files (x86)\Java\jdk1.8.0_144\jre"/>
    <property name="basedir" value="D:\personal\ACS\AccessControlSystem\project\AccessControlSystem-Server"/>
    <property name="file.separator" value="\"/>
    <property name="line.separator" value="&#10;"/>
    <property name="java.vm.specification.vendor" value="Oracle Corporation"/>
    <property name="java.specification.name" value="Java Platform API Specification"/>
    <property name="java.awt.graphicsenv" value="sun.awt.Win32GraphicsEnvironment"/>
    <property name="surefire.real.class.path" value="C:\Users\gnanii\AppData\Local\Temp\surefire1658802995992462239\surefirebooter1077936759950058545.jar"/>
    <property name="sun.boot.class.path" value="C:\Program Files (x86)\Java\jdk1.8.0_144\jre\lib\resources.jar;C:\Program Files (x86)\Java\jdk1.8.0_144\jre\lib\rt.jar;C:\Program Files (x86)\Java\jdk1.8.0_144\jre\lib\sunrsasign.jar;C:\Program Files (x86)\Java\jdk1.8.0_144\jre\lib\jsse.jar;C:\Program Files (x86)\Java\jdk1.8.0_144\jre\lib\jce.jar;C:\Program Files (x86)\Java\jdk1.8.0_144\jre\lib\charsets.jar;C:\Program Files (x86)\Java\jdk1.8.0_144\jre\lib\jfr.jar;C:\Program Files (x86)\Java\jdk1.8.0_144\jre\classes"/>
    <property name="user.script" value=""/>
    <property name="sun.management.compiler" value="HotSpot Client Compiler"/>
    <property name="java.runtime.version" value="1.8.0_144-b01"/>
    <property name="user.name" value="gnanii"/>
    <property name="path.separator" value=";"/>
    <property name="os.version" value="10.0"/>
    <property name="java.endorsed.dirs" value="C:\Program Files (x86)\Java\jdk1.8.0_144\jre\lib\endorsed"/>
    <property name="java.runtime.name" value="Java(TM) SE Runtime Environment"/>
    <property name="file.encoding" value="Cp1252"/>
    <property name="java.vm.name" value="Java HotSpot(TM) Client VM"/>
    <property name="localRepository" value="C:\Users\gnanii\.m2\repository"/>
    <property name="java.vendor.url.bug" value="http://bugreport.sun.com/bugreport/"/>
    <property name="java.io.tmpdir" value="C:\Users\gnanii\AppData\Local\Temp\"/>
    <property name="idea.version" value="2018.2.4"/>
    <property name="java.version" value="1.8.0_144"/>
    <property name="user.dir" value="D:\personal\ACS\AccessControlSystem\project\AccessControlSystem-Server"/>
    <property name="os.arch" value="x86"/>
    <property name="java.vm.specification.name" value="Java Virtual Machine Specification"/>
    <property name="java.awt.printerjob" value="sun.awt.windows.WPrinterJob"/>
    <property name="sun.os.patch.level" value=""/>
    <property name="java.library.path" value="C:\Program Files (x86)\Java\jdk1.8.0_144\jre\bin;C:\WINDOWS\Sun\Java\bin;C:\WINDOWS\system32;C:\WINDOWS;C:\Program Files\Kerio\Outlook Connector (Offline Edition)\;C:\oracle\product\11.2.0\dbhome_1\bin;C:\ProgramData\Oracle\Java\javapath;C:\WINDOWS\system32;C:\WINDOWS;C:\WINDOWS\System32\Wbem;C:\WINDOWS\System32\WindowsPowerShell\v1.0\;C:\Program Files\Git\cmd;C:\Program Files\Java\jdk1.7.0_80;C:\apache-maven-3.5.0\bin;C:\Program Files\Symantec.cloud\PlatformAgent\;C:\Program Files\TortoiseSVN\bin;C:\Program Files\PostgreSQL\10\bin;C:\Users\gnanii\AppData\Local\Programs\Python\Python35\;C:\Users\gnanii\AppData\Local\Programs\Python\Python35\Scripts\;C:\Users\gnanii\AppData\Roaming\npm;C:\WINDOWS\System32\OpenSSH\;C:\Program Files\nodejs\;C:\Program Files\PuTTY\;D:\install\liqubase;C:\TDM-GCC-64\bin;;C:\Program Files\Microsoft VS Code\bin;C:\Users\gnanii\AppData\Local\Programs\Python\Python35\Scripts\;C:\Users\gnanii\AppData\Local\Programs\Python\Python35\;C:\ProgramData\Oracle\Java\javapath;C:\WINDOWS\system32;C:\WINDOWS;C:\WINDOWS\System32\Wbem;C:\WINDOWS\System32\WindowsPowerShell\v1.0\;C:\Program Files\Git\cmd;C:\Program Files\nodejs\;C:\Program Files\Java\jdk1.7.0_80;C:\apache-maven-3.5.0\bin;C:\Program Files (x86)\Skype\Phone\;C:\Program Files\Symantec.cloud\PlatformAgent\;C:\Program Files\TortoiseSVN\bin;C:\Program Files\PostgreSQL\10\bin;C:\Users\gnanii\AppData\Local\Microsoft\WindowsApps;C:\Users\gnanii\AppData\Roaming\npm;;."/>
    <property name="java.vm.info" value="mixed mode"/>
    <property name="java.vendor" value="Oracle Corporation"/>
    <property name="java.vm.version" value="25.144-b01"/>
    <property name="java.ext.dirs" value="C:\Program Files (x86)\Java\jdk1.8.0_144\jre\lib\ext;C:\WINDOWS\Sun\Java\lib\ext"/>
    <property name="sun.io.unicode.encoding" value="UnicodeLittle"/>
    <property name="java.class.version" value="52.0"/>
  </properties>
  <testcase name="savedUser" classname="com.acs.configuration.AccessControlSystemApplicationTests" time="0.001">
    <error message="Failed to load ApplicationContext" type="java.lang.IllegalStateException">java.lang.IllegalStateException: Failed to load ApplicationContext
Caused by: java.lang.reflect.UndeclaredThrowableException: 
Failed to invoke event listener method
HandlerMethod details: 
Bean [com.acs.configuration.AccessControlSystemApplication$$EnhancerBySpringCGLIB$$6558ac25]
Method [public void com.acs.configuration.AccessControlSystemApplication.doSomethingAfterStartup()]
Resolved arguments: 

Caused by: java.lang.StackOverflowError
</error>
    <system-out><![CDATA[23:09:20.516 [main] DEBUG org.springframework.test.context.junit4.SpringJUnit4ClassRunner - SpringJUnit4ClassRunner constructor called with [class com.acs.configuration.AccessControlSystemApplicationTests]
23:09:20.537 [main] DEBUG org.springframework.test.context.BootstrapUtils - Instantiating CacheAwareContextLoaderDelegate from class [org.springframework.test.context.cache.DefaultCacheAwareContextLoaderDelegate]
23:09:20.566 [main] DEBUG org.springframework.test.context.BootstrapUtils - Instantiating BootstrapContext using constructor [public org.springframework.test.context.support.DefaultBootstrapContext(java.lang.Class,org.springframework.test.context.CacheAwareContextLoaderDelegate)]
23:09:20.637 [main] DEBUG org.springframework.test.context.BootstrapUtils - Instantiating TestContextBootstrapper for test class [com.acs.configuration.AccessControlSystemApplicationTests] from class [org.springframework.boot.test.context.SpringBootTestContextBootstrapper]
23:09:20.684 [main] INFO org.springframework.boot.test.context.SpringBootTestContextBootstrapper - Neither @ContextConfiguration nor @ContextHierarchy found for test class [com.acs.configuration.AccessControlSystemApplicationTests], using SpringBootContextLoader
23:09:20.703 [main] DEBUG org.springframework.test.context.support.AbstractContextLoader - Did not detect default resource location for test class [com.acs.configuration.AccessControlSystemApplicationTests]: class path resource [com/acs/configuration/AccessControlSystemApplicationTests-context.xml] does not exist
23:09:20.705 [main] DEBUG org.springframework.test.context.support.AbstractContextLoader - Did not detect default resource location for test class [com.acs.configuration.AccessControlSystemApplicationTests]: class path resource [com/acs/configuration/AccessControlSystemApplicationTestsContext.groovy] does not exist
23:09:20.706 [main] INFO org.springframework.test.context.support.AbstractContextLoader - Could not detect default resource locations for test class [com.acs.configuration.AccessControlSystemApplicationTests]: no resource found for suffixes {-context.xml, Context.groovy}.
23:09:20.709 [main] INFO org.springframework.test.context.support.AnnotationConfigContextLoaderUtils - Could not detect default configuration classes for test class [com.acs.configuration.AccessControlSystemApplicationTests]: AccessControlSystemApplicationTests does not declare any static, non-private, non-final, nested classes annotated with @Configuration.
23:09:20.829 [main] DEBUG org.springframework.test.context.support.ActiveProfilesUtils - Could not find an 'annotation declaring class' for annotation type [org.springframework.test.context.ActiveProfiles] and class [com.acs.configuration.AccessControlSystemApplicationTests]
23:09:20.856 [main] DEBUG org.springframework.core.env.StandardEnvironment - Adding PropertySource 'systemProperties' with lowest search precedence
23:09:20.857 [main] DEBUG org.springframework.core.env.StandardEnvironment - Adding PropertySource 'systemEnvironment' with lowest search precedence
23:09:20.857 [main] DEBUG org.springframework.core.env.StandardEnvironment - Initialized StandardEnvironment with PropertySources [MapPropertySource@5508954 {name='systemProperties', properties={idea.version=2018.2.4, java.runtime.name=Java(TM) SE Runtime Environment, sun.boot.library.path=C:\Program Files (x86)\Java\jdk1.8.0_144\jre\bin, java.vm.version=25.144-b01, java.vm.vendor=Oracle Corporation, java.vendor.url=http://java.oracle.com/, path.separator=;, java.vm.name=Java HotSpot(TM) Client VM, file.encoding.pkg=sun.io, user.country=GB, user.script=, sun.java.launcher=SUN_STANDARD, sun.os.patch.level=, java.vm.specification.name=Java Virtual Machine Specification, user.dir=D:\personal\ACS\AccessControlSystem\project\AccessControlSystem-Server, java.runtime.version=1.8.0_144-b01, basedir=D:\personal\ACS\AccessControlSystem\project\AccessControlSystem-Server, java.awt.graphicsenv=sun.awt.Win32GraphicsEnvironment, java.endorsed.dirs=C:\Program Files (x86)\Java\jdk1.8.0_144\jre\lib\endorsed, os.arch=x86, surefire.real.class.path=C:\Users\gnanii\AppData\Local\Temp\surefire1658802995992462239\surefirebooter1077936759950058545.jar, java.io.tmpdir=C:\Users\gnanii\AppData\Local\Temp\, line.separator=
, java.vm.specification.vendor=Oracle Corporation, user.variant=, os.name=Windows 10, sun.jnu.encoding=Cp1252, java.library.path=C:\Program Files (x86)\Java\jdk1.8.0_144\jre\bin;C:\WINDOWS\Sun\Java\bin;C:\WINDOWS\system32;C:\WINDOWS;C:\Program Files\Kerio\Outlook Connector (Offline Edition)\;C:\oracle\product\11.2.0\dbhome_1\bin;C:\ProgramData\Oracle\Java\javapath;C:\WINDOWS\system32;C:\WINDOWS;C:\WINDOWS\System32\Wbem;C:\WINDOWS\System32\WindowsPowerShell\v1.0\;C:\Program Files\Git\cmd;C:\Program Files\Java\jdk1.7.0_80;C:\apache-maven-3.5.0\bin;C:\Program Files\Symantec.cloud\PlatformAgent\;C:\Program Files\TortoiseSVN\bin;C:\Program Files\PostgreSQL\10\bin;C:\Users\gnanii\AppData\Local\Programs\Python\Python35\;C:\Users\gnanii\AppData\Local\Programs\Python\Python35\Scripts\;C:\Users\gnanii\AppData\Roaming\npm;C:\WINDOWS\System32\OpenSSH\;C:\Program Files\nodejs\;C:\Program Files\PuTTY\;D:\install\liqubase;C:\TDM-GCC-64\bin;;C:\Program Files\Microsoft VS Code\bin;C:\Users\gnanii\AppData\Local\Programs\Python\Python35\Scripts\;C:\Users\gnanii\AppData\Local\Programs\Python\Python35\;C:\ProgramData\Oracle\Java\javapath;C:\WINDOWS\system32;C:\WINDOWS;C:\WINDOWS\System32\Wbem;C:\WINDOWS\System32\WindowsPowerShell\v1.0\;C:\Program Files\Git\cmd;C:\Program Files\nodejs\;C:\Program Files\Java\jdk1.7.0_80;C:\apache-maven-3.5.0\bin;C:\Program Files (x86)\Skype\Phone\;C:\Program Files\Symantec.cloud\PlatformAgent\;C:\Program Files\TortoiseSVN\bin;C:\Program Files\PostgreSQL\10\bin;C:\Users\gnanii\AppData\Local\Microsoft\WindowsApps;C:\Users\gnanii\AppData\Roaming\npm;;., surefire.test.class.path=D:\personal\ACS\AccessControlSystem\project\AccessControlSystem-Server\target\test-classes;D:\personal\ACS\AccessControlSystem\project\AccessControlSystem-Server\target\classes;C:\Users\gnanii\.m2\repository\org\springframework\boot\spring-boot-starter\2.0.5.RELEASE\spring-boot-starter-2.0.5.RELEASE.jar;C:\Users\gnanii\.m2\repository\org\springframework\boot\spring-boot\2.0.5.RELEASE\spring-boot-2.0.5.RELEASE.jar;C:\Users\gnanii\.m2\repository\org\springframework\spring-context\5.0.9.RELEASE\spring-context-5.0.9.RELEASE.jar;C:\Users\gnanii\.m2\repository\org\springframework\boot\spring-boot-autoconfigure\2.0.5.RELEASE\spring-boot-autoconfigure-2.0.5.RELEASE.jar;C:\Users\gnanii\.m2\repository\org\springframework\boot\spring-boot-starter-logging\2.0.5.RELEASE\spring-boot-starter-logging-2.0.5.RELEASE.jar;C:\Users\gnanii\.m2\repository\ch\qos\logback\logback-classic\1.2.3\logback-classic-1.2.3.jar;C:\Users\gnanii\.m2\repository\ch\qos\logback\logback-core\1.2.3\logback-core-1.2.3.jar;C:\Users\gnanii\.m2\repository\org\apache\logging\log4j\log4j-to-slf4j\2.10.0\log4j-to-slf4j-2.10.0.jar;C:\Users\gnanii\.m2\repository\org\apache\logging\log4j\log4j-api\2.10.0\log4j-api-2.10.0.jar;C:\Users\gnanii\.m2\repository\org\slf4j\jul-to-slf4j\1.7.25\jul-to-slf4j-1.7.25.jar;C:\Users\gnanii\.m2\repository\javax\annotation\javax.annotation-api\1.3.2\javax.annotation-api-1.3.2.jar;C:\Users\gnanii\.m2\repository\org\springframework\spring-core\5.0.9.RELEASE\spring-core-5.0.9.RELEASE.jar;C:\Users\gnanii\.m2\repository\org\springframework\spring-jcl\5.0.9.RELEASE\spring-jcl-5.0.9.RELEASE.jar;C:\Users\gnanii\.m2\repository\org\yaml\snakeyaml\1.19\snakeyaml-1.19.jar;C:\Users\gnanii\.m2\repository\org\springframework\boot\spring-boot-starter-data-rest\2.0.5.RELEASE\spring-boot-starter-data-rest-2.0.5.RELEASE.jar;C:\Users\gnanii\.m2\repository\org\springframework\boot\spring-boot-starter-json\2.0.5.RELEASE\spring-boot-starter-json-2.0.5.RELEASE.jar;C:\Users\gnanii\.m2\repository\com\fasterxml\jackson\datatype\jackson-datatype-jdk8\2.9.6\jackson-datatype-jdk8-2.9.6.jar;C:\Users\gnanii\.m2\repository\com\fasterxml\jackson\datatype\jackson-datatype-jsr310\2.9.6\jackson-datatype-jsr310-2.9.6.jar;C:\Users\gnanii\.m2\repository\com\fasterxml\jackson\module\jackson-module-parameter-names\2.9.6\jackson-module-parameter-names-2.9.6.jar;C:\Users\gnanii\.m2\repository\org\springframework\data\spring-data-rest-webmvc\3.0.10.RELEASE\spring-data-rest-webmvc-3.0.10.RELEASE.jar;C:\Users\gnanii\.m2\repository\org\springframework\data\spring-data-rest-core\3.0.10.RELEASE\spring-data-rest-core-3.0.10.RELEASE.jar;C:\Users\gnanii\.m2\repository\org\springframework\hateoas\spring-hateoas\0.25.0.RELEASE\spring-hateoas-0.25.0.RELEASE.jar;C:\Users\gnanii\.m2\repository\org\atteo\evo-inflector\1.2.2\evo-inflector-1.2.2.jar;C:\Users\gnanii\.m2\repository\org\springframework\boot\spring-boot-starter-test\2.0.5.RELEASE\spring-boot-starter-test-2.0.5.RELEASE.jar;C:\Users\gnanii\.m2\repository\org\springframework\boot\spring-boot-test\2.0.5.RELEASE\spring-boot-test-2.0.5.RELEASE.jar;C:\Users\gnanii\.m2\repository\org\springframework\boot\spring-boot-test-autoconfigure\2.0.5.RELEASE\spring-boot-test-autoconfigure-2.0.5.RELEASE.jar;C:\Users\gnanii\.m2\repository\com\jayway\jsonpath\json-path\2.4.0\json-path-2.4.0.jar;C:\Users\gnanii\.m2\repository\net\minidev\json-smart\2.3\json-smart-2.3.jar;C:\Users\gnanii\.m2\repository\net\minidev\accessors-smart\1.2\accessors-smart-1.2.jar;C:\Users\gnanii\.m2\repository\org\ow2\asm\asm\5.0.4\asm-5.0.4.jar;C:\Users\gnanii\.m2\repository\junit\junit\4.12\junit-4.12.jar;C:\Users\gnanii\.m2\repository\org\assertj\assertj-core\3.9.1\assertj-core-3.9.1.jar;C:\Users\gnanii\.m2\repository\org\mockito\mockito-core\2.15.0\mockito-core-2.15.0.jar;C:\Users\gnanii\.m2\repository\net\bytebuddy\byte-buddy\1.7.11\byte-buddy-1.7.11.jar;C:\Users\gnanii\.m2\repository\net\bytebuddy\byte-buddy-agent\1.7.11\byte-buddy-agent-1.7.11.jar;C:\Users\gnanii\.m2\repository\org\objenesis\objenesis\2.6\objenesis-2.6.jar;C:\Users\gnanii\.m2\repository\org\hamcrest\hamcrest-core\1.3\hamcrest-core-1.3.jar;C:\Users\gnanii\.m2\repository\org\hamcrest\hamcrest-library\1.3\hamcrest-library-1.3.jar;C:\Users\gnanii\.m2\repository\org\skyscreamer\jsonassert\1.5.0\jsonassert-1.5.0.jar;C:\Users\gnanii\.m2\repository\org\springframework\spring-test\5.0.9.RELEASE\spring-test-5.0.9.RELEASE.jar;C:\Users\gnanii\.m2\repository\org\xmlunit\xmlunit-core\2.5.1\xmlunit-core-2.5.1.jar;C:\Users\gnanii\.m2\repository\org\springframework\boot\spring-boot-starter-web\2.0.5.RELEASE\spring-boot-starter-web-2.0.5.RELEASE.jar;C:\Users\gnanii\.m2\repository\org\springframework\boot\spring-boot-starter-tomcat\2.0.5.RELEASE\spring-boot-starter-tomcat-2.0.5.RELEASE.jar;C:\Users\gnanii\.m2\repository\org\apache\tomcat\embed\tomcat-embed-core\8.5.34\tomcat-embed-core-8.5.34.jar;C:\Users\gnanii\.m2\repository\org\apache\tomcat\embed\tomcat-embed-el\8.5.34\tomcat-embed-el-8.5.34.jar;C:\Users\gnanii\.m2\repository\org\apache\tomcat\embed\tomcat-embed-websocket\8.5.34\tomcat-embed-websocket-8.5.34.jar;C:\Users\gnanii\.m2\repository\org\hibernate\validator\hibernate-validator\6.0.12.Final\hibernate-validator-6.0.12.Final.jar;C:\Users\gnanii\.m2\repository\javax\validation\validation-api\2.0.1.Final\validation-api-2.0.1.Final.jar;C:\Users\gnanii\.m2\repository\org\jboss\logging\jboss-logging\3.3.2.Final\jboss-logging-3.3.2.Final.jar;C:\Users\gnanii\.m2\repository\org\springframework\spring-web\5.0.9.RELEASE\spring-web-5.0.9.RELEASE.jar;C:\Users\gnanii\.m2\repository\org\springframework\spring-beans\5.0.9.RELEASE\spring-beans-5.0.9.RELEASE.jar;C:\Users\gnanii\.m2\repository\org\springframework\spring-webmvc\5.0.9.RELEASE\spring-webmvc-5.0.9.RELEASE.jar;C:\Users\gnanii\.m2\repository\org\springframework\spring-expression\5.0.9.RELEASE\spring-expression-5.0.9.RELEASE.jar;C:\Users\gnanii\.m2\repository\org\springframework\boot\spring-boot-starter-data-jpa\2.0.5.RELEASE\spring-boot-starter-data-jpa-2.0.5.RELEASE.jar;C:\Users\gnanii\.m2\repository\org\springframework\boot\spring-boot-starter-aop\2.0.5.RELEASE\spring-boot-starter-aop-2.0.5.RELEASE.jar;C:\Users\gnanii\.m2\repository\org\aspectj\aspectjweaver\1.8.13\aspectjweaver-1.8.13.jar;C:\Users\gnanii\.m2\repository\org\springframework\boot\spring-boot-starter-jdbc\2.0.5.RELEASE\spring-boot-starter-jdbc-2.0.5.RELEASE.jar;C:\Users\gnanii\.m2\repository\com\zaxxer\HikariCP\2.7.9\HikariCP-2.7.9.jar;C:\Users\gnanii\.m2\repository\org\springframework\spring-jdbc\5.0.9.RELEASE\spring-jdbc-5.0.9.RELEASE.jar;C:\Users\gnanii\.m2\repository\javax\transaction\javax.transaction-api\1.2\javax.transaction-api-1.2.jar;C:\Users\gnanii\.m2\repository\org\hibernate\hibernate-core\5.2.17.Final\hibernate-core-5.2.17.Final.jar;C:\Users\gnanii\.m2\repository\org\hibernate\javax\persistence\hibernate-jpa-2.1-api\1.0.2.Final\hibernate-jpa-2.1-api-1.0.2.Final.jar;C:\Users\gnanii\.m2\repository\org\javassist\javassist\3.22.0-GA\javassist-3.22.0-GA.jar;C:\Users\gnanii\.m2\repository\antlr\antlr\2.7.7\antlr-2.7.7.jar;C:\Users\gnanii\.m2\repository\org\jboss\jandex\2.0.3.Final\jandex-2.0.3.Final.jar;C:\Users\gnanii\.m2\repository\dom4j\dom4j\1.6.1\dom4j-1.6.1.jar;C:\Users\gnanii\.m2\repository\org\hibernate\common\hibernate-commons-annotations\5.0.1.Final\hibernate-commons-annotations-5.0.1.Final.jar;C:\Users\gnanii\.m2\repository\org\springframework\data\spring-data-jpa\2.0.10.RELEASE\spring-data-jpa-2.0.10.RELEASE.jar;C:\Users\gnanii\.m2\repository\org\springframework\data\spring-data-commons\2.0.10.RELEASE\spring-data-commons-2.0.10.RELEASE.jar;C:\Users\gnanii\.m2\repository\org\springframework\spring-orm\5.0.9.RELEASE\spring-orm-5.0.9.RELEASE.jar;C:\Users\gnanii\.m2\repository\org\springframework\spring-tx\5.0.9.RELEASE\spring-tx-5.0.9.RELEASE.jar;C:\Users\gnanii\.m2\repository\org\springframework\spring-aspects\5.0.9.RELEASE\spring-aspects-5.0.9.RELEASE.jar;C:\Users\gnanii\.m2\repository\org\postgresql\postgresql\42.2.2\postgresql-42.2.2.jar;C:\Users\gnanii\.m2\repository\org\liquibase\liquibase-core\3.5.5\liquibase-core-3.5.5.jar;C:\Users\gnanii\.m2\repository\org\springframework\boot\spring-boot-starter-security\2.0.5.RELEASE\spring-boot-starter-security-2.0.5.RELEASE.jar;C:\Users\gnanii\.m2\repository\org\springframework\spring-aop\5.0.9.RELEASE\spring-aop-5.0.9.RELEASE.jar;C:\Users\gnanii\.m2\repository\org\springframework\security\spring-security-config\5.0.8.RELEASE\spring-security-config-5.0.8.RELEASE.jar;C:\Users\gnanii\.m2\repository\org\springframework\security\spring-security-core\5.0.8.RELEASE\spring-security-core-5.0.8.RELEASE.jar;C:\Users\gnanii\.m2\repository\org\springframework\security\spring-security-web\5.0.8.RELEASE\spring-security-web-5.0.8.RELEASE.jar;C:\Users\gnanii\.m2\repository\org\springframework\security\oauth\boot\spring-security-oauth2-autoconfigure\2.0.0.RELEASE\spring-security-oauth2-autoconfigure-2.0.0.RELEASE.jar;C:\Users\gnanii\.m2\repository\com\fasterxml\jackson\core\jackson-annotations\2.9.0\jackson-annotations-2.9.0.jar;C:\Users\gnanii\.m2\repository\com\fasterxml\jackson\core\jackson-databind\2.9.6\jackson-databind-2.9.6.jar;C:\Users\gnanii\.m2\repository\com\fasterxml\jackson\core\jackson-core\2.9.6\jackson-core-2.9.6.jar;C:\Users\gnanii\.m2\repository\org\springframework\security\oauth\spring-security-oauth2\2.2.1.RELEASE\spring-security-oauth2-2.2.1.RELEASE.jar;C:\Users\gnanii\.m2\repository\org\codehaus\jackson\jackson-mapper-asl\1.9.13\jackson-mapper-asl-1.9.13.jar;C:\Users\gnanii\.m2\repository\org\codehaus\jackson\jackson-core-asl\1.9.13\jackson-core-asl-1.9.13.jar;C:\Users\gnanii\.m2\repository\org\springframework\security\spring-security-jwt\1.0.9.RELEASE\spring-security-jwt-1.0.9.RELEASE.jar;C:\Users\gnanii\.m2\repository\org\bouncycastle\bcpkix-jdk15on\1.56\bcpkix-jdk15on-1.56.jar;C:\Users\gnanii\.m2\repository\org\bouncycastle\bcprov-jdk15on\1.56\bcprov-jdk15on-1.56.jar;C:\Users\gnanii\.m2\repository\io\springfox\springfox-swagger2\2.6.1\springfox-swagger2-2.6.1.jar;C:\Users\gnanii\.m2\repository\io\swagger\swagger-annotations\1.5.10\swagger-annotations-1.5.10.jar;C:\Users\gnanii\.m2\repository\io\swagger\swagger-models\1.5.10\swagger-models-1.5.10.jar;C:\Users\gnanii\.m2\repository\io\springfox\springfox-spi\2.6.1\springfox-spi-2.6.1.jar;C:\Users\gnanii\.m2\repository\io\springfox\springfox-core\2.6.1\springfox-core-2.6.1.jar;C:\Users\gnanii\.m2\repository\io\springfox\springfox-schema\2.6.1\springfox-schema-2.6.1.jar;C:\Users\gnanii\.m2\repository\io\springfox\springfox-swagger-common\2.6.1\springfox-swagger-common-2.6.1.jar;C:\Users\gnanii\.m2\repository\io\springfox\springfox-spring-web\2.6.1\springfox-spring-web-2.6.1.jar;C:\Users\gnanii\.m2\repository\com\google\guava\guava\18.0\guava-18.0.jar;C:\Users\gnanii\.m2\repository\com\fasterxml\classmate\1.3.4\classmate-1.3.4.jar;C:\Users\gnanii\.m2\repository\org\slf4j\slf4j-api\1.7.25\slf4j-api-1.7.25.jar;C:\Users\gnanii\.m2\repository\org\springframework\plugin\spring-plugin-core\1.2.0.RELEASE\spring-plugin-core-1.2.0.RELEASE.jar;C:\Users\gnanii\.m2\repository\org\springframework\plugin\spring-plugin-metadata\1.2.0.RELEASE\spring-plugin-metadata-1.2.0.RELEASE.jar;C:\Users\gnanii\.m2\repository\org\mapstruct\mapstruct\1.0.0.Final\mapstruct-1.0.0.Final.jar;C:\Users\gnanii\.m2\repository\io\springfox\springfox-swagger-ui\2.6.1\springfox-swagger-ui-2.6.1.jar;C:\Users\gnanii\.m2\repository\com\auth0\java-jwt\3.4.0\java-jwt-3.4.0.jar;C:\Users\gnanii\.m2\repository\commons-codec\commons-codec\1.11\commons-codec-1.11.jar;C:\Users\gnanii\.m2\repository\org\modelmapper\modelmapper\2.3.2\modelmapper-2.3.2.jar;C:\Users\gnanii\.m2\repository\com\vaadin\external\google\android-json\0.0.20131108.vaadin1\android-json-0.0.20131108.vaadin1.jar;C:\Users\gnanii\.m2\repository\org\apache\commons\commons-lang3\3.4\commons-lang3-3.4.jar;C:\Users\gnanii\.m2\repository\org\junit\jupiter\junit-jupiter-api\5.4.2\junit-jupiter-api-5.4.2.jar;C:\Users\gnanii\.m2\repository\org\apiguardian\apiguardian-api\1.0.0\apiguardian-api-1.0.0.jar;C:\Users\gnanii\.m2\repository\org\opentest4j\opentest4j\1.1.1\opentest4j-1.1.1.jar;C:\Users\gnanii\.m2\repository\org\junit\platform\junit-platform-commons\1.4.2\junit-platform-commons-1.4.2.jar;C:\Users\gnanii\.m2\repository\org\mockito\mockito-junit-jupiter\2.23.0\mockito-junit-jupiter-2.23.0.jar;, java.specification.name=Java Platform API Specification, java.class.version=52.0, sun.management.compiler=HotSpot Client Compiler, os.version=10.0, user.home=C:\Users\gnanii, user.timezone=EET, java.awt.printerjob=sun.awt.windows.WPrinterJob, file.encoding=Cp1252, java.specification.version=1.8, java.class.path=D:\personal\ACS\AccessControlSystem\project\AccessControlSystem-Server\target\test-classes;D:\personal\ACS\AccessControlSystem\project\AccessControlSystem-Server\target\classes;C:\Users\gnanii\.m2\repository\org\springframework\boot\spring-boot-starter\2.0.5.RELEASE\spring-boot-starter-2.0.5.RELEASE.jar;C:\Users\gnanii\.m2\repository\org\springframework\boot\spring-boot\2.0.5.RELEASE\spring-boot-2.0.5.RELEASE.jar;C:\Users\gnanii\.m2\repository\org\springframework\spring-context\5.0.9.RELEASE\spring-context-5.0.9.RELEASE.jar;C:\Users\gnanii\.m2\repository\org\springframework\boot\spring-boot-autoconfigure\2.0.5.RELEASE\spring-boot-autoconfigure-2.0.5.RELEASE.jar;C:\Users\gnanii\.m2\repository\org\springframework\boot\spring-boot-starter-logging\2.0.5.RELEASE\spring-boot-starter-logging-2.0.5.RELEASE.jar;C:\Users\gnanii\.m2\repository\ch\qos\logback\logback-classic\1.2.3\logback-classic-1.2.3.jar;C:\Users\gnanii\.m2\repository\ch\qos\logback\logback-core\1.2.3\logback-core-1.2.3.jar;C:\Users\gnanii\.m2\repository\org\apache\logging\log4j\log4j-to-slf4j\2.10.0\log4j-to-slf4j-2.10.0.jar;C:\Users\gnanii\.m2\repository\org\apache\logging\log4j\log4j-api\2.10.0\log4j-api-2.10.0.jar;C:\Users\gnanii\.m2\repository\org\slf4j\jul-to-slf4j\1.7.25\jul-to-slf4j-1.7.25.jar;C:\Users\gnanii\.m2\repository\javax\annotation\javax.annotation-api\1.3.2\javax.annotation-api-1.3.2.jar;C:\Users\gnanii\.m2\repository\org\springframework\spring-core\5.0.9.RELEASE\spring-core-5.0.9.RELEASE.jar;C:\Users\gnanii\.m2\repository\org\springframework\spring-jcl\5.0.9.RELEASE\spring-jcl-5.0.9.RELEASE.jar;C:\Users\gnanii\.m2\repository\org\yaml\snakeyaml\1.19\snakeyaml-1.19.jar;C:\Users\gnanii\.m2\repository\org\springframework\boot\spring-boot-starter-data-rest\2.0.5.RELEASE\spring-boot-starter-data-rest-2.0.5.RELEASE.jar;C:\Users\gnanii\.m2\repository\org\springframework\boot\spring-boot-starter-json\2.0.5.RELEASE\spring-boot-starter-json-2.0.5.RELEASE.jar;C:\Users\gnanii\.m2\repository\com\fasterxml\jackson\datatype\jackson-datatype-jdk8\2.9.6\jackson-datatype-jdk8-2.9.6.jar;C:\Users\gnanii\.m2\repository\com\fasterxml\jackson\datatype\jackson-datatype-jsr310\2.9.6\jackson-datatype-jsr310-2.9.6.jar;C:\Users\gnanii\.m2\repository\com\fasterxml\jackson\module\jackson-module-parameter-names\2.9.6\jackson-module-parameter-names-2.9.6.jar;C:\Users\gnanii\.m2\repository\org\springframework\data\spring-data-rest-webmvc\3.0.10.RELEASE\spring-data-rest-webmvc-3.0.10.RELEASE.jar;C:\Users\gnanii\.m2\repository\org\springframework\data\spring-data-rest-core\3.0.10.RELEASE\spring-data-rest-core-3.0.10.RELEASE.jar;C:\Users\gnanii\.m2\repository\org\springframework\hateoas\spring-hateoas\0.25.0.RELEASE\spring-hateoas-0.25.0.RELEASE.jar;C:\Users\gnanii\.m2\repository\org\atteo\evo-inflector\1.2.2\evo-inflector-1.2.2.jar;C:\Users\gnanii\.m2\repository\org\springframework\boot\spring-boot-starter-test\2.0.5.RELEASE\spring-boot-starter-test-2.0.5.RELEASE.jar;C:\Users\gnanii\.m2\repository\org\springframework\boot\spring-boot-test\2.0.5.RELEASE\spring-boot-test-2.0.5.RELEASE.jar;C:\Users\gnanii\.m2\repository\org\springframework\boot\spring-boot-test-autoconfigure\2.0.5.RELEASE\spring-boot-test-autoconfigure-2.0.5.RELEASE.jar;C:\Users\gnanii\.m2\repository\com\jayway\jsonpath\json-path\2.4.0\json-path-2.4.0.jar;C:\Users\gnanii\.m2\repository\net\minidev\json-smart\2.3\json-smart-2.3.jar;C:\Users\gnanii\.m2\repository\net\minidev\accessors-smart\1.2\accessors-smart-1.2.jar;C:\Users\gnanii\.m2\repository\org\ow2\asm\asm\5.0.4\asm-5.0.4.jar;C:\Users\gnanii\.m2\repository\junit\junit\4.12\junit-4.12.jar;C:\Users\gnanii\.m2\repository\org\assertj\assertj-core\3.9.1\assertj-core-3.9.1.jar;C:\Users\gnanii\.m2\repository\org\mockito\mockito-core\2.15.0\mockito-core-2.15.0.jar;C:\Users\gnanii\.m2\repository\net\bytebuddy\byte-buddy\1.7.11\byte-buddy-1.7.11.jar;C:\Users\gnanii\.m2\repository\net\bytebuddy\byte-buddy-agent\1.7.11\byte-buddy-agent-1.7.11.jar;C:\Users\gnanii\.m2\repository\org\objenesis\objenesis\2.6\objenesis-2.6.jar;C:\Users\gnanii\.m2\repository\org\hamcrest\hamcrest-core\1.3\hamcrest-core-1.3.jar;C:\Users\gnanii\.m2\repository\org\hamcrest\hamcrest-library\1.3\hamcrest-library-1.3.jar;C:\Users\gnanii\.m2\repository\org\skyscreamer\jsonassert\1.5.0\jsonassert-1.5.0.jar;C:\Users\gnanii\.m2\repository\org\springframework\spring-test\5.0.9.RELEASE\spring-test-5.0.9.RELEASE.jar;C:\Users\gnanii\.m2\repository\org\xmlunit\xmlunit-core\2.5.1\xmlunit-core-2.5.1.jar;C:\Users\gnanii\.m2\repository\org\springframework\boot\spring-boot-starter-web\2.0.5.RELEASE\spring-boot-starter-web-2.0.5.RELEASE.jar;C:\Users\gnanii\.m2\repository\org\springframework\boot\spring-boot-starter-tomcat\2.0.5.RELEASE\spring-boot-starter-tomcat-2.0.5.RELEASE.jar;C:\Users\gnanii\.m2\repository\org\apache\tomcat\embed\tomcat-embed-core\8.5.34\tomcat-embed-core-8.5.34.jar;C:\Users\gnanii\.m2\repository\org\apache\tomcat\embed\tomcat-embed-el\8.5.34\tomcat-embed-el-8.5.34.jar;C:\Users\gnanii\.m2\repository\org\apache\tomcat\embed\tomcat-embed-websocket\8.5.34\tomcat-embed-websocket-8.5.34.jar;C:\Users\gnanii\.m2\repository\org\hibernate\validator\hibernate-validator\6.0.12.Final\hibernate-validator-6.0.12.Final.jar;C:\Users\gnanii\.m2\repository\javax\validation\validation-api\2.0.1.Final\validation-api-2.0.1.Final.jar;C:\Users\gnanii\.m2\repository\org\jboss\logging\jboss-logging\3.3.2.Final\jboss-logging-3.3.2.Final.jar;C:\Users\gnanii\.m2\repository\org\springframework\spring-web\5.0.9.RELEASE\spring-web-5.0.9.RELEASE.jar;C:\Users\gnanii\.m2\repository\org\springframework\spring-beans\5.0.9.RELEASE\spring-beans-5.0.9.RELEASE.jar;C:\Users\gnanii\.m2\repository\org\springframework\spring-webmvc\5.0.9.RELEASE\spring-webmvc-5.0.9.RELEASE.jar;C:\Users\gnanii\.m2\repository\org\springframework\spring-expression\5.0.9.RELEASE\spring-expression-5.0.9.RELEASE.jar;C:\Users\gnanii\.m2\repository\org\springframework\boot\spring-boot-starter-data-jpa\2.0.5.RELEASE\spring-boot-starter-data-jpa-2.0.5.RELEASE.jar;C:\Users\gnanii\.m2\repository\org\springframework\boot\spring-boot-starter-aop\2.0.5.RELEASE\spring-boot-starter-aop-2.0.5.RELEASE.jar;C:\Users\gnanii\.m2\repository\org\aspectj\aspectjweaver\1.8.13\aspectjweaver-1.8.13.jar;C:\Users\gnanii\.m2\repository\org\springframework\boot\spring-boot-starter-jdbc\2.0.5.RELEASE\spring-boot-starter-jdbc-2.0.5.RELEASE.jar;C:\Users\gnanii\.m2\repository\com\zaxxer\HikariCP\2.7.9\HikariCP-2.7.9.jar;C:\Users\gnanii\.m2\repository\org\springframework\spring-jdbc\5.0.9.RELEASE\spring-jdbc-5.0.9.RELEASE.jar;C:\Users\gnanii\.m2\repository\javax\transaction\javax.transaction-api\1.2\javax.transaction-api-1.2.jar;C:\Users\gnanii\.m2\repository\org\hibernate\hibernate-core\5.2.17.Final\hibernate-core-5.2.17.Final.jar;C:\Users\gnanii\.m2\repository\org\hibernate\javax\persistence\hibernate-jpa-2.1-api\1.0.2.Final\hibernate-jpa-2.1-api-1.0.2.Final.jar;C:\Users\gnanii\.m2\repository\org\javassist\javassist\3.22.0-GA\javassist-3.22.0-GA.jar;C:\Users\gnanii\.m2\repository\antlr\antlr\2.7.7\antlr-2.7.7.jar;C:\Users\gnanii\.m2\repository\org\jboss\jandex\2.0.3.Final\jandex-2.0.3.Final.jar;C:\Users\gnanii\.m2\repository\dom4j\dom4j\1.6.1\dom4j-1.6.1.jar;C:\Users\gnanii\.m2\repository\org\hibernate\common\hibernate-commons-annotations\5.0.1.Final\hibernate-commons-annotations-5.0.1.Final.jar;C:\Users\gnanii\.m2\repository\org\springframework\data\spring-data-jpa\2.0.10.RELEASE\spring-data-jpa-2.0.10.RELEASE.jar;C:\Users\gnanii\.m2\repository\org\springframework\data\spring-data-commons\2.0.10.RELEASE\spring-data-commons-2.0.10.RELEASE.jar;C:\Users\gnanii\.m2\repository\org\springframework\spring-orm\5.0.9.RELEASE\spring-orm-5.0.9.RELEASE.jar;C:\Users\gnanii\.m2\repository\org\springframework\spring-tx\5.0.9.RELEASE\spring-tx-5.0.9.RELEASE.jar;C:\Users\gnanii\.m2\repository\org\springframework\spring-aspects\5.0.9.RELEASE\spring-aspects-5.0.9.RELEASE.jar;C:\Users\gnanii\.m2\repository\org\postgresql\postgresql\42.2.2\postgresql-42.2.2.jar;C:\Users\gnanii\.m2\repository\org\liquibase\liquibase-core\3.5.5\liquibase-core-3.5.5.jar;C:\Users\gnanii\.m2\repository\org\springframework\boot\spring-boot-starter-security\2.0.5.RELEASE\spring-boot-starter-security-2.0.5.RELEASE.jar;C:\Users\gnanii\.m2\repository\org\springframework\spring-aop\5.0.9.RELEASE\spring-aop-5.0.9.RELEASE.jar;C:\Users\gnanii\.m2\repository\org\springframework\security\spring-security-config\5.0.8.RELEASE\spring-security-config-5.0.8.RELEASE.jar;C:\Users\gnanii\.m2\repository\org\springframework\security\spring-security-core\5.0.8.RELEASE\spring-security-core-5.0.8.RELEASE.jar;C:\Users\gnanii\.m2\repository\org\springframework\security\spring-security-web\5.0.8.RELEASE\spring-security-web-5.0.8.RELEASE.jar;C:\Users\gnanii\.m2\repository\org\springframework\security\oauth\boot\spring-security-oauth2-autoconfigure\2.0.0.RELEASE\spring-security-oauth2-autoconfigure-2.0.0.RELEASE.jar;C:\Users\gnanii\.m2\repository\com\fasterxml\jackson\core\jackson-annotations\2.9.0\jackson-annotations-2.9.0.jar;C:\Users\gnanii\.m2\repository\com\fasterxml\jackson\core\jackson-databind\2.9.6\jackson-databind-2.9.6.jar;C:\Users\gnanii\.m2\repository\com\fasterxml\jackson\core\jackson-core\2.9.6\jackson-core-2.9.6.jar;C:\Users\gnanii\.m2\repository\org\springframework\security\oauth\spring-security-oauth2\2.2.1.RELEASE\spring-security-oauth2-2.2.1.RELEASE.jar;C:\Users\gnanii\.m2\repository\org\codehaus\jackson\jackson-mapper-asl\1.9.13\jackson-mapper-asl-1.9.13.jar;C:\Users\gnanii\.m2\repository\org\codehaus\jackson\jackson-core-asl\1.9.13\jackson-core-asl-1.9.13.jar;C:\Users\gnanii\.m2\repository\org\springframework\security\spring-security-jwt\1.0.9.RELEASE\spring-security-jwt-1.0.9.RELEASE.jar;C:\Users\gnanii\.m2\repository\org\bouncycastle\bcpkix-jdk15on\1.56\bcpkix-jdk15on-1.56.jar;C:\Users\gnanii\.m2\repository\org\bouncycastle\bcprov-jdk15on\1.56\bcprov-jdk15on-1.56.jar;C:\Users\gnanii\.m2\repository\io\springfox\springfox-swagger2\2.6.1\springfox-swagger2-2.6.1.jar;C:\Users\gnanii\.m2\repository\io\swagger\swagger-annotations\1.5.10\swagger-annotations-1.5.10.jar;C:\Users\gnanii\.m2\repository\io\swagger\swagger-models\1.5.10\swagger-models-1.5.10.jar;C:\Users\gnanii\.m2\repository\io\springfox\springfox-spi\2.6.1\springfox-spi-2.6.1.jar;C:\Users\gnanii\.m2\repository\io\springfox\springfox-core\2.6.1\springfox-core-2.6.1.jar;C:\Users\gnanii\.m2\repository\io\springfox\springfox-schema\2.6.1\springfox-schema-2.6.1.jar;C:\Users\gnanii\.m2\repository\io\springfox\springfox-swagger-common\2.6.1\springfox-swagger-common-2.6.1.jar;C:\Users\gnanii\.m2\repository\io\springfox\springfox-spring-web\2.6.1\springfox-spring-web-2.6.1.jar;C:\Users\gnanii\.m2\repository\com\google\guava\guava\18.0\guava-18.0.jar;C:\Users\gnanii\.m2\repository\com\fasterxml\classmate\1.3.4\classmate-1.3.4.jar;C:\Users\gnanii\.m2\repository\org\slf4j\slf4j-api\1.7.25\slf4j-api-1.7.25.jar;C:\Users\gnanii\.m2\repository\org\springframework\plugin\spring-plugin-core\1.2.0.RELEASE\spring-plugin-core-1.2.0.RELEASE.jar;C:\Users\gnanii\.m2\repository\org\springframework\plugin\spring-plugin-metadata\1.2.0.RELEASE\spring-plugin-metadata-1.2.0.RELEASE.jar;C:\Users\gnanii\.m2\repository\org\mapstruct\mapstruct\1.0.0.Final\mapstruct-1.0.0.Final.jar;C:\Users\gnanii\.m2\repository\io\springfox\springfox-swagger-ui\2.6.1\springfox-swagger-ui-2.6.1.jar;C:\Users\gnanii\.m2\repository\com\auth0\java-jwt\3.4.0\java-jwt-3.4.0.jar;C:\Users\gnanii\.m2\repository\commons-codec\commons-codec\1.11\commons-codec-1.11.jar;C:\Users\gnanii\.m2\repository\org\modelmapper\modelmapper\2.3.2\modelmapper-2.3.2.jar;C:\Users\gnanii\.m2\repository\com\vaadin\external\google\android-json\0.0.20131108.vaadin1\android-json-0.0.20131108.vaadin1.jar;C:\Users\gnanii\.m2\repository\org\apache\commons\commons-lang3\3.4\commons-lang3-3.4.jar;C:\Users\gnanii\.m2\repository\org\junit\jupiter\junit-jupiter-api\5.4.2\junit-jupiter-api-5.4.2.jar;C:\Users\gnanii\.m2\repository\org\apiguardian\apiguardian-api\1.0.0\apiguardian-api-1.0.0.jar;C:\Users\gnanii\.m2\repository\org\opentest4j\opentest4j\1.1.1\opentest4j-1.1.1.jar;C:\Users\gnanii\.m2\repository\org\junit\platform\junit-platform-commons\1.4.2\junit-platform-commons-1.4.2.jar;C:\Users\gnanii\.m2\repository\org\mockito\mockito-junit-jupiter\2.23.0\mockito-junit-jupiter-2.23.0.jar;, user.name=gnanii, java.vm.specification.version=1.8, sun.java.command=C:\Users\gnanii\AppData\Local\Temp\surefire1658802995992462239\surefirebooter1077936759950058545.jar C:\Users\gnanii\AppData\Local\Temp\surefire1658802995992462239 2019-05-26T23-09-18_643-jvmRun1 surefire1332485706811814355tmp surefire_04273856218982545056tmp, java.home=C:\Program Files (x86)\Java\jdk1.8.0_144\jre, sun.arch.data.model=32, user.language=en, java.specification.vendor=Oracle Corporation, awt.toolkit=sun.awt.windows.WToolkit, java.vm.info=mixed mode, java.version=1.8.0_144, java.ext.dirs=C:\Program Files (x86)\Java\jdk1.8.0_144\jre\lib\ext;C:\WINDOWS\Sun\Java\lib\ext, sun.boot.class.path=C:\Program Files (x86)\Java\jdk1.8.0_144\jre\lib\resources.jar;C:\Program Files (x86)\Java\jdk1.8.0_144\jre\lib\rt.jar;C:\Program Files (x86)\Java\jdk1.8.0_144\jre\lib\sunrsasign.jar;C:\Program Files (x86)\Java\jdk1.8.0_144\jre\lib\jsse.jar;C:\Program Files (x86)\Java\jdk1.8.0_144\jre\lib\jce.jar;C:\Program Files (x86)\Java\jdk1.8.0_144\jre\lib\charsets.jar;C:\Program Files (x86)\Java\jdk1.8.0_144\jre\lib\jfr.jar;C:\Program Files (x86)\Java\jdk1.8.0_144\jre\classes, java.vendor=Oracle Corporation, localRepository=C:\Users\gnanii\.m2\repository, file.separator=\, java.vendor.url.bug=http://bugreport.sun.com/bugreport/, sun.io.unicode.encoding=UnicodeLittle, sun.cpu.endian=little, sun.desktop=windows, sun.cpu.isalist=pentium_pro+mmx pentium_pro pentium+mmx pentium i486 i386 i86}}, SystemEnvironmentPropertySource@17575531 {name='systemEnvironment', properties={PATH=C:\Program Files\Kerio\Outlook Connector (Offline Edition)\;C:\oracle\product\11.2.0\dbhome_1\bin;C:\ProgramData\Oracle\Java\javapath;C:\WINDOWS\system32;C:\WINDOWS;C:\WINDOWS\System32\Wbem;C:\WINDOWS\System32\WindowsPowerShell\v1.0\;C:\Program Files\Git\cmd;C:\Program Files\Java\jdk1.7.0_80;C:\apache-maven-3.5.0\bin;C:\Program Files\Symantec.cloud\PlatformAgent\;C:\Program Files\TortoiseSVN\bin;C:\Program Files\PostgreSQL\10\bin;C:\Users\gnanii\AppData\Local\Programs\Python\Python35\;C:\Users\gnanii\AppData\Local\Programs\Python\Python35\Scripts\;C:\Users\gnanii\AppData\Roaming\npm;C:\WINDOWS\System32\OpenSSH\;C:\Program Files\nodejs\;C:\Program Files\PuTTY\;D:\install\liqubase;C:\TDM-GCC-64\bin;;C:\Program Files\Microsoft VS Code\bin;C:\Users\gnanii\AppData\Local\Programs\Python\Python35\Scripts\;C:\Users\gnanii\AppData\Local\Programs\Python\Python35\;C:\ProgramData\Oracle\Java\javapath;C:\WINDOWS\system32;C:\WINDOWS;C:\WINDOWS\System32\Wbem;C:\WINDOWS\System32\WindowsPowerShell\v1.0\;C:\Program Files\Git\cmd;C:\Program Files\nodejs\;C:\Program Files\Java\jdk1.7.0_80;C:\apache-maven-3.5.0\bin;C:\Program Files (x86)\Skype\Phone\;C:\Program Files\Symantec.cloud\PlatformAgent\;C:\Program Files\TortoiseSVN\bin;C:\Program Files\PostgreSQL\10\bin;C:\Users\gnanii\AppData\Local\Microsoft\WindowsApps;C:\Users\gnanii\AppData\Roaming\npm;, USERDOMAIN_ROAMINGPROFILE=INTHER, PROCESSOR_LEVEL=6, SYSTEMDRIVE=C:, INTHERLC_INSTALLDIR=D:\IntherLC, SESSIONNAME=Console, ALLUSERSPROFILE=C:\ProgramData, PROCESSOR_ARCHITECTURE=x86, TNS_ADMIN=C:\oracle\product\11.2.0\dbhome_1\network\admin, DRIVERDATA=C:\Windows\System32\Drivers\DriverData, MAVEN_HOME=D:\TEST\environment\apache-maven-3.0.4, PROGRAMFILES=C:\Program Files (x86), PSMODULEPATH=C:\Program Files\WindowsPowerShell\Modules;C:\WINDOWS\system32\WindowsPowerShell\v1.0\Modules, PROGRAMDATA=C:\ProgramData, USERNAME=gnanii, USERDNSDOMAIN=INTHER.LOCAL, FPS_BROWSER_USER_PROFILE_STRING=Default, ONEDRIVE=C:\Users\gnanii\OneDrive, PATHEXT=.COM;.EXE;.BAT;.CMD;.VBS;.VBE;.JS;.JSE;.WSF;.WSH;.MSC, PROCESSOR_ARCHITEW6432=AMD64, WINDIR=C:\WINDOWS, HOMEPATH=\Users\gnanii, PROCESSOR_IDENTIFIER=Intel64 Family 6 Model 158 Stepping 9, GenuineIntel, M2_HOME=D:\TEST\environment\apache-maven-3.0.4, PUBLIC=C:\Users\Public, =::=::\, LOCALAPPDATA=C:\Users\gnanii\AppData\Local, COMMONPROGRAMFILES(X86)=C:\Program Files (x86)\Common Files, USERDOMAIN=INTHER, FPS_BROWSER_APP_PROFILE_STRING=Internet Explorer, LOGONSERVER=\\NL-DC01, JAVA_HOME=C:\Program Files\Java\jdk1.7.0_80, PROMPT=$P$G, PROGRAMFILES(X86)=C:\Program Files (x86), APPDATA=C:\Users\gnanii\AppData\Roaming, PROGRAMW6432=C:\Program Files, SYSTEMROOT=C:\WINDOWS, ORACLE_HOME=C:\oracle\product\11.2.0\dbhome_1, VBOX_MSI_INSTALL_PATH=C:\Program Files\Oracle\VirtualBox\, OS=Windows_NT, COMMONPROGRAMW6432=C:\Program Files\Common Files, COMPUTERNAME=LT-GNANII, COMMONPROGRAMFILES=C:\Program Files (x86)\Common Files, COMSPEC=C:\WINDOWS\system32\cmd.exe, PROCESSOR_REVISION=9e09, =D:=D:\personal\ACS\AccessControlSystem\project\AccessControlSystem-Server, TEMP=C:\Users\gnanii\AppData\Local\Temp, HOMEDRIVE=C:, USERPROFILE=C:\Users\gnanii, TMP=C:\Users\gnanii\AppData\Local\Temp, NUMBER_OF_PROCESSORS=8, POSTGRESQL_HOME=C:\Program Files\PostgreSQL\10}}]
23:09:20.869 [main] DEBUG org.springframework.core.io.support.PathMatchingResourcePatternResolver - Resolved classpath location [com/acs/configuration/] to resources [URL [file:/D:/personal/ACS/AccessControlSystem/project/AccessControlSystem-Server/target/test-classes/com/acs/configuration/], URL [file:/D:/personal/ACS/AccessControlSystem/project/AccessControlSystem-Server/target/classes/com/acs/configuration/]]
23:09:20.870 [main] DEBUG org.springframework.core.io.support.PathMatchingResourcePatternResolver - Looking for matching resources in directory tree [D:\personal\ACS\AccessControlSystem\project\AccessControlSystem-Server\target\test-classes\com\acs\configuration]
23:09:20.870 [main] DEBUG org.springframework.core.io.support.PathMatchingResourcePatternResolver - Searching directory [D:\personal\ACS\AccessControlSystem\project\AccessControlSystem-Server\target\test-classes\com\acs\configuration] for files matching pattern [D:/personal/ACS/AccessControlSystem/project/AccessControlSystem-Server/target/test-classes/com/acs/configuration/*.class]
23:09:20.873 [main] DEBUG org.springframework.core.io.support.PathMatchingResourcePatternResolver - Looking for matching resources in directory tree [D:\personal\ACS\AccessControlSystem\project\AccessControlSystem-Server\target\classes\com\acs\configuration]
23:09:20.873 [main] DEBUG org.springframework.core.io.support.PathMatchingResourcePatternResolver - Searching directory [D:\personal\ACS\AccessControlSystem\project\AccessControlSystem-Server\target\classes\com\acs\configuration] for files matching pattern [D:/personal/ACS/AccessControlSystem/project/AccessControlSystem-Server/target/classes/com/acs/configuration/*.class]
23:09:20.874 [main] DEBUG org.springframework.core.io.support.PathMatchingResourcePatternResolver - Resolved location pattern [classpath*:com/acs/configuration/*.class] to resources [file [D:\personal\ACS\AccessControlSystem\project\AccessControlSystem-Server\target\test-classes\com\acs\configuration\AccessControlSystemApplicationTests.class], file [D:\personal\ACS\AccessControlSystem\project\AccessControlSystem-Server\target\classes\com\acs\configuration\AccessControlSystemApplication.class]]
23:09:20.971 [main] DEBUG org.springframework.context.annotation.ClassPathScanningCandidateComponentProvider - Identified candidate component class: file [D:\personal\ACS\AccessControlSystem\project\AccessControlSystem-Server\target\classes\com\acs\configuration\AccessControlSystemApplication.class]
23:09:20.973 [main] INFO org.springframework.boot.test.context.SpringBootTestContextBootstrapper - Found @SpringBootConfiguration com.acs.configuration.AccessControlSystemApplication for test class com.acs.configuration.AccessControlSystemApplicationTests
23:09:21.274 [main] DEBUG org.springframework.boot.test.context.SpringBootTestContextBootstrapper - @TestExecutionListeners is not present for class [com.acs.configuration.AccessControlSystemApplicationTests]: using defaults.
23:09:21.275 [main] INFO org.springframework.boot.test.context.SpringBootTestContextBootstrapper - Loaded default TestExecutionListener class names from location [META-INF/spring.factories]: [org.springframework.boot.test.mock.mockito.MockitoTestExecutionListener, org.springframework.boot.test.mock.mockito.ResetMocksTestExecutionListener, org.springframework.boot.test.autoconfigure.restdocs.RestDocsTestExecutionListener, org.springframework.boot.test.autoconfigure.web.client.MockRestServiceServerResetTestExecutionListener, org.springframework.boot.test.autoconfigure.web.servlet.MockMvcPrintOnlyOnFailureTestExecutionListener, org.springframework.boot.test.autoconfigure.web.servlet.WebDriverTestExecutionListener, org.springframework.test.context.web.ServletTestExecutionListener, org.springframework.test.context.support.DirtiesContextBeforeModesTestExecutionListener, org.springframework.test.context.support.DependencyInjectionTestExecutionListener, org.springframework.test.context.support.DirtiesContextTestExecutionListener, org.springframework.test.context.transaction.TransactionalTestExecutionListener, org.springframework.test.context.jdbc.SqlScriptsTestExecutionListener]
23:09:21.298 [main] INFO org.springframework.boot.test.context.SpringBootTestContextBootstrapper - Using TestExecutionListeners: [org.springframework.test.context.web.ServletTestExecutionListener@1250572, org.springframework.test.context.support.DirtiesContextBeforeModesTestExecutionListener@9159b, org.springframework.boot.test.mock.mockito.MockitoTestExecutionListener@118cddf, org.springframework.boot.test.autoconfigure.SpringBootDependencyInjectionTestExecutionListener@1a7f733, org.springframework.test.context.support.DirtiesContextTestExecutionListener@567e20, org.springframework.test.context.transaction.TransactionalTestExecutionListener@ed1b7c, org.springframework.test.context.jdbc.SqlScriptsTestExecutionListener@1fc564b, org.springframework.boot.test.mock.mockito.ResetMocksTestExecutionListener@14a2528, org.springframework.boot.test.autoconfigure.restdocs.RestDocsTestExecutionListener@36eb5f, org.springframework.boot.test.autoconfigure.web.client.MockRestServiceServerResetTestExecutionListener@1e2a9e, org.springframework.boot.test.autoconfigure.web.servlet.MockMvcPrintOnlyOnFailureTestExecutionListener@1a36558, org.springframework.boot.test.autoconfigure.web.servlet.WebDriverTestExecutionListener@12872e1]
23:09:21.300 [main] DEBUG org.springframework.test.annotation.ProfileValueUtils - Retrieved @ProfileValueSourceConfiguration [null] for test class [com.acs.configuration.AccessControlSystemApplicationTests]
23:09:21.300 [main] DEBUG org.springframework.test.annotation.ProfileValueUtils - Retrieved ProfileValueSource type [class org.springframework.test.annotation.SystemProfileValueSource] for class [com.acs.configuration.AccessControlSystemApplicationTests]
23:09:21.302 [main] DEBUG org.springframework.test.annotation.ProfileValueUtils - Retrieved @ProfileValueSourceConfiguration [null] for test class [com.acs.configuration.AccessControlSystemApplicationTests]
23:09:21.302 [main] DEBUG org.springframework.test.annotation.ProfileValueUtils - Retrieved ProfileValueSource type [class org.springframework.test.annotation.SystemProfileValueSource] for class [com.acs.configuration.AccessControlSystemApplicationTests]
23:09:21.302 [main] DEBUG org.springframework.test.annotation.ProfileValueUtils - Retrieved @ProfileValueSourceConfiguration [null] for test class [com.acs.configuration.AccessControlSystemApplicationTests]
23:09:21.302 [main] DEBUG org.springframework.test.annotation.ProfileValueUtils - Retrieved ProfileValueSource type [class org.springframework.test.annotation.SystemProfileValueSource] for class [com.acs.configuration.AccessControlSystemApplicationTests]
23:09:21.306 [main] DEBUG org.springframework.test.context.support.AbstractDirtiesContextTestExecutionListener - Before test class: context [DefaultTestContext@1f0219d testClass = AccessControlSystemApplicationTests, testInstance = [null], testMethod = [null], testException = [null], mergedContextConfiguration = [WebMergedContextConfiguration@1d0c991 testClass = AccessControlSystemApplicationTests, locations = '{}', classes = '{class com.acs.configuration.AccessControlSystemApplication}', contextInitializerClasses = '[]', activeProfiles = '{}', propertySourceLocations = '{}', propertySourceProperties = '{org.springframework.boot.test.context.SpringBootTestContextBootstrapper=true}', contextCustomizers = set[org.springframework.boot.test.context.filter.ExcludeFilterContextCustomizer@17776a8, org.springframework.boot.test.json.DuplicateJsonObjectContextCustomizerFactory$DuplicateJsonObjectContextCustomizer@1baf4f0, org.springframework.boot.test.mock.mockito.MockitoContextCustomizer@0, org.springframework.boot.test.web.client.TestRestTemplateContextCustomizer@396c1e, org.springframework.boot.test.autoconfigure.properties.PropertyMappingContextCustomizer@0, org.springframework.boot.test.autoconfigure.web.servlet.WebDriverContextCustomizerFactory$Customizer@a50da], resourceBasePath = 'src/main/webapp', contextLoader = 'org.springframework.boot.test.context.SpringBootContextLoader', parent = [null]], attributes = map['org.springframework.test.context.web.ServletTestExecutionListener.activateListener' -> true]], class annotated with @DirtiesContext [false] with mode [null].
23:09:21.307 [main] DEBUG org.springframework.test.annotation.ProfileValueUtils - Retrieved @ProfileValueSourceConfiguration [null] for test class [com.acs.configuration.AccessControlSystemApplicationTests]
23:09:21.307 [main] DEBUG org.springframework.test.annotation.ProfileValueUtils - Retrieved ProfileValueSource type [class org.springframework.test.annotation.SystemProfileValueSource] for class [com.acs.configuration.AccessControlSystemApplicationTests]
23:09:21.330 [main] DEBUG org.springframework.core.env.StandardEnvironment - Adding PropertySource 'systemProperties' with lowest search precedence
23:09:21.330 [main] DEBUG org.springframework.core.env.StandardEnvironment - Adding PropertySource 'systemEnvironment' with lowest search precedence
23:09:21.330 [main] DEBUG org.springframework.core.env.StandardEnvironment - Initialized StandardEnvironment with PropertySources [MapPropertySource@31579432 {name='systemProperties', properties={idea.version=2018.2.4, java.runtime.name=Java(TM) SE Runtime Environment, sun.boot.library.path=C:\Program Files (x86)\Java\jdk1.8.0_144\jre\bin, java.vm.version=25.144-b01, java.vm.vendor=Oracle Corporation, java.vendor.url=http://java.oracle.com/, path.separator=;, java.vm.name=Java HotSpot(TM) Client VM, file.encoding.pkg=sun.io, user.country=GB, user.script=, sun.java.launcher=SUN_STANDARD, sun.os.patch.level=, java.vm.specification.name=Java Virtual Machine Specification, user.dir=D:\personal\ACS\AccessControlSystem\project\AccessControlSystem-Server, java.runtime.version=1.8.0_144-b01, basedir=D:\personal\ACS\AccessControlSystem\project\AccessControlSystem-Server, java.awt.graphicsenv=sun.awt.Win32GraphicsEnvironment, java.endorsed.dirs=C:\Program Files (x86)\Java\jdk1.8.0_144\jre\lib\endorsed, os.arch=x86, surefire.real.class.path=C:\Users\gnanii\AppData\Local\Temp\surefire1658802995992462239\surefirebooter1077936759950058545.jar, java.io.tmpdir=C:\Users\gnanii\AppData\Local\Temp\, line.separator=
, java.vm.specification.vendor=Oracle Corporation, user.variant=, os.name=Windows 10, sun.jnu.encoding=Cp1252, java.library.path=C:\Program Files (x86)\Java\jdk1.8.0_144\jre\bin;C:\WINDOWS\Sun\Java\bin;C:\WINDOWS\system32;C:\WINDOWS;C:\Program Files\Kerio\Outlook Connector (Offline Edition)\;C:\oracle\product\11.2.0\dbhome_1\bin;C:\ProgramData\Oracle\Java\javapath;C:\WINDOWS\system32;C:\WINDOWS;C:\WINDOWS\System32\Wbem;C:\WINDOWS\System32\WindowsPowerShell\v1.0\;C:\Program Files\Git\cmd;C:\Program Files\Java\jdk1.7.0_80;C:\apache-maven-3.5.0\bin;C:\Program Files\Symantec.cloud\PlatformAgent\;C:\Program Files\TortoiseSVN\bin;C:\Program Files\PostgreSQL\10\bin;C:\Users\gnanii\AppData\Local\Programs\Python\Python35\;C:\Users\gnanii\AppData\Local\Programs\Python\Python35\Scripts\;C:\Users\gnanii\AppData\Roaming\npm;C:\WINDOWS\System32\OpenSSH\;C:\Program Files\nodejs\;C:\Program Files\PuTTY\;D:\install\liqubase;C:\TDM-GCC-64\bin;;C:\Program Files\Microsoft VS Code\bin;C:\Users\gnanii\AppData\Local\Programs\Python\Python35\Scripts\;C:\Users\gnanii\AppData\Local\Programs\Python\Python35\;C:\ProgramData\Oracle\Java\javapath;C:\WINDOWS\system32;C:\WINDOWS;C:\WINDOWS\System32\Wbem;C:\WINDOWS\System32\WindowsPowerShell\v1.0\;C:\Program Files\Git\cmd;C:\Program Files\nodejs\;C:\Program Files\Java\jdk1.7.0_80;C:\apache-maven-3.5.0\bin;C:\Program Files (x86)\Skype\Phone\;C:\Program Files\Symantec.cloud\PlatformAgent\;C:\Program Files\TortoiseSVN\bin;C:\Program Files\PostgreSQL\10\bin;C:\Users\gnanii\AppData\Local\Microsoft\WindowsApps;C:\Users\gnanii\AppData\Roaming\npm;;., surefire.test.class.path=D:\personal\ACS\AccessControlSystem\project\AccessControlSystem-Server\target\test-classes;D:\personal\ACS\AccessControlSystem\project\AccessControlSystem-Server\target\classes;C:\Users\gnanii\.m2\repository\org\springframework\boot\spring-boot-starter\2.0.5.RELEASE\spring-boot-starter-2.0.5.RELEASE.jar;C:\Users\gnanii\.m2\repository\org\springframework\boot\spring-boot\2.0.5.RELEASE\spring-boot-2.0.5.RELEASE.jar;C:\Users\gnanii\.m2\repository\org\springframework\spring-context\5.0.9.RELEASE\spring-context-5.0.9.RELEASE.jar;C:\Users\gnanii\.m2\repository\org\springframework\boot\spring-boot-autoconfigure\2.0.5.RELEASE\spring-boot-autoconfigure-2.0.5.RELEASE.jar;C:\Users\gnanii\.m2\repository\org\springframework\boot\spring-boot-starter-logging\2.0.5.RELEASE\spring-boot-starter-logging-2.0.5.RELEASE.jar;C:\Users\gnanii\.m2\repository\ch\qos\logback\logback-classic\1.2.3\logback-classic-1.2.3.jar;C:\Users\gnanii\.m2\repository\ch\qos\logback\logback-core\1.2.3\logback-core-1.2.3.jar;C:\Users\gnanii\.m2\repository\org\apache\logging\log4j\log4j-to-slf4j\2.10.0\log4j-to-slf4j-2.10.0.jar;C:\Users\gnanii\.m2\repository\org\apache\logging\log4j\log4j-api\2.10.0\log4j-api-2.10.0.jar;C:\Users\gnanii\.m2\repository\org\slf4j\jul-to-slf4j\1.7.25\jul-to-slf4j-1.7.25.jar;C:\Users\gnanii\.m2\repository\javax\annotation\javax.annotation-api\1.3.2\javax.annotation-api-1.3.2.jar;C:\Users\gnanii\.m2\repository\org\springframework\spring-core\5.0.9.RELEASE\spring-core-5.0.9.RELEASE.jar;C:\Users\gnanii\.m2\repository\org\springframework\spring-jcl\5.0.9.RELEASE\spring-jcl-5.0.9.RELEASE.jar;C:\Users\gnanii\.m2\repository\org\yaml\snakeyaml\1.19\snakeyaml-1.19.jar;C:\Users\gnanii\.m2\repository\org\springframework\boot\spring-boot-starter-data-rest\2.0.5.RELEASE\spring-boot-starter-data-rest-2.0.5.RELEASE.jar;C:\Users\gnanii\.m2\repository\org\springframework\boot\spring-boot-starter-json\2.0.5.RELEASE\spring-boot-starter-json-2.0.5.RELEASE.jar;C:\Users\gnanii\.m2\repository\com\fasterxml\jackson\datatype\jackson-datatype-jdk8\2.9.6\jackson-datatype-jdk8-2.9.6.jar;C:\Users\gnanii\.m2\repository\com\fasterxml\jackson\datatype\jackson-datatype-jsr310\2.9.6\jackson-datatype-jsr310-2.9.6.jar;C:\Users\gnanii\.m2\repository\com\fasterxml\jackson\module\jackson-module-parameter-names\2.9.6\jackson-module-parameter-names-2.9.6.jar;C:\Users\gnanii\.m2\repository\org\springframework\data\spring-data-rest-webmvc\3.0.10.RELEASE\spring-data-rest-webmvc-3.0.10.RELEASE.jar;C:\Users\gnanii\.m2\repository\org\springframework\data\spring-data-rest-core\3.0.10.RELEASE\spring-data-rest-core-3.0.10.RELEASE.jar;C:\Users\gnanii\.m2\repository\org\springframework\hateoas\spring-hateoas\0.25.0.RELEASE\spring-hateoas-0.25.0.RELEASE.jar;C:\Users\gnanii\.m2\repository\org\atteo\evo-inflector\1.2.2\evo-inflector-1.2.2.jar;C:\Users\gnanii\.m2\repository\org\springframework\boot\spring-boot-starter-test\2.0.5.RELEASE\spring-boot-starter-test-2.0.5.RELEASE.jar;C:\Users\gnanii\.m2\repository\org\springframework\boot\spring-boot-test\2.0.5.RELEASE\spring-boot-test-2.0.5.RELEASE.jar;C:\Users\gnanii\.m2\repository\org\springframework\boot\spring-boot-test-autoconfigure\2.0.5.RELEASE\spring-boot-test-autoconfigure-2.0.5.RELEASE.jar;C:\Users\gnanii\.m2\repository\com\jayway\jsonpath\json-path\2.4.0\json-path-2.4.0.jar;C:\Users\gnanii\.m2\repository\net\minidev\json-smart\2.3\json-smart-2.3.jar;C:\Users\gnanii\.m2\repository\net\minidev\accessors-smart\1.2\accessors-smart-1.2.jar;C:\Users\gnanii\.m2\repository\org\ow2\asm\asm\5.0.4\asm-5.0.4.jar;C:\Users\gnanii\.m2\repository\junit\junit\4.12\junit-4.12.jar;C:\Users\gnanii\.m2\repository\org\assertj\assertj-core\3.9.1\assertj-core-3.9.1.jar;C:\Users\gnanii\.m2\repository\org\mockito\mockito-core\2.15.0\mockito-core-2.15.0.jar;C:\Users\gnanii\.m2\repository\net\bytebuddy\byte-buddy\1.7.11\byte-buddy-1.7.11.jar;C:\Users\gnanii\.m2\repository\net\bytebuddy\byte-buddy-agent\1.7.11\byte-buddy-agent-1.7.11.jar;C:\Users\gnanii\.m2\repository\org\objenesis\objenesis\2.6\objenesis-2.6.jar;C:\Users\gnanii\.m2\repository\org\hamcrest\hamcrest-core\1.3\hamcrest-core-1.3.jar;C:\Users\gnanii\.m2\repository\org\hamcrest\hamcrest-library\1.3\hamcrest-library-1.3.jar;C:\Users\gnanii\.m2\repository\org\skyscreamer\jsonassert\1.5.0\jsonassert-1.5.0.jar;C:\Users\gnanii\.m2\repository\org\springframework\spring-test\5.0.9.RELEASE\spring-test-5.0.9.RELEASE.jar;C:\Users\gnanii\.m2\repository\org\xmlunit\xmlunit-core\2.5.1\xmlunit-core-2.5.1.jar;C:\Users\gnanii\.m2\repository\org\springframework\boot\spring-boot-starter-web\2.0.5.RELEASE\spring-boot-starter-web-2.0.5.RELEASE.jar;C:\Users\gnanii\.m2\repository\org\springframework\boot\spring-boot-starter-tomcat\2.0.5.RELEASE\spring-boot-starter-tomcat-2.0.5.RELEASE.jar;C:\Users\gnanii\.m2\repository\org\apache\tomcat\embed\tomcat-embed-core\8.5.34\tomcat-embed-core-8.5.34.jar;C:\Users\gnanii\.m2\repository\org\apache\tomcat\embed\tomcat-embed-el\8.5.34\tomcat-embed-el-8.5.34.jar;C:\Users\gnanii\.m2\repository\org\apache\tomcat\embed\tomcat-embed-websocket\8.5.34\tomcat-embed-websocket-8.5.34.jar;C:\Users\gnanii\.m2\repository\org\hibernate\validator\hibernate-validator\6.0.12.Final\hibernate-validator-6.0.12.Final.jar;C:\Users\gnanii\.m2\repository\javax\validation\validation-api\2.0.1.Final\validation-api-2.0.1.Final.jar;C:\Users\gnanii\.m2\repository\org\jboss\logging\jboss-logging\3.3.2.Final\jboss-logging-3.3.2.Final.jar;C:\Users\gnanii\.m2\repository\org\springframework\spring-web\5.0.9.RELEASE\spring-web-5.0.9.RELEASE.jar;C:\Users\gnanii\.m2\repository\org\springframework\spring-beans\5.0.9.RELEASE\spring-beans-5.0.9.RELEASE.jar;C:\Users\gnanii\.m2\repository\org\springframework\spring-webmvc\5.0.9.RELEASE\spring-webmvc-5.0.9.RELEASE.jar;C:\Users\gnanii\.m2\repository\org\springframework\spring-expression\5.0.9.RELEASE\spring-expression-5.0.9.RELEASE.jar;C:\Users\gnanii\.m2\repository\org\springframework\boot\spring-boot-starter-data-jpa\2.0.5.RELEASE\spring-boot-starter-data-jpa-2.0.5.RELEASE.jar;C:\Users\gnanii\.m2\repository\org\springframework\boot\spring-boot-starter-aop\2.0.5.RELEASE\spring-boot-starter-aop-2.0.5.RELEASE.jar;C:\Users\gnanii\.m2\repository\org\aspectj\aspectjweaver\1.8.13\aspectjweaver-1.8.13.jar;C:\Users\gnanii\.m2\repository\org\springframework\boot\spring-boot-starter-jdbc\2.0.5.RELEASE\spring-boot-starter-jdbc-2.0.5.RELEASE.jar;C:\Users\gnanii\.m2\repository\com\zaxxer\HikariCP\2.7.9\HikariCP-2.7.9.jar;C:\Users\gnanii\.m2\repository\org\springframework\spring-jdbc\5.0.9.RELEASE\spring-jdbc-5.0.9.RELEASE.jar;C:\Users\gnanii\.m2\repository\javax\transaction\javax.transaction-api\1.2\javax.transaction-api-1.2.jar;C:\Users\gnanii\.m2\repository\org\hibernate\hibernate-core\5.2.17.Final\hibernate-core-5.2.17.Final.jar;C:\Users\gnanii\.m2\repository\org\hibernate\javax\persistence\hibernate-jpa-2.1-api\1.0.2.Final\hibernate-jpa-2.1-api-1.0.2.Final.jar;C:\Users\gnanii\.m2\repository\org\javassist\javassist\3.22.0-GA\javassist-3.22.0-GA.jar;C:\Users\gnanii\.m2\repository\antlr\antlr\2.7.7\antlr-2.7.7.jar;C:\Users\gnanii\.m2\repository\org\jboss\jandex\2.0.3.Final\jandex-2.0.3.Final.jar;C:\Users\gnanii\.m2\repository\dom4j\dom4j\1.6.1\dom4j-1.6.1.jar;C:\Users\gnanii\.m2\repository\org\hibernate\common\hibernate-commons-annotations\5.0.1.Final\hibernate-commons-annotations-5.0.1.Final.jar;C:\Users\gnanii\.m2\repository\org\springframework\data\spring-data-jpa\2.0.10.RELEASE\spring-data-jpa-2.0.10.RELEASE.jar;C:\Users\gnanii\.m2\repository\org\springframework\data\spring-data-commons\2.0.10.RELEASE\spring-data-commons-2.0.10.RELEASE.jar;C:\Users\gnanii\.m2\repository\org\springframework\spring-orm\5.0.9.RELEASE\spring-orm-5.0.9.RELEASE.jar;C:\Users\gnanii\.m2\repository\org\springframework\spring-tx\5.0.9.RELEASE\spring-tx-5.0.9.RELEASE.jar;C:\Users\gnanii\.m2\repository\org\springframework\spring-aspects\5.0.9.RELEASE\spring-aspects-5.0.9.RELEASE.jar;C:\Users\gnanii\.m2\repository\org\postgresql\postgresql\42.2.2\postgresql-42.2.2.jar;C:\Users\gnanii\.m2\repository\org\liquibase\liquibase-core\3.5.5\liquibase-core-3.5.5.jar;C:\Users\gnanii\.m2\repository\org\springframework\boot\spring-boot-starter-security\2.0.5.RELEASE\spring-boot-starter-security-2.0.5.RELEASE.jar;C:\Users\gnanii\.m2\repository\org\springframework\spring-aop\5.0.9.RELEASE\spring-aop-5.0.9.RELEASE.jar;C:\Users\gnanii\.m2\repository\org\springframework\security\spring-security-config\5.0.8.RELEASE\spring-security-config-5.0.8.RELEASE.jar;C:\Users\gnanii\.m2\repository\org\springframework\security\spring-security-core\5.0.8.RELEASE\spring-security-core-5.0.8.RELEASE.jar;C:\Users\gnanii\.m2\repository\org\springframework\security\spring-security-web\5.0.8.RELEASE\spring-security-web-5.0.8.RELEASE.jar;C:\Users\gnanii\.m2\repository\org\springframework\security\oauth\boot\spring-security-oauth2-autoconfigure\2.0.0.RELEASE\spring-security-oauth2-autoconfigure-2.0.0.RELEASE.jar;C:\Users\gnanii\.m2\repository\com\fasterxml\jackson\core\jackson-annotations\2.9.0\jackson-annotations-2.9.0.jar;C:\Users\gnanii\.m2\repository\com\fasterxml\jackson\core\jackson-databind\2.9.6\jackson-databind-2.9.6.jar;C:\Users\gnanii\.m2\repository\com\fasterxml\jackson\core\jackson-core\2.9.6\jackson-core-2.9.6.jar;C:\Users\gnanii\.m2\repository\org\springframework\security\oauth\spring-security-oauth2\2.2.1.RELEASE\spring-security-oauth2-2.2.1.RELEASE.jar;C:\Users\gnanii\.m2\repository\org\codehaus\jackson\jackson-mapper-asl\1.9.13\jackson-mapper-asl-1.9.13.jar;C:\Users\gnanii\.m2\repository\org\codehaus\jackson\jackson-core-asl\1.9.13\jackson-core-asl-1.9.13.jar;C:\Users\gnanii\.m2\repository\org\springframework\security\spring-security-jwt\1.0.9.RELEASE\spring-security-jwt-1.0.9.RELEASE.jar;C:\Users\gnanii\.m2\repository\org\bouncycastle\bcpkix-jdk15on\1.56\bcpkix-jdk15on-1.56.jar;C:\Users\gnanii\.m2\repository\org\bouncycastle\bcprov-jdk15on\1.56\bcprov-jdk15on-1.56.jar;C:\Users\gnanii\.m2\repository\io\springfox\springfox-swagger2\2.6.1\springfox-swagger2-2.6.1.jar;C:\Users\gnanii\.m2\repository\io\swagger\swagger-annotations\1.5.10\swagger-annotations-1.5.10.jar;C:\Users\gnanii\.m2\repository\io\swagger\swagger-models\1.5.10\swagger-models-1.5.10.jar;C:\Users\gnanii\.m2\repository\io\springfox\springfox-spi\2.6.1\springfox-spi-2.6.1.jar;C:\Users\gnanii\.m2\repository\io\springfox\springfox-core\2.6.1\springfox-core-2.6.1.jar;C:\Users\gnanii\.m2\repository\io\springfox\springfox-schema\2.6.1\springfox-schema-2.6.1.jar;C:\Users\gnanii\.m2\repository\io\springfox\springfox-swagger-common\2.6.1\springfox-swagger-common-2.6.1.jar;C:\Users\gnanii\.m2\repository\io\springfox\springfox-spring-web\2.6.1\springfox-spring-web-2.6.1.jar;C:\Users\gnanii\.m2\repository\com\google\guava\guava\18.0\guava-18.0.jar;C:\Users\gnanii\.m2\repository\com\fasterxml\classmate\1.3.4\classmate-1.3.4.jar;C:\Users\gnanii\.m2\repository\org\slf4j\slf4j-api\1.7.25\slf4j-api-1.7.25.jar;C:\Users\gnanii\.m2\repository\org\springframework\plugin\spring-plugin-core\1.2.0.RELEASE\spring-plugin-core-1.2.0.RELEASE.jar;C:\Users\gnanii\.m2\repository\org\springframework\plugin\spring-plugin-metadata\1.2.0.RELEASE\spring-plugin-metadata-1.2.0.RELEASE.jar;C:\Users\gnanii\.m2\repository\org\mapstruct\mapstruct\1.0.0.Final\mapstruct-1.0.0.Final.jar;C:\Users\gnanii\.m2\repository\io\springfox\springfox-swagger-ui\2.6.1\springfox-swagger-ui-2.6.1.jar;C:\Users\gnanii\.m2\repository\com\auth0\java-jwt\3.4.0\java-jwt-3.4.0.jar;C:\Users\gnanii\.m2\repository\commons-codec\commons-codec\1.11\commons-codec-1.11.jar;C:\Users\gnanii\.m2\repository\org\modelmapper\modelmapper\2.3.2\modelmapper-2.3.2.jar;C:\Users\gnanii\.m2\repository\com\vaadin\external\google\android-json\0.0.20131108.vaadin1\android-json-0.0.20131108.vaadin1.jar;C:\Users\gnanii\.m2\repository\org\apache\commons\commons-lang3\3.4\commons-lang3-3.4.jar;C:\Users\gnanii\.m2\repository\org\junit\jupiter\junit-jupiter-api\5.4.2\junit-jupiter-api-5.4.2.jar;C:\Users\gnanii\.m2\repository\org\apiguardian\apiguardian-api\1.0.0\apiguardian-api-1.0.0.jar;C:\Users\gnanii\.m2\repository\org\opentest4j\opentest4j\1.1.1\opentest4j-1.1.1.jar;C:\Users\gnanii\.m2\repository\org\junit\platform\junit-platform-commons\1.4.2\junit-platform-commons-1.4.2.jar;C:\Users\gnanii\.m2\repository\org\mockito\mockito-junit-jupiter\2.23.0\mockito-junit-jupiter-2.23.0.jar;, java.specification.name=Java Platform API Specification, java.class.version=52.0, sun.management.compiler=HotSpot Client Compiler, os.version=10.0, user.home=C:\Users\gnanii, user.timezone=EET, java.awt.printerjob=sun.awt.windows.WPrinterJob, file.encoding=Cp1252, java.specification.version=1.8, java.class.path=D:\personal\ACS\AccessControlSystem\project\AccessControlSystem-Server\target\test-classes;D:\personal\ACS\AccessControlSystem\project\AccessControlSystem-Server\target\classes;C:\Users\gnanii\.m2\repository\org\springframework\boot\spring-boot-starter\2.0.5.RELEASE\spring-boot-starter-2.0.5.RELEASE.jar;C:\Users\gnanii\.m2\repository\org\springframework\boot\spring-boot\2.0.5.RELEASE\spring-boot-2.0.5.RELEASE.jar;C:\Users\gnanii\.m2\repository\org\springframework\spring-context\5.0.9.RELEASE\spring-context-5.0.9.RELEASE.jar;C:\Users\gnanii\.m2\repository\org\springframework\boot\spring-boot-autoconfigure\2.0.5.RELEASE\spring-boot-autoconfigure-2.0.5.RELEASE.jar;C:\Users\gnanii\.m2\repository\org\springframework\boot\spring-boot-starter-logging\2.0.5.RELEASE\spring-boot-starter-logging-2.0.5.RELEASE.jar;C:\Users\gnanii\.m2\repository\ch\qos\logback\logback-classic\1.2.3\logback-classic-1.2.3.jar;C:\Users\gnanii\.m2\repository\ch\qos\logback\logback-core\1.2.3\logback-core-1.2.3.jar;C:\Users\gnanii\.m2\repository\org\apache\logging\log4j\log4j-to-slf4j\2.10.0\log4j-to-slf4j-2.10.0.jar;C:\Users\gnanii\.m2\repository\org\apache\logging\log4j\log4j-api\2.10.0\log4j-api-2.10.0.jar;C:\Users\gnanii\.m2\repository\org\slf4j\jul-to-slf4j\1.7.25\jul-to-slf4j-1.7.25.jar;C:\Users\gnanii\.m2\repository\javax\annotation\javax.annotation-api\1.3.2\javax.annotation-api-1.3.2.jar;C:\Users\gnanii\.m2\repository\org\springframework\spring-core\5.0.9.RELEASE\spring-core-5.0.9.RELEASE.jar;C:\Users\gnanii\.m2\repository\org\springframework\spring-jcl\5.0.9.RELEASE\spring-jcl-5.0.9.RELEASE.jar;C:\Users\gnanii\.m2\repository\org\yaml\snakeyaml\1.19\snakeyaml-1.19.jar;C:\Users\gnanii\.m2\repository\org\springframework\boot\spring-boot-starter-data-rest\2.0.5.RELEASE\spring-boot-starter-data-rest-2.0.5.RELEASE.jar;C:\Users\gnanii\.m2\repository\org\springframework\boot\spring-boot-starter-json\2.0.5.RELEASE\spring-boot-starter-json-2.0.5.RELEASE.jar;C:\Users\gnanii\.m2\repository\com\fasterxml\jackson\datatype\jackson-datatype-jdk8\2.9.6\jackson-datatype-jdk8-2.9.6.jar;C:\Users\gnanii\.m2\repository\com\fasterxml\jackson\datatype\jackson-datatype-jsr310\2.9.6\jackson-datatype-jsr310-2.9.6.jar;C:\Users\gnanii\.m2\repository\com\fasterxml\jackson\module\jackson-module-parameter-names\2.9.6\jackson-module-parameter-names-2.9.6.jar;C:\Users\gnanii\.m2\repository\org\springframework\data\spring-data-rest-webmvc\3.0.10.RELEASE\spring-data-rest-webmvc-3.0.10.RELEASE.jar;C:\Users\gnanii\.m2\repository\org\springframework\data\spring-data-rest-core\3.0.10.RELEASE\spring-data-rest-core-3.0.10.RELEASE.jar;C:\Users\gnanii\.m2\repository\org\springframework\hateoas\spring-hateoas\0.25.0.RELEASE\spring-hateoas-0.25.0.RELEASE.jar;C:\Users\gnanii\.m2\repository\org\atteo\evo-inflector\1.2.2\evo-inflector-1.2.2.jar;C:\Users\gnanii\.m2\repository\org\springframework\boot\spring-boot-starter-test\2.0.5.RELEASE\spring-boot-starter-test-2.0.5.RELEASE.jar;C:\Users\gnanii\.m2\repository\org\springframework\boot\spring-boot-test\2.0.5.RELEASE\spring-boot-test-2.0.5.RELEASE.jar;C:\Users\gnanii\.m2\repository\org\springframework\boot\spring-boot-test-autoconfigure\2.0.5.RELEASE\spring-boot-test-autoconfigure-2.0.5.RELEASE.jar;C:\Users\gnanii\.m2\repository\com\jayway\jsonpath\json-path\2.4.0\json-path-2.4.0.jar;C:\Users\gnanii\.m2\repository\net\minidev\json-smart\2.3\json-smart-2.3.jar;C:\Users\gnanii\.m2\repository\net\minidev\accessors-smart\1.2\accessors-smart-1.2.jar;C:\Users\gnanii\.m2\repository\org\ow2\asm\asm\5.0.4\asm-5.0.4.jar;C:\Users\gnanii\.m2\repository\junit\junit\4.12\junit-4.12.jar;C:\Users\gnanii\.m2\repository\org\assertj\assertj-core\3.9.1\assertj-core-3.9.1.jar;C:\Users\gnanii\.m2\repository\org\mockito\mockito-core\2.15.0\mockito-core-2.15.0.jar;C:\Users\gnanii\.m2\repository\net\bytebuddy\byte-buddy\1.7.11\byte-buddy-1.7.11.jar;C:\Users\gnanii\.m2\repository\net\bytebuddy\byte-buddy-agent\1.7.11\byte-buddy-agent-1.7.11.jar;C:\Users\gnanii\.m2\repository\org\objenesis\objenesis\2.6\objenesis-2.6.jar;C:\Users\gnanii\.m2\repository\org\hamcrest\hamcrest-core\1.3\hamcrest-core-1.3.jar;C:\Users\gnanii\.m2\repository\org\hamcrest\hamcrest-library\1.3\hamcrest-library-1.3.jar;C:\Users\gnanii\.m2\repository\org\skyscreamer\jsonassert\1.5.0\jsonassert-1.5.0.jar;C:\Users\gnanii\.m2\repository\org\springframework\spring-test\5.0.9.RELEASE\spring-test-5.0.9.RELEASE.jar;C:\Users\gnanii\.m2\repository\org\xmlunit\xmlunit-core\2.5.1\xmlunit-core-2.5.1.jar;C:\Users\gnanii\.m2\repository\org\springframework\boot\spring-boot-starter-web\2.0.5.RELEASE\spring-boot-starter-web-2.0.5.RELEASE.jar;C:\Users\gnanii\.m2\repository\org\springframework\boot\spring-boot-starter-tomcat\2.0.5.RELEASE\spring-boot-starter-tomcat-2.0.5.RELEASE.jar;C:\Users\gnanii\.m2\repository\org\apache\tomcat\embed\tomcat-embed-core\8.5.34\tomcat-embed-core-8.5.34.jar;C:\Users\gnanii\.m2\repository\org\apache\tomcat\embed\tomcat-embed-el\8.5.34\tomcat-embed-el-8.5.34.jar;C:\Users\gnanii\.m2\repository\org\apache\tomcat\embed\tomcat-embed-websocket\8.5.34\tomcat-embed-websocket-8.5.34.jar;C:\Users\gnanii\.m2\repository\org\hibernate\validator\hibernate-validator\6.0.12.Final\hibernate-validator-6.0.12.Final.jar;C:\Users\gnanii\.m2\repository\javax\validation\validation-api\2.0.1.Final\validation-api-2.0.1.Final.jar;C:\Users\gnanii\.m2\repository\org\jboss\logging\jboss-logging\3.3.2.Final\jboss-logging-3.3.2.Final.jar;C:\Users\gnanii\.m2\repository\org\springframework\spring-web\5.0.9.RELEASE\spring-web-5.0.9.RELEASE.jar;C:\Users\gnanii\.m2\repository\org\springframework\spring-beans\5.0.9.RELEASE\spring-beans-5.0.9.RELEASE.jar;C:\Users\gnanii\.m2\repository\org\springframework\spring-webmvc\5.0.9.RELEASE\spring-webmvc-5.0.9.RELEASE.jar;C:\Users\gnanii\.m2\repository\org\springframework\spring-expression\5.0.9.RELEASE\spring-expression-5.0.9.RELEASE.jar;C:\Users\gnanii\.m2\repository\org\springframework\boot\spring-boot-starter-data-jpa\2.0.5.RELEASE\spring-boot-starter-data-jpa-2.0.5.RELEASE.jar;C:\Users\gnanii\.m2\repository\org\springframework\boot\spring-boot-starter-aop\2.0.5.RELEASE\spring-boot-starter-aop-2.0.5.RELEASE.jar;C:\Users\gnanii\.m2\repository\org\aspectj\aspectjweaver\1.8.13\aspectjweaver-1.8.13.jar;C:\Users\gnanii\.m2\repository\org\springframework\boot\spring-boot-starter-jdbc\2.0.5.RELEASE\spring-boot-starter-jdbc-2.0.5.RELEASE.jar;C:\Users\gnanii\.m2\repository\com\zaxxer\HikariCP\2.7.9\HikariCP-2.7.9.jar;C:\Users\gnanii\.m2\repository\org\springframework\spring-jdbc\5.0.9.RELEASE\spring-jdbc-5.0.9.RELEASE.jar;C:\Users\gnanii\.m2\repository\javax\transaction\javax.transaction-api\1.2\javax.transaction-api-1.2.jar;C:\Users\gnanii\.m2\repository\org\hibernate\hibernate-core\5.2.17.Final\hibernate-core-5.2.17.Final.jar;C:\Users\gnanii\.m2\repository\org\hibernate\javax\persistence\hibernate-jpa-2.1-api\1.0.2.Final\hibernate-jpa-2.1-api-1.0.2.Final.jar;C:\Users\gnanii\.m2\repository\org\javassist\javassist\3.22.0-GA\javassist-3.22.0-GA.jar;C:\Users\gnanii\.m2\repository\antlr\antlr\2.7.7\antlr-2.7.7.jar;C:\Users\gnanii\.m2\repository\org\jboss\jandex\2.0.3.Final\jandex-2.0.3.Final.jar;C:\Users\gnanii\.m2\repository\dom4j\dom4j\1.6.1\dom4j-1.6.1.jar;C:\Users\gnanii\.m2\repository\org\hibernate\common\hibernate-commons-annotations\5.0.1.Final\hibernate-commons-annotations-5.0.1.Final.jar;C:\Users\gnanii\.m2\repository\org\springframework\data\spring-data-jpa\2.0.10.RELEASE\spring-data-jpa-2.0.10.RELEASE.jar;C:\Users\gnanii\.m2\repository\org\springframework\data\spring-data-commons\2.0.10.RELEASE\spring-data-commons-2.0.10.RELEASE.jar;C:\Users\gnanii\.m2\repository\org\springframework\spring-orm\5.0.9.RELEASE\spring-orm-5.0.9.RELEASE.jar;C:\Users\gnanii\.m2\repository\org\springframework\spring-tx\5.0.9.RELEASE\spring-tx-5.0.9.RELEASE.jar;C:\Users\gnanii\.m2\repository\org\springframework\spring-aspects\5.0.9.RELEASE\spring-aspects-5.0.9.RELEASE.jar;C:\Users\gnanii\.m2\repository\org\postgresql\postgresql\42.2.2\postgresql-42.2.2.jar;C:\Users\gnanii\.m2\repository\org\liquibase\liquibase-core\3.5.5\liquibase-core-3.5.5.jar;C:\Users\gnanii\.m2\repository\org\springframework\boot\spring-boot-starter-security\2.0.5.RELEASE\spring-boot-starter-security-2.0.5.RELEASE.jar;C:\Users\gnanii\.m2\repository\org\springframework\spring-aop\5.0.9.RELEASE\spring-aop-5.0.9.RELEASE.jar;C:\Users\gnanii\.m2\repository\org\springframework\security\spring-security-config\5.0.8.RELEASE\spring-security-config-5.0.8.RELEASE.jar;C:\Users\gnanii\.m2\repository\org\springframework\security\spring-security-core\5.0.8.RELEASE\spring-security-core-5.0.8.RELEASE.jar;C:\Users\gnanii\.m2\repository\org\springframework\security\spring-security-web\5.0.8.RELEASE\spring-security-web-5.0.8.RELEASE.jar;C:\Users\gnanii\.m2\repository\org\springframework\security\oauth\boot\spring-security-oauth2-autoconfigure\2.0.0.RELEASE\spring-security-oauth2-autoconfigure-2.0.0.RELEASE.jar;C:\Users\gnanii\.m2\repository\com\fasterxml\jackson\core\jackson-annotations\2.9.0\jackson-annotations-2.9.0.jar;C:\Users\gnanii\.m2\repository\com\fasterxml\jackson\core\jackson-databind\2.9.6\jackson-databind-2.9.6.jar;C:\Users\gnanii\.m2\repository\com\fasterxml\jackson\core\jackson-core\2.9.6\jackson-core-2.9.6.jar;C:\Users\gnanii\.m2\repository\org\springframework\security\oauth\spring-security-oauth2\2.2.1.RELEASE\spring-security-oauth2-2.2.1.RELEASE.jar;C:\Users\gnanii\.m2\repository\org\codehaus\jackson\jackson-mapper-asl\1.9.13\jackson-mapper-asl-1.9.13.jar;C:\Users\gnanii\.m2\repository\org\codehaus\jackson\jackson-core-asl\1.9.13\jackson-core-asl-1.9.13.jar;C:\Users\gnanii\.m2\repository\org\springframework\security\spring-security-jwt\1.0.9.RELEASE\spring-security-jwt-1.0.9.RELEASE.jar;C:\Users\gnanii\.m2\repository\org\bouncycastle\bcpkix-jdk15on\1.56\bcpkix-jdk15on-1.56.jar;C:\Users\gnanii\.m2\repository\org\bouncycastle\bcprov-jdk15on\1.56\bcprov-jdk15on-1.56.jar;C:\Users\gnanii\.m2\repository\io\springfox\springfox-swagger2\2.6.1\springfox-swagger2-2.6.1.jar;C:\Users\gnanii\.m2\repository\io\swagger\swagger-annotations\1.5.10\swagger-annotations-1.5.10.jar;C:\Users\gnanii\.m2\repository\io\swagger\swagger-models\1.5.10\swagger-models-1.5.10.jar;C:\Users\gnanii\.m2\repository\io\springfox\springfox-spi\2.6.1\springfox-spi-2.6.1.jar;C:\Users\gnanii\.m2\repository\io\springfox\springfox-core\2.6.1\springfox-core-2.6.1.jar;C:\Users\gnanii\.m2\repository\io\springfox\springfox-schema\2.6.1\springfox-schema-2.6.1.jar;C:\Users\gnanii\.m2\repository\io\springfox\springfox-swagger-common\2.6.1\springfox-swagger-common-2.6.1.jar;C:\Users\gnanii\.m2\repository\io\springfox\springfox-spring-web\2.6.1\springfox-spring-web-2.6.1.jar;C:\Users\gnanii\.m2\repository\com\google\guava\guava\18.0\guava-18.0.jar;C:\Users\gnanii\.m2\repository\com\fasterxml\classmate\1.3.4\classmate-1.3.4.jar;C:\Users\gnanii\.m2\repository\org\slf4j\slf4j-api\1.7.25\slf4j-api-1.7.25.jar;C:\Users\gnanii\.m2\repository\org\springframework\plugin\spring-plugin-core\1.2.0.RELEASE\spring-plugin-core-1.2.0.RELEASE.jar;C:\Users\gnanii\.m2\repository\org\springframework\plugin\spring-plugin-metadata\1.2.0.RELEASE\spring-plugin-metadata-1.2.0.RELEASE.jar;C:\Users\gnanii\.m2\repository\org\mapstruct\mapstruct\1.0.0.Final\mapstruct-1.0.0.Final.jar;C:\Users\gnanii\.m2\repository\io\springfox\springfox-swagger-ui\2.6.1\springfox-swagger-ui-2.6.1.jar;C:\Users\gnanii\.m2\repository\com\auth0\java-jwt\3.4.0\java-jwt-3.4.0.jar;C:\Users\gnanii\.m2\repository\commons-codec\commons-codec\1.11\commons-codec-1.11.jar;C:\Users\gnanii\.m2\repository\org\modelmapper\modelmapper\2.3.2\modelmapper-2.3.2.jar;C:\Users\gnanii\.m2\repository\com\vaadin\external\google\android-json\0.0.20131108.vaadin1\android-json-0.0.20131108.vaadin1.jar;C:\Users\gnanii\.m2\repository\org\apache\commons\commons-lang3\3.4\commons-lang3-3.4.jar;C:\Users\gnanii\.m2\repository\org\junit\jupiter\junit-jupiter-api\5.4.2\junit-jupiter-api-5.4.2.jar;C:\Users\gnanii\.m2\repository\org\apiguardian\apiguardian-api\1.0.0\apiguardian-api-1.0.0.jar;C:\Users\gnanii\.m2\repository\org\opentest4j\opentest4j\1.1.1\opentest4j-1.1.1.jar;C:\Users\gnanii\.m2\repository\org\junit\platform\junit-platform-commons\1.4.2\junit-platform-commons-1.4.2.jar;C:\Users\gnanii\.m2\repository\org\mockito\mockito-junit-jupiter\2.23.0\mockito-junit-jupiter-2.23.0.jar;, user.name=gnanii, java.vm.specification.version=1.8, sun.java.command=C:\Users\gnanii\AppData\Local\Temp\surefire1658802995992462239\surefirebooter1077936759950058545.jar C:\Users\gnanii\AppData\Local\Temp\surefire1658802995992462239 2019-05-26T23-09-18_643-jvmRun1 surefire1332485706811814355tmp surefire_04273856218982545056tmp, java.home=C:\Program Files (x86)\Java\jdk1.8.0_144\jre, sun.arch.data.model=32, user.language=en, java.specification.vendor=Oracle Corporation, awt.toolkit=sun.awt.windows.WToolkit, java.vm.info=mixed mode, java.version=1.8.0_144, java.ext.dirs=C:\Program Files (x86)\Java\jdk1.8.0_144\jre\lib\ext;C:\WINDOWS\Sun\Java\lib\ext, sun.boot.class.path=C:\Program Files (x86)\Java\jdk1.8.0_144\jre\lib\resources.jar;C:\Program Files (x86)\Java\jdk1.8.0_144\jre\lib\rt.jar;C:\Program Files (x86)\Java\jdk1.8.0_144\jre\lib\sunrsasign.jar;C:\Program Files (x86)\Java\jdk1.8.0_144\jre\lib\jsse.jar;C:\Program Files (x86)\Java\jdk1.8.0_144\jre\lib\jce.jar;C:\Program Files (x86)\Java\jdk1.8.0_144\jre\lib\charsets.jar;C:\Program Files (x86)\Java\jdk1.8.0_144\jre\lib\jfr.jar;C:\Program Files (x86)\Java\jdk1.8.0_144\jre\classes, java.vendor=Oracle Corporation, localRepository=C:\Users\gnanii\.m2\repository, file.separator=\, java.vendor.url.bug=http://bugreport.sun.com/bugreport/, sun.io.unicode.encoding=UnicodeLittle, sun.cpu.endian=little, sun.desktop=windows, sun.cpu.isalist=pentium_pro+mmx pentium_pro pentium+mmx pentium i486 i386 i86}}, SystemEnvironmentPropertySource@29167419 {name='systemEnvironment', properties={PATH=C:\Program Files\Kerio\Outlook Connector (Offline Edition)\;C:\oracle\product\11.2.0\dbhome_1\bin;C:\ProgramData\Oracle\Java\javapath;C:\WINDOWS\system32;C:\WINDOWS;C:\WINDOWS\System32\Wbem;C:\WINDOWS\System32\WindowsPowerShell\v1.0\;C:\Program Files\Git\cmd;C:\Program Files\Java\jdk1.7.0_80;C:\apache-maven-3.5.0\bin;C:\Program Files\Symantec.cloud\PlatformAgent\;C:\Program Files\TortoiseSVN\bin;C:\Program Files\PostgreSQL\10\bin;C:\Users\gnanii\AppData\Local\Programs\Python\Python35\;C:\Users\gnanii\AppData\Local\Programs\Python\Python35\Scripts\;C:\Users\gnanii\AppData\Roaming\npm;C:\WINDOWS\System32\OpenSSH\;C:\Program Files\nodejs\;C:\Program Files\PuTTY\;D:\install\liqubase;C:\TDM-GCC-64\bin;;C:\Program Files\Microsoft VS Code\bin;C:\Users\gnanii\AppData\Local\Programs\Python\Python35\Scripts\;C:\Users\gnanii\AppData\Local\Programs\Python\Python35\;C:\ProgramData\Oracle\Java\javapath;C:\WINDOWS\system32;C:\WINDOWS;C:\WINDOWS\System32\Wbem;C:\WINDOWS\System32\WindowsPowerShell\v1.0\;C:\Program Files\Git\cmd;C:\Program Files\nodejs\;C:\Program Files\Java\jdk1.7.0_80;C:\apache-maven-3.5.0\bin;C:\Program Files (x86)\Skype\Phone\;C:\Program Files\Symantec.cloud\PlatformAgent\;C:\Program Files\TortoiseSVN\bin;C:\Program Files\PostgreSQL\10\bin;C:\Users\gnanii\AppData\Local\Microsoft\WindowsApps;C:\Users\gnanii\AppData\Roaming\npm;, USERDOMAIN_ROAMINGPROFILE=INTHER, PROCESSOR_LEVEL=6, SYSTEMDRIVE=C:, INTHERLC_INSTALLDIR=D:\IntherLC, SESSIONNAME=Console, ALLUSERSPROFILE=C:\ProgramData, PROCESSOR_ARCHITECTURE=x86, TNS_ADMIN=C:\oracle\product\11.2.0\dbhome_1\network\admin, DRIVERDATA=C:\Windows\System32\Drivers\DriverData, MAVEN_HOME=D:\TEST\environment\apache-maven-3.0.4, PROGRAMFILES=C:\Program Files (x86), PSMODULEPATH=C:\Program Files\WindowsPowerShell\Modules;C:\WINDOWS\system32\WindowsPowerShell\v1.0\Modules, PROGRAMDATA=C:\ProgramData, USERNAME=gnanii, USERDNSDOMAIN=INTHER.LOCAL, FPS_BROWSER_USER_PROFILE_STRING=Default, ONEDRIVE=C:\Users\gnanii\OneDrive, PATHEXT=.COM;.EXE;.BAT;.CMD;.VBS;.VBE;.JS;.JSE;.WSF;.WSH;.MSC, PROCESSOR_ARCHITEW6432=AMD64, WINDIR=C:\WINDOWS, HOMEPATH=\Users\gnanii, PROCESSOR_IDENTIFIER=Intel64 Family 6 Model 158 Stepping 9, GenuineIntel, M2_HOME=D:\TEST\environment\apache-maven-3.0.4, PUBLIC=C:\Users\Public, =::=::\, LOCALAPPDATA=C:\Users\gnanii\AppData\Local, COMMONPROGRAMFILES(X86)=C:\Program Files (x86)\Common Files, USERDOMAIN=INTHER, FPS_BROWSER_APP_PROFILE_STRING=Internet Explorer, LOGONSERVER=\\NL-DC01, JAVA_HOME=C:\Program Files\Java\jdk1.7.0_80, PROMPT=$P$G, PROGRAMFILES(X86)=C:\Program Files (x86), APPDATA=C:\Users\gnanii\AppData\Roaming, PROGRAMW6432=C:\Program Files, SYSTEMROOT=C:\WINDOWS, ORACLE_HOME=C:\oracle\product\11.2.0\dbhome_1, VBOX_MSI_INSTALL_PATH=C:\Program Files\Oracle\VirtualBox\, OS=Windows_NT, COMMONPROGRAMW6432=C:\Program Files\Common Files, COMPUTERNAME=LT-GNANII, COMMONPROGRAMFILES=C:\Program Files (x86)\Common Files, COMSPEC=C:\WINDOWS\system32\cmd.exe, PROCESSOR_REVISION=9e09, =D:=D:\personal\ACS\AccessControlSystem\project\AccessControlSystem-Server, TEMP=C:\Users\gnanii\AppData\Local\Temp, HOMEDRIVE=C:, USERPROFILE=C:\Users\gnanii, TMP=C:\Users\gnanii\AppData\Local\Temp, NUMBER_OF_PROCESSORS=8, POSTGRESQL_HOME=C:\Program Files\PostgreSQL\10}}]
23:09:21.332 [main] DEBUG org.springframework.test.context.support.TestPropertySourceUtils - Adding inlined properties to environment: {spring.jmx.enabled=false, org.springframework.boot.test.context.SpringBootTestContextBootstrapper=true, server.port=-1}
23:09:21.332 [main] DEBUG org.springframework.core.env.StandardEnvironment - Adding PropertySource 'Inlined Test Properties' with highest search precedence

  .   ____          _            __ _ _
 /\\ / ___'_ __ _ _(_)_ __  __ _ \ \ \ \
( ( )\___ | '_ | '_| | '_ \/ _` | \ \ \ \
 \\/  ___)| |_)| | | | | || (_| |  ) ) ) )
  '  |____| .__|_| |_|_| |_\__, | / / / /
 =========|_|==============|___/=/_/_/_/
 :: Spring Boot ::        (v2.0.5.RELEASE)

&amp#27;[30m2019-05-26 23:09:22,702&amp#27;[0;39m &amp#27;[34mINFO &amp#27;[0;39m [&amp#27;[34mmain&amp#27;[0;39m] &amp#27;[33morg.springframework.boot.StartupInfoLogger&amp#27;[0;39m: Starting AccessControlSystemApplicationTests on LT-GNANII with PID 18196 (started by gnanii in D:\personal\ACS\AccessControlSystem\project\AccessControlSystem-Server)
&amp#27;[30m2019-05-26 23:09:22,705&amp#27;[0;39m &amp#27;[34mINFO &amp#27;[0;39m [&amp#27;[34mmain&amp#27;[0;39m] &amp#27;[33morg.springframework.boot.SpringApplication&amp#27;[0;39m: No active profile set, falling back to default profiles: default
&amp#27;[30m2019-05-26 23:09:22,745&amp#27;[0;39m &amp#27;[34mINFO &amp#27;[0;39m [&amp#27;[34mmain&amp#27;[0;39m] &amp#27;[33morg.springframework.context.support.AbstractApplicationContext&amp#27;[0;39m: Refreshing org.springframework.web.context.support.GenericWebApplicationContext@886a5b: startup date [Sun May 26 23:09:22 EEST 2019]; root of context hierarchy
&amp#27;[30m2019-05-26 23:09:23,906&amp#27;[0;39m &amp#27;[34mINFO &amp#27;[0;39m [&amp#27;[34mmain&amp#27;[0;39m] &amp#27;[33morg.springframework.beans.factory.support.DefaultListableBeanFactory&amp#27;[0;39m: Overriding bean definition for bean 'typeResolver' with a different definition: replacing [Root bean: class [null]; scope=; abstract=false; lazyInit=false; autowireMode=3; dependencyCheck=0; autowireCandidate=true; primary=false; factoryBeanName=springfox.documentation.schema.configuration.ModelsConfiguration; factoryMethodName=typeResolver; initMethodName=null; destroyMethodName=(inferred); defined in class path resource [springfox/documentation/schema/configuration/ModelsConfiguration.class]] with [Root bean: class [null]; scope=; abstract=false; lazyInit=false; autowireMode=3; dependencyCheck=0; autowireCandidate=true; primary=false; factoryBeanName=swaggerConfig; factoryMethodName=typeResolver; initMethodName=null; destroyMethodName=(inferred); defined in class path resource [com/acs/configuration/swagger/SwaggerConfig.class]]
&amp#27;[30m2019-05-26 23:09:25,245&amp#27;[0;39m &amp#27;[34mINFO &amp#27;[0;39m [&amp#27;[34mmain&amp#27;[0;39m] &amp#27;[33morg.springframework.context.support.PostProcessorRegistrationDelegate$BeanPostProcessorChecker&amp#27;[0;39m: Bean 'org.springframework.transaction.annotation.ProxyTransactionManagementConfiguration' of type [org.springframework.transaction.annotation.ProxyTransactionManagementConfiguration$$EnhancerBySpringCGLIB$$a4aa0516] is not eligible for getting processed by all BeanPostProcessors (for example: not eligible for auto-proxying)
&amp#27;[30m2019-05-26 23:09:25,528&amp#27;[0;39m &amp#27;[34mINFO &amp#27;[0;39m [&amp#27;[34mmain&amp#27;[0;39m] &amp#27;[33morg.springframework.context.support.PostProcessorRegistrationDelegate$BeanPostProcessorChecker&amp#27;[0;39m: Bean 'org.springframework.hateoas.config.HateoasConfiguration' of type [org.springframework.hateoas.config.HateoasConfiguration$$EnhancerBySpringCGLIB$$242a5248] is not eligible for getting processed by all BeanPostProcessors (for example: not eligible for auto-proxying)
&amp#27;[30m2019-05-26 23:09:26,172&amp#27;[0;39m &amp#27;[34mINFO &amp#27;[0;39m [&amp#27;[34mmain&amp#27;[0;39m] &amp#27;[33mcom.zaxxer.hikari.HikariDataSource&amp#27;[0;39m: acs_db - Starting...
&amp#27;[30m2019-05-26 23:09:26,399&amp#27;[0;39m &amp#27;[34mINFO &amp#27;[0;39m [&amp#27;[34mmain&amp#27;[0;39m] &amp#27;[33mcom.zaxxer.hikari.HikariDataSource&amp#27;[0;39m: acs_db - Start completed.
&amp#27;[30m2019-05-26 23:09:26,665&amp#27;[0;39m &amp#27;[34mINFO &amp#27;[0;39m [&amp#27;[34mmain&amp#27;[0;39m] &amp#27;[33morg.springframework.boot.liquibase.CommonsLoggingLiquibaseLogger&amp#27;[0;39m: Successfully acquired change log lock
&amp#27;[30m2019-05-26 23:09:29,185&amp#27;[0;39m &amp#27;[34mINFO &amp#27;[0;39m [&amp#27;[34mmain&amp#27;[0;39m] &amp#27;[33morg.springframework.boot.liquibase.CommonsLoggingLiquibaseLogger&amp#27;[0;39m: Reading from acs.databasechangelog
&amp#27;[30m2019-05-26 23:09:29,223&amp#27;[0;39m &amp#27;[34mINFO &amp#27;[0;39m [&amp#27;[34mmain&amp#27;[0;39m] &amp#27;[33morg.springframework.boot.liquibase.CommonsLoggingLiquibaseLogger&amp#27;[0;39m: Successfully released change log lock
&amp#27;[30m2019-05-26 23:09:29,489&amp#27;[0;39m &amp#27;[34mINFO &amp#27;[0;39m [&amp#27;[34mmain&amp#27;[0;39m] &amp#27;[33morg.springframework.orm.jpa.LocalContainerEntityManagerFactoryBean&amp#27;[0;39m: Building JPA container EntityManagerFactory for persistence unit 'default'
&amp#27;[30m2019-05-26 23:09:29,522&amp#27;[0;39m &amp#27;[34mINFO &amp#27;[0;39m [&amp#27;[34mmain&amp#27;[0;39m] &amp#27;[33morg.hibernate.jpa.internal.util.LogHelper&amp#27;[0;39m: HHH000204: Processing PersistenceUnitInfo [
	name: default
	...]
&amp#27;[30m2019-05-26 23:09:29,649&amp#27;[0;39m &amp#27;[34mINFO &amp#27;[0;39m [&amp#27;[34mmain&amp#27;[0;39m] &amp#27;[33morg.hibernate.Version&amp#27;[0;39m: HHH000412: Hibernate Core {5.2.17.Final}
&amp#27;[30m2019-05-26 23:09:29,651&amp#27;[0;39m &amp#27;[34mINFO &amp#27;[0;39m [&amp#27;[34mmain&amp#27;[0;39m] &amp#27;[33morg.hibernate.cfg.Environment&amp#27;[0;39m: HHH000206: hibernate.properties not found
&amp#27;[30m2019-05-26 23:09:29,895&amp#27;[0;39m &amp#27;[34mINFO &amp#27;[0;39m [&amp#27;[34mmain&amp#27;[0;39m] &amp#27;[33morg.hibernate.annotations.common.reflection.java.JavaReflectionManager&amp#27;[0;39m: HCANN000001: Hibernate Commons Annotations {5.0.1.Final}
&amp#27;[30m2019-05-26 23:09:30,232&amp#27;[0;39m &amp#27;[34mINFO &amp#27;[0;39m [&amp#27;[34mmain&amp#27;[0;39m] &amp#27;[33morg.hibernate.dialect.Dialect&amp#27;[0;39m: HHH000400: Using dialect: org.hibernate.dialect.PostgreSQLDialect
&amp#27;[30m2019-05-26 23:09:30,264&amp#27;[0;39m &amp#27;[34mINFO &amp#27;[0;39m [&amp#27;[34mmain&amp#27;[0;39m] &amp#27;[33morg.hibernate.engine.jdbc.env.internal.LobCreatorBuilderImpl&amp#27;[0;39m: HHH000422: Disabling contextual LOB creation as connection was null
&amp#27;[30m2019-05-26 23:09:30,268&amp#27;[0;39m &amp#27;[34mINFO &amp#27;[0;39m [&amp#27;[34mmain&amp#27;[0;39m] &amp#27;[33morg.hibernate.type.BasicTypeRegistry&amp#27;[0;39m: HHH000270: Type registration [java.util.UUID] overrides previous : org.hibernate.type.UUIDBinaryType@1dbf8d3
&amp#27;[30m2019-05-26 23:09:31,182&amp#27;[0;39m &amp#27;[34mINFO &amp#27;[0;39m [&amp#27;[34mmain&amp#27;[0;39m] &amp#27;[33morg.hibernate.tuple.PojoInstantiator&amp#27;[0;39m: HHH000182: No default (no-argument) constructor for class: com.acs.model.RequestAccessNotification (class must be instantiated by Interceptor)
&amp#27;[30m2019-05-26 23:09:31,544&amp#27;[0;39m &amp#27;[34mINFO &amp#27;[0;39m [&amp#27;[34mmain&amp#27;[0;39m] &amp#27;[33morg.springframework.orm.jpa.AbstractEntityManagerFactoryBean&amp#27;[0;39m: Initialized JPA EntityManagerFactory for persistence unit 'default'
&amp#27;[30m2019-05-26 23:09:32,294&amp#27;[0;39m &amp#27;[34mINFO &amp#27;[0;39m [&amp#27;[34mmain&amp#27;[0;39m] &amp#27;[33morg.hibernate.hql.internal.QueryTranslatorFactoryInitiator&amp#27;[0;39m: HHH000397: Using ASTQueryTranslatorFactory
&amp#27;[30m2019-05-26 23:09:34,752&amp#27;[0;39m &amp#27;[34mINFO &amp#27;[0;39m [&amp#27;[34mmain&amp#27;[0;39m] &amp#27;[33morg.springframework.web.servlet.handler.AbstractHandlerMethodMapping$MappingRegistry&amp#27;[0;39m: Mapped "{[/user/api/v1/action/list/],methods=[GET]}" onto public java.util.List<com.acs.dto.ActionDTO> com.acs.rest.ActionController.list()
&amp#27;[30m2019-05-26 23:09:34,755&amp#27;[0;39m &amp#27;[34mINFO &amp#27;[0;39m [&amp#27;[34mmain&amp#27;[0;39m] &amp#27;[33morg.springframework.web.servlet.handler.AbstractHandlerMethodMapping$MappingRegistry&amp#27;[0;39m: Mapped "{[/administrator/api/v1/action/{id}],methods=[DELETE]}" onto public org.springframework.http.ResponseEntity com.acs.rest.ActionController.deleteAction(java.lang.Integer)
&amp#27;[30m2019-05-26 23:09:34,758&amp#27;[0;39m &amp#27;[34mINFO &amp#27;[0;39m [&amp#27;[34mmain&amp#27;[0;39m] &amp#27;[33morg.springframework.web.servlet.handler.AbstractHandlerMethodMapping$MappingRegistry&amp#27;[0;39m: Mapped "{[/user/api/v1/action],methods=[POST],consumes=[application/json]}" onto public org.springframework.http.ResponseEntity com.acs.rest.ActionController.createAction(com.acs.model.Action)
&amp#27;[30m2019-05-26 23:09:34,759&amp#27;[0;39m &amp#27;[34mINFO &amp#27;[0;39m [&amp#27;[34mmain&amp#27;[0;39m] &amp#27;[33morg.springframework.web.servlet.handler.AbstractHandlerMethodMapping$MappingRegistry&amp#27;[0;39m: Mapped "{[/administrator/api/v1/action/{id}],methods=[PUT],consumes=[application/json]}" onto public org.springframework.http.ResponseEntity com.acs.rest.ActionController.updateAction(java.lang.Integer,com.acs.model.Action)
&amp#27;[30m2019-05-26 23:09:34,762&amp#27;[0;39m &amp#27;[34mINFO &amp#27;[0;39m [&amp#27;[34mmain&amp#27;[0;39m] &amp#27;[33morg.springframework.web.servlet.handler.AbstractHandlerMethodMapping$MappingRegistry&amp#27;[0;39m: Mapped "{[/user/api/v1/doorlock/list/],methods=[GET]}" onto public java.util.List<com.acs.model.DoorLock> com.acs.rest.DoorLockController.list()
&amp#27;[30m2019-05-26 23:09:34,763&amp#27;[0;39m &amp#27;[34mINFO &amp#27;[0;39m [&amp#27;[34mmain&amp#27;[0;39m] &amp#27;[33morg.springframework.web.servlet.handler.AbstractHandlerMethodMapping$MappingRegistry&amp#27;[0;39m: Mapped "{[/administrator/api/v1/doorlock],methods=[POST],consumes=[application/json]}" onto public org.springframework.http.ResponseEntity com.acs.rest.DoorLockController.createDoorLock(com.acs.model.DoorLock)
&amp#27;[30m2019-05-26 23:09:34,765&amp#27;[0;39m &amp#27;[34mINFO &amp#27;[0;39m [&amp#27;[34mmain&amp#27;[0;39m] &amp#27;[33morg.springframework.web.servlet.handler.AbstractHandlerMethodMapping$MappingRegistry&amp#27;[0;39m: Mapped "{[/administrator/api/v1/doorlock/{id}],methods=[DELETE]}" onto public org.springframework.http.ResponseEntity com.acs.rest.DoorLockController.createDoorLock(java.lang.Integer)
&amp#27;[30m2019-05-26 23:09:34,765&amp#27;[0;39m &amp#27;[34mINFO &amp#27;[0;39m [&amp#27;[34mmain&amp#27;[0;39m] &amp#27;[33morg.springframework.web.servlet.handler.AbstractHandlerMethodMapping$MappingRegistry&amp#27;[0;39m: Mapped "{[/administrator/api/v1/doorlock/{id}],methods=[PUT],consumes=[application/json]}" onto public org.springframework.http.ResponseEntity com.acs.rest.DoorLockController.updateDoorLock(java.lang.Integer,com.acs.model.DoorLock)
&amp#27;[30m2019-05-26 23:09:34,766&amp#27;[0;39m &amp#27;[34mINFO &amp#27;[0;39m [&amp#27;[34mmain&amp#27;[0;39m] &amp#27;[33morg.springframework.web.servlet.handler.AbstractHandlerMethodMapping$MappingRegistry&amp#27;[0;39m: Mapped "{[/administrator/api/v1/officeroom/inaccesible_doorLocks/{employee_id}/{room_id}/],methods=[GET]}" onto public java.util.List<com.acs.dto.DoorLockDTO> com.acs.rest.DoorLockController.getInnaccessibleDoorLocks(java.lang.Integer,java.lang.Integer)
&amp#27;[30m2019-05-26 23:09:34,771&amp#27;[0;39m &amp#27;[34mINFO &amp#27;[0;39m [&amp#27;[34mmain&amp#27;[0;39m] &amp#27;[33morg.springframework.web.servlet.handler.AbstractHandlerMethodMapping$MappingRegistry&amp#27;[0;39m: Mapped "{[/administrator/api/v1/employee/list/],methods=[GET]}" onto public java.util.List<com.acs.dto.UserDTO> com.acs.rest.EmployeeController.list()
&amp#27;[30m2019-05-26 23:09:34,772&amp#27;[0;39m &amp#27;[34mINFO &amp#27;[0;39m [&amp#27;[34mmain&amp#27;[0;39m] &amp#27;[33morg.springframework.web.servlet.handler.AbstractHandlerMethodMapping$MappingRegistry&amp#27;[0;39m: Mapped "{[/user/api/v1/employee/request_access/{employee_id}/{room_id}],methods=[POST]}" onto public org.springframework.http.ResponseEntity com.acs.rest.EmployeeController.requestAccess(java.lang.Integer,java.lang.Integer)
&amp#27;[30m2019-05-26 23:09:34,773&amp#27;[0;39m &amp#27;[34mINFO &amp#27;[0;39m [&amp#27;[34mmain&amp#27;[0;39m] &amp#27;[33morg.springframework.web.servlet.handler.AbstractHandlerMethodMapping$MappingRegistry&amp#27;[0;39m: Mapped "{[/administrator/api/v1/employee/{id}],methods=[PUT],consumes=[application/json]}" onto public org.springframework.http.ResponseEntity com.acs.rest.EmployeeController.updateEmployee(java.lang.Integer,com.acs.model.Employee)
&amp#27;[30m2019-05-26 23:09:34,774&amp#27;[0;39m &amp#27;[34mINFO &amp#27;[0;39m [&amp#27;[34mmain&amp#27;[0;39m] &amp#27;[33morg.springframework.web.servlet.handler.AbstractHandlerMethodMapping$MappingRegistry&amp#27;[0;39m: Mapped "{[/administrator/api/v1/employee/isValid/{username}/],methods=[GET],consumes=[application/json]}" onto public boolean com.acs.rest.EmployeeController.createEmployee(java.lang.String)
&amp#27;[30m2019-05-26 23:09:34,774&amp#27;[0;39m &amp#27;[34mINFO &amp#27;[0;39m [&amp#27;[34mmain&amp#27;[0;39m] &amp#27;[33morg.springframework.web.servlet.handler.AbstractHandlerMethodMapping$MappingRegistry&amp#27;[0;39m: Mapped "{[/administrator/api/v1/employee/remove/{id}],methods=[POST]}" onto public org.springframework.http.ResponseEntity com.acs.rest.EmployeeController.createEmployee(java.lang.Integer)
&amp#27;[30m2019-05-26 23:09:34,775&amp#27;[0;39m &amp#27;[34mINFO &amp#27;[0;39m [&amp#27;[34mmain&amp#27;[0;39m] &amp#27;[33morg.springframework.web.servlet.handler.AbstractHandlerMethodMapping$MappingRegistry&amp#27;[0;39m: Mapped "{[/administrator/api/v1/employee],methods=[POST],consumes=[application/json]}" onto public org.springframework.http.ResponseEntity com.acs.rest.EmployeeController.createEmployee(com.acs.dto.UserDTO)
&amp#27;[30m2019-05-26 23:09:34,775&amp#27;[0;39m &amp#27;[34mINFO &amp#27;[0;39m [&amp#27;[34mmain&amp#27;[0;39m] &amp#27;[33morg.springframework.web.servlet.handler.AbstractHandlerMethodMapping$MappingRegistry&amp#27;[0;39m: Mapped "{[/administrator/api/v1/employee/give_access/{employee_id}/{doorLock_id}],methods=[POST]}" onto public org.springframework.http.ResponseEntity com.acs.rest.EmployeeController.giveAccess(java.lang.Integer,java.lang.Integer)
&amp#27;[30m2019-05-26 23:09:34,776&amp#27;[0;39m &amp#27;[34mINFO &amp#27;[0;39m [&amp#27;[34mmain&amp#27;[0;39m] &amp#27;[33morg.springframework.web.servlet.handler.AbstractHandlerMethodMapping$MappingRegistry&amp#27;[0;39m: Mapped "{[/administrator/api/v1/employee/list/access],methods=[GET]}" onto public java.util.List<com.acs.dto.AccessDTO> com.acs.rest.EmployeeController.listOfAccess()
&amp#27;[30m2019-05-26 23:09:34,776&amp#27;[0;39m &amp#27;[34mINFO &amp#27;[0;39m [&amp#27;[34mmain&amp#27;[0;39m] &amp#27;[33morg.springframework.web.servlet.handler.AbstractHandlerMethodMapping$MappingRegistry&amp#27;[0;39m: Mapped "{[/administrator/api/v1/employee/remove_access/{employee_id}/{doorLock_id}],methods=[POST]}" onto public org.springframework.http.ResponseEntity com.acs.rest.EmployeeController.removeAccess(java.lang.Integer,java.lang.Integer)
&amp#27;[30m2019-05-26 23:09:34,778&amp#27;[0;39m &amp#27;[34mINFO &amp#27;[0;39m [&amp#27;[34mmain&amp#27;[0;39m] &amp#27;[33morg.springframework.web.servlet.handler.AbstractHandlerMethodMapping$MappingRegistry&amp#27;[0;39m: Mapped "{[/user/api/v1/key/list/],methods=[GET]}" onto public java.util.List<com.acs.model.Key> com.acs.rest.KeyController.list()
&amp#27;[30m2019-05-26 23:09:34,778&amp#27;[0;39m &amp#27;[34mINFO &amp#27;[0;39m [&amp#27;[34mmain&amp#27;[0;39m] &amp#27;[33morg.springframework.web.servlet.handler.AbstractHandlerMethodMapping$MappingRegistry&amp#27;[0;39m: Mapped "{[/user/api/v1/key/{id}],methods=[DELETE]}" onto public org.springframework.http.ResponseEntity com.acs.rest.KeyController.createKey(java.lang.Integer)
&amp#27;[30m2019-05-26 23:09:34,778&amp#27;[0;39m &amp#27;[34mINFO &amp#27;[0;39m [&amp#27;[34mmain&amp#27;[0;39m] &amp#27;[33morg.springframework.web.servlet.handler.AbstractHandlerMethodMapping$MappingRegistry&amp#27;[0;39m: Mapped "{[/user/api/v1/key/],methods=[POST],consumes=[application/json]}" onto public org.springframework.http.ResponseEntity com.acs.rest.KeyController.createKey(com.acs.model.Key)
&amp#27;[30m2019-05-26 23:09:34,779&amp#27;[0;39m &amp#27;[34mINFO &amp#27;[0;39m [&amp#27;[34mmain&amp#27;[0;39m] &amp#27;[33morg.springframework.web.servlet.handler.AbstractHandlerMethodMapping$MappingRegistry&amp#27;[0;39m: Mapped "{[/user/api/v1/key/{id}],methods=[PUT],consumes=[application/json]}" onto public org.springframework.http.ResponseEntity com.acs.rest.KeyController.updateKey(java.lang.Integer,com.acs.model.Key)
&amp#27;[30m2019-05-26 23:09:34,780&amp#27;[0;39m &amp#27;[34mINFO &amp#27;[0;39m [&amp#27;[34mmain&amp#27;[0;39m] &amp#27;[33morg.springframework.web.servlet.handler.AbstractHandlerMethodMapping$MappingRegistry&amp#27;[0;39m: Mapped "{[/user/api/v1/officeroom/list/],methods=[GET]}" onto public java.util.List<com.acs.dto.RoomDTO> com.acs.rest.OfficeRoomController.list()
&amp#27;[30m2019-05-26 23:09:34,781&amp#27;[0;39m &amp#27;[34mINFO &amp#27;[0;39m [&amp#27;[34mmain&amp#27;[0;39m] &amp#27;[33morg.springframework.web.servlet.handler.AbstractHandlerMethodMapping$MappingRegistry&amp#27;[0;39m: Mapped "{[/user/api/v1/officeroom/accessible_rooms/{employee_id}/],methods=[GET]}" onto public java.util.List<com.acs.dto.RoomDTO> com.acs.rest.OfficeRoomController.getAccessibleRooms(java.lang.Integer)
&amp#27;[30m2019-05-26 23:09:34,781&amp#27;[0;39m &amp#27;[34mINFO &amp#27;[0;39m [&amp#27;[34mmain&amp#27;[0;39m] &amp#27;[33morg.springframework.web.servlet.handler.AbstractHandlerMethodMapping$MappingRegistry&amp#27;[0;39m: Mapped "{[/user/api/v1/officeroom/inaccesible_rooms/{employee_id}/],methods=[GET]}" onto public java.util.List<com.acs.dto.RoomDTO> com.acs.rest.OfficeRoomController.getInnaccessibleRooms(java.lang.Integer)
&amp#27;[30m2019-05-26 23:09:34,782&amp#27;[0;39m &amp#27;[34mINFO &amp#27;[0;39m [&amp#27;[34mmain&amp#27;[0;39m] &amp#27;[33morg.springframework.web.servlet.handler.AbstractHandlerMethodMapping$MappingRegistry&amp#27;[0;39m: Mapped "{[/administrator/api/v1/officeroom/{room_name}/{door_name}/],methods=[POST],consumes=[application/json]}" onto public org.springframework.http.ResponseEntity com.acs.rest.OfficeRoomController.createOfficeRoom(java.lang.String,java.lang.String)
&amp#27;[30m2019-05-26 23:09:34,782&amp#27;[0;39m &amp#27;[34mINFO &amp#27;[0;39m [&amp#27;[34mmain&amp#27;[0;39m] &amp#27;[33morg.springframework.web.servlet.handler.AbstractHandlerMethodMapping$MappingRegistry&amp#27;[0;39m: Mapped "{[/administrator/api/v1/officeroom/delete/{id}],methods=[POST]}" onto public org.springframework.http.ResponseEntity com.acs.rest.OfficeRoomController.deleteOfficeRoom(java.lang.Integer)
&amp#27;[30m2019-05-26 23:09:34,783&amp#27;[0;39m &amp#27;[34mINFO &amp#27;[0;39m [&amp#27;[34mmain&amp#27;[0;39m] &amp#27;[33morg.springframework.web.servlet.handler.AbstractHandlerMethodMapping$MappingRegistry&amp#27;[0;39m: Mapped "{[/administrator/api/v1/officeroom/{id}],methods=[PUT],consumes=[application/json]}" onto public org.springframework.http.ResponseEntity com.acs.rest.OfficeRoomController.updateOfficeRoom(java.lang.Integer,com.acs.model.OfficeRoom)
&amp#27;[30m2019-05-26 23:09:34,784&amp#27;[0;39m &amp#27;[34mINFO &amp#27;[0;39m [&amp#27;[34mmain&amp#27;[0;39m] &amp#27;[33morg.springframework.web.servlet.handler.AbstractHandlerMethodMapping$MappingRegistry&amp#27;[0;39m: Mapped "{[/administrator/api/v1/scanner/list/],methods=[GET]}" onto public java.util.List<com.acs.dto.ScannerDTO> com.acs.rest.ScannerController.list()
&amp#27;[30m2019-05-26 23:09:34,785&amp#27;[0;39m &amp#27;[34mINFO &amp#27;[0;39m [&amp#27;[34mmain&amp#27;[0;39m] &amp#27;[33morg.springframework.web.servlet.handler.AbstractHandlerMethodMapping$MappingRegistry&amp#27;[0;39m: Mapped "{[/administrator/api/v1/scanner/switchMode/scanning/hard/{scannerId}],methods=[POST]}" onto public void com.acs.rest.ScannerController.swithToScannignMode(java.lang.String)
&amp#27;[30m2019-05-26 23:09:34,785&amp#27;[0;39m &amp#27;[34mINFO &amp#27;[0;39m [&amp#27;[34mmain&amp#27;[0;39m] &amp#27;[33morg.springframework.web.servlet.handler.AbstractHandlerMethodMapping$MappingRegistry&amp#27;[0;39m: Mapped "{[/administrator/api/v1/scanner/switchMode/registration/{scannerId}],methods=[POST]}" onto public void com.acs.rest.ScannerController.swithToRegistration(java.lang.String)
&amp#27;[30m2019-05-26 23:09:34,786&amp#27;[0;39m &amp#27;[34mINFO &amp#27;[0;39m [&amp#27;[34mmain&amp#27;[0;39m] &amp#27;[33morg.springframework.web.servlet.handler.AbstractHandlerMethodMapping$MappingRegistry&amp#27;[0;39m: Mapped "{[/administrator/api/v1/scanner/waitForScan],methods=[POST]}" onto public org.springframework.http.ResponseEntity<java.lang.String> com.acs.rest.ScannerController.waitForScan()
&amp#27;[30m2019-05-26 23:09:34,786&amp#27;[0;39m &amp#27;[34mINFO &amp#27;[0;39m [&amp#27;[34mmain&amp#27;[0;39m] &amp#27;[33morg.springframework.web.servlet.handler.AbstractHandlerMethodMapping$MappingRegistry&amp#27;[0;39m: Mapped "{[/administrator/api/v1/scanner/list/byType/{id}],methods=[GET]}" onto public java.util.List<com.acs.dto.ScannerDTO> com.acs.rest.ScannerController.listByType(java.lang.Integer)
&amp#27;[30m2019-05-26 23:09:34,787&amp#27;[0;39m &amp#27;[34mINFO &amp#27;[0;39m [&amp#27;[34mmain&amp#27;[0;39m] &amp#27;[33morg.springframework.web.servlet.handler.AbstractHandlerMethodMapping$MappingRegistry&amp#27;[0;39m: Mapped "{[/administrator/api/v1/scanner/switchMode/scanning/{scannerId}],methods=[POST]}" onto public org.springframework.http.ResponseEntity com.acs.rest.ScannerController.switchToScanning(java.lang.String)
&amp#27;[30m2019-05-26 23:09:34,788&amp#27;[0;39m &amp#27;[34mINFO &amp#27;[0;39m [&amp#27;[34mmain&amp#27;[0;39m] &amp#27;[33morg.springframework.web.servlet.handler.AbstractHandlerMethodMapping$MappingRegistry&amp#27;[0;39m: Mapped "{[/users/validateToken],methods=[GET]}" onto public org.springframework.http.ResponseEntity com.acs.rest.UserController.validateToken()
&amp#27;[30m2019-05-26 23:09:34,789&amp#27;[0;39m &amp#27;[34mINFO &amp#27;[0;39m [&amp#27;[34mmain&amp#27;[0;39m] &amp#27;[33morg.springframework.web.servlet.handler.AbstractHandlerMethodMapping$MappingRegistry&amp#27;[0;39m: Mapped "{[/users/sign-up],methods=[POST]}" onto public org.springframework.http.ResponseEntity com.acs.rest.UserController.signUp(com.acs.model.ApplicationUser)
&amp#27;[30m2019-05-26 23:09:34,790&amp#27;[0;39m &amp#27;[34mINFO &amp#27;[0;39m [&amp#27;[34mmain&amp#27;[0;39m] &amp#27;[33morg.springframework.web.servlet.handler.AbstractHandlerMethodMapping$MappingRegistry&amp#27;[0;39m: Mapped "{[/v2/api-docs],methods=[GET],produces=[application/json || application/hal+json]}" onto public org.springframework.http.ResponseEntity<springfox.documentation.spring.web.json.Json> springfox.documentation.swagger2.web.Swagger2Controller.getDocumentation(java.lang.String,javax.servlet.http.HttpServletRequest)
&amp#27;[30m2019-05-26 23:09:34,793&amp#27;[0;39m &amp#27;[34mINFO &amp#27;[0;39m [&amp#27;[34mmain&amp#27;[0;39m] &amp#27;[33morg.springframework.web.servlet.handler.AbstractHandlerMethodMapping$MappingRegistry&amp#27;[0;39m: Mapped "{[/swagger-resources/configuration/ui]}" onto org.springframework.http.ResponseEntity<springfox.documentation.swagger.web.UiConfiguration> springfox.documentation.swagger.web.ApiResourceController.uiConfiguration()
&amp#27;[30m2019-05-26 23:09:34,794&amp#27;[0;39m &amp#27;[34mINFO &amp#27;[0;39m [&amp#27;[34mmain&amp#27;[0;39m] &amp#27;[33morg.springframework.web.servlet.handler.AbstractHandlerMethodMapping$MappingRegistry&amp#27;[0;39m: Mapped "{[/swagger-resources]}" onto org.springframework.http.ResponseEntity<java.util.List<springfox.documentation.swagger.web.SwaggerResource>> springfox.documentation.swagger.web.ApiResourceController.swaggerResources()
&amp#27;[30m2019-05-26 23:09:34,795&amp#27;[0;39m &amp#27;[34mINFO &amp#27;[0;39m [&amp#27;[34mmain&amp#27;[0;39m] &amp#27;[33morg.springframework.web.servlet.handler.AbstractHandlerMethodMapping$MappingRegistry&amp#27;[0;39m: Mapped "{[/swagger-resources/configuration/security]}" onto org.springframework.http.ResponseEntity<springfox.documentation.swagger.web.SecurityConfiguration> springfox.documentation.swagger.web.ApiResourceController.securityConfiguration()
&amp#27;[30m2019-05-26 23:09:34,799&amp#27;[0;39m &amp#27;[34mINFO &amp#27;[0;39m [&amp#27;[34mmain&amp#27;[0;39m] &amp#27;[33morg.springframework.web.servlet.handler.AbstractHandlerMethodMapping$MappingRegistry&amp#27;[0;39m: Mapped "{[/error]}" onto public org.springframework.http.ResponseEntity<java.util.Map<java.lang.String, java.lang.Object>> org.springframework.boot.autoconfigure.web.servlet.error.BasicErrorController.error(javax.servlet.http.HttpServletRequest)
&amp#27;[30m2019-05-26 23:09:34,800&amp#27;[0;39m &amp#27;[34mINFO &amp#27;[0;39m [&amp#27;[34mmain&amp#27;[0;39m] &amp#27;[33morg.springframework.web.servlet.handler.AbstractHandlerMethodMapping$MappingRegistry&amp#27;[0;39m: Mapped "{[/error],produces=[text/html]}" onto public org.springframework.web.servlet.ModelAndView org.springframework.boot.autoconfigure.web.servlet.error.BasicErrorController.errorHtml(javax.servlet.http.HttpServletRequest,javax.servlet.http.HttpServletResponse)
&amp#27;[30m2019-05-26 23:09:36,573&amp#27;[0;39m &amp#27;[34mINFO &amp#27;[0;39m [&amp#27;[34mmain&amp#27;[0;39m] &amp#27;[33morg.springframework.security.web.DefaultSecurityFilterChain&amp#27;[0;39m: Creating filter chain: org.springframework.security.web.util.matcher.AnyRequestMatcher@1, [org.springframework.security.web.context.request.async.WebAsyncManagerIntegrationFilter@1502b1c, org.springframework.security.web.context.SecurityContextPersistenceFilter@fc464f, org.springframework.security.web.header.HeaderWriterFilter@1201002, org.springframework.web.filter.CorsFilter@1abe7c8, org.springframework.security.web.authentication.logout.LogoutFilter@f8a37b, com.acs.configuration.security.JWTAuthenticationFilter@427386, com.acs.configuration.security.JWTAuthorizationFilter@1c622d, org.springframework.security.web.savedrequest.RequestCacheAwareFilter@669b5c, org.springframework.security.web.servletapi.SecurityContextHolderAwareRequestFilter@1e8a92c, org.springframework.security.web.authentication.AnonymousAuthenticationFilter@b0b7f9, org.springframework.security.web.session.SessionManagementFilter@ad7167, org.springframework.security.web.access.ExceptionTranslationFilter@845f1c, org.springframework.security.web.access.intercept.FilterSecurityInterceptor@a7d1b9]
&amp#27;[30m2019-05-26 23:09:36,681&amp#27;[0;39m &amp#27;[34mINFO &amp#27;[0;39m [&amp#27;[34mmain&amp#27;[0;39m] &amp#27;[33morg.springframework.web.servlet.handler.AbstractUrlHandlerMapping&amp#27;[0;39m: Mapped URL path [/swagger-ui.html] onto handler of type [class org.springframework.web.servlet.resource.ResourceHttpRequestHandler]
&amp#27;[30m2019-05-26 23:09:36,681&amp#27;[0;39m &amp#27;[34mINFO &amp#27;[0;39m [&amp#27;[34mmain&amp#27;[0;39m] &amp#27;[33morg.springframework.web.servlet.handler.AbstractUrlHandlerMapping&amp#27;[0;39m: Mapped URL path [/webjars/**] onto handler of type [class org.springframework.web.servlet.resource.ResourceHttpRequestHandler]
&amp#27;[30m2019-05-26 23:09:36,757&amp#27;[0;39m &amp#27;[34mINFO &amp#27;[0;39m [&amp#27;[34mmain&amp#27;[0;39m] &amp#27;[33morg.springframework.web.servlet.mvc.method.annotation.RequestMappingHandlerAdapter&amp#27;[0;39m: Looking for @ControllerAdvice: org.springframework.web.context.support.GenericWebApplicationContext@886a5b: startup date [Sun May 26 23:09:22 EEST 2019]; root of context hierarchy
&amp#27;[30m2019-05-26 23:09:37,020&amp#27;[0;39m &amp#27;[34mINFO &amp#27;[0;39m [&amp#27;[34mmain&amp#27;[0;39m] &amp#27;[33morg.springframework.web.servlet.mvc.method.annotation.ExceptionHandlerExceptionResolver&amp#27;[0;39m: Detected @ExceptionHandler methods in repositoryRestExceptionHandler
&amp#27;[30m2019-05-26 23:09:37,613&amp#27;[0;39m &amp#27;[31mWARN &amp#27;[0;39m [&amp#27;[34mmain&amp#27;[0;39m] &amp#27;[33morg.springframework.boot.autoconfigure.orm.jpa.JpaBaseConfiguration$JpaWebConfiguration$JpaWebMvcConfiguration&amp#27;[0;39m: spring.jpa.open-in-view is enabled by default. Therefore, database queries may be performed during view rendering. Explicitly configure spring.jpa.open-in-view to disable this warning
&amp#27;[30m2019-05-26 23:09:38,207&amp#27;[0;39m &amp#27;[34mINFO &amp#27;[0;39m [&amp#27;[34mmain&amp#27;[0;39m] &amp#27;[33morg.springframework.web.servlet.mvc.method.annotation.RequestMappingHandlerAdapter&amp#27;[0;39m: Looking for @ControllerAdvice: org.springframework.web.context.support.GenericWebApplicationContext@886a5b: startup date [Sun May 26 23:09:22 EEST 2019]; root of context hierarchy
&amp#27;[30m2019-05-26 23:09:38,234&amp#27;[0;39m &amp#27;[34mINFO &amp#27;[0;39m [&amp#27;[34mmain&amp#27;[0;39m] &amp#27;[33morg.springframework.web.servlet.handler.AbstractHandlerMethodMapping$MappingRegistry&amp#27;[0;39m: Mapped "{[/{repository}/{id}],methods=[PATCH],produces=[application/hal+json || application/json]}" onto public org.springframework.http.ResponseEntity<org.springframework.hateoas.ResourceSupport> org.springframework.data.rest.webmvc.RepositoryEntityController.patchItemResource(org.springframework.data.rest.webmvc.RootResourceInformation,org.springframework.data.rest.webmvc.PersistentEntityResource,java.io.Serializable,org.springframework.data.rest.webmvc.PersistentEntityResourceAssembler,org.springframework.data.rest.webmvc.support.ETag,java.lang.String) throws org.springframework.web.HttpRequestMethodNotSupportedException,org.springframework.data.rest.webmvc.ResourceNotFoundException
&amp#27;[30m2019-05-26 23:09:38,235&amp#27;[0;39m &amp#27;[34mINFO &amp#27;[0;39m [&amp#27;[34mmain&amp#27;[0;39m] &amp#27;[33morg.springframework.web.servlet.handler.AbstractHandlerMethodMapping$MappingRegistry&amp#27;[0;39m: Mapped "{[/{repository}/{id}],methods=[HEAD],produces=[application/hal+json || application/json]}" onto public org.springframework.http.ResponseEntity<?> org.springframework.data.rest.webmvc.RepositoryEntityController.headForItemResource(org.springframework.data.rest.webmvc.RootResourceInformation,java.io.Serializable,org.springframework.data.rest.webmvc.PersistentEntityResourceAssembler) throws org.springframework.web.HttpRequestMethodNotSupportedException
&amp#27;[30m2019-05-26 23:09:38,235&amp#27;[0;39m &amp#27;[34mINFO &amp#27;[0;39m [&amp#27;[34mmain&amp#27;[0;39m] &amp#27;[33morg.springframework.web.servlet.handler.AbstractHandlerMethodMapping$MappingRegistry&amp#27;[0;39m: Mapped "{[/{repository}/{id}],methods=[DELETE],produces=[application/hal+json || application/json]}" onto public org.springframework.http.ResponseEntity<?> org.springframework.data.rest.webmvc.RepositoryEntityController.deleteItemResource(org.springframework.data.rest.webmvc.RootResourceInformation,java.io.Serializable,org.springframework.data.rest.webmvc.support.ETag) throws org.springframework.data.rest.webmvc.ResourceNotFoundException,org.springframework.web.HttpRequestMethodNotSupportedException
&amp#27;[30m2019-05-26 23:09:38,236&amp#27;[0;39m &amp#27;[34mINFO &amp#27;[0;39m [&amp#27;[34mmain&amp#27;[0;39m] &amp#27;[33morg.springframework.web.servlet.handler.AbstractHandlerMethodMapping$MappingRegistry&amp#27;[0;39m: Mapped "{[/{repository}],methods=[HEAD],produces=[application/hal+json || application/json]}" onto public org.springframework.http.ResponseEntity<?> org.springframework.data.rest.webmvc.RepositoryEntityController.headCollectionResource(org.springframework.data.rest.webmvc.RootResourceInformation,org.springframework.data.rest.webmvc.support.DefaultedPageable) throws org.springframework.web.HttpRequestMethodNotSupportedException
&amp#27;[30m2019-05-26 23:09:38,236&amp#27;[0;39m &amp#27;[34mINFO &amp#27;[0;39m [&amp#27;[34mmain&amp#27;[0;39m] &amp#27;[33morg.springframework.web.servlet.handler.AbstractHandlerMethodMapping$MappingRegistry&amp#27;[0;39m: Mapped "{[/{repository}],methods=[POST],produces=[application/hal+json || application/json]}" onto public org.springframework.http.ResponseEntity<org.springframework.hateoas.ResourceSupport> org.springframework.data.rest.webmvc.RepositoryEntityController.postCollectionResource(org.springframework.data.rest.webmvc.RootResourceInformation,org.springframework.data.rest.webmvc.PersistentEntityResource,org.springframework.data.rest.webmvc.PersistentEntityResourceAssembler,java.lang.String) throws org.springframework.web.HttpRequestMethodNotSupportedException
&amp#27;[30m2019-05-26 23:09:38,237&amp#27;[0;39m &amp#27;[34mINFO &amp#27;[0;39m [&amp#27;[34mmain&amp#27;[0;39m] &amp#27;[33morg.springframework.web.servlet.handler.AbstractHandlerMethodMapping$MappingRegistry&amp#27;[0;39m: Mapped "{[/{repository}/{id}],methods=[OPTIONS],produces=[application/hal+json || application/json]}" onto public org.springframework.http.ResponseEntity<?> org.springframework.data.rest.webmvc.RepositoryEntityController.optionsForItemResource(org.springframework.data.rest.webmvc.RootResourceInformation)
&amp#27;[30m2019-05-26 23:09:38,237&amp#27;[0;39m &amp#27;[34mINFO &amp#27;[0;39m [&amp#27;[34mmain&amp#27;[0;39m] &amp#27;[33morg.springframework.web.servlet.handler.AbstractHandlerMethodMapping$MappingRegistry&amp#27;[0;39m: Mapped "{[/{repository}],methods=[GET],produces=[application/hal+json || application/json]}" onto public org.springframework.hateoas.Resources<?> org.springframework.data.rest.webmvc.RepositoryEntityController.getCollectionResource(org.springframework.data.rest.webmvc.RootResourceInformation,org.springframework.data.rest.webmvc.support.DefaultedPageable,org.springframework.data.domain.Sort,org.springframework.data.rest.webmvc.PersistentEntityResourceAssembler) throws org.springframework.data.rest.webmvc.ResourceNotFoundException,org.springframework.web.HttpRequestMethodNotSupportedException
&amp#27;[30m2019-05-26 23:09:38,237&amp#27;[0;39m &amp#27;[34mINFO &amp#27;[0;39m [&amp#27;[34mmain&amp#27;[0;39m] &amp#27;[33morg.springframework.web.servlet.handler.AbstractHandlerMethodMapping$MappingRegistry&amp#27;[0;39m: Mapped "{[/{repository}/{id}],methods=[GET],produces=[application/hal+json || application/json]}" onto public org.springframework.http.ResponseEntity<org.springframework.hateoas.Resource<?>> org.springframework.data.rest.webmvc.RepositoryEntityController.getItemResource(org.springframework.data.rest.webmvc.RootResourceInformation,java.io.Serializable,org.springframework.data.rest.webmvc.PersistentEntityResourceAssembler,org.springframework.http.HttpHeaders) throws org.springframework.web.HttpRequestMethodNotSupportedException
&amp#27;[30m2019-05-26 23:09:38,238&amp#27;[0;39m &amp#27;[34mINFO &amp#27;[0;39m [&amp#27;[34mmain&amp#27;[0;39m] &amp#27;[33morg.springframework.web.servlet.handler.AbstractHandlerMethodMapping$MappingRegistry&amp#27;[0;39m: Mapped "{[/{repository}/{id}],methods=[PUT],produces=[application/hal+json || application/json]}" onto public org.springframework.http.ResponseEntity<? extends org.springframework.hateoas.ResourceSupport> org.springframework.data.rest.webmvc.RepositoryEntityController.putItemResource(org.springframework.data.rest.webmvc.RootResourceInformation,org.springframework.data.rest.webmvc.PersistentEntityResource,java.io.Serializable,org.springframework.data.rest.webmvc.PersistentEntityResourceAssembler,org.springframework.data.rest.webmvc.support.ETag,java.lang.String) throws org.springframework.web.HttpRequestMethodNotSupportedException
&amp#27;[30m2019-05-26 23:09:38,239&amp#27;[0;39m &amp#27;[34mINFO &amp#27;[0;39m [&amp#27;[34mmain&amp#27;[0;39m] &amp#27;[33morg.springframework.web.servlet.handler.AbstractHandlerMethodMapping$MappingRegistry&amp#27;[0;39m: Mapped "{[/{repository}],methods=[OPTIONS],produces=[application/hal+json || application/json]}" onto public org.springframework.http.ResponseEntity<?> org.springframework.data.rest.webmvc.RepositoryEntityController.optionsForCollectionResource(org.springframework.data.rest.webmvc.RootResourceInformation)
&amp#27;[30m2019-05-26 23:09:38,239&amp#27;[0;39m &amp#27;[34mINFO &amp#27;[0;39m [&amp#27;[34mmain&amp#27;[0;39m] &amp#27;[33morg.springframework.web.servlet.handler.AbstractHandlerMethodMapping$MappingRegistry&amp#27;[0;39m: Mapped "{[/{repository}],methods=[GET],produces=[application/x-spring-data-compact+json || text/uri-list]}" onto public org.springframework.hateoas.Resources<?> org.springframework.data.rest.webmvc.RepositoryEntityController.getCollectionResourceCompact(org.springframework.data.rest.webmvc.RootResourceInformation,org.springframework.data.rest.webmvc.support.DefaultedPageable,org.springframework.data.domain.Sort,org.springframework.data.rest.webmvc.PersistentEntityResourceAssembler) throws org.springframework.data.rest.webmvc.ResourceNotFoundException,org.springframework.web.HttpRequestMethodNotSupportedException
&amp#27;[30m2019-05-26 23:09:38,240&amp#27;[0;39m &amp#27;[34mINFO &amp#27;[0;39m [&amp#27;[34mmain&amp#27;[0;39m] &amp#27;[33morg.springframework.web.servlet.handler.AbstractHandlerMethodMapping$MappingRegistry&amp#27;[0;39m: Mapped "{[/{repository}/{id}/{property}],methods=[GET],produces=[application/hal+json || application/json]}" onto public org.springframework.http.ResponseEntity<org.springframework.hateoas.ResourceSupport> org.springframework.data.rest.webmvc.RepositoryPropertyReferenceController.followPropertyReference(org.springframework.data.rest.webmvc.RootResourceInformation,java.io.Serializable,java.lang.String,org.springframework.data.rest.webmvc.PersistentEntityResourceAssembler) throws java.lang.Exception
&amp#27;[30m2019-05-26 23:09:38,241&amp#27;[0;39m &amp#27;[34mINFO &amp#27;[0;39m [&amp#27;[34mmain&amp#27;[0;39m] &amp#27;[33morg.springframework.web.servlet.handler.AbstractHandlerMethodMapping$MappingRegistry&amp#27;[0;39m: Mapped "{[/{repository}/{id}/{property}/{propertyId}],methods=[GET],produces=[application/hal+json || application/json]}" onto public org.springframework.http.ResponseEntity<org.springframework.hateoas.ResourceSupport> org.springframework.data.rest.webmvc.RepositoryPropertyReferenceController.followPropertyReference(org.springframework.data.rest.webmvc.RootResourceInformation,java.io.Serializable,java.lang.String,java.lang.String,org.springframework.data.rest.webmvc.PersistentEntityResourceAssembler) throws java.lang.Exception
&amp#27;[30m2019-05-26 23:09:38,241&amp#27;[0;39m &amp#27;[34mINFO &amp#27;[0;39m [&amp#27;[34mmain&amp#27;[0;39m] &amp#27;[33morg.springframework.web.servlet.handler.AbstractHandlerMethodMapping$MappingRegistry&amp#27;[0;39m: Mapped "{[/{repository}/{id}/{property}],methods=[DELETE],produces=[application/hal+json || application/json]}" onto public org.springframework.http.ResponseEntity<? extends org.springframework.hateoas.ResourceSupport> org.springframework.data.rest.webmvc.RepositoryPropertyReferenceController.deletePropertyReference(org.springframework.data.rest.webmvc.RootResourceInformation,java.io.Serializable,java.lang.String) throws java.lang.Exception
&amp#27;[30m2019-05-26 23:09:38,242&amp#27;[0;39m &amp#27;[34mINFO &amp#27;[0;39m [&amp#27;[34mmain&amp#27;[0;39m] &amp#27;[33morg.springframework.web.servlet.handler.AbstractHandlerMethodMapping$MappingRegistry&amp#27;[0;39m: Mapped "{[/{repository}/{id}/{property}],methods=[PATCH || PUT || POST],consumes=[application/json || application/x-spring-data-compact+json || text/uri-list],produces=[application/hal+json || application/json]}" onto public org.springframework.http.ResponseEntity<? extends org.springframework.hateoas.ResourceSupport> org.springframework.data.rest.webmvc.RepositoryPropertyReferenceController.createPropertyReference(org.springframework.data.rest.webmvc.RootResourceInformation,org.springframework.http.HttpMethod,org.springframework.hateoas.Resources<java.lang.Object>,java.io.Serializable,java.lang.String) throws java.lang.Exception
&amp#27;[30m2019-05-26 23:09:38,242&amp#27;[0;39m &amp#27;[34mINFO &amp#27;[0;39m [&amp#27;[34mmain&amp#27;[0;39m] &amp#27;[33morg.springframework.web.servlet.handler.AbstractHandlerMethodMapping$MappingRegistry&amp#27;[0;39m: Mapped "{[/{repository}/{id}/{property}],methods=[GET],produces=[application/x-spring-data-compact+json || text/uri-list]}" onto public org.springframework.http.ResponseEntity<org.springframework.hateoas.ResourceSupport> org.springframework.data.rest.webmvc.RepositoryPropertyReferenceController.followPropertyReferenceCompact(org.springframework.data.rest.webmvc.RootResourceInformation,java.io.Serializable,java.lang.String,org.springframework.data.rest.webmvc.PersistentEntityResourceAssembler) throws java.lang.Exception
&amp#27;[30m2019-05-26 23:09:38,243&amp#27;[0;39m &amp#27;[34mINFO &amp#27;[0;39m [&amp#27;[34mmain&amp#27;[0;39m] &amp#27;[33morg.springframework.web.servlet.handler.AbstractHandlerMethodMapping$MappingRegistry&amp#27;[0;39m: Mapped "{[/{repository}/{id}/{property}/{propertyId}],methods=[DELETE],produces=[application/hal+json || application/json]}" onto public org.springframework.http.ResponseEntity<org.springframework.hateoas.ResourceSupport> org.springframework.data.rest.webmvc.RepositoryPropertyReferenceController.deletePropertyReferenceId(org.springframework.data.rest.webmvc.RootResourceInformation,java.io.Serializable,java.lang.String,java.lang.String) throws java.lang.Exception
&amp#27;[30m2019-05-26 23:09:38,244&amp#27;[0;39m &amp#27;[34mINFO &amp#27;[0;39m [&amp#27;[34mmain&amp#27;[0;39m] &amp#27;[33morg.springframework.web.servlet.handler.AbstractHandlerMethodMapping$MappingRegistry&amp#27;[0;39m: Mapped "{[/{repository}/search],methods=[OPTIONS],produces=[application/hal+json || application/json]}" onto public org.springframework.http.HttpEntity<?> org.springframework.data.rest.webmvc.RepositorySearchController.optionsForSearches(org.springframework.data.rest.webmvc.RootResourceInformation)
&amp#27;[30m2019-05-26 23:09:38,244&amp#27;[0;39m &amp#27;[34mINFO &amp#27;[0;39m [&amp#27;[34mmain&amp#27;[0;39m] &amp#27;[33morg.springframework.web.servlet.handler.AbstractHandlerMethodMapping$MappingRegistry&amp#27;[0;39m: Mapped "{[/{repository}/search/{search}],methods=[GET],produces=[application/x-spring-data-compact+json]}" onto public org.springframework.hateoas.ResourceSupport org.springframework.data.rest.webmvc.RepositorySearchController.executeSearchCompact(org.springframework.data.rest.webmvc.RootResourceInformation,org.springframework.http.HttpHeaders,org.springframework.util.MultiValueMap<java.lang.String, java.lang.Object>,java.lang.String,java.lang.String,org.springframework.data.rest.webmvc.support.DefaultedPageable,org.springframework.data.domain.Sort,org.springframework.data.rest.webmvc.PersistentEntityResourceAssembler)
&amp#27;[30m2019-05-26 23:09:38,245&amp#27;[0;39m &amp#27;[34mINFO &amp#27;[0;39m [&amp#27;[34mmain&amp#27;[0;39m] &amp#27;[33morg.springframework.web.servlet.handler.AbstractHandlerMethodMapping$MappingRegistry&amp#27;[0;39m: Mapped "{[/{repository}/search/{search}],methods=[OPTIONS],produces=[application/hal+json || application/json]}" onto public org.springframework.http.ResponseEntity<java.lang.Object> org.springframework.data.rest.webmvc.RepositorySearchController.optionsForSearch(org.springframework.data.rest.webmvc.RootResourceInformation,java.lang.String)
&amp#27;[30m2019-05-26 23:09:38,245&amp#27;[0;39m &amp#27;[34mINFO &amp#27;[0;39m [&amp#27;[34mmain&amp#27;[0;39m] &amp#27;[33morg.springframework.web.servlet.handler.AbstractHandlerMethodMapping$MappingRegistry&amp#27;[0;39m: Mapped "{[/{repository}/search],methods=[GET],produces=[application/hal+json || application/json]}" onto public org.springframework.data.rest.webmvc.RepositorySearchesResource org.springframework.data.rest.webmvc.RepositorySearchController.listSearches(org.springframework.data.rest.webmvc.RootResourceInformation)
&amp#27;[30m2019-05-26 23:09:38,246&amp#27;[0;39m &amp#27;[34mINFO &amp#27;[0;39m [&amp#27;[34mmain&amp#27;[0;39m] &amp#27;[33morg.springframework.web.servlet.handler.AbstractHandlerMethodMapping$MappingRegistry&amp#27;[0;39m: Mapped "{[/{repository}/search/{search}],methods=[HEAD],produces=[application/hal+json || application/json]}" onto public org.springframework.http.ResponseEntity<java.lang.Object> org.springframework.data.rest.webmvc.RepositorySearchController.headForSearch(org.springframework.data.rest.webmvc.RootResourceInformation,java.lang.String)
&amp#27;[30m2019-05-26 23:09:38,246&amp#27;[0;39m &amp#27;[34mINFO &amp#27;[0;39m [&amp#27;[34mmain&amp#27;[0;39m] &amp#27;[33morg.springframework.web.servlet.handler.AbstractHandlerMethodMapping$MappingRegistry&amp#27;[0;39m: Mapped "{[/{repository}/search/{search}],methods=[GET],produces=[application/hal+json || application/json]}" onto public org.springframework.http.ResponseEntity<?> org.springframework.data.rest.webmvc.RepositorySearchController.executeSearch(org.springframework.data.rest.webmvc.RootResourceInformation,org.springframework.util.MultiValueMap<java.lang.String, java.lang.Object>,java.lang.String,org.springframework.data.rest.webmvc.support.DefaultedPageable,org.springframework.data.domain.Sort,org.springframework.data.rest.webmvc.PersistentEntityResourceAssembler,org.springframework.http.HttpHeaders)
&amp#27;[30m2019-05-26 23:09:38,247&amp#27;[0;39m &amp#27;[34mINFO &amp#27;[0;39m [&amp#27;[34mmain&amp#27;[0;39m] &amp#27;[33morg.springframework.web.servlet.handler.AbstractHandlerMethodMapping$MappingRegistry&amp#27;[0;39m: Mapped "{[/{repository}/search],methods=[HEAD],produces=[application/hal+json || application/json]}" onto public org.springframework.http.HttpEntity<?> org.springframework.data.rest.webmvc.RepositorySearchController.headForSearches(org.springframework.data.rest.webmvc.RootResourceInformation)
&amp#27;[30m2019-05-26 23:09:38,248&amp#27;[0;39m &amp#27;[34mINFO &amp#27;[0;39m [&amp#27;[34mmain&amp#27;[0;39m] &amp#27;[33morg.springframework.web.servlet.handler.AbstractHandlerMethodMapping$MappingRegistry&amp#27;[0;39m: Mapped "{[/ || ],methods=[HEAD],produces=[application/hal+json || application/json]}" onto public org.springframework.http.ResponseEntity<?> org.springframework.data.rest.webmvc.RepositoryController.headForRepositories()
&amp#27;[30m2019-05-26 23:09:38,248&amp#27;[0;39m &amp#27;[34mINFO &amp#27;[0;39m [&amp#27;[34mmain&amp#27;[0;39m] &amp#27;[33morg.springframework.web.servlet.handler.AbstractHandlerMethodMapping$MappingRegistry&amp#27;[0;39m: Mapped "{[/ || ],methods=[OPTIONS],produces=[application/hal+json || application/json]}" onto public org.springframework.http.HttpEntity<?> org.springframework.data.rest.webmvc.RepositoryController.optionsForRepositories()
&amp#27;[30m2019-05-26 23:09:38,249&amp#27;[0;39m &amp#27;[34mINFO &amp#27;[0;39m [&amp#27;[34mmain&amp#27;[0;39m] &amp#27;[33morg.springframework.web.servlet.handler.AbstractHandlerMethodMapping$MappingRegistry&amp#27;[0;39m: Mapped "{[/ || ],methods=[GET],produces=[application/hal+json || application/json]}" onto public org.springframework.http.HttpEntity<org.springframework.data.rest.webmvc.RepositoryLinksResource> org.springframework.data.rest.webmvc.RepositoryController.listRepositories()
&amp#27;[30m2019-05-26 23:09:38,254&amp#27;[0;39m &amp#27;[34mINFO &amp#27;[0;39m [&amp#27;[34mmain&amp#27;[0;39m] &amp#27;[33morg.springframework.web.servlet.handler.AbstractHandlerMethodMapping$MappingRegistry&amp#27;[0;39m: Mapped "{[/profile],methods=[GET]}" onto org.springframework.http.HttpEntity<org.springframework.hateoas.ResourceSupport> org.springframework.data.rest.webmvc.ProfileController.listAllFormsOfMetadata()
&amp#27;[30m2019-05-26 23:09:38,255&amp#27;[0;39m &amp#27;[34mINFO &amp#27;[0;39m [&amp#27;[34mmain&amp#27;[0;39m] &amp#27;[33morg.springframework.web.servlet.handler.AbstractHandlerMethodMapping$MappingRegistry&amp#27;[0;39m: Mapped "{[/profile],methods=[OPTIONS]}" onto public org.springframework.http.HttpEntity<?> org.springframework.data.rest.webmvc.ProfileController.profileOptions()
&amp#27;[30m2019-05-26 23:09:38,256&amp#27;[0;39m &amp#27;[34mINFO &amp#27;[0;39m [&amp#27;[34mmain&amp#27;[0;39m] &amp#27;[33morg.springframework.web.servlet.handler.AbstractHandlerMethodMapping$MappingRegistry&amp#27;[0;39m: Mapped "{[/profile/{repository}],methods=[GET],produces=[application/schema+json]}" onto public org.springframework.http.HttpEntity<org.springframework.data.rest.webmvc.json.JsonSchema> org.springframework.data.rest.webmvc.RepositorySchemaController.schema(org.springframework.data.rest.webmvc.RootResourceInformation)
&amp#27;[30m2019-05-26 23:09:38,257&amp#27;[0;39m &amp#27;[34mINFO &amp#27;[0;39m [&amp#27;[34mmain&amp#27;[0;39m] &amp#27;[33morg.springframework.web.servlet.handler.AbstractHandlerMethodMapping$MappingRegistry&amp#27;[0;39m: Mapped "{[/profile/{repository}],methods=[GET],produces=[application/alps+json || */*]}" onto org.springframework.http.HttpEntity<org.springframework.data.rest.webmvc.RootResourceInformation> org.springframework.data.rest.webmvc.alps.AlpsController.descriptor(org.springframework.data.rest.webmvc.RootResourceInformation)
&amp#27;[30m2019-05-26 23:09:38,257&amp#27;[0;39m &amp#27;[34mINFO &amp#27;[0;39m [&amp#27;[34mmain&amp#27;[0;39m] &amp#27;[33morg.springframework.web.servlet.handler.AbstractHandlerMethodMapping$MappingRegistry&amp#27;[0;39m: Mapped "{[/profile/{repository}],methods=[OPTIONS],produces=[application/alps+json]}" onto org.springframework.http.HttpEntity<?> org.springframework.data.rest.webmvc.alps.AlpsController.alpsOptions()
&amp#27;[30m2019-05-26 23:09:38,761&amp#27;[0;39m &amp#27;[34mINFO &amp#27;[0;39m [&amp#27;[34mmain&amp#27;[0;39m] &amp#27;[33morg.springframework.context.support.DefaultLifecycleProcessor$LifecycleGroup&amp#27;[0;39m: Starting beans in phase 2147483647
&amp#27;[30m2019-05-26 23:09:38,761&amp#27;[0;39m &amp#27;[34mINFO &amp#27;[0;39m [&amp#27;[34mmain&amp#27;[0;39m] &amp#27;[33mspringfox.documentation.spring.web.plugins.DocumentationPluginsBootstrapper&amp#27;[0;39m: Context refreshed
&amp#27;[30m2019-05-26 23:09:38,812&amp#27;[0;39m &amp#27;[34mINFO &amp#27;[0;39m [&amp#27;[34mmain&amp#27;[0;39m] &amp#27;[33mspringfox.documentation.spring.web.plugins.DocumentationPluginsBootstrapper&amp#27;[0;39m: Found 1 custom documentation plugin(s)
&amp#27;[30m2019-05-26 23:09:38,847&amp#27;[0;39m &amp#27;[34mINFO &amp#27;[0;39m [&amp#27;[34mmain&amp#27;[0;39m] &amp#27;[33mspringfox.documentation.spring.web.scanners.ApiListingReferenceScanner&amp#27;[0;39m: Scanning for api listing references
&amp#27;[30m2019-05-26 23:09:39,379&amp#27;[0;39m &amp#27;[34mINFO &amp#27;[0;39m [&amp#27;[34mmain&amp#27;[0;39m] &amp#27;[33mspringfox.documentation.spring.web.readers.operation.CachingOperationNameGenerator&amp#27;[0;39m: Generating unique operation named: listUsingGET_1
&amp#27;[30m2019-05-26 23:09:39,422&amp#27;[0;39m &amp#27;[34mINFO &amp#27;[0;39m [&amp#27;[34mmain&amp#27;[0;39m] &amp#27;[33mspringfox.documentation.spring.web.readers.operation.CachingOperationNameGenerator&amp#27;[0;39m: Generating unique operation named: createEmployeeUsingPOST_1
&amp#27;[30m2019-05-26 23:09:39,442&amp#27;[0;39m &amp#27;[34mINFO &amp#27;[0;39m [&amp#27;[34mmain&amp#27;[0;39m] &amp#27;[33mspringfox.documentation.spring.web.readers.operation.CachingOperationNameGenerator&amp#27;[0;39m: Generating unique operation named: listUsingGET_2
&amp#27;[30m2019-05-26 23:09:39,493&amp#27;[0;39m &amp#27;[34mINFO &amp#27;[0;39m [&amp#27;[34mmain&amp#27;[0;39m] &amp#27;[33mspringfox.documentation.spring.web.readers.operation.CachingOperationNameGenerator&amp#27;[0;39m: Generating unique operation named: listUsingGET_3
&amp#27;[30m2019-05-26 23:09:39,524&amp#27;[0;39m &amp#27;[34mINFO &amp#27;[0;39m [&amp#27;[34mmain&amp#27;[0;39m] &amp#27;[33mspringfox.documentation.spring.web.readers.operation.CachingOperationNameGenerator&amp#27;[0;39m: Generating unique operation named: listUsingGET_4
&amp#27;[30m2019-05-26 23:09:39,538&amp#27;[0;39m &amp#27;[34mINFO &amp#27;[0;39m [&amp#27;[34mmain&amp#27;[0;39m] &amp#27;[33mspringfox.documentation.spring.web.readers.operation.CachingOperationNameGenerator&amp#27;[0;39m: Generating unique operation named: listUsingGET_5
&amp#27;[30m2019-05-26 23:09:39,614&amp#27;[0;39m &amp#27;[34mINFO &amp#27;[0;39m [&amp#27;[34mmain&amp#27;[0;39m] &amp#27;[33morg.springframework.boot.StartupInfoLogger&amp#27;[0;39m: Started AccessControlSystemApplicationTests in 18.267 seconds (JVM running for 20.087)
&amp#27;[30m2019-05-26 23:09:39,952&amp#27;[0;39m &amp#27;[1;31mERROR&amp#27;[0;39m [&amp#27;[34mmain&amp#27;[0;39m] &amp#27;[33morg.springframework.boot.SpringApplication&amp#27;[0;39m: Application run failed
java.lang.reflect.UndeclaredThrowableException: Failed to invoke event listener method
HandlerMethod details: 
Bean [com.acs.configuration.AccessControlSystemApplication$$EnhancerBySpringCGLIB$$6558ac25]
Method [public void com.acs.configuration.AccessControlSystemApplication.doSomethingAfterStartup()]
Resolved arguments: 

	at org.springframework.context.event.ApplicationListenerMethodAdapter.doInvoke(ApplicationListenerMethodAdapter.java:278)
	at org.springframework.context.event.ApplicationListenerMethodAdapter.processEvent(ApplicationListenerMethodAdapter.java:180)
	at org.springframework.context.event.ApplicationListenerMethodAdapter.onApplicationEvent(ApplicationListenerMethodAdapter.java:142)
	at org.springframework.context.event.SimpleApplicationEventMulticaster.doInvokeListener(SimpleApplicationEventMulticaster.java:172)
	at org.springframework.context.event.SimpleApplicationEventMulticaster.invokeListener(SimpleApplicationEventMulticaster.java:165)
	at org.springframework.context.event.SimpleApplicationEventMulticaster.multicastEvent(SimpleApplicationEventMulticaster.java:139)
	at org.springframework.context.support.AbstractApplicationContext.publishEvent(AbstractApplicationContext.java:400)
	at org.springframework.context.support.AbstractApplicationContext.publishEvent(AbstractApplicationContext.java:354)
	at org.springframework.boot.context.event.EventPublishingRunListener.running(EventPublishingRunListener.java:103)
	at org.springframework.boot.SpringApplicationRunListeners.running(SpringApplicationRunListeners.java:78)
	at org.springframework.boot.SpringApplication.run(SpringApplication.java:349)
	at org.springframework.boot.test.context.SpringBootContextLoader.loadContext(SpringBootContextLoader.java:139)
	at org.springframework.test.context.cache.DefaultCacheAwareContextLoaderDelegate.loadContextInternal(DefaultCacheAwareContextLoaderDelegate.java:99)
	at org.springframework.test.context.cache.DefaultCacheAwareContextLoaderDelegate.loadContext(DefaultCacheAwareContextLoaderDelegate.java:117)
	at org.springframework.test.context.support.DefaultTestContext.getApplicationContext(DefaultTestContext.java:108)
	at org.springframework.test.context.web.ServletTestExecutionListener.setUpRequestContextIfNecessary(ServletTestExecutionListener.java:190)
	at org.springframework.test.context.web.ServletTestExecutionListener.prepareTestInstance(ServletTestExecutionListener.java:132)
	at org.springframework.test.context.TestContextManager.prepareTestInstance(TestContextManager.java:246)
	at org.springframework.test.context.junit4.SpringJUnit4ClassRunner.createTest(SpringJUnit4ClassRunner.java:227)
	at org.springframework.test.context.junit4.SpringJUnit4ClassRunner$1.runReflectiveCall(SpringJUnit4ClassRunner.java:289)
	at org.junit.internal.runners.model.ReflectiveCallable.run(ReflectiveCallable.java:12)
	at org.springframework.test.context.junit4.SpringJUnit4ClassRunner.methodBlock(SpringJUnit4ClassRunner.java:291)
	at org.springframework.test.context.junit4.SpringJUnit4ClassRunner.runChild(SpringJUnit4ClassRunner.java:246)
	at org.springframework.test.context.junit4.SpringJUnit4ClassRunner.runChild(SpringJUnit4ClassRunner.java:97)
	at org.junit.runners.ParentRunner$3.run(ParentRunner.java:290)
	at org.junit.runners.ParentRunner$1.schedule(ParentRunner.java:71)
	at org.junit.runners.ParentRunner.runChildren(ParentRunner.java:288)
	at org.junit.runners.ParentRunner.access$000(ParentRunner.java:58)
	at org.junit.runners.ParentRunner$2.evaluate(ParentRunner.java:268)
	at org.springframework.test.context.junit4.statements.RunBeforeTestClassCallbacks.evaluate(RunBeforeTestClassCallbacks.java:61)
	at org.springframework.test.context.junit4.statements.RunAfterTestClassCallbacks.evaluate(RunAfterTestClassCallbacks.java:70)
	at org.junit.runners.ParentRunner.run(ParentRunner.java:363)
	at org.springframework.test.context.junit4.SpringJUnit4ClassRunner.run(SpringJUnit4ClassRunner.java:190)
	at org.apache.maven.surefire.junit4.JUnit4Provider.execute(JUnit4Provider.java:365)
	at org.apache.maven.surefire.junit4.JUnit4Provider.executeWithRerun(JUnit4Provider.java:273)
	at org.apache.maven.surefire.junit4.JUnit4Provider.executeTestSet(JUnit4Provider.java:238)
	at org.apache.maven.surefire.junit4.JUnit4Provider.invoke(JUnit4Provider.java:159)
	at org.apache.maven.surefire.booter.ForkedBooter.invokeProviderInSameClassLoader(ForkedBooter.java:379)
	at org.apache.maven.surefire.booter.ForkedBooter.runSuitesInProcess(ForkedBooter.java:340)
	at org.apache.maven.surefire.booter.ForkedBooter.execute(ForkedBooter.java:125)
	at org.apache.maven.surefire.booter.ForkedBooter.main(ForkedBooter.java:413)
Caused by: java.lang.StackOverflowError: null
	at java.net.DualStackPlainSocketImpl.bind0(Native Method)
	at java.net.DualStackPlainSocketImpl.socketBind(DualStackPlainSocketImpl.java:106)
	at java.net.AbstractPlainSocketImpl.bind(AbstractPlainSocketImpl.java:387)
	at java.net.PlainSocketImpl.bind(PlainSocketImpl.java:190)
	at java.net.ServerSocket.bind(ServerSocket.java:375)
	at java.net.ServerSocket.<init>(ServerSocket.java:237)
	at java.net.ServerSocket.<init>(ServerSocket.java:128)
	at com.acs.configuration.socket.SocketServerProvider.start(SocketServerProvider.java:46)
	at com.acs.configuration.socket.SocketServerProvider.start(SocketServerProvider.java:75)
	at com.acs.configuration.socket.SocketServerProvider.start(SocketServerProvider.java:75)
	at com.acs.configuration.socket.SocketServerProvider.start(SocketServerProvider.java:75)
	at com.acs.configuration.socket.SocketServerProvider.start(SocketServerProvider.java:75)
	at com.acs.configuration.socket.SocketServerProvider.start(SocketServerProvider.java:75)
	at com.acs.configuration.socket.SocketServerProvider.start(SocketServerProvider.java:75)
	at com.acs.configuration.socket.SocketServerProvider.start(SocketServerProvider.java:75)
	at com.acs.configuration.socket.SocketServerProvider.start(SocketServerProvider.java:75)
	at com.acs.configuration.socket.SocketServerProvider.start(SocketServerProvider.java:75)
	at com.acs.configuration.socket.SocketServerProvider.start(SocketServerProvider.java:75)
	at com.acs.configuration.socket.SocketServerProvider.start(SocketServerProvider.java:75)
	at com.acs.configuration.socket.SocketServerProvider.start(SocketServerProvider.java:75)
	at com.acs.configuration.socket.SocketServerProvider.start(SocketServerProvider.java:75)
	at com.acs.configuration.socket.SocketServerProvider.start(SocketServerProvider.java:75)
	at com.acs.configuration.socket.SocketServerProvider.start(SocketServerProvider.java:75)
	at com.acs.configuration.socket.SocketServerProvider.start(SocketServerProvider.java:75)
	at com.acs.configuration.socket.SocketServerProvider.start(SocketServerProvider.java:75)
	at com.acs.configuration.socket.SocketServerProvider.start(SocketServerProvider.java:75)
	at com.acs.configuration.socket.SocketServerProvider.start(SocketServerProvider.java:75)
	at com.acs.configuration.socket.SocketServerProvider.start(SocketServerProvider.java:75)
	at com.acs.configuration.socket.SocketServerProvider.start(SocketServerProvider.java:75)
	at com.acs.configuration.socket.SocketServerProvider.start(SocketServerProvider.java:75)
	at com.acs.configuration.socket.SocketServerProvider.start(SocketServerProvider.java:75)
	at com.acs.configuration.socket.SocketServerProvider.start(SocketServerProvider.java:75)
	at com.acs.configuration.socket.SocketServerProvider.start(SocketServerProvider.java:75)
	at com.acs.configuration.socket.SocketServerProvider.start(SocketServerProvider.java:75)
	at com.acs.configuration.socket.SocketServerProvider.start(SocketServerProvider.java:75)
	at com.acs.configuration.socket.SocketServerProvider.start(SocketServerProvider.java:75)
	at com.acs.configuration.socket.SocketServerProvider.start(SocketServerProvider.java:75)
	at com.acs.configuration.socket.SocketServerProvider.start(SocketServerProvider.java:75)
	at com.acs.configuration.socket.SocketServerProvider.start(SocketServerProvider.java:75)
	at com.acs.configuration.socket.SocketServerProvider.start(SocketServerProvider.java:75)
	at com.acs.configuration.socket.SocketServerProvider.start(SocketServerProvider.java:75)
	at com.acs.configuration.socket.SocketServerProvider.start(SocketServerProvider.java:75)
	at com.acs.configuration.socket.SocketServerProvider.start(SocketServerProvider.java:75)
	at com.acs.configuration.socket.SocketServerProvider.start(SocketServerProvider.java:75)
	at com.acs.configuration.socket.SocketServerProvider.start(SocketServerProvider.java:75)
	at com.acs.configuration.socket.SocketServerProvider.start(SocketServerProvider.java:75)
	at com.acs.configuration.socket.SocketServerProvider.start(SocketServerProvider.java:75)
	at com.acs.configuration.socket.SocketServerProvider.start(SocketServerProvider.java:75)
	at com.acs.configuration.socket.SocketServerProvider.start(SocketServerProvider.java:75)
	at com.acs.configuration.socket.SocketServerProvider.start(SocketServerProvider.java:75)
	at com.acs.configuration.socket.SocketServerProvider.start(SocketServerProvider.java:75)
	at com.acs.configuration.socket.SocketServerProvider.start(SocketServerProvider.java:75)
	at com.acs.configuration.socket.SocketServerProvider.start(SocketServerProvider.java:75)
	at com.acs.configuration.socket.SocketServerProvider.start(SocketServerProvider.java:75)
	at com.acs.configuration.socket.SocketServerProvider.start(SocketServerProvider.java:75)
	at com.acs.configuration.socket.SocketServerProvider.start(SocketServerProvider.java:75)
	at com.acs.configuration.socket.SocketServerProvider.start(SocketServerProvider.java:75)
	at com.acs.configuration.socket.SocketServerProvider.start(SocketServerProvider.java:75)
	at com.acs.configuration.socket.SocketServerProvider.start(SocketServerProvider.java:75)
	at com.acs.configuration.socket.SocketServerProvider.start(SocketServerProvider.java:75)
	at com.acs.configuration.socket.SocketServerProvider.start(SocketServerProvider.java:75)
	at com.acs.configuration.socket.SocketServerProvider.start(SocketServerProvider.java:75)
	at com.acs.configuration.socket.SocketServerProvider.start(SocketServerProvider.java:75)
	at com.acs.configuration.socket.SocketServerProvider.start(SocketServerProvider.java:75)
	at com.acs.configuration.socket.SocketServerProvider.start(SocketServerProvider.java:75)
	at com.acs.configuration.socket.SocketServerProvider.start(SocketServerProvider.java:75)
	at com.acs.configuration.socket.SocketServerProvider.start(SocketServerProvider.java:75)
	at com.acs.configuration.socket.SocketServerProvider.start(SocketServerProvider.java:75)
	at com.acs.configuration.socket.SocketServerProvider.start(SocketServerProvider.java:75)
	at com.acs.configuration.socket.SocketServerProvider.start(SocketServerProvider.java:75)
	at com.acs.configuration.socket.SocketServerProvider.start(SocketServerProvider.java:75)
	at com.acs.configuration.socket.SocketServerProvider.start(SocketServerProvider.java:75)
	at com.acs.configuration.socket.SocketServerProvider.start(SocketServerProvider.java:75)
	at com.acs.configuration.socket.SocketServerProvider.start(SocketServerProvider.java:75)
	at com.acs.configuration.socket.SocketServerProvider.start(SocketServerProvider.java:75)
	at com.acs.configuration.socket.SocketServerProvider.start(SocketServerProvider.java:75)
	at com.acs.configuration.socket.SocketServerProvider.start(SocketServerProvider.java:75)
	at com.acs.configuration.socket.SocketServerProvider.start(SocketServerProvider.java:75)
	at com.acs.configuration.socket.SocketServerProvider.start(SocketServerProvider.java:75)
	at com.acs.configuration.socket.SocketServerProvider.start(SocketServerProvider.java:75)
	at com.acs.configuration.socket.SocketServerProvider.start(SocketServerProvider.java:75)
	at com.acs.configuration.socket.SocketServerProvider.start(SocketServerProvider.java:75)
	at com.acs.configuration.socket.SocketServerProvider.start(SocketServerProvider.java:75)
	at com.acs.configuration.socket.SocketServerProvider.start(SocketServerProvider.java:75)
	at com.acs.configuration.socket.SocketServerProvider.start(SocketServerProvider.java:75)
	at com.acs.configuration.socket.SocketServerProvider.start(SocketServerProvider.java:75)
	at com.acs.configuration.socket.SocketServerProvider.start(SocketServerProvider.java:75)
	at com.acs.configuration.socket.SocketServerProvider.start(SocketServerProvider.java:75)
	at com.acs.configuration.socket.SocketServerProvider.start(SocketServerProvider.java:75)
	at com.acs.configuration.socket.SocketServerProvider.start(SocketServerProvider.java:75)
	at com.acs.configuration.socket.SocketServerProvider.start(SocketServerProvider.java:75)
	at com.acs.configuration.socket.SocketServerProvider.start(SocketServerProvider.java:75)
	at com.acs.configuration.socket.SocketServerProvider.start(SocketServerProvider.java:75)
	at com.acs.configuration.socket.SocketServerProvider.start(SocketServerProvider.java:75)
	at com.acs.configuration.socket.SocketServerProvider.start(SocketServerProvider.java:75)
	at com.acs.configuration.socket.SocketServerProvider.start(SocketServerProvider.java:75)
	at com.acs.configuration.socket.SocketServerProvider.start(SocketServerProvider.java:75)
	at com.acs.configuration.socket.SocketServerProvider.start(SocketServerProvider.java:75)
	at com.acs.configuration.socket.SocketServerProvider.start(SocketServerProvider.java:75)
	at com.acs.configuration.socket.SocketServerProvider.start(SocketServerProvider.java:75)
	at com.acs.configuration.socket.SocketServerProvider.start(SocketServerProvider.java:75)
	at com.acs.configuration.socket.SocketServerProvider.start(SocketServerProvider.java:75)
	at com.acs.configuration.socket.SocketServerProvider.start(SocketServerProvider.java:75)
	at com.acs.configuration.socket.SocketServerProvider.start(SocketServerProvider.java:75)
	at com.acs.configuration.socket.SocketServerProvider.start(SocketServerProvider.java:75)
	at com.acs.configuration.socket.SocketServerProvider.start(SocketServerProvider.java:75)
	at com.acs.configuration.socket.SocketServerProvider.start(SocketServerProvider.java:75)
	at com.acs.configuration.socket.SocketServerProvider.start(SocketServerProvider.java:75)
	at com.acs.configuration.socket.SocketServerProvider.start(SocketServerProvider.java:75)
	at com.acs.configuration.socket.SocketServerProvider.start(SocketServerProvider.java:75)
	at com.acs.configuration.socket.SocketServerProvider.start(SocketServerProvider.java:75)
	at com.acs.configuration.socket.SocketServerProvider.start(SocketServerProvider.java:75)
	at com.acs.configuration.socket.SocketServerProvider.start(SocketServerProvider.java:75)
	at com.acs.configuration.socket.SocketServerProvider.start(SocketServerProvider.java:75)
	at com.acs.configuration.socket.SocketServerProvider.start(SocketServerProvider.java:75)
	at com.acs.configuration.socket.SocketServerProvider.start(SocketServerProvider.java:75)
	at com.acs.configuration.socket.SocketServerProvider.start(SocketServerProvider.java:75)
	at com.acs.configuration.socket.SocketServerProvider.start(SocketServerProvider.java:75)
	at com.acs.configuration.socket.SocketServerProvider.start(SocketServerProvider.java:75)
	at com.acs.configuration.socket.SocketServerProvider.start(SocketServerProvider.java:75)
	at com.acs.configuration.socket.SocketServerProvider.start(SocketServerProvider.java:75)
	at com.acs.configuration.socket.SocketServerProvider.start(SocketServerProvider.java:75)
	at com.acs.configuration.socket.SocketServerProvider.start(SocketServerProvider.java:75)
	at com.acs.configuration.socket.SocketServerProvider.start(SocketServerProvider.java:75)
	at com.acs.configuration.socket.SocketServerProvider.start(SocketServerProvider.java:75)
	at com.acs.configuration.socket.SocketServerProvider.start(SocketServerProvider.java:75)
	at com.acs.configuration.socket.SocketServerProvider.start(SocketServerProvider.java:75)
	at com.acs.configuration.socket.SocketServerProvider.start(SocketServerProvider.java:75)
	at com.acs.configuration.socket.SocketServerProvider.start(SocketServerProvider.java:75)
	at com.acs.configuration.socket.SocketServerProvider.start(SocketServerProvider.java:75)
	at com.acs.configuration.socket.SocketServerProvider.start(SocketServerProvider.java:75)
	at com.acs.configuration.socket.SocketServerProvider.start(SocketServerProvider.java:75)
	at com.acs.configuration.socket.SocketServerProvider.start(SocketServerProvider.java:75)
	at com.acs.configuration.socket.SocketServerProvider.start(SocketServerProvider.java:75)
	at com.acs.configuration.socket.SocketServerProvider.start(SocketServerProvider.java:75)
	at com.acs.configuration.socket.SocketServerProvider.start(SocketServerProvider.java:75)
	at com.acs.configuration.socket.SocketServerProvider.start(SocketServerProvider.java:75)
	at com.acs.configuration.socket.SocketServerProvider.start(SocketServerProvider.java:75)
	at com.acs.configuration.socket.SocketServerProvider.start(SocketServerProvider.java:75)
	at com.acs.configuration.socket.SocketServerProvider.start(SocketServerProvider.java:75)
	at com.acs.configuration.socket.SocketServerProvider.start(SocketServerProvider.java:75)
	at com.acs.configuration.socket.SocketServerProvider.start(SocketServerProvider.java:75)
	at com.acs.configuration.socket.SocketServerProvider.start(SocketServerProvider.java:75)
	at com.acs.configuration.socket.SocketServerProvider.start(SocketServerProvider.java:75)
	at com.acs.configuration.socket.SocketServerProvider.start(SocketServerProvider.java:75)
	at com.acs.configuration.socket.SocketServerProvider.start(SocketServerProvider.java:75)
	at com.acs.configuration.socket.SocketServerProvider.start(SocketServerProvider.java:75)
	at com.acs.configuration.socket.SocketServerProvider.start(SocketServerProvider.java:75)
	at com.acs.configuration.socket.SocketServerProvider.start(SocketServerProvider.java:75)
	at com.acs.configuration.socket.SocketServerProvider.start(SocketServerProvider.java:75)
	at com.acs.configuration.socket.SocketServerProvider.start(SocketServerProvider.java:75)
	at com.acs.configuration.socket.SocketServerProvider.start(SocketServerProvider.java:75)
	at com.acs.configuration.socket.SocketServerProvider.start(SocketServerProvider.java:75)
	at com.acs.configuration.socket.SocketServerProvider.start(SocketServerProvider.java:75)
	at com.acs.configuration.socket.SocketServerProvider.start(SocketServerProvider.java:75)
	at com.acs.configuration.socket.SocketServerProvider.start(SocketServerProvider.java:75)
	at com.acs.configuration.socket.SocketServerProvider.start(SocketServerProvider.java:75)
	at com.acs.configuration.socket.SocketServerProvider.start(SocketServerProvider.java:75)
	at com.acs.configuration.socket.SocketServerProvider.start(SocketServerProvider.java:75)
	at com.acs.configuration.socket.SocketServerProvider.start(SocketServerProvider.java:75)
	at com.acs.configuration.socket.SocketServerProvider.start(SocketServerProvider.java:75)
	at com.acs.configuration.socket.SocketServerProvider.start(SocketServerProvider.java:75)
	at com.acs.configuration.socket.SocketServerProvider.start(SocketServerProvider.java:75)
	at com.acs.configuration.socket.SocketServerProvider.start(SocketServerProvider.java:75)
	at com.acs.configuration.socket.SocketServerProvider.start(SocketServerProvider.java:75)
	at com.acs.configuration.socket.SocketServerProvider.start(SocketServerProvider.java:75)
	at com.acs.configuration.socket.SocketServerProvider.start(SocketServerProvider.java:75)
	at com.acs.configuration.socket.SocketServerProvider.start(SocketServerProvider.java:75)
	at com.acs.configuration.socket.SocketServerProvider.start(SocketServerProvider.java:75)
	at com.acs.configuration.socket.SocketServerProvider.start(SocketServerProvider.java:75)
	at com.acs.configuration.socket.SocketServerProvider.start(SocketServerProvider.java:75)
	at com.acs.configuration.socket.SocketServerProvider.start(SocketServerProvider.java:75)
	at com.acs.configuration.socket.SocketServerProvider.start(SocketServerProvider.java:75)
	at com.acs.configuration.socket.SocketServerProvider.start(SocketServerProvider.java:75)
	at com.acs.configuration.socket.SocketServerProvider.start(SocketServerProvider.java:75)
	at com.acs.configuration.socket.SocketServerProvider.start(SocketServerProvider.java:75)
	at com.acs.configuration.socket.SocketServerProvider.start(SocketServerProvider.java:75)
	at com.acs.configuration.socket.SocketServerProvider.start(SocketServerProvider.java:75)
	at com.acs.configuration.socket.SocketServerProvider.start(SocketServerProvider.java:75)
	at com.acs.configuration.socket.SocketServerProvider.start(SocketServerProvider.java:75)
	at com.acs.configuration.socket.SocketServerProvider.start(SocketServerProvider.java:75)
	at com.acs.configuration.socket.SocketServerProvider.start(SocketServerProvider.java:75)
	at com.acs.configuration.socket.SocketServerProvider.start(SocketServerProvider.java:75)
	at com.acs.configuration.socket.SocketServerProvider.start(SocketServerProvider.java:75)
	at com.acs.configuration.socket.SocketServerProvider.start(SocketServerProvider.java:75)
	at com.acs.configuration.socket.SocketServerProvider.start(SocketServerProvider.java:75)
	at com.acs.configuration.socket.SocketServerProvider.start(SocketServerProvider.java:75)
	at com.acs.configuration.socket.SocketServerProvider.start(SocketServerProvider.java:75)
	at com.acs.configuration.socket.SocketServerProvider.start(SocketServerProvider.java:75)
	at com.acs.configuration.socket.SocketServerProvider.start(SocketServerProvider.java:75)
	at com.acs.configuration.socket.SocketServerProvider.start(SocketServerProvider.java:75)
	at com.acs.configuration.socket.SocketServerProvider.start(SocketServerProvider.java:75)
	at com.acs.configuration.socket.SocketServerProvider.start(SocketServerProvider.java:75)
	at com.acs.configuration.socket.SocketServerProvider.start(SocketServerProvider.java:75)
	at com.acs.configuration.socket.SocketServerProvider.start(SocketServerProvider.java:75)
	at com.acs.configuration.socket.SocketServerProvider.start(SocketServerProvider.java:75)
	at com.acs.configuration.socket.SocketServerProvider.start(SocketServerProvider.java:75)
	at com.acs.configuration.socket.SocketServerProvider.start(SocketServerProvider.java:75)
	at com.acs.configuration.socket.SocketServerProvider.start(SocketServerProvider.java:75)
	at com.acs.configuration.socket.SocketServerProvider.start(SocketServerProvider.java:75)
	at com.acs.configuration.socket.SocketServerProvider.start(SocketServerProvider.java:75)
	at com.acs.configuration.socket.SocketServerProvider.start(SocketServerProvider.java:75)
	at com.acs.configuration.socket.SocketServerProvider.start(SocketServerProvider.java:75)
	at com.acs.configuration.socket.SocketServerProvider.start(SocketServerProvider.java:75)
	at com.acs.configuration.socket.SocketServerProvider.start(SocketServerProvider.java:75)
	at com.acs.configuration.socket.SocketServerProvider.start(SocketServerProvider.java:75)
	at com.acs.configuration.socket.SocketServerProvider.start(SocketServerProvider.java:75)
	at com.acs.configuration.socket.SocketServerProvider.start(SocketServerProvider.java:75)
	at com.acs.configuration.socket.SocketServerProvider.start(SocketServerProvider.java:75)
	at com.acs.configuration.socket.SocketServerProvider.start(SocketServerProvider.java:75)
	at com.acs.configuration.socket.SocketServerProvider.start(SocketServerProvider.java:75)
	at com.acs.configuration.socket.SocketServerProvider.start(SocketServerProvider.java:75)
	at com.acs.configuration.socket.SocketServerProvider.start(SocketServerProvider.java:75)
	at com.acs.configuration.socket.SocketServerProvider.start(SocketServerProvider.java:75)
	at com.acs.configuration.socket.SocketServerProvider.start(SocketServerProvider.java:75)
	at com.acs.configuration.socket.SocketServerProvider.start(SocketServerProvider.java:75)
	at com.acs.configuration.socket.SocketServerProvider.start(SocketServerProvider.java:75)
	at com.acs.configuration.socket.SocketServerProvider.start(SocketServerProvider.java:75)
	at com.acs.configuration.socket.SocketServerProvider.start(SocketServerProvider.java:75)
	at com.acs.configuration.socket.SocketServerProvider.start(SocketServerProvider.java:75)
	at com.acs.configuration.socket.SocketServerProvider.start(SocketServerProvider.java:75)
	at com.acs.configuration.socket.SocketServerProvider.start(SocketServerProvider.java:75)
	at com.acs.configuration.socket.SocketServerProvider.start(SocketServerProvider.java:75)
	at com.acs.configuration.socket.SocketServerProvider.start(SocketServerProvider.java:75)
	at com.acs.configuration.socket.SocketServerProvider.start(SocketServerProvider.java:75)
	at com.acs.configuration.socket.SocketServerProvider.start(SocketServerProvider.java:75)
	at com.acs.configuration.socket.SocketServerProvider.start(SocketServerProvider.java:75)
	at com.acs.configuration.socket.SocketServerProvider.start(SocketServerProvider.java:75)
	at com.acs.configuration.socket.SocketServerProvider.start(SocketServerProvider.java:75)
	at com.acs.configuration.socket.SocketServerProvider.start(SocketServerProvider.java:75)
	at com.acs.configuration.socket.SocketServerProvider.start(SocketServerProvider.java:75)
	at com.acs.configuration.socket.SocketServerProvider.start(SocketServerProvider.java:75)
	at com.acs.configuration.socket.SocketServerProvider.start(SocketServerProvider.java:75)
	at com.acs.configuration.socket.SocketServerProvider.start(SocketServerProvider.java:75)
	at com.acs.configuration.socket.SocketServerProvider.start(SocketServerProvider.java:75)
	at com.acs.configuration.socket.SocketServerProvider.start(SocketServerProvider.java:75)
	at com.acs.configuration.socket.SocketServerProvider.start(SocketServerProvider.java:75)
	at com.acs.configuration.socket.SocketServerProvider.start(SocketServerProvider.java:75)
	at com.acs.configuration.socket.SocketServerProvider.start(SocketServerProvider.java:75)
	at com.acs.configuration.socket.SocketServerProvider.start(SocketServerProvider.java:75)
	at com.acs.configuration.socket.SocketServerProvider.start(SocketServerProvider.java:75)
	at com.acs.configuration.socket.SocketServerProvider.start(SocketServerProvider.java:75)
	at com.acs.configuration.socket.SocketServerProvider.start(SocketServerProvider.java:75)
	at com.acs.configuration.socket.SocketServerProvider.start(SocketServerProvider.java:75)
	at com.acs.configuration.socket.SocketServerProvider.start(SocketServerProvider.java:75)
	at com.acs.configuration.socket.SocketServerProvider.start(SocketServerProvider.java:75)
	at com.acs.configuration.socket.SocketServerProvider.start(SocketServerProvider.java:75)
	at com.acs.configuration.socket.SocketServerProvider.start(SocketServerProvider.java:75)
	at com.acs.configuration.socket.SocketServerProvider.start(SocketServerProvider.java:75)
	at com.acs.configuration.socket.SocketServerProvider.start(SocketServerProvider.java:75)
	at com.acs.configuration.socket.SocketServerProvider.start(SocketServerProvider.java:75)
	at com.acs.configuration.socket.SocketServerProvider.start(SocketServerProvider.java:75)
	at com.acs.configuration.socket.SocketServerProvider.start(SocketServerProvider.java:75)
	at com.acs.configuration.socket.SocketServerProvider.start(SocketServerProvider.java:75)
	at com.acs.configuration.socket.SocketServerProvider.start(SocketServerProvider.java:75)
	at com.acs.configuration.socket.SocketServerProvider.start(SocketServerProvider.java:75)
	at com.acs.configuration.socket.SocketServerProvider.start(SocketServerProvider.java:75)
	at com.acs.configuration.socket.SocketServerProvider.start(SocketServerProvider.java:75)
	at com.acs.configuration.socket.SocketServerProvider.start(SocketServerProvider.java:75)
	at com.acs.configuration.socket.SocketServerProvider.start(SocketServerProvider.java:75)
	at com.acs.configuration.socket.SocketServerProvider.start(SocketServerProvider.java:75)
	at com.acs.configuration.socket.SocketServerProvider.start(SocketServerProvider.java:75)
	at com.acs.configuration.socket.SocketServerProvider.start(SocketServerProvider.java:75)
	at com.acs.configuration.socket.SocketServerProvider.start(SocketServerProvider.java:75)
	at com.acs.configuration.socket.SocketServerProvider.start(SocketServerProvider.java:75)
	at com.acs.configuration.socket.SocketServerProvider.start(SocketServerProvider.java:75)
	at com.acs.configuration.socket.SocketServerProvider.start(SocketServerProvider.java:75)
	at com.acs.configuration.socket.SocketServerProvider.start(SocketServerProvider.java:75)
	at com.acs.configuration.socket.SocketServerProvider.start(SocketServerProvider.java:75)
	at com.acs.configuration.socket.SocketServerProvider.start(SocketServerProvider.java:75)
	at com.acs.configuration.socket.SocketServerProvider.start(SocketServerProvider.java:75)
	at com.acs.configuration.socket.SocketServerProvider.start(SocketServerProvider.java:75)
	at com.acs.configuration.socket.SocketServerProvider.start(SocketServerProvider.java:75)
	at com.acs.configuration.socket.SocketServerProvider.start(SocketServerProvider.java:75)
	at com.acs.configuration.socket.SocketServerProvider.start(SocketServerProvider.java:75)
	at com.acs.configuration.socket.SocketServerProvider.start(SocketServerProvider.java:75)
	at com.acs.configuration.socket.SocketServerProvider.start(SocketServerProvider.java:75)
	at com.acs.configuration.socket.SocketServerProvider.start(SocketServerProvider.java:75)
	at com.acs.configuration.socket.SocketServerProvider.start(SocketServerProvider.java:75)
	at com.acs.configuration.socket.SocketServerProvider.start(SocketServerProvider.java:75)
	at com.acs.configuration.socket.SocketServerProvider.start(SocketServerProvider.java:75)
	at com.acs.configuration.socket.SocketServerProvider.start(SocketServerProvider.java:75)
	at com.acs.configuration.socket.SocketServerProvider.start(SocketServerProvider.java:75)
	at com.acs.configuration.socket.SocketServerProvider.start(SocketServerProvider.java:75)
	at com.acs.configuration.socket.SocketServerProvider.start(SocketServerProvider.java:75)
	at com.acs.configuration.socket.SocketServerProvider.start(SocketServerProvider.java:75)
	at com.acs.configuration.socket.SocketServerProvider.start(SocketServerProvider.java:75)
	at com.acs.configuration.socket.SocketServerProvider.start(SocketServerProvider.java:75)
	at com.acs.configuration.socket.SocketServerProvider.start(SocketServerProvider.java:75)
	at com.acs.configuration.socket.SocketServerProvider.start(SocketServerProvider.java:75)
	at com.acs.configuration.socket.SocketServerProvider.start(SocketServerProvider.java:75)
	at com.acs.configuration.socket.SocketServerProvider.start(SocketServerProvider.java:75)
	at com.acs.configuration.socket.SocketServerProvider.start(SocketServerProvider.java:75)
	at com.acs.configuration.socket.SocketServerProvider.start(SocketServerProvider.java:75)
	at com.acs.configuration.socket.SocketServerProvider.start(SocketServerProvider.java:75)
	at com.acs.configuration.socket.SocketServerProvider.start(SocketServerProvider.java:75)
	at com.acs.configuration.socket.SocketServerProvider.start(SocketServerProvider.java:75)
	at com.acs.configuration.socket.SocketServerProvider.start(SocketServerProvider.java:75)
	at com.acs.configuration.socket.SocketServerProvider.start(SocketServerProvider.java:75)
	at com.acs.configuration.socket.SocketServerProvider.start(SocketServerProvider.java:75)
	at com.acs.configuration.socket.SocketServerProvider.start(SocketServerProvider.java:75)
	at com.acs.configuration.socket.SocketServerProvider.start(SocketServerProvider.java:75)
	at com.acs.configuration.socket.SocketServerProvider.start(SocketServerProvider.java:75)
	at com.acs.configuration.socket.SocketServerProvider.start(SocketServerProvider.java:75)
	at com.acs.configuration.socket.SocketServerProvider.start(SocketServerProvider.java:75)
	at com.acs.configuration.socket.SocketServerProvider.start(SocketServerProvider.java:75)
	at com.acs.configuration.socket.SocketServerProvider.start(SocketServerProvider.java:75)
	at com.acs.configuration.socket.SocketServerProvider.start(SocketServerProvider.java:75)
	at com.acs.configuration.socket.SocketServerProvider.start(SocketServerProvider.java:75)
	at com.acs.configuration.socket.SocketServerProvider.start(SocketServerProvider.java:75)
	at com.acs.configuration.socket.SocketServerProvider.start(SocketServerProvider.java:75)
	at com.acs.configuration.socket.SocketServerProvider.start(SocketServerProvider.java:75)
	at com.acs.configuration.socket.SocketServerProvider.start(SocketServerProvider.java:75)
	at com.acs.configuration.socket.SocketServerProvider.start(SocketServerProvider.java:75)
	at com.acs.configuration.socket.SocketServerProvider.start(SocketServerProvider.java:75)
	at com.acs.configuration.socket.SocketServerProvider.start(SocketServerProvider.java:75)
	at com.acs.configuration.socket.SocketServerProvider.start(SocketServerProvider.java:75)
	at com.acs.configuration.socket.SocketServerProvider.start(SocketServerProvider.java:75)
	at com.acs.configuration.socket.SocketServerProvider.start(SocketServerProvider.java:75)
	at com.acs.configuration.socket.SocketServerProvider.start(SocketServerProvider.java:75)
	at com.acs.configuration.socket.SocketServerProvider.start(SocketServerProvider.java:75)
	at com.acs.configuration.socket.SocketServerProvider.start(SocketServerProvider.java:75)
	at com.acs.configuration.socket.SocketServerProvider.start(SocketServerProvider.java:75)
	at com.acs.configuration.socket.SocketServerProvider.start(SocketServerProvider.java:75)
	at com.acs.configuration.socket.SocketServerProvider.start(SocketServerProvider.java:75)
	at com.acs.configuration.socket.SocketServerProvider.start(SocketServerProvider.java:75)
	at com.acs.configuration.socket.SocketServerProvider.start(SocketServerProvider.java:75)
	at com.acs.configuration.socket.SocketServerProvider.start(SocketServerProvider.java:75)
	at com.acs.configuration.socket.SocketServerProvider.start(SocketServerProvider.java:75)
	at com.acs.configuration.socket.SocketServerProvider.start(SocketServerProvider.java:75)
	at com.acs.configuration.socket.SocketServerProvider.start(SocketServerProvider.java:75)
	at com.acs.configuration.socket.SocketServerProvider.start(SocketServerProvider.java:75)
	at com.acs.configuration.socket.SocketServerProvider.start(SocketServerProvider.java:75)
	at com.acs.configuration.socket.SocketServerProvider.start(SocketServerProvider.java:75)
	at com.acs.configuration.socket.SocketServerProvider.start(SocketServerProvider.java:75)
	at com.acs.configuration.socket.SocketServerProvider.start(SocketServerProvider.java:75)
	at com.acs.configuration.socket.SocketServerProvider.start(SocketServerProvider.java:75)
	at com.acs.configuration.socket.SocketServerProvider.start(SocketServerProvider.java:75)
	at com.acs.configuration.socket.SocketServerProvider.start(SocketServerProvider.java:75)
	at com.acs.configuration.socket.SocketServerProvider.start(SocketServerProvider.java:75)
	at com.acs.configuration.socket.SocketServerProvider.start(SocketServerProvider.java:75)
	at com.acs.configuration.socket.SocketServerProvider.start(SocketServerProvider.java:75)
	at com.acs.configuration.socket.SocketServerProvider.start(SocketServerProvider.java:75)
	at com.acs.configuration.socket.SocketServerProvider.start(SocketServerProvider.java:75)
	at com.acs.configuration.socket.SocketServerProvider.start(SocketServerProvider.java:75)
	at com.acs.configuration.socket.SocketServerProvider.start(SocketServerProvider.java:75)
	at com.acs.configuration.socket.SocketServerProvider.start(SocketServerProvider.java:75)
	at com.acs.configuration.socket.SocketServerProvider.start(SocketServerProvider.java:75)
	at com.acs.configuration.socket.SocketServerProvider.start(SocketServerProvider.java:75)
	at com.acs.configuration.socket.SocketServerProvider.start(SocketServerProvider.java:75)
	at com.acs.configuration.socket.SocketServerProvider.start(SocketServerProvider.java:75)
	at com.acs.configuration.socket.SocketServerProvider.start(SocketServerProvider.java:75)
	at com.acs.configuration.socket.SocketServerProvider.start(SocketServerProvider.java:75)
	at com.acs.configuration.socket.SocketServerProvider.start(SocketServerProvider.java:75)
	at com.acs.configuration.socket.SocketServerProvider.start(SocketServerProvider.java:75)
	at com.acs.configuration.socket.SocketServerProvider.start(SocketServerProvider.java:75)
	at com.acs.configuration.socket.SocketServerProvider.start(SocketServerProvider.java:75)
	at com.acs.configuration.socket.SocketServerProvider.start(SocketServerProvider.java:75)
	at com.acs.configuration.socket.SocketServerProvider.start(SocketServerProvider.java:75)
	at com.acs.configuration.socket.SocketServerProvider.start(SocketServerProvider.java:75)
	at com.acs.configuration.socket.SocketServerProvider.start(SocketServerProvider.java:75)
	at com.acs.configuration.socket.SocketServerProvider.start(SocketServerProvider.java:75)
	at com.acs.configuration.socket.SocketServerProvider.start(SocketServerProvider.java:75)
	at com.acs.configuration.socket.SocketServerProvider.start(SocketServerProvider.java:75)
	at com.acs.configuration.socket.SocketServerProvider.start(SocketServerProvider.java:75)
	at com.acs.configuration.socket.SocketServerProvider.start(SocketServerProvider.java:75)
	at com.acs.configuration.socket.SocketServerProvider.start(SocketServerProvider.java:75)
	at com.acs.configuration.socket.SocketServerProvider.start(SocketServerProvider.java:75)
	at com.acs.configuration.socket.SocketServerProvider.start(SocketServerProvider.java:75)
	at com.acs.configuration.socket.SocketServerProvider.start(SocketServerProvider.java:75)
	at com.acs.configuration.socket.SocketServerProvider.start(SocketServerProvider.java:75)
	at com.acs.configuration.socket.SocketServerProvider.start(SocketServerProvider.java:75)
	at com.acs.configuration.socket.SocketServerProvider.start(SocketServerProvider.java:75)
	at com.acs.configuration.socket.SocketServerProvider.start(SocketServerProvider.java:75)
	at com.acs.configuration.socket.SocketServerProvider.start(SocketServerProvider.java:75)
	at com.acs.configuration.socket.SocketServerProvider.start(SocketServerProvider.java:75)
	at com.acs.configuration.socket.SocketServerProvider.start(SocketServerProvider.java:75)
	at com.acs.configuration.socket.SocketServerProvider.start(SocketServerProvider.java:75)
	at com.acs.configuration.socket.SocketServerProvider.start(SocketServerProvider.java:75)
	at com.acs.configuration.socket.SocketServerProvider.start(SocketServerProvider.java:75)
	at com.acs.configuration.socket.SocketServerProvider.start(SocketServerProvider.java:75)
	at com.acs.configuration.socket.SocketServerProvider.start(SocketServerProvider.java:75)
	at com.acs.configuration.socket.SocketServerProvider.start(SocketServerProvider.java:75)
	at com.acs.configuration.socket.SocketServerProvider.start(SocketServerProvider.java:75)
	at com.acs.configuration.socket.SocketServerProvider.start(SocketServerProvider.java:75)
	at com.acs.configuration.socket.SocketServerProvider.start(SocketServerProvider.java:75)
	at com.acs.configuration.socket.SocketServerProvider.start(SocketServerProvider.java:75)
	at com.acs.configuration.socket.SocketServerProvider.start(SocketServerProvider.java:75)
	at com.acs.configuration.socket.SocketServerProvider.start(SocketServerProvider.java:75)
	at com.acs.configuration.socket.SocketServerProvider.start(SocketServerProvider.java:75)
	at com.acs.configuration.socket.SocketServerProvider.start(SocketServerProvider.java:75)
	at com.acs.configuration.socket.SocketServerProvider.start(SocketServerProvider.java:75)
	at com.acs.configuration.socket.SocketServerProvider.start(SocketServerProvider.java:75)
	at com.acs.configuration.socket.SocketServerProvider.start(SocketServerProvider.java:75)
	at com.acs.configuration.socket.SocketServerProvider.start(SocketServerProvider.java:75)
	at com.acs.configuration.socket.SocketServerProvider.start(SocketServerProvider.java:75)
	at com.acs.configuration.socket.SocketServerProvider.start(SocketServerProvider.java:75)
	at com.acs.configuration.socket.SocketServerProvider.start(SocketServerProvider.java:75)
	at com.acs.configuration.socket.SocketServerProvider.start(SocketServerProvider.java:75)
	at com.acs.configuration.socket.SocketServerProvider.start(SocketServerProvider.java:75)
	at com.acs.configuration.socket.SocketServerProvider.start(SocketServerProvider.java:75)
	at com.acs.configuration.socket.SocketServerProvider.start(SocketServerProvider.java:75)
	at com.acs.configuration.socket.SocketServerProvider.start(SocketServerProvider.java:75)
	at com.acs.configuration.socket.SocketServerProvider.start(SocketServerProvider.java:75)
	at com.acs.configuration.socket.SocketServerProvider.start(SocketServerProvider.java:75)
	at com.acs.configuration.socket.SocketServerProvider.start(SocketServerProvider.java:75)
	at com.acs.configuration.socket.SocketServerProvider.start(SocketServerProvider.java:75)
	at com.acs.configuration.socket.SocketServerProvider.start(SocketServerProvider.java:75)
	at com.acs.configuration.socket.SocketServerProvider.start(SocketServerProvider.java:75)
	at com.acs.configuration.socket.SocketServerProvider.start(SocketServerProvider.java:75)
	at com.acs.configuration.socket.SocketServerProvider.start(SocketServerProvider.java:75)
	at com.acs.configuration.socket.SocketServerProvider.start(SocketServerProvider.java:75)
	at com.acs.configuration.socket.SocketServerProvider.start(SocketServerProvider.java:75)
	at com.acs.configuration.socket.SocketServerProvider.start(SocketServerProvider.java:75)
	at com.acs.configuration.socket.SocketServerProvider.start(SocketServerProvider.java:75)
	at com.acs.configuration.socket.SocketServerProvider.start(SocketServerProvider.java:75)
	at com.acs.configuration.socket.SocketServerProvider.start(SocketServerProvider.java:75)
	at com.acs.configuration.socket.SocketServerProvider.start(SocketServerProvider.java:75)
	at com.acs.configuration.socket.SocketServerProvider.start(SocketServerProvider.java:75)
	at com.acs.configuration.socket.SocketServerProvider.start(SocketServerProvider.java:75)
	at com.acs.configuration.socket.SocketServerProvider.start(SocketServerProvider.java:75)
	at com.acs.configuration.socket.SocketServerProvider.start(SocketServerProvider.java:75)
	at com.acs.configuration.socket.SocketServerProvider.start(SocketServerProvider.java:75)
	at com.acs.configuration.socket.SocketServerProvider.start(SocketServerProvider.java:75)
	at com.acs.configuration.socket.SocketServerProvider.start(SocketServerProvider.java:75)
	at com.acs.configuration.socket.SocketServerProvider.start(SocketServerProvider.java:75)
	at com.acs.configuration.socket.SocketServerProvider.start(SocketServerProvider.java:75)
	at com.acs.configuration.socket.SocketServerProvider.start(SocketServerProvider.java:75)
	at com.acs.configuration.socket.SocketServerProvider.start(SocketServerProvider.java:75)
	at com.acs.configuration.socket.SocketServerProvider.start(SocketServerProvider.java:75)
	at com.acs.configuration.socket.SocketServerProvider.start(SocketServerProvider.java:75)
	at com.acs.configuration.socket.SocketServerProvider.start(SocketServerProvider.java:75)
	at com.acs.configuration.socket.SocketServerProvider.start(SocketServerProvider.java:75)
	at com.acs.configuration.socket.SocketServerProvider.start(SocketServerProvider.java:75)
	at com.acs.configuration.socket.SocketServerProvider.start(SocketServerProvider.java:75)
	at com.acs.configuration.socket.SocketServerProvider.start(SocketServerProvider.java:75)
	at com.acs.configuration.socket.SocketServerProvider.start(SocketServerProvider.java:75)
	at com.acs.configuration.socket.SocketServerProvider.start(SocketServerProvider.java:75)
	at com.acs.configuration.socket.SocketServerProvider.start(SocketServerProvider.java:75)
	at com.acs.configuration.socket.SocketServerProvider.start(SocketServerProvider.java:75)
	at com.acs.configuration.socket.SocketServerProvider.start(SocketServerProvider.java:75)
	at com.acs.configuration.socket.SocketServerProvider.start(SocketServerProvider.java:75)
	at com.acs.configuration.socket.SocketServerProvider.start(SocketServerProvider.java:75)
	at com.acs.configuration.socket.SocketServerProvider.start(SocketServerProvider.java:75)
	at com.acs.configuration.socket.SocketServerProvider.start(SocketServerProvider.java:75)
	at com.acs.configuration.socket.SocketServerProvider.start(SocketServerProvider.java:75)
	at com.acs.configuration.socket.SocketServerProvider.start(SocketServerProvider.java:75)
	at com.acs.configuration.socket.SocketServerProvider.start(SocketServerProvider.java:75)
	at com.acs.configuration.socket.SocketServerProvider.start(SocketServerProvider.java:75)
	at com.acs.configuration.socket.SocketServerProvider.start(SocketServerProvider.java:75)
	at com.acs.configuration.socket.SocketServerProvider.start(SocketServerProvider.java:75)
	at com.acs.configuration.socket.SocketServerProvider.start(SocketServerProvider.java:75)
	at com.acs.configuration.socket.SocketServerProvider.start(SocketServerProvider.java:75)
	at com.acs.configuration.socket.SocketServerProvider.start(SocketServerProvider.java:75)
	at com.acs.configuration.socket.SocketServerProvider.start(SocketServerProvider.java:75)
	at com.acs.configuration.socket.SocketServerProvider.start(SocketServerProvider.java:75)
	at com.acs.configuration.socket.SocketServerProvider.start(SocketServerProvider.java:75)
	at com.acs.configuration.socket.SocketServerProvider.start(SocketServerProvider.java:75)
	at com.acs.configuration.socket.SocketServerProvider.start(SocketServerProvider.java:75)
	at com.acs.configuration.socket.SocketServerProvider.start(SocketServerProvider.java:75)
	at com.acs.configuration.socket.SocketServerProvider.start(SocketServerProvider.java:75)
	at com.acs.configuration.socket.SocketServerProvider.start(SocketServerProvider.java:75)
	at com.acs.configuration.socket.SocketServerProvider.start(SocketServerProvider.java:75)
	at com.acs.configuration.socket.SocketServerProvider.start(SocketServerProvider.java:75)
	at com.acs.configuration.socket.SocketServerProvider.start(SocketServerProvider.java:75)
	at com.acs.configuration.socket.SocketServerProvider.start(SocketServerProvider.java:75)
	at com.acs.configuration.socket.SocketServerProvider.start(SocketServerProvider.java:75)
	at com.acs.configuration.socket.SocketServerProvider.start(SocketServerProvider.java:75)
	at com.acs.configuration.socket.SocketServerProvider.start(SocketServerProvider.java:75)
	at com.acs.configuration.socket.SocketServerProvider.start(SocketServerProvider.java:75)
	at com.acs.configuration.socket.SocketServerProvider.start(SocketServerProvider.java:75)
	at com.acs.configuration.socket.SocketServerProvider.start(SocketServerProvider.java:75)
	at com.acs.configuration.socket.SocketServerProvider.start(SocketServerProvider.java:75)
	at com.acs.configuration.socket.SocketServerProvider.start(SocketServerProvider.java:75)
	at com.acs.configuration.socket.SocketServerProvider.start(SocketServerProvider.java:75)
	at com.acs.configuration.socket.SocketServerProvider.start(SocketServerProvider.java:75)
	at com.acs.configuration.socket.SocketServerProvider.start(SocketServerProvider.java:75)
	at com.acs.configuration.socket.SocketServerProvider.start(SocketServerProvider.java:75)
	at com.acs.configuration.socket.SocketServerProvider.start(SocketServerProvider.java:75)
	at com.acs.configuration.socket.SocketServerProvider.start(SocketServerProvider.java:75)
	at com.acs.configuration.socket.SocketServerProvider.start(SocketServerProvider.java:75)
	at com.acs.configuration.socket.SocketServerProvider.start(SocketServerProvider.java:75)
	at com.acs.configuration.socket.SocketServerProvider.start(SocketServerProvider.java:75)
	at com.acs.configuration.socket.SocketServerProvider.start(SocketServerProvider.java:75)
	at com.acs.configuration.socket.SocketServerProvider.start(SocketServerProvider.java:75)
	at com.acs.configuration.socket.SocketServerProvider.start(SocketServerProvider.java:75)
	at com.acs.configuration.socket.SocketServerProvider.start(SocketServerProvider.java:75)
	at com.acs.configuration.socket.SocketServerProvider.start(SocketServerProvider.java:75)
	at com.acs.configuration.socket.SocketServerProvider.start(SocketServerProvider.java:75)
	at com.acs.configuration.socket.SocketServerProvider.start(SocketServerProvider.java:75)
	at com.acs.configuration.socket.SocketServerProvider.start(SocketServerProvider.java:75)
	at com.acs.configuration.socket.SocketServerProvider.start(SocketServerProvider.java:75)
	at com.acs.configuration.socket.SocketServerProvider.start(SocketServerProvider.java:75)
	at com.acs.configuration.socket.SocketServerProvider.start(SocketServerProvider.java:75)
	at com.acs.configuration.socket.SocketServerProvider.start(SocketServerProvider.java:75)
	at com.acs.configuration.socket.SocketServerProvider.start(SocketServerProvider.java:75)
	at com.acs.configuration.socket.SocketServerProvider.start(SocketServerProvider.java:75)
	at com.acs.configuration.socket.SocketServerProvider.start(SocketServerProvider.java:75)
	at com.acs.configuration.socket.SocketServerProvider.start(SocketServerProvider.java:75)
	at com.acs.configuration.socket.SocketServerProvider.start(SocketServerProvider.java:75)
	at com.acs.configuration.socket.SocketServerProvider.start(SocketServerProvider.java:75)
	at com.acs.configuration.socket.SocketServerProvider.start(SocketServerProvider.java:75)
	at com.acs.configuration.socket.SocketServerProvider.start(SocketServerProvider.java:75)
	at com.acs.configuration.socket.SocketServerProvider.start(SocketServerProvider.java:75)
	at com.acs.configuration.socket.SocketServerProvider.start(SocketServerProvider.java:75)
	at com.acs.configuration.socket.SocketServerProvider.start(SocketServerProvider.java:75)
	at com.acs.configuration.socket.SocketServerProvider.start(SocketServerProvider.java:75)
	at com.acs.configuration.socket.SocketServerProvider.start(SocketServerProvider.java:75)
	at com.acs.configuration.socket.SocketServerProvider.start(SocketServerProvider.java:75)
	at com.acs.configuration.socket.SocketServerProvider.start(SocketServerProvider.java:75)
	at com.acs.configuration.socket.SocketServerProvider.start(SocketServerProvider.java:75)
	at com.acs.configuration.socket.SocketServerProvider.start(SocketServerProvider.java:75)
	at com.acs.configuration.socket.SocketServerProvider.start(SocketServerProvider.java:75)
	at com.acs.configuration.socket.SocketServerProvider.start(SocketServerProvider.java:75)
	at com.acs.configuration.socket.SocketServerProvider.start(SocketServerProvider.java:75)
	at com.acs.configuration.socket.SocketServerProvider.start(SocketServerProvider.java:75)
	at com.acs.configuration.socket.SocketServerProvider.start(SocketServerProvider.java:75)
	at com.acs.configuration.socket.SocketServerProvider.start(SocketServerProvider.java:75)
	at com.acs.configuration.socket.SocketServerProvider.start(SocketServerProvider.java:75)
	at com.acs.configuration.socket.SocketServerProvider.start(SocketServerProvider.java:75)
	at com.acs.configuration.socket.SocketServerProvider.start(SocketServerProvider.java:75)
	at com.acs.configuration.socket.SocketServerProvider.start(SocketServerProvider.java:75)
	at com.acs.configuration.socket.SocketServerProvider.start(SocketServerProvider.java:75)
	at com.acs.configuration.socket.SocketServerProvider.start(SocketServerProvider.java:75)
	at com.acs.configuration.socket.SocketServerProvider.start(SocketServerProvider.java:75)
	at com.acs.configuration.socket.SocketServerProvider.start(SocketServerProvider.java:75)
	at com.acs.configuration.socket.SocketServerProvider.start(SocketServerProvider.java:75)
	at com.acs.configuration.socket.SocketServerProvider.start(SocketServerProvider.java:75)
	at com.acs.configuration.socket.SocketServerProvider.start(SocketServerProvider.java:75)
	at com.acs.configuration.socket.SocketServerProvider.start(SocketServerProvider.java:75)
	at com.acs.configuration.socket.SocketServerProvider.start(SocketServerProvider.java:75)
	at com.acs.configuration.socket.SocketServerProvider.start(SocketServerProvider.java:75)
	at com.acs.configuration.socket.SocketServerProvider.start(SocketServerProvider.java:75)
	at com.acs.configuration.socket.SocketServerProvider.start(SocketServerProvider.java:75)
	at com.acs.configuration.socket.SocketServerProvider.start(SocketServerProvider.java:75)
	at com.acs.configuration.socket.SocketServerProvider.start(SocketServerProvider.java:75)
	at com.acs.configuration.socket.SocketServerProvider.start(SocketServerProvider.java:75)
	at com.acs.configuration.socket.SocketServerProvider.start(SocketServerProvider.java:75)
	at com.acs.configuration.socket.SocketServerProvider.start(SocketServerProvider.java:75)
	at com.acs.configuration.socket.SocketServerProvider.start(SocketServerProvider.java:75)
	at com.acs.configuration.socket.SocketServerProvider.start(SocketServerProvider.java:75)
	at com.acs.configuration.socket.SocketServerProvider.start(SocketServerProvider.java:75)
	at com.acs.configuration.socket.SocketServerProvider.start(SocketServerProvider.java:75)
	at com.acs.configuration.socket.SocketServerProvider.start(SocketServerProvider.java:75)
	at com.acs.configuration.socket.SocketServerProvider.start(SocketServerProvider.java:75)
	at com.acs.configuration.socket.SocketServerProvider.start(SocketServerProvider.java:75)
	at com.acs.configuration.socket.SocketServerProvider.start(SocketServerProvider.java:75)
	at com.acs.configuration.socket.SocketServerProvider.start(SocketServerProvider.java:75)
	at com.acs.configuration.socket.SocketServerProvider.start(SocketServerProvider.java:75)
	at com.acs.configuration.socket.SocketServerProvider.start(SocketServerProvider.java:75)
	at com.acs.configuration.socket.SocketServerProvider.start(SocketServerProvider.java:75)
	at com.acs.configuration.socket.SocketServerProvider.start(SocketServerProvider.java:75)
	at com.acs.configuration.socket.SocketServerProvider.start(SocketServerProvider.java:75)
	at com.acs.configuration.socket.SocketServerProvider.start(SocketServerProvider.java:75)
	at com.acs.configuration.socket.SocketServerProvider.start(SocketServerProvider.java:75)
	at com.acs.configuration.socket.SocketServerProvider.start(SocketServerProvider.java:75)
	at com.acs.configuration.socket.SocketServerProvider.start(SocketServerProvider.java:75)
	at com.acs.configuration.socket.SocketServerProvider.start(SocketServerProvider.java:75)
	at com.acs.configuration.socket.SocketServerProvider.start(SocketServerProvider.java:75)
	at com.acs.configuration.socket.SocketServerProvider.start(SocketServerProvider.java:75)
	at com.acs.configuration.socket.SocketServerProvider.start(SocketServerProvider.java:75)
	at com.acs.configuration.socket.SocketServerProvider.start(SocketServerProvider.java:75)
	at com.acs.configuration.socket.SocketServerProvider.start(SocketServerProvider.java:75)
	at com.acs.configuration.socket.SocketServerProvider.start(SocketServerProvider.java:75)
	at com.acs.configuration.socket.SocketServerProvider.start(SocketServerProvider.java:75)
	at com.acs.configuration.socket.SocketServerProvider.start(SocketServerProvider.java:75)
	at com.acs.configuration.socket.SocketServerProvider.start(SocketServerProvider.java:75)
	at com.acs.configuration.socket.SocketServerProvider.start(SocketServerProvider.java:75)
	at com.acs.configuration.socket.SocketServerProvider.start(SocketServerProvider.java:75)
	at com.acs.configuration.socket.SocketServerProvider.start(SocketServerProvider.java:75)
	at com.acs.configuration.socket.SocketServerProvider.start(SocketServerProvider.java:75)
	at com.acs.configuration.socket.SocketServerProvider.start(SocketServerProvider.java:75)
	at com.acs.configuration.socket.SocketServerProvider.start(SocketServerProvider.java:75)
	at com.acs.configuration.socket.SocketServerProvider.start(SocketServerProvider.java:75)
	at com.acs.configuration.socket.SocketServerProvider.start(SocketServerProvider.java:75)
	at com.acs.configuration.socket.SocketServerProvider.start(SocketServerProvider.java:75)
	at com.acs.configuration.socket.SocketServerProvider.start(SocketServerProvider.java:75)
	at com.acs.configuration.socket.SocketServerProvider.start(SocketServerProvider.java:75)
	at com.acs.configuration.socket.SocketServerProvider.start(SocketServerProvider.java:75)
	at com.acs.configuration.socket.SocketServerProvider.start(SocketServerProvider.java:75)
	at com.acs.configuration.socket.SocketServerProvider.start(SocketServerProvider.java:75)
	at com.acs.configuration.socket.SocketServerProvider.start(SocketServerProvider.java:75)
	at com.acs.configuration.socket.SocketServerProvider.start(SocketServerProvider.java:75)
	at com.acs.configuration.socket.SocketServerProvider.start(SocketServerProvider.java:75)
	at com.acs.configuration.socket.SocketServerProvider.start(SocketServerProvider.java:75)
	at com.acs.configuration.socket.SocketServerProvider.start(SocketServerProvider.java:75)
	at com.acs.configuration.socket.SocketServerProvider.start(SocketServerProvider.java:75)
	at com.acs.configuration.socket.SocketServerProvider.start(SocketServerProvider.java:75)
	at com.acs.configuration.socket.SocketServerProvider.start(SocketServerProvider.java:75)
	at com.acs.configuration.socket.SocketServerProvider.start(SocketServerProvider.java:75)
	at com.acs.configuration.socket.SocketServerProvider.start(SocketServerProvider.java:75)
	at com.acs.configuration.socket.SocketServerProvider.start(SocketServerProvider.java:75)
	at com.acs.configuration.socket.SocketServerProvider.start(SocketServerProvider.java:75)
	at com.acs.configuration.socket.SocketServerProvider.start(SocketServerProvider.java:75)
	at com.acs.configuration.socket.SocketServerProvider.start(SocketServerProvider.java:75)
	at com.acs.configuration.socket.SocketServerProvider.start(SocketServerProvider.java:75)
	at com.acs.configuration.socket.SocketServerProvider.start(SocketServerProvider.java:75)
	at com.acs.configuration.socket.SocketServerProvider.start(SocketServerProvider.java:75)
	at com.acs.configuration.socket.SocketServerProvider.start(SocketServerProvider.java:75)
	at com.acs.configuration.socket.SocketServerProvider.start(SocketServerProvider.java:75)
	at com.acs.configuration.socket.SocketServerProvider.start(SocketServerProvider.java:75)
	at com.acs.configuration.socket.SocketServerProvider.start(SocketServerProvider.java:75)
	at com.acs.configuration.socket.SocketServerProvider.start(SocketServerProvider.java:75)
	at com.acs.configuration.socket.SocketServerProvider.start(SocketServerProvider.java:75)
	at com.acs.configuration.socket.SocketServerProvider.start(SocketServerProvider.java:75)
	at com.acs.configuration.socket.SocketServerProvider.start(SocketServerProvider.java:75)
	at com.acs.configuration.socket.SocketServerProvider.start(SocketServerProvider.java:75)
	at com.acs.configuration.socket.SocketServerProvider.start(SocketServerProvider.java:75)
	at com.acs.configuration.socket.SocketServerProvider.start(SocketServerProvider.java:75)
	at com.acs.configuration.socket.SocketServerProvider.start(SocketServerProvider.java:75)
	at com.acs.configuration.socket.SocketServerProvider.start(SocketServerProvider.java:75)
	at com.acs.configuration.socket.SocketServerProvider.start(SocketServerProvider.java:75)
	at com.acs.configuration.socket.SocketServerProvider.start(SocketServerProvider.java:75)
	at com.acs.configuration.socket.SocketServerProvider.start(SocketServerProvider.java:75)
	at com.acs.configuration.socket.SocketServerProvider.start(SocketServerProvider.java:75)
	at com.acs.configuration.socket.SocketServerProvider.start(SocketServerProvider.java:75)
	at com.acs.configuration.socket.SocketServerProvider.start(SocketServerProvider.java:75)
	at com.acs.configuration.socket.SocketServerProvider.start(SocketServerProvider.java:75)
	at com.acs.configuration.socket.SocketServerProvider.start(SocketServerProvider.java:75)
	at com.acs.configuration.socket.SocketServerProvider.start(SocketServerProvider.java:75)
	at com.acs.configuration.socket.SocketServerProvider.start(SocketServerProvider.java:75)
	at com.acs.configuration.socket.SocketServerProvider.start(SocketServerProvider.java:75)
	at com.acs.configuration.socket.SocketServerProvider.start(SocketServerProvider.java:75)
	at com.acs.configuration.socket.SocketServerProvider.start(SocketServerProvider.java:75)
	at com.acs.configuration.socket.SocketServerProvider.start(SocketServerProvider.java:75)
	at com.acs.configuration.socket.SocketServerProvider.start(SocketServerProvider.java:75)
	at com.acs.configuration.socket.SocketServerProvider.start(SocketServerProvider.java:75)
	at com.acs.configuration.socket.SocketServerProvider.start(SocketServerProvider.java:75)
	at com.acs.configuration.socket.SocketServerProvider.start(SocketServerProvider.java:75)
	at com.acs.configuration.socket.SocketServerProvider.start(SocketServerProvider.java:75)
	at com.acs.configuration.socket.SocketServerProvider.start(SocketServerProvider.java:75)
	at com.acs.configuration.socket.SocketServerProvider.start(SocketServerProvider.java:75)
	at com.acs.configuration.socket.SocketServerProvider.start(SocketServerProvider.java:75)
	at com.acs.configuration.socket.SocketServerProvider.start(SocketServerProvider.java:75)
	at com.acs.configuration.socket.SocketServerProvider.start(SocketServerProvider.java:75)
	at com.acs.configuration.socket.SocketServerProvider.start(SocketServerProvider.java:75)
	at com.acs.configuration.socket.SocketServerProvider.start(SocketServerProvider.java:75)
	at com.acs.configuration.socket.SocketServerProvider.start(SocketServerProvider.java:75)
	at com.acs.configuration.socket.SocketServerProvider.start(SocketServerProvider.java:75)
	at com.acs.configuration.socket.SocketServerProvider.start(SocketServerProvider.java:75)
	at com.acs.configuration.socket.SocketServerProvider.start(SocketServerProvider.java:75)
	at com.acs.configuration.socket.SocketServerProvider.start(SocketServerProvider.java:75)
	at com.acs.configuration.socket.SocketServerProvider.start(SocketServerProvider.java:75)
	at com.acs.configuration.socket.SocketServerProvider.start(SocketServerProvider.java:75)
	at com.acs.configuration.socket.SocketServerProvider.start(SocketServerProvider.java:75)
	at com.acs.configuration.socket.SocketServerProvider.start(SocketServerProvider.java:75)
	at com.acs.configuration.socket.SocketServerProvider.start(SocketServerProvider.java:75)
	at com.acs.configuration.socket.SocketServerProvider.start(SocketServerProvider.java:75)
	at com.acs.configuration.socket.SocketServerProvider.start(SocketServerProvider.java:75)
	at com.acs.configuration.socket.SocketServerProvider.start(SocketServerProvider.java:75)
	at com.acs.configuration.socket.SocketServerProvider.start(SocketServerProvider.java:75)
	at com.acs.configuration.socket.SocketServerProvider.start(SocketServerProvider.java:75)
	at com.acs.configuration.socket.SocketServerProvider.start(SocketServerProvider.java:75)
	at com.acs.configuration.socket.SocketServerProvider.start(SocketServerProvider.java:75)
	at com.acs.configuration.socket.SocketServerProvider.start(SocketServerProvider.java:75)
	at com.acs.configuration.socket.SocketServerProvider.start(SocketServerProvider.java:75)
	at com.acs.configuration.socket.SocketServerProvider.start(SocketServerProvider.java:75)
	at com.acs.configuration.socket.SocketServerProvider.start(SocketServerProvider.java:75)
	at com.acs.configuration.socket.SocketServerProvider.start(SocketServerProvider.java:75)
	at com.acs.configuration.socket.SocketServerProvider.start(SocketServerProvider.java:75)
	at com.acs.configuration.socket.SocketServerProvider.start(SocketServerProvider.java:75)
	at com.acs.configuration.socket.SocketServerProvider.start(SocketServerProvider.java:75)
	at com.acs.configuration.socket.SocketServerProvider.start(SocketServerProvider.java:75)
	at com.acs.configuration.socket.SocketServerProvider.start(SocketServerProvider.java:75)
	at com.acs.configuration.socket.SocketServerProvider.start(SocketServerProvider.java:75)
	at com.acs.configuration.socket.SocketServerProvider.start(SocketServerProvider.java:75)
	at com.acs.configuration.socket.SocketServerProvider.start(SocketServerProvider.java:75)
	at com.acs.configuration.socket.SocketServerProvider.start(SocketServerProvider.java:75)
	at com.acs.configuration.socket.SocketServerProvider.start(SocketServerProvider.java:75)
	at com.acs.configuration.socket.SocketServerProvider.start(SocketServerProvider.java:75)
	at com.acs.configuration.socket.SocketServerProvider.start(SocketServerProvider.java:75)
	at com.acs.configuration.socket.SocketServerProvider.start(SocketServerProvider.java:75)
	at com.acs.configuration.socket.SocketServerProvider.start(SocketServerProvider.java:75)
	at com.acs.configuration.socket.SocketServerProvider.start(SocketServerProvider.java:75)
	at com.acs.configuration.socket.SocketServerProvider.start(SocketServerProvider.java:75)
	at com.acs.configuration.socket.SocketServerProvider.start(SocketServerProvider.java:75)
	at com.acs.configuration.socket.SocketServerProvider.start(SocketServerProvider.java:75)
	at com.acs.configuration.socket.SocketServerProvider.start(SocketServerProvider.java:75)
	at com.acs.configuration.socket.SocketServerProvider.start(SocketServerProvider.java:75)
	at com.acs.configuration.socket.SocketServerProvider.start(SocketServerProvider.java:75)
	at com.acs.configuration.socket.SocketServerProvider.start(SocketServerProvider.java:75)
	at com.acs.configuration.socket.SocketServerProvider.start(SocketServerProvider.java:75)
	at com.acs.configuration.socket.SocketServerProvider.start(SocketServerProvider.java:75)
	at com.acs.configuration.socket.SocketServerProvider.start(SocketServerProvider.java:75)
	at com.acs.configuration.socket.SocketServerProvider.start(SocketServerProvider.java:75)
	at com.acs.configuration.socket.SocketServerProvider.start(SocketServerProvider.java:75)
	at com.acs.configuration.socket.SocketServerProvider.start(SocketServerProvider.java:75)
	at com.acs.configuration.socket.SocketServerProvider.start(SocketServerProvider.java:75)
	at com.acs.configuration.socket.SocketServerProvider.start(SocketServerProvider.java:75)
	at com.acs.configuration.socket.SocketServerProvider.start(SocketServerProvider.java:75)
	at com.acs.configuration.socket.SocketServerProvider.start(SocketServerProvider.java:75)
	at com.acs.configuration.socket.SocketServerProvider.start(SocketServerProvider.java:75)
	at com.acs.configuration.socket.SocketServerProvider.start(SocketServerProvider.java:75)
	at com.acs.configuration.socket.SocketServerProvider.start(SocketServerProvider.java:75)
	at com.acs.configuration.socket.SocketServerProvider.start(SocketServerProvider.java:75)
	at com.acs.configuration.socket.SocketServerProvider.start(SocketServerProvider.java:75)
	at com.acs.configuration.socket.SocketServerProvider.start(SocketServerProvider.java:75)
	at com.acs.configuration.socket.SocketServerProvider.start(SocketServerProvider.java:75)
	at com.acs.configuration.socket.SocketServerProvider.start(SocketServerProvider.java:75)
	at com.acs.configuration.socket.SocketServerProvider.start(SocketServerProvider.java:75)
	at com.acs.configuration.socket.SocketServerProvider.start(SocketServerProvider.java:75)
	at com.acs.configuration.socket.SocketServerProvider.start(SocketServerProvider.java:75)
	at com.acs.configuration.socket.SocketServerProvider.start(SocketServerProvider.java:75)
	at com.acs.configuration.socket.SocketServerProvider.start(SocketServerProvider.java:75)
	at com.acs.configuration.socket.SocketServerProvider.start(SocketServerProvider.java:75)
	at com.acs.configuration.socket.SocketServerProvider.start(SocketServerProvider.java:75)
	at com.acs.configuration.socket.SocketServerProvider.start(SocketServerProvider.java:75)
	at com.acs.configuration.socket.SocketServerProvider.start(SocketServerProvider.java:75)
	at com.acs.configuration.socket.SocketServerProvider.start(SocketServerProvider.java:75)
	at com.acs.configuration.socket.SocketServerProvider.start(SocketServerProvider.java:75)
	at com.acs.configuration.socket.SocketServerProvider.start(SocketServerProvider.java:75)
	at com.acs.configuration.socket.SocketServerProvider.start(SocketServerProvider.java:75)
	at com.acs.configuration.socket.SocketServerProvider.start(SocketServerProvider.java:75)
	at com.acs.configuration.socket.SocketServerProvider.start(SocketServerProvider.java:75)
	at com.acs.configuration.socket.SocketServerProvider.start(SocketServerProvider.java:75)
	at com.acs.configuration.socket.SocketServerProvider.start(SocketServerProvider.java:75)
	at com.acs.configuration.socket.SocketServerProvider.start(SocketServerProvider.java:75)
	at com.acs.configuration.socket.SocketServerProvider.start(SocketServerProvider.java:75)
	at com.acs.configuration.socket.SocketServerProvider.start(SocketServerProvider.java:75)
	at com.acs.configuration.socket.SocketServerProvider.start(SocketServerProvider.java:75)
	at com.acs.configuration.socket.SocketServerProvider.start(SocketServerProvider.java:75)
	at com.acs.configuration.socket.SocketServerProvider.start(SocketServerProvider.java:75)
	at com.acs.configuration.socket.SocketServerProvider.start(SocketServerProvider.java:75)
	at com.acs.configuration.socket.SocketServerProvider.start(SocketServerProvider.java:75)
	at com.acs.configuration.socket.SocketServerProvider.start(SocketServerProvider.java:75)
	at com.acs.configuration.socket.SocketServerProvider.start(SocketServerProvider.java:75)
	at com.acs.configuration.socket.SocketServerProvider.start(SocketServerProvider.java:75)
	at com.acs.configuration.socket.SocketServerProvider.start(SocketServerProvider.java:75)
	at com.acs.configuration.socket.SocketServerProvider.start(SocketServerProvider.java:75)
	at com.acs.configuration.socket.SocketServerProvider.start(SocketServerProvider.java:75)
	at com.acs.configuration.socket.SocketServerProvider.start(SocketServerProvider.java:75)
	at com.acs.configuration.socket.SocketServerProvider.start(SocketServerProvider.java:75)
	at com.acs.configuration.socket.SocketServerProvider.start(SocketServerProvider.java:75)
	at com.acs.configuration.socket.SocketServerProvider.start(SocketServerProvider.java:75)
	at com.acs.configuration.socket.SocketServerProvider.start(SocketServerProvider.java:75)
	at com.acs.configuration.socket.SocketServerProvider.start(SocketServerProvider.java:75)
	at com.acs.configuration.socket.SocketServerProvider.start(SocketServerProvider.java:75)
	at com.acs.configuration.socket.SocketServerProvider.start(SocketServerProvider.java:75)
	at com.acs.configuration.socket.SocketServerProvider.start(SocketServerProvider.java:75)
	at com.acs.configuration.socket.SocketServerProvider.start(SocketServerProvider.java:75)
	at com.acs.configuration.socket.SocketServerProvider.start(SocketServerProvider.java:75)
	at com.acs.configuration.socket.SocketServerProvider.start(SocketServerProvider.java:75)
	at com.acs.configuration.socket.SocketServerProvider.start(SocketServerProvider.java:75)
	at com.acs.configuration.socket.SocketServerProvider.start(SocketServerProvider.java:75)
	at com.acs.configuration.socket.SocketServerProvider.start(SocketServerProvider.java:75)
	at com.acs.configuration.socket.SocketServerProvider.start(SocketServerProvider.java:75)
	at com.acs.configuration.socket.SocketServerProvider.start(SocketServerProvider.java:75)
	at com.acs.configuration.socket.SocketServerProvider.start(SocketServerProvider.java:75)
	at com.acs.configuration.socket.SocketServerProvider.start(SocketServerProvider.java:75)
	at com.acs.configuration.socket.SocketServerProvider.start(SocketServerProvider.java:75)
	at com.acs.configuration.socket.SocketServerProvider.start(SocketServerProvider.java:75)
	at com.acs.configuration.socket.SocketServerProvider.start(SocketServerProvider.java:75)
	at com.acs.configuration.socket.SocketServerProvider.start(SocketServerProvider.java:75)
	at com.acs.configuration.socket.SocketServerProvider.start(SocketServerProvider.java:75)
	at com.acs.configuration.socket.SocketServerProvider.start(SocketServerProvider.java:75)
	at com.acs.configuration.socket.SocketServerProvider.start(SocketServerProvider.java:75)
	at com.acs.configuration.socket.SocketServerProvider.start(SocketServerProvider.java:75)
	at com.acs.configuration.socket.SocketServerProvider.start(SocketServerProvider.java:75)
	at com.acs.configuration.socket.SocketServerProvider.start(SocketServerProvider.java:75)
	at com.acs.configuration.socket.SocketServerProvider.start(SocketServerProvider.java:75)
	at com.acs.configuration.socket.SocketServerProvider.start(SocketServerProvider.java:75)
	at com.acs.configuration.socket.SocketServerProvider.start(SocketServerProvider.java:75)
	at com.acs.configuration.socket.SocketServerProvider.start(SocketServerProvider.java:75)
	at com.acs.configuration.socket.SocketServerProvider.start(SocketServerProvider.java:75)
	at com.acs.configuration.socket.SocketServerProvider.start(SocketServerProvider.java:75)
	at com.acs.configuration.socket.SocketServerProvider.start(SocketServerProvider.java:75)
	at com.acs.configuration.socket.SocketServerProvider.start(SocketServerProvider.java:75)
	at com.acs.configuration.socket.SocketServerProvider.start(SocketServerProvider.java:75)
	at com.acs.configuration.socket.SocketServerProvider.start(SocketServerProvider.java:75)
	at com.acs.configuration.socket.SocketServerProvider.start(SocketServerProvider.java:75)
	at com.acs.configuration.socket.SocketServerProvider.start(SocketServerProvider.java:75)
	at com.acs.configuration.socket.SocketServerProvider.start(SocketServerProvider.java:75)
	at com.acs.configuration.socket.SocketServerProvider.start(SocketServerProvider.java:75)
	at com.acs.configuration.socket.SocketServerProvider.start(SocketServerProvider.java:75)
	at com.acs.configuration.socket.SocketServerProvider.start(SocketServerProvider.java:75)
	at com.acs.configuration.socket.SocketServerProvider.start(SocketServerProvider.java:75)
	at com.acs.configuration.socket.SocketServerProvider.start(SocketServerProvider.java:75)
	at com.acs.configuration.socket.SocketServerProvider.start(SocketServerProvider.java:75)
	at com.acs.configuration.socket.SocketServerProvider.start(SocketServerProvider.java:75)
	at com.acs.configuration.socket.SocketServerProvider.start(SocketServerProvider.java:75)
	at com.acs.configuration.socket.SocketServerProvider.start(SocketServerProvider.java:75)
	at com.acs.configuration.socket.SocketServerProvider.start(SocketServerProvider.java:75)
	at com.acs.configuration.socket.SocketServerProvider.start(SocketServerProvider.java:75)
	at com.acs.configuration.socket.SocketServerProvider.start(SocketServerProvider.java:75)
	at com.acs.configuration.socket.SocketServerProvider.start(SocketServerProvider.java:75)
	at com.acs.configuration.socket.SocketServerProvider.start(SocketServerProvider.java:75)
	at com.acs.configuration.socket.SocketServerProvider.start(SocketServerProvider.java:75)
	at com.acs.configuration.socket.SocketServerProvider.start(SocketServerProvider.java:75)
	at com.acs.configuration.socket.SocketServerProvider.start(SocketServerProvider.java:75)
	at com.acs.configuration.socket.SocketServerProvider.start(SocketServerProvider.java:75)
	at com.acs.configuration.socket.SocketServerProvider.start(SocketServerProvider.java:75)
	at com.acs.configuration.socket.SocketServerProvider.start(SocketServerProvider.java:75)
	at com.acs.configuration.socket.SocketServerProvider.start(SocketServerProvider.java:75)
	at com.acs.configuration.socket.SocketServerProvider.start(SocketServerProvider.java:75)
	at com.acs.configuration.socket.SocketServerProvider.start(SocketServerProvider.java:75)
	at com.acs.configuration.socket.SocketServerProvider.start(SocketServerProvider.java:75)
	at com.acs.configuration.socket.SocketServerProvider.start(SocketServerProvider.java:75)
	at com.acs.configuration.socket.SocketServerProvider.start(SocketServerProvider.java:75)
	at com.acs.configuration.socket.SocketServerProvider.start(SocketServerProvider.java:75)
	at com.acs.configuration.socket.SocketServerProvider.start(SocketServerProvider.java:75)
	at com.acs.configuration.socket.SocketServerProvider.start(SocketServerProvider.java:75)
	at com.acs.configuration.socket.SocketServerProvider.start(SocketServerProvider.java:75)
	at com.acs.configuration.socket.SocketServerProvider.start(SocketServerProvider.java:75)
	at com.acs.configuration.socket.SocketServerProvider.start(SocketServerProvider.java:75)
	at com.acs.configuration.socket.SocketServerProvider.start(SocketServerProvider.java:75)
	at com.acs.configuration.socket.SocketServerProvider.start(SocketServerProvider.java:75)
	at com.acs.configuration.socket.SocketServerProvider.start(SocketServerProvider.java:75)
	at com.acs.configuration.socket.SocketServerProvider.start(SocketServerProvider.java:75)
	at com.acs.configuration.socket.SocketServerProvider.start(SocketServerProvider.java:75)
	at com.acs.configuration.socket.SocketServerProvider.start(SocketServerProvider.java:75)
	at com.acs.configuration.socket.SocketServerProvider.start(SocketServerProvider.java:75)
	at com.acs.configuration.socket.SocketServerProvider.start(SocketServerProvider.java:75)
	at com.acs.configuration.socket.SocketServerProvider.start(SocketServerProvider.java:75)
	at com.acs.configuration.socket.SocketServerProvider.start(SocketServerProvider.java:75)
	at com.acs.configuration.socket.SocketServerProvider.start(SocketServerProvider.java:75)
	at com.acs.configuration.socket.SocketServerProvider.start(SocketServerProvider.java:75)
	at com.acs.configuration.socket.SocketServerProvider.start(SocketServerProvider.java:75)
	at com.acs.configuration.socket.SocketServerProvider.start(SocketServerProvider.java:75)
	at com.acs.configuration.socket.SocketServerProvider.start(SocketServerProvider.java:75)
	at com.acs.configuration.socket.SocketServerProvider.start(SocketServerProvider.java:75)
	at com.acs.configuration.socket.SocketServerProvider.start(SocketServerProvider.java:75)
	at com.acs.configuration.socket.SocketServerProvider.start(SocketServerProvider.java:75)
	at com.acs.configuration.socket.SocketServerProvider.start(SocketServerProvider.java:75)
	at com.acs.configuration.socket.SocketServerProvider.start(SocketServerProvider.java:75)
	at com.acs.configuration.socket.SocketServerProvider.start(SocketServerProvider.java:75)
	at com.acs.configuration.socket.SocketServerProvider.start(SocketServerProvider.java:75)
	at com.acs.configuration.socket.SocketServerProvider.start(SocketServerProvider.java:75)
	at com.acs.configuration.socket.SocketServerProvider.start(SocketServerProvider.java:75)
	at com.acs.configuration.socket.SocketServerProvider.start(SocketServerProvider.java:75)
	at com.acs.configuration.socket.SocketServerProvider.start(SocketServerProvider.java:75)
	at com.acs.configuration.socket.SocketServerProvider.start(SocketServerProvider.java:75)
	at com.acs.configuration.socket.SocketServerProvider.start(SocketServerProvider.java:75)
	at com.acs.configuration.socket.SocketServerProvider.start(SocketServerProvider.java:75)
	at com.acs.configuration.socket.SocketServerProvider.start(SocketServerProvider.java:75)
	at com.acs.configuration.socket.SocketServerProvider.start(SocketServerProvider.java:75)
	at com.acs.configuration.socket.SocketServerProvider.start(SocketServerProvider.java:75)
	at com.acs.configuration.socket.SocketServerProvider.start(SocketServerProvider.java:75)
	at com.acs.configuration.socket.SocketServerProvider.start(SocketServerProvider.java:75)
	at com.acs.configuration.socket.SocketServerProvider.start(SocketServerProvider.java:75)
	at com.acs.configuration.socket.SocketServerProvider.start(SocketServerProvider.java:75)
	at com.acs.configuration.socket.SocketServerProvider.start(SocketServerProvider.java:75)
	at com.acs.configuration.socket.SocketServerProvider.start(SocketServerProvider.java:75)
	at com.acs.configuration.socket.SocketServerProvider.start(SocketServerProvider.java:75)
	at com.acs.configuration.socket.SocketServerProvider.start(SocketServerProvider.java:75)
	at com.acs.configuration.socket.SocketServerProvider.start(SocketServerProvider.java:75)
	at com.acs.configuration.socket.SocketServerProvider.start(SocketServerProvider.java:75)
	at com.acs.configuration.socket.SocketServerProvider.start(SocketServerProvider.java:75)
	at com.acs.configuration.socket.SocketServerProvider.start(SocketServerProvider.java:75)
	at com.acs.configuration.socket.SocketServerProvider.start(SocketServerProvider.java:75)
	at com.acs.configuration.socket.SocketServerProvider.start(SocketServerProvider.java:75)
	at com.acs.configuration.socket.SocketServerProvider.start(SocketServerProvider.java:75)
	at com.acs.configuration.socket.SocketServerProvider.start(SocketServerProvider.java:75)
	at com.acs.configuration.socket.SocketServerProvider.start(SocketServerProvider.java:75)
	at com.acs.configuration.socket.SocketServerProvider.start(SocketServerProvider.java:75)
	at com.acs.configuration.socket.SocketServerProvider.start(SocketServerProvider.java:75)
	at com.acs.configuration.socket.SocketServerProvider.start(SocketServerProvider.java:75)
	at com.acs.configuration.socket.SocketServerProvider.start(SocketServerProvider.java:75)
	at com.acs.configuration.socket.SocketServerProvider.start(SocketServerProvider.java:75)
	at com.acs.configuration.socket.SocketServerProvider.start(SocketServerProvider.java:75)
	at com.acs.configuration.socket.SocketServerProvider.start(SocketServerProvider.java:75)
	at com.acs.configuration.socket.SocketServerProvider.start(SocketServerProvider.java:75)
	at com.acs.configuration.socket.SocketServerProvider.start(SocketServerProvider.java:75)
	at com.acs.configuration.socket.SocketServerProvider.start(SocketServerProvider.java:75)
	at com.acs.configuration.socket.SocketServerProvider.start(SocketServerProvider.java:75)
	at com.acs.configuration.socket.SocketServerProvider.start(SocketServerProvider.java:75)
	at com.acs.configuration.socket.SocketServerProvider.start(SocketServerProvider.java:75)
	at com.acs.configuration.socket.SocketServerProvider.start(SocketServerProvider.java:75)
	at com.acs.configuration.socket.SocketServerProvider.start(SocketServerProvider.java:75)
	at com.acs.configuration.socket.SocketServerProvider.start(SocketServerProvider.java:75)
	at com.acs.configuration.socket.SocketServerProvider.start(SocketServerProvider.java:75)
	at com.acs.configuration.socket.SocketServerProvider.start(SocketServerProvider.java:75)
	at com.acs.configuration.socket.SocketServerProvider.start(SocketServerProvider.java:75)
	at com.acs.configuration.socket.SocketServerProvider.start(SocketServerProvider.java:75)
	at com.acs.configuration.socket.SocketServerProvider.start(SocketServerProvider.java:75)
	at com.acs.configuration.socket.SocketServerProvider.start(SocketServerProvider.java:75)
	at com.acs.configuration.socket.SocketServerProvider.start(SocketServerProvider.java:75)
	at com.acs.configuration.socket.SocketServerProvider.start(SocketServerProvider.java:75)
	at com.acs.configuration.socket.SocketServerProvider.start(SocketServerProvider.java:75)
	at com.acs.configuration.socket.SocketServerProvider.start(SocketServerProvider.java:75)
	at com.acs.configuration.socket.SocketServerProvider.start(SocketServerProvider.java:75)
	at com.acs.configuration.socket.SocketServerProvider.start(SocketServerProvider.java:75)
	at com.acs.configuration.socket.SocketServerProvider.start(SocketServerProvider.java:75)
	at com.acs.configuration.socket.SocketServerProvider.start(SocketServerProvider.java:75)
	at com.acs.configuration.socket.SocketServerProvider.start(SocketServerProvider.java:75)
	at com.acs.configuration.socket.SocketServerProvider.start(SocketServerProvider.java:75)
	at com.acs.configuration.socket.SocketServerProvider.start(SocketServerProvider.java:75)
	at com.acs.configuration.socket.SocketServerProvider.start(SocketServerProvider.java:75)
	at com.acs.configuration.socket.SocketServerProvider.start(SocketServerProvider.java:75)
	at com.acs.configuration.socket.SocketServerProvider.start(SocketServerProvider.java:75)
	at com.acs.configuration.socket.SocketServerProvider.start(SocketServerProvider.java:75)
	at com.acs.configuration.socket.SocketServerProvider.start(SocketServerProvider.java:75)
	at com.acs.configuration.socket.SocketServerProvider.start(SocketServerProvider.java:75)
	at com.acs.configuration.socket.SocketServerProvider.start(SocketServerProvider.java:75)
	at com.acs.configuration.socket.SocketServerProvider.start(SocketServerProvider.java:75)
	at com.acs.configuration.socket.SocketServerProvider.start(SocketServerProvider.java:75)
	at com.acs.configuration.socket.SocketServerProvider.start(SocketServerProvider.java:75)
	at com.acs.configuration.socket.SocketServerProvider.start(SocketServerProvider.java:75)
	at com.acs.configuration.socket.SocketServerProvider.start(SocketServerProvider.java:75)
	at com.acs.configuration.socket.SocketServerProvider.start(SocketServerProvider.java:75)
	at com.acs.configuration.socket.SocketServerProvider.start(SocketServerProvider.java:75)
	at com.acs.configuration.socket.SocketServerProvider.start(SocketServerProvider.java:75)
	at com.acs.configuration.socket.SocketServerProvider.start(SocketServerProvider.java:75)
	at com.acs.configuration.socket.SocketServerProvider.start(SocketServerProvider.java:75)
	at com.acs.configuration.socket.SocketServerProvider.start(SocketServerProvider.java:75)
	at com.acs.configuration.socket.SocketServerProvider.start(SocketServerProvider.java:75)
	at com.acs.configuration.socket.SocketServerProvider.start(SocketServerProvider.java:75)
	at com.acs.configuration.socket.SocketServerProvider.start(SocketServerProvider.java:75)
	at com.acs.configuration.socket.SocketServerProvider.start(SocketServerProvider.java:75)
	at com.acs.configuration.socket.SocketServerProvider.start(SocketServerProvider.java:75)
	at com.acs.configuration.socket.SocketServerProvider.start(SocketServerProvider.java:75)
	at com.acs.configuration.socket.SocketServerProvider.start(SocketServerProvider.java:75)
	at com.acs.configuration.socket.SocketServerProvider.start(SocketServerProvider.java:75)
	at com.acs.configuration.socket.SocketServerProvider.start(SocketServerProvider.java:75)
	at com.acs.configuration.socket.SocketServerProvider.start(SocketServerProvider.java:75)
	at com.acs.configuration.socket.SocketServerProvider.start(SocketServerProvider.java:75)
	at com.acs.configuration.socket.SocketServerProvider.start(SocketServerProvider.java:75)
	at com.acs.configuration.socket.SocketServerProvider.start(SocketServerProvider.java:75)
	at com.acs.configuration.socket.SocketServerProvider.start(SocketServerProvider.java:75)
	at com.acs.configuration.socket.SocketServerProvider.start(SocketServerProvider.java:75)
	at com.acs.configuration.socket.SocketServerProvider.start(SocketServerProvider.java:75)
	at com.acs.configuration.socket.SocketServerProvider.start(SocketServerProvider.java:75)
	at com.acs.configuration.socket.SocketServerProvider.start(SocketServerProvider.java:75)
	at com.acs.configuration.socket.SocketServerProvider.start(SocketServerProvider.java:75)
	at com.acs.configuration.socket.SocketServerProvider.start(SocketServerProvider.java:75)
	at com.acs.configuration.socket.SocketServerProvider.start(SocketServerProvider.java:75)
	at com.acs.configuration.socket.SocketServerProvider.start(SocketServerProvider.java:75)
	at com.acs.configuration.socket.SocketServerProvider.start(SocketServerProvider.java:75)
	at com.acs.configuration.socket.SocketServerProvider.start(SocketServerProvider.java:75)
	at com.acs.configuration.socket.SocketServerProvider.start(SocketServerProvider.java:75)
	at com.acs.configuration.socket.SocketServerProvider.start(SocketServerProvider.java:75)
	at com.acs.configuration.socket.SocketServerProvider.start(SocketServerProvider.java:75)
	at com.acs.configuration.socket.SocketServerProvider.start(SocketServerProvider.java:75)
	at com.acs.configuration.socket.SocketServerProvider.start(SocketServerProvider.java:75)
	at com.acs.configuration.socket.SocketServerProvider.start(SocketServerProvider.java:75)
	at com.acs.configuration.socket.SocketServerProvider.start(SocketServerProvider.java:75)
	at com.acs.configuration.socket.SocketServerProvider.start(SocketServerProvider.java:75)
	at com.acs.configuration.socket.SocketServerProvider.start(SocketServerProvider.java:75)
	at com.acs.configuration.socket.SocketServerProvider.start(SocketServerProvider.java:75)
	at com.acs.configuration.socket.SocketServerProvider.start(SocketServerProvider.java:75)
	at com.acs.configuration.socket.SocketServerProvider.start(SocketServerProvider.java:75)
	at com.acs.configuration.socket.SocketServerProvider.start(SocketServerProvider.java:75)
	at com.acs.configuration.socket.SocketServerProvider.start(SocketServerProvider.java:75)
	at com.acs.configuration.socket.SocketServerProvider.start(SocketServerProvider.java:75)
	at com.acs.configuration.socket.SocketServerProvider.start(SocketServerProvider.java:75)
	at com.acs.configuration.socket.SocketServerProvider.start(SocketServerProvider.java:75)
	at com.acs.configuration.socket.SocketServerProvider.start(SocketServerProvider.java:75)
	at com.acs.configuration.socket.SocketServerProvider.start(SocketServerProvider.java:75)
	at com.acs.configuration.socket.SocketServerProvider.start(SocketServerProvider.java:75)
	at com.acs.configuration.socket.SocketServerProvider.start(SocketServerProvider.java:75)
	at com.acs.configuration.socket.SocketServerProvider.start(SocketServerProvider.java:75)
	at com.acs.configuration.socket.SocketServerProvider.start(SocketServerProvider.java:75)
	at com.acs.configuration.socket.SocketServerProvider.start(SocketServerProvider.java:75)
	at com.acs.configuration.socket.SocketServerProvider.start(SocketServerProvider.java:75)
	at com.acs.configuration.socket.SocketServerProvider.start(SocketServerProvider.java:75)
	at com.acs.configuration.socket.SocketServerProvider.start(SocketServerProvider.java:75)
	at com.acs.configuration.socket.SocketServerProvider.start(SocketServerProvider.java:75)
	at com.acs.configuration.socket.SocketServerProvider.start(SocketServerProvider.java:75)
	at com.acs.configuration.socket.SocketServerProvider.start(SocketServerProvider.java:75)
	at com.acs.configuration.socket.SocketServerProvider.start(SocketServerProvider.java:75)
	at com.acs.configuration.socket.SocketServerProvider.start(SocketServerProvider.java:75)
	at com.acs.configuration.socket.SocketServerProvider.start(SocketServerProvider.java:75)
	at com.acs.configuration.socket.SocketServerProvider.start(SocketServerProvider.java:75)
	at com.acs.configuration.socket.SocketServerProvider.start(SocketServerProvider.java:75)
	at com.acs.configuration.socket.SocketServerProvider.start(SocketServerProvider.java:75)
	at com.acs.configuration.socket.SocketServerProvider.start(SocketServerProvider.java:75)
	at com.acs.configuration.socket.SocketServerProvider.start(SocketServerProvider.java:75)
	at com.acs.configuration.socket.SocketServerProvider.start(SocketServerProvider.java:75)
	at com.acs.configuration.socket.SocketServerProvider.start(SocketServerProvider.java:75)
	at com.acs.configuration.socket.SocketServerProvider.start(SocketServerProvider.java:75)
	at com.acs.configuration.socket.SocketServerProvider.start(SocketServerProvider.java:75)
	at com.acs.configuration.socket.SocketServerProvider.start(SocketServerProvider.java:75)
	at com.acs.configuration.socket.SocketServerProvider.start(SocketServerProvider.java:75)
	at com.acs.configuration.socket.SocketServerProvider.start(SocketServerProvider.java:75)
	at com.acs.configuration.socket.SocketServerProvider.start(SocketServerProvider.java:75)
	at com.acs.configuration.socket.SocketServerProvider.start(SocketServerProvider.java:75)
	at com.acs.configuration.socket.SocketServerProvider.start(SocketServerProvider.java:75)
	at com.acs.configuration.socket.SocketServerProvider.start(SocketServerProvider.java:75)
	at com.acs.configuration.socket.SocketServerProvider.start(SocketServerProvider.java:75)
	at com.acs.configuration.socket.SocketServerProvider.start(SocketServerProvider.java:75)
	at com.acs.configuration.socket.SocketServerProvider.start(SocketServerProvider.java:75)
	at com.acs.configuration.socket.SocketServerProvider.start(SocketServerProvider.java:75)
	at com.acs.configuration.socket.SocketServerProvider.start(SocketServerProvider.java:75)
	at com.acs.configuration.socket.SocketServerProvider.start(SocketServerProvider.java:75)
	at com.acs.configuration.socket.SocketServerProvider.start(SocketServerProvider.java:75)
	at com.acs.configuration.socket.SocketServerProvider.start(SocketServerProvider.java:75)
	at com.acs.configuration.socket.SocketServerProvider.start(SocketServerProvider.java:75)
	at com.acs.configuration.socket.SocketServerProvider.start(SocketServerProvider.java:75)
	at com.acs.configuration.socket.SocketServerProvider.start(SocketServerProvider.java:75)
	at com.acs.configuration.socket.SocketServerProvider.start(SocketServerProvider.java:75)
	at com.acs.configuration.socket.SocketServerProvider.start(SocketServerProvider.java:75)
	at com.acs.configuration.socket.SocketServerProvider.start(SocketServerProvider.java:75)
	at com.acs.configuration.socket.SocketServerProvider.start(SocketServerProvider.java:75)
	at com.acs.configuration.socket.SocketServerProvider.start(SocketServerProvider.java:75)
	at com.acs.configuration.socket.SocketServerProvider.start(SocketServerProvider.java:75)
	at com.acs.configuration.socket.SocketServerProvider.start(SocketServerProvider.java:75)
	at com.acs.configuration.socket.SocketServerProvider.start(SocketServerProvider.java:75)
	at com.acs.configuration.socket.SocketServerProvider.start(SocketServerProvider.java:75)
	at com.acs.configuration.socket.SocketServerProvider.start(SocketServerProvider.java:75)
	at com.acs.configuration.socket.SocketServerProvider.start(SocketServerProvider.java:75)
	at com.acs.configuration.socket.SocketServerProvider.start(SocketServerProvider.java:75)
	at com.acs.configuration.socket.SocketServerProvider.start(SocketServerProvider.java:75)
	at com.acs.configuration.socket.SocketServerProvider.start(SocketServerProvider.java:75)
	at com.acs.configuration.socket.SocketServerProvider.start(SocketServerProvider.java:75)
	at com.acs.configuration.socket.SocketServerProvider.start(SocketServerProvider.java:75)
	at com.acs.configuration.socket.SocketServerProvider.start(SocketServerProvider.java:75)
	at com.acs.configuration.socket.SocketServerProvider.start(SocketServerProvider.java:75)
	at com.acs.configuration.socket.SocketServerProvider.start(SocketServerProvider.java:75)
	at com.acs.configuration.socket.SocketServerProvider.start(SocketServerProvider.java:75)
	at com.acs.configuration.socket.SocketServerProvider.start(SocketServerProvider.java:75)
	at com.acs.configuration.socket.SocketServerProvider.start(SocketServerProvider.java:75)
	at com.acs.configuration.socket.SocketServerProvider.start(SocketServerProvider.java:75)
	at com.acs.configuration.socket.SocketServerProvider.start(SocketServerProvider.java:75)
	at com.acs.configuration.socket.SocketServerProvider.start(SocketServerProvider.java:75)
	at com.acs.configuration.socket.SocketServerProvider.start(SocketServerProvider.java:75)
	at com.acs.configuration.socket.SocketServerProvider.start(SocketServerProvider.java:75)
	at com.acs.configuration.socket.SocketServerProvider.start(SocketServerProvider.java:75)
	at com.acs.configuration.socket.SocketServerProvider.start(SocketServerProvider.java:75)
	at com.acs.configuration.socket.SocketServerProvider.start(SocketServerProvider.java:75)
	at com.acs.configuration.socket.SocketServerProvider.start(SocketServerProvider.java:75)
	at com.acs.configuration.socket.SocketServerProvider.start(SocketServerProvider.java:75)
	at com.acs.configuration.socket.SocketServerProvider.start(SocketServerProvider.java:75)
	at com.acs.configuration.socket.SocketServerProvider.start(SocketServerProvider.java:75)
	at com.acs.configuration.socket.SocketServerProvider.start(SocketServerProvider.java:75)
	at com.acs.configuration.socket.SocketServerProvider.start(SocketServerProvider.java:75)
&amp#27;[30m2019-05-26 23:09:39,957&amp#27;[0;39m &amp#27;[34mINFO &amp#27;[0;39m [&amp#27;[34mmain&amp#27;[0;39m] &amp#27;[33morg.springframework.context.support.AbstractApplicationContext&amp#27;[0;39m: Closing org.springframework.web.context.support.GenericWebApplicationContext@886a5b: startup date [Sun May 26 23:09:22 EEST 2019]; root of context hierarchy
&amp#27;[30m2019-05-26 23:09:39,960&amp#27;[0;39m &amp#27;[34mINFO &amp#27;[0;39m [&amp#27;[34mmain&amp#27;[0;39m] &amp#27;[33morg.springframework.context.support.DefaultLifecycleProcessor$LifecycleGroup&amp#27;[0;39m: Stopping beans in phase 2147483647
&amp#27;[30m2019-05-26 23:09:39,965&amp#27;[0;39m &amp#27;[34mINFO &amp#27;[0;39m [&amp#27;[34mmain&amp#27;[0;39m] &amp#27;[33morg.springframework.orm.jpa.AbstractEntityManagerFactoryBean&amp#27;[0;39m: Closing JPA EntityManagerFactory for persistence unit 'default'
&amp#27;[30m2019-05-26 23:09:39,966&amp#27;[0;39m &amp#27;[34mINFO &amp#27;[0;39m [&amp#27;[34mmain&amp#27;[0;39m] &amp#27;[33mcom.zaxxer.hikari.HikariDataSource&amp#27;[0;39m: acs_db - Shutdown initiated...
&amp#27;[30m2019-05-26 23:09:39,971&amp#27;[0;39m &amp#27;[34mINFO &amp#27;[0;39m [&amp#27;[34mmain&amp#27;[0;39m] &amp#27;[33mcom.zaxxer.hikari.HikariDataSource&amp#27;[0;39m: acs_db - Shutdown completed.
&amp#27;[30m2019-05-26 23:09:39,972&amp#27;[0;39m &amp#27;[1;31mERROR&amp#27;[0;39m [&amp#27;[34mmain&amp#27;[0;39m] &amp#27;[33morg.springframework.test.context.TestContextManager&amp#27;[0;39m: Caught exception while allowing TestExecutionListener [org.springframework.test.context.web.ServletTestExecutionListener@1250572] to prepare test instance [com.acs.configuration.AccessControlSystemApplicationTests@1f609a4]
java.lang.IllegalStateException: Failed to load ApplicationContext
	at org.springframework.test.context.cache.DefaultCacheAwareContextLoaderDelegate.loadContext(DefaultCacheAwareContextLoaderDelegate.java:125)
	at org.springframework.test.context.support.DefaultTestContext.getApplicationContext(DefaultTestContext.java:108)
	at org.springframework.test.context.web.ServletTestExecutionListener.setUpRequestContextIfNecessary(ServletTestExecutionListener.java:190)
	at org.springframework.test.context.web.ServletTestExecutionListener.prepareTestInstance(ServletTestExecutionListener.java:132)
	at org.springframework.test.context.TestContextManager.prepareTestInstance(TestContextManager.java:246)
	at org.springframework.test.context.junit4.SpringJUnit4ClassRunner.createTest(SpringJUnit4ClassRunner.java:227)
	at org.springframework.test.context.junit4.SpringJUnit4ClassRunner$1.runReflectiveCall(SpringJUnit4ClassRunner.java:289)
	at org.junit.internal.runners.model.ReflectiveCallable.run(ReflectiveCallable.java:12)
	at org.springframework.test.context.junit4.SpringJUnit4ClassRunner.methodBlock(SpringJUnit4ClassRunner.java:291)
	at org.springframework.test.context.junit4.SpringJUnit4ClassRunner.runChild(SpringJUnit4ClassRunner.java:246)
	at org.springframework.test.context.junit4.SpringJUnit4ClassRunner.runChild(SpringJUnit4ClassRunner.java:97)
	at org.junit.runners.ParentRunner$3.run(ParentRunner.java:290)
	at org.junit.runners.ParentRunner$1.schedule(ParentRunner.java:71)
	at org.junit.runners.ParentRunner.runChildren(ParentRunner.java:288)
	at org.junit.runners.ParentRunner.access$000(ParentRunner.java:58)
	at org.junit.runners.ParentRunner$2.evaluate(ParentRunner.java:268)
	at org.springframework.test.context.junit4.statements.RunBeforeTestClassCallbacks.evaluate(RunBeforeTestClassCallbacks.java:61)
	at org.springframework.test.context.junit4.statements.RunAfterTestClassCallbacks.evaluate(RunAfterTestClassCallbacks.java:70)
	at org.junit.runners.ParentRunner.run(ParentRunner.java:363)
	at org.springframework.test.context.junit4.SpringJUnit4ClassRunner.run(SpringJUnit4ClassRunner.java:190)
	at org.apache.maven.surefire.junit4.JUnit4Provider.execute(JUnit4Provider.java:365)
	at org.apache.maven.surefire.junit4.JUnit4Provider.executeWithRerun(JUnit4Provider.java:273)
	at org.apache.maven.surefire.junit4.JUnit4Provider.executeTestSet(JUnit4Provider.java:238)
	at org.apache.maven.surefire.junit4.JUnit4Provider.invoke(JUnit4Provider.java:159)
	at org.apache.maven.surefire.booter.ForkedBooter.invokeProviderInSameClassLoader(ForkedBooter.java:379)
	at org.apache.maven.surefire.booter.ForkedBooter.runSuitesInProcess(ForkedBooter.java:340)
	at org.apache.maven.surefire.booter.ForkedBooter.execute(ForkedBooter.java:125)
	at org.apache.maven.surefire.booter.ForkedBooter.main(ForkedBooter.java:413)
Caused by: java.lang.reflect.UndeclaredThrowableException: Failed to invoke event listener method
HandlerMethod details: 
Bean [com.acs.configuration.AccessControlSystemApplication$$EnhancerBySpringCGLIB$$6558ac25]
Method [public void com.acs.configuration.AccessControlSystemApplication.doSomethingAfterStartup()]
Resolved arguments: 

	at org.springframework.context.event.ApplicationListenerMethodAdapter.doInvoke(ApplicationListenerMethodAdapter.java:278)
	at org.springframework.context.event.ApplicationListenerMethodAdapter.processEvent(ApplicationListenerMethodAdapter.java:180)
	at org.springframework.context.event.ApplicationListenerMethodAdapter.onApplicationEvent(ApplicationListenerMethodAdapter.java:142)
	at org.springframework.context.event.SimpleApplicationEventMulticaster.doInvokeListener(SimpleApplicationEventMulticaster.java:172)
	at org.springframework.context.event.SimpleApplicationEventMulticaster.invokeListener(SimpleApplicationEventMulticaster.java:165)
	at org.springframework.context.event.SimpleApplicationEventMulticaster.multicastEvent(SimpleApplicationEventMulticaster.java:139)
	at org.springframework.context.support.AbstractApplicationContext.publishEvent(AbstractApplicationContext.java:400)
	at org.springframework.context.support.AbstractApplicationContext.publishEvent(AbstractApplicationContext.java:354)
	at org.springframework.boot.context.event.EventPublishingRunListener.running(EventPublishingRunListener.java:103)
	at org.springframework.boot.SpringApplicationRunListeners.running(SpringApplicationRunListeners.java:78)
	at org.springframework.boot.SpringApplication.run(SpringApplication.java:349)
	at org.springframework.boot.test.context.SpringBootContextLoader.loadContext(SpringBootContextLoader.java:139)
	at org.springframework.test.context.cache.DefaultCacheAwareContextLoaderDelegate.loadContextInternal(DefaultCacheAwareContextLoaderDelegate.java:99)
	at org.springframework.test.context.cache.DefaultCacheAwareContextLoaderDelegate.loadContext(DefaultCacheAwareContextLoaderDelegate.java:117)
	... 27 common frames omitted
Caused by: java.lang.StackOverflowError: null
	at java.net.DualStackPlainSocketImpl.bind0(Native Method)
	at java.net.DualStackPlainSocketImpl.socketBind(DualStackPlainSocketImpl.java:106)
	at java.net.AbstractPlainSocketImpl.bind(AbstractPlainSocketImpl.java:387)
	at java.net.PlainSocketImpl.bind(PlainSocketImpl.java:190)
	at java.net.ServerSocket.bind(ServerSocket.java:375)
	at java.net.ServerSocket.<init>(ServerSocket.java:237)
	at java.net.ServerSocket.<init>(ServerSocket.java:128)
	at com.acs.configuration.socket.SocketServerProvider.start(SocketServerProvider.java:46)
	at com.acs.configuration.socket.SocketServerProvider.start(SocketServerProvider.java:75)
	at com.acs.configuration.socket.SocketServerProvider.start(SocketServerProvider.java:75)
	at com.acs.configuration.socket.SocketServerProvider.start(SocketServerProvider.java:75)
	at com.acs.configuration.socket.SocketServerProvider.start(SocketServerProvider.java:75)
	at com.acs.configuration.socket.SocketServerProvider.start(SocketServerProvider.java:75)
	at com.acs.configuration.socket.SocketServerProvider.start(SocketServerProvider.java:75)
	at com.acs.configuration.socket.SocketServerProvider.start(SocketServerProvider.java:75)
	at com.acs.configuration.socket.SocketServerProvider.start(SocketServerProvider.java:75)
	at com.acs.configuration.socket.SocketServerProvider.start(SocketServerProvider.java:75)
	at com.acs.configuration.socket.SocketServerProvider.start(SocketServerProvider.java:75)
	at com.acs.configuration.socket.SocketServerProvider.start(SocketServerProvider.java:75)
	at com.acs.configuration.socket.SocketServerProvider.start(SocketServerProvider.java:75)
	at com.acs.configuration.socket.SocketServerProvider.start(SocketServerProvider.java:75)
	at com.acs.configuration.socket.SocketServerProvider.start(SocketServerProvider.java:75)
	at com.acs.configuration.socket.SocketServerProvider.start(SocketServerProvider.java:75)
	at com.acs.configuration.socket.SocketServerProvider.start(SocketServerProvider.java:75)
	at com.acs.configuration.socket.SocketServerProvider.start(SocketServerProvider.java:75)
	at com.acs.configuration.socket.SocketServerProvider.start(SocketServerProvider.java:75)
	at com.acs.configuration.socket.SocketServerProvider.start(SocketServerProvider.java:75)
	at com.acs.configuration.socket.SocketServerProvider.start(SocketServerProvider.java:75)
	at com.acs.configuration.socket.SocketServerProvider.start(SocketServerProvider.java:75)
	at com.acs.configuration.socket.SocketServerProvider.start(SocketServerProvider.java:75)
	at com.acs.configuration.socket.SocketServerProvider.start(SocketServerProvider.java:75)
	at com.acs.configuration.socket.SocketServerProvider.start(SocketServerProvider.java:75)
	at com.acs.configuration.socket.SocketServerProvider.start(SocketServerProvider.java:75)
	at com.acs.configuration.socket.SocketServerProvider.start(SocketServerProvider.java:75)
	at com.acs.configuration.socket.SocketServerProvider.start(SocketServerProvider.java:75)
	at com.acs.configuration.socket.SocketServerProvider.start(SocketServerProvider.java:75)
	at com.acs.configuration.socket.SocketServerProvider.start(SocketServerProvider.java:75)
	at com.acs.configuration.socket.SocketServerProvider.start(SocketServerProvider.java:75)
	at com.acs.configuration.socket.SocketServerProvider.start(SocketServerProvider.java:75)
	at com.acs.configuration.socket.SocketServerProvider.start(SocketServerProvider.java:75)
	at com.acs.configuration.socket.SocketServerProvider.start(SocketServerProvider.java:75)
	at com.acs.configuration.socket.SocketServerProvider.start(SocketServerProvider.java:75)
	at com.acs.configuration.socket.SocketServerProvider.start(SocketServerProvider.java:75)
	at com.acs.configuration.socket.SocketServerProvider.start(SocketServerProvider.java:75)
	at com.acs.configuration.socket.SocketServerProvider.start(SocketServerProvider.java:75)
	at com.acs.configuration.socket.SocketServerProvider.start(SocketServerProvider.java:75)
	at com.acs.configuration.socket.SocketServerProvider.start(SocketServerProvider.java:75)
	at com.acs.configuration.socket.SocketServerProvider.start(SocketServerProvider.java:75)
	at com.acs.configuration.socket.SocketServerProvider.start(SocketServerProvider.java:75)
	at com.acs.configuration.socket.SocketServerProvider.start(SocketServerProvider.java:75)
	at com.acs.configuration.socket.SocketServerProvider.start(SocketServerProvider.java:75)
	at com.acs.configuration.socket.SocketServerProvider.start(SocketServerProvider.java:75)
	at com.acs.configuration.socket.SocketServerProvider.start(SocketServerProvider.java:75)
	at com.acs.configuration.socket.SocketServerProvider.start(SocketServerProvider.java:75)
	at com.acs.configuration.socket.SocketServerProvider.start(SocketServerProvider.java:75)
	at com.acs.configuration.socket.SocketServerProvider.start(SocketServerProvider.java:75)
	at com.acs.configuration.socket.SocketServerProvider.start(SocketServerProvider.java:75)
	at com.acs.configuration.socket.SocketServerProvider.start(SocketServerProvider.java:75)
	at com.acs.configuration.socket.SocketServerProvider.start(SocketServerProvider.java:75)
	at com.acs.configuration.socket.SocketServerProvider.start(SocketServerProvider.java:75)
	at com.acs.configuration.socket.SocketServerProvider.start(SocketServerProvider.java:75)
	at com.acs.configuration.socket.SocketServerProvider.start(SocketServerProvider.java:75)
	at com.acs.configuration.socket.SocketServerProvider.start(SocketServerProvider.java:75)
	at com.acs.configuration.socket.SocketServerProvider.start(SocketServerProvider.java:75)
	at com.acs.configuration.socket.SocketServerProvider.start(SocketServerProvider.java:75)
	at com.acs.configuration.socket.SocketServerProvider.start(SocketServerProvider.java:75)
	at com.acs.configuration.socket.SocketServerProvider.start(SocketServerProvider.java:75)
	at com.acs.configuration.socket.SocketServerProvider.start(SocketServerProvider.java:75)
	at com.acs.configuration.socket.SocketServerProvider.start(SocketServerProvider.java:75)
	at com.acs.configuration.socket.SocketServerProvider.start(SocketServerProvider.java:75)
	at com.acs.configuration.socket.SocketServerProvider.start(SocketServerProvider.java:75)
	at com.acs.configuration.socket.SocketServerProvider.start(SocketServerProvider.java:75)
	at com.acs.configuration.socket.SocketServerProvider.start(SocketServerProvider.java:75)
	at com.acs.configuration.socket.SocketServerProvider.start(SocketServerProvider.java:75)
	at com.acs.configuration.socket.SocketServerProvider.start(SocketServerProvider.java:75)
	at com.acs.configuration.socket.SocketServerProvider.start(SocketServerProvider.java:75)
	at com.acs.configuration.socket.SocketServerProvider.start(SocketServerProvider.java:75)
	at com.acs.configuration.socket.SocketServerProvider.start(SocketServerProvider.java:75)
	at com.acs.configuration.socket.SocketServerProvider.start(SocketServerProvider.java:75)
	at com.acs.configuration.socket.SocketServerProvider.start(SocketServerProvider.java:75)
	at com.acs.configuration.socket.SocketServerProvider.start(SocketServerProvider.java:75)
	at com.acs.configuration.socket.SocketServerProvider.start(SocketServerProvider.java:75)
	at com.acs.configuration.socket.SocketServerProvider.start(SocketServerProvider.java:75)
	at com.acs.configuration.socket.SocketServerProvider.start(SocketServerProvider.java:75)
	at com.acs.configuration.socket.SocketServerProvider.start(SocketServerProvider.java:75)
	at com.acs.configuration.socket.SocketServerProvider.start(SocketServerProvider.java:75)
	at com.acs.configuration.socket.SocketServerProvider.start(SocketServerProvider.java:75)
	at com.acs.configuration.socket.SocketServerProvider.start(SocketServerProvider.java:75)
	at com.acs.configuration.socket.SocketServerProvider.start(SocketServerProvider.java:75)
	at com.acs.configuration.socket.SocketServerProvider.start(SocketServerProvider.java:75)
	at com.acs.configuration.socket.SocketServerProvider.start(SocketServerProvider.java:75)
	at com.acs.configuration.socket.SocketServerProvider.start(SocketServerProvider.java:75)
	at com.acs.configuration.socket.SocketServerProvider.start(SocketServerProvider.java:75)
	at com.acs.configuration.socket.SocketServerProvider.start(SocketServerProvider.java:75)
	at com.acs.configuration.socket.SocketServerProvider.start(SocketServerProvider.java:75)
	at com.acs.configuration.socket.SocketServerProvider.start(SocketServerProvider.java:75)
	at com.acs.configuration.socket.SocketServerProvider.start(SocketServerProvider.java:75)
	at com.acs.configuration.socket.SocketServerProvider.start(SocketServerProvider.java:75)
	at com.acs.configuration.socket.SocketServerProvider.start(SocketServerProvider.java:75)
	at com.acs.configuration.socket.SocketServerProvider.start(SocketServerProvider.java:75)
	at com.acs.configuration.socket.SocketServerProvider.start(SocketServerProvider.java:75)
	at com.acs.configuration.socket.SocketServerProvider.start(SocketServerProvider.java:75)
	at com.acs.configuration.socket.SocketServerProvider.start(SocketServerProvider.java:75)
	at com.acs.configuration.socket.SocketServerProvider.start(SocketServerProvider.java:75)
	at com.acs.configuration.socket.SocketServerProvider.start(SocketServerProvider.java:75)
	at com.acs.configuration.socket.SocketServerProvider.start(SocketServerProvider.java:75)
	at com.acs.configuration.socket.SocketServerProvider.start(SocketServerProvider.java:75)
	at com.acs.configuration.socket.SocketServerProvider.start(SocketServerProvider.java:75)
	at com.acs.configuration.socket.SocketServerProvider.start(SocketServerProvider.java:75)
	at com.acs.configuration.socket.SocketServerProvider.start(SocketServerProvider.java:75)
	at com.acs.configuration.socket.SocketServerProvider.start(SocketServerProvider.java:75)
	at com.acs.configuration.socket.SocketServerProvider.start(SocketServerProvider.java:75)
	at com.acs.configuration.socket.SocketServerProvider.start(SocketServerProvider.java:75)
	at com.acs.configuration.socket.SocketServerProvider.start(SocketServerProvider.java:75)
	at com.acs.configuration.socket.SocketServerProvider.start(SocketServerProvider.java:75)
	at com.acs.configuration.socket.SocketServerProvider.start(SocketServerProvider.java:75)
	at com.acs.configuration.socket.SocketServerProvider.start(SocketServerProvider.java:75)
	at com.acs.configuration.socket.SocketServerProvider.start(SocketServerProvider.java:75)
	at com.acs.configuration.socket.SocketServerProvider.start(SocketServerProvider.java:75)
	at com.acs.configuration.socket.SocketServerProvider.start(SocketServerProvider.java:75)
	at com.acs.configuration.socket.SocketServerProvider.start(SocketServerProvider.java:75)
	at com.acs.configuration.socket.SocketServerProvider.start(SocketServerProvider.java:75)
	at com.acs.configuration.socket.SocketServerProvider.start(SocketServerProvider.java:75)
	at com.acs.configuration.socket.SocketServerProvider.start(SocketServerProvider.java:75)
	at com.acs.configuration.socket.SocketServerProvider.start(SocketServerProvider.java:75)
	at com.acs.configuration.socket.SocketServerProvider.start(SocketServerProvider.java:75)
	at com.acs.configuration.socket.SocketServerProvider.start(SocketServerProvider.java:75)
	at com.acs.configuration.socket.SocketServerProvider.start(SocketServerProvider.java:75)
	at com.acs.configuration.socket.SocketServerProvider.start(SocketServerProvider.java:75)
	at com.acs.configuration.socket.SocketServerProvider.start(SocketServerProvider.java:75)
	at com.acs.configuration.socket.SocketServerProvider.start(SocketServerProvider.java:75)
	at com.acs.configuration.socket.SocketServerProvider.start(SocketServerProvider.java:75)
	at com.acs.configuration.socket.SocketServerProvider.start(SocketServerProvider.java:75)
	at com.acs.configuration.socket.SocketServerProvider.start(SocketServerProvider.java:75)
	at com.acs.configuration.socket.SocketServerProvider.start(SocketServerProvider.java:75)
	at com.acs.configuration.socket.SocketServerProvider.start(SocketServerProvider.java:75)
	at com.acs.configuration.socket.SocketServerProvider.start(SocketServerProvider.java:75)
	at com.acs.configuration.socket.SocketServerProvider.start(SocketServerProvider.java:75)
	at com.acs.configuration.socket.SocketServerProvider.start(SocketServerProvider.java:75)
	at com.acs.configuration.socket.SocketServerProvider.start(SocketServerProvider.java:75)
	at com.acs.configuration.socket.SocketServerProvider.start(SocketServerProvider.java:75)
	at com.acs.configuration.socket.SocketServerProvider.start(SocketServerProvider.java:75)
	at com.acs.configuration.socket.SocketServerProvider.start(SocketServerProvider.java:75)
	at com.acs.configuration.socket.SocketServerProvider.start(SocketServerProvider.java:75)
	at com.acs.configuration.socket.SocketServerProvider.start(SocketServerProvider.java:75)
	at com.acs.configuration.socket.SocketServerProvider.start(SocketServerProvider.java:75)
	at com.acs.configuration.socket.SocketServerProvider.start(SocketServerProvider.java:75)
	at com.acs.configuration.socket.SocketServerProvider.start(SocketServerProvider.java:75)
	at com.acs.configuration.socket.SocketServerProvider.start(SocketServerProvider.java:75)
	at com.acs.configuration.socket.SocketServerProvider.start(SocketServerProvider.java:75)
	at com.acs.configuration.socket.SocketServerProvider.start(SocketServerProvider.java:75)
	at com.acs.configuration.socket.SocketServerProvider.start(SocketServerProvider.java:75)
	at com.acs.configuration.socket.SocketServerProvider.start(SocketServerProvider.java:75)
	at com.acs.configuration.socket.SocketServerProvider.start(SocketServerProvider.java:75)
	at com.acs.configuration.socket.SocketServerProvider.start(SocketServerProvider.java:75)
	at com.acs.configuration.socket.SocketServerProvider.start(SocketServerProvider.java:75)
	at com.acs.configuration.socket.SocketServerProvider.start(SocketServerProvider.java:75)
	at com.acs.configuration.socket.SocketServerProvider.start(SocketServerProvider.java:75)
	at com.acs.configuration.socket.SocketServerProvider.start(SocketServerProvider.java:75)
	at com.acs.configuration.socket.SocketServerProvider.start(SocketServerProvider.java:75)
	at com.acs.configuration.socket.SocketServerProvider.start(SocketServerProvider.java:75)
	at com.acs.configuration.socket.SocketServerProvider.start(SocketServerProvider.java:75)
	at com.acs.configuration.socket.SocketServerProvider.start(SocketServerProvider.java:75)
	at com.acs.configuration.socket.SocketServerProvider.start(SocketServerProvider.java:75)
	at com.acs.configuration.socket.SocketServerProvider.start(SocketServerProvider.java:75)
	at com.acs.configuration.socket.SocketServerProvider.start(SocketServerProvider.java:75)
	at com.acs.configuration.socket.SocketServerProvider.start(SocketServerProvider.java:75)
	at com.acs.configuration.socket.SocketServerProvider.start(SocketServerProvider.java:75)
	at com.acs.configuration.socket.SocketServerProvider.start(SocketServerProvider.java:75)
	at com.acs.configuration.socket.SocketServerProvider.start(SocketServerProvider.java:75)
	at com.acs.configuration.socket.SocketServerProvider.start(SocketServerProvider.java:75)
	at com.acs.configuration.socket.SocketServerProvider.start(SocketServerProvider.java:75)
	at com.acs.configuration.socket.SocketServerProvider.start(SocketServerProvider.java:75)
	at com.acs.configuration.socket.SocketServerProvider.start(SocketServerProvider.java:75)
	at com.acs.configuration.socket.SocketServerProvider.start(SocketServerProvider.java:75)
	at com.acs.configuration.socket.SocketServerProvider.start(SocketServerProvider.java:75)
	at com.acs.configuration.socket.SocketServerProvider.start(SocketServerProvider.java:75)
	at com.acs.configuration.socket.SocketServerProvider.start(SocketServerProvider.java:75)
	at com.acs.configuration.socket.SocketServerProvider.start(SocketServerProvider.java:75)
	at com.acs.configuration.socket.SocketServerProvider.start(SocketServerProvider.java:75)
	at com.acs.configuration.socket.SocketServerProvider.start(SocketServerProvider.java:75)
	at com.acs.configuration.socket.SocketServerProvider.start(SocketServerProvider.java:75)
	at com.acs.configuration.socket.SocketServerProvider.start(SocketServerProvider.java:75)
	at com.acs.configuration.socket.SocketServerProvider.start(SocketServerProvider.java:75)
	at com.acs.configuration.socket.SocketServerProvider.start(SocketServerProvider.java:75)
	at com.acs.configuration.socket.SocketServerProvider.start(SocketServerProvider.java:75)
	at com.acs.configuration.socket.SocketServerProvider.start(SocketServerProvider.java:75)
	at com.acs.configuration.socket.SocketServerProvider.start(SocketServerProvider.java:75)
	at com.acs.configuration.socket.SocketServerProvider.start(SocketServerProvider.java:75)
	at com.acs.configuration.socket.SocketServerProvider.start(SocketServerProvider.java:75)
	at com.acs.configuration.socket.SocketServerProvider.start(SocketServerProvider.java:75)
	at com.acs.configuration.socket.SocketServerProvider.start(SocketServerProvider.java:75)
	at com.acs.configuration.socket.SocketServerProvider.start(SocketServerProvider.java:75)
	at com.acs.configuration.socket.SocketServerProvider.start(SocketServerProvider.java:75)
	at com.acs.configuration.socket.SocketServerProvider.start(SocketServerProvider.java:75)
	at com.acs.configuration.socket.SocketServerProvider.start(SocketServerProvider.java:75)
	at com.acs.configuration.socket.SocketServerProvider.start(SocketServerProvider.java:75)
	at com.acs.configuration.socket.SocketServerProvider.start(SocketServerProvider.java:75)
	at com.acs.configuration.socket.SocketServerProvider.start(SocketServerProvider.java:75)
	at com.acs.configuration.socket.SocketServerProvider.start(SocketServerProvider.java:75)
	at com.acs.configuration.socket.SocketServerProvider.start(SocketServerProvider.java:75)
	at com.acs.configuration.socket.SocketServerProvider.start(SocketServerProvider.java:75)
	at com.acs.configuration.socket.SocketServerProvider.start(SocketServerProvider.java:75)
	at com.acs.configuration.socket.SocketServerProvider.start(SocketServerProvider.java:75)
	at com.acs.configuration.socket.SocketServerProvider.start(SocketServerProvider.java:75)
	at com.acs.configuration.socket.SocketServerProvider.start(SocketServerProvider.java:75)
	at com.acs.configuration.socket.SocketServerProvider.start(SocketServerProvider.java:75)
	at com.acs.configuration.socket.SocketServerProvider.start(SocketServerProvider.java:75)
	at com.acs.configuration.socket.SocketServerProvider.start(SocketServerProvider.java:75)
	at com.acs.configuration.socket.SocketServerProvider.start(SocketServerProvider.java:75)
	at com.acs.configuration.socket.SocketServerProvider.start(SocketServerProvider.java:75)
	at com.acs.configuration.socket.SocketServerProvider.start(SocketServerProvider.java:75)
	at com.acs.configuration.socket.SocketServerProvider.start(SocketServerProvider.java:75)
	at com.acs.configuration.socket.SocketServerProvider.start(SocketServerProvider.java:75)
	at com.acs.configuration.socket.SocketServerProvider.start(SocketServerProvider.java:75)
	at com.acs.configuration.socket.SocketServerProvider.start(SocketServerProvider.java:75)
	at com.acs.configuration.socket.SocketServerProvider.start(SocketServerProvider.java:75)
	at com.acs.configuration.socket.SocketServerProvider.start(SocketServerProvider.java:75)
	at com.acs.configuration.socket.SocketServerProvider.start(SocketServerProvider.java:75)
	at com.acs.configuration.socket.SocketServerProvider.start(SocketServerProvider.java:75)
	at com.acs.configuration.socket.SocketServerProvider.start(SocketServerProvider.java:75)
	at com.acs.configuration.socket.SocketServerProvider.start(SocketServerProvider.java:75)
	at com.acs.configuration.socket.SocketServerProvider.start(SocketServerProvider.java:75)
	at com.acs.configuration.socket.SocketServerProvider.start(SocketServerProvider.java:75)
	at com.acs.configuration.socket.SocketServerProvider.start(SocketServerProvider.java:75)
	at com.acs.configuration.socket.SocketServerProvider.start(SocketServerProvider.java:75)
	at com.acs.configuration.socket.SocketServerProvider.start(SocketServerProvider.java:75)
	at com.acs.configuration.socket.SocketServerProvider.start(SocketServerProvider.java:75)
	at com.acs.configuration.socket.SocketServerProvider.start(SocketServerProvider.java:75)
	at com.acs.configuration.socket.SocketServerProvider.start(SocketServerProvider.java:75)
	at com.acs.configuration.socket.SocketServerProvider.start(SocketServerProvider.java:75)
	at com.acs.configuration.socket.SocketServerProvider.start(SocketServerProvider.java:75)
	at com.acs.configuration.socket.SocketServerProvider.start(SocketServerProvider.java:75)
	at com.acs.configuration.socket.SocketServerProvider.start(SocketServerProvider.java:75)
	at com.acs.configuration.socket.SocketServerProvider.start(SocketServerProvider.java:75)
	at com.acs.configuration.socket.SocketServerProvider.start(SocketServerProvider.java:75)
	at com.acs.configuration.socket.SocketServerProvider.start(SocketServerProvider.java:75)
	at com.acs.configuration.socket.SocketServerProvider.start(SocketServerProvider.java:75)
	at com.acs.configuration.socket.SocketServerProvider.start(SocketServerProvider.java:75)
	at com.acs.configuration.socket.SocketServerProvider.start(SocketServerProvider.java:75)
	at com.acs.configuration.socket.SocketServerProvider.start(SocketServerProvider.java:75)
	at com.acs.configuration.socket.SocketServerProvider.start(SocketServerProvider.java:75)
	at com.acs.configuration.socket.SocketServerProvider.start(SocketServerProvider.java:75)
	at com.acs.configuration.socket.SocketServerProvider.start(SocketServerProvider.java:75)
	at com.acs.configuration.socket.SocketServerProvider.start(SocketServerProvider.java:75)
	at com.acs.configuration.socket.SocketServerProvider.start(SocketServerProvider.java:75)
	at com.acs.configuration.socket.SocketServerProvider.start(SocketServerProvider.java:75)
	at com.acs.configuration.socket.SocketServerProvider.start(SocketServerProvider.java:75)
	at com.acs.configuration.socket.SocketServerProvider.start(SocketServerProvider.java:75)
	at com.acs.configuration.socket.SocketServerProvider.start(SocketServerProvider.java:75)
	at com.acs.configuration.socket.SocketServerProvider.start(SocketServerProvider.java:75)
	at com.acs.configuration.socket.SocketServerProvider.start(SocketServerProvider.java:75)
	at com.acs.configuration.socket.SocketServerProvider.start(SocketServerProvider.java:75)
	at com.acs.configuration.socket.SocketServerProvider.start(SocketServerProvider.java:75)
	at com.acs.configuration.socket.SocketServerProvider.start(SocketServerProvider.java:75)
	at com.acs.configuration.socket.SocketServerProvider.start(SocketServerProvider.java:75)
	at com.acs.configuration.socket.SocketServerProvider.start(SocketServerProvider.java:75)
	at com.acs.configuration.socket.SocketServerProvider.start(SocketServerProvider.java:75)
	at com.acs.configuration.socket.SocketServerProvider.start(SocketServerProvider.java:75)
	at com.acs.configuration.socket.SocketServerProvider.start(SocketServerProvider.java:75)
	at com.acs.configuration.socket.SocketServerProvider.start(SocketServerProvider.java:75)
	at com.acs.configuration.socket.SocketServerProvider.start(SocketServerProvider.java:75)
	at com.acs.configuration.socket.SocketServerProvider.start(SocketServerProvider.java:75)
	at com.acs.configuration.socket.SocketServerProvider.start(SocketServerProvider.java:75)
	at com.acs.configuration.socket.SocketServerProvider.start(SocketServerProvider.java:75)
	at com.acs.configuration.socket.SocketServerProvider.start(SocketServerProvider.java:75)
	at com.acs.configuration.socket.SocketServerProvider.start(SocketServerProvider.java:75)
	at com.acs.configuration.socket.SocketServerProvider.start(SocketServerProvider.java:75)
	at com.acs.configuration.socket.SocketServerProvider.start(SocketServerProvider.java:75)
	at com.acs.configuration.socket.SocketServerProvider.start(SocketServerProvider.java:75)
	at com.acs.configuration.socket.SocketServerProvider.start(SocketServerProvider.java:75)
	at com.acs.configuration.socket.SocketServerProvider.start(SocketServerProvider.java:75)
	at com.acs.configuration.socket.SocketServerProvider.start(SocketServerProvider.java:75)
	at com.acs.configuration.socket.SocketServerProvider.start(SocketServerProvider.java:75)
	at com.acs.configuration.socket.SocketServerProvider.start(SocketServerProvider.java:75)
	at com.acs.configuration.socket.SocketServerProvider.start(SocketServerProvider.java:75)
	at com.acs.configuration.socket.SocketServerProvider.start(SocketServerProvider.java:75)
	at com.acs.configuration.socket.SocketServerProvider.start(SocketServerProvider.java:75)
	at com.acs.configuration.socket.SocketServerProvider.start(SocketServerProvider.java:75)
	at com.acs.configuration.socket.SocketServerProvider.start(SocketServerProvider.java:75)
	at com.acs.configuration.socket.SocketServerProvider.start(SocketServerProvider.java:75)
	at com.acs.configuration.socket.SocketServerProvider.start(SocketServerProvider.java:75)
	at com.acs.configuration.socket.SocketServerProvider.start(SocketServerProvider.java:75)
	at com.acs.configuration.socket.SocketServerProvider.start(SocketServerProvider.java:75)
	at com.acs.configuration.socket.SocketServerProvider.start(SocketServerProvider.java:75)
	at com.acs.configuration.socket.SocketServerProvider.start(SocketServerProvider.java:75)
	at com.acs.configuration.socket.SocketServerProvider.start(SocketServerProvider.java:75)
	at com.acs.configuration.socket.SocketServerProvider.start(SocketServerProvider.java:75)
	at com.acs.configuration.socket.SocketServerProvider.start(SocketServerProvider.java:75)
	at com.acs.configuration.socket.SocketServerProvider.start(SocketServerProvider.java:75)
	at com.acs.configuration.socket.SocketServerProvider.start(SocketServerProvider.java:75)
	at com.acs.configuration.socket.SocketServerProvider.start(SocketServerProvider.java:75)
	at com.acs.configuration.socket.SocketServerProvider.start(SocketServerProvider.java:75)
	at com.acs.configuration.socket.SocketServerProvider.start(SocketServerProvider.java:75)
	at com.acs.configuration.socket.SocketServerProvider.start(SocketServerProvider.java:75)
	at com.acs.configuration.socket.SocketServerProvider.start(SocketServerProvider.java:75)
	at com.acs.configuration.socket.SocketServerProvider.start(SocketServerProvider.java:75)
	at com.acs.configuration.socket.SocketServerProvider.start(SocketServerProvider.java:75)
	at com.acs.configuration.socket.SocketServerProvider.start(SocketServerProvider.java:75)
	at com.acs.configuration.socket.SocketServerProvider.start(SocketServerProvider.java:75)
	at com.acs.configuration.socket.SocketServerProvider.start(SocketServerProvider.java:75)
	at com.acs.configuration.socket.SocketServerProvider.start(SocketServerProvider.java:75)
	at com.acs.configuration.socket.SocketServerProvider.start(SocketServerProvider.java:75)
	at com.acs.configuration.socket.SocketServerProvider.start(SocketServerProvider.java:75)
	at com.acs.configuration.socket.SocketServerProvider.start(SocketServerProvider.java:75)
	at com.acs.configuration.socket.SocketServerProvider.start(SocketServerProvider.java:75)
	at com.acs.configuration.socket.SocketServerProvider.start(SocketServerProvider.java:75)
	at com.acs.configuration.socket.SocketServerProvider.start(SocketServerProvider.java:75)
	at com.acs.configuration.socket.SocketServerProvider.start(SocketServerProvider.java:75)
	at com.acs.configuration.socket.SocketServerProvider.start(SocketServerProvider.java:75)
	at com.acs.configuration.socket.SocketServerProvider.start(SocketServerProvider.java:75)
	at com.acs.configuration.socket.SocketServerProvider.start(SocketServerProvider.java:75)
	at com.acs.configuration.socket.SocketServerProvider.start(SocketServerProvider.java:75)
	at com.acs.configuration.socket.SocketServerProvider.start(SocketServerProvider.java:75)
	at com.acs.configuration.socket.SocketServerProvider.start(SocketServerProvider.java:75)
	at com.acs.configuration.socket.SocketServerProvider.start(SocketServerProvider.java:75)
	at com.acs.configuration.socket.SocketServerProvider.start(SocketServerProvider.java:75)
	at com.acs.configuration.socket.SocketServerProvider.start(SocketServerProvider.java:75)
	at com.acs.configuration.socket.SocketServerProvider.start(SocketServerProvider.java:75)
	at com.acs.configuration.socket.SocketServerProvider.start(SocketServerProvider.java:75)
	at com.acs.configuration.socket.SocketServerProvider.start(SocketServerProvider.java:75)
	at com.acs.configuration.socket.SocketServerProvider.start(SocketServerProvider.java:75)
	at com.acs.configuration.socket.SocketServerProvider.start(SocketServerProvider.java:75)
	at com.acs.configuration.socket.SocketServerProvider.start(SocketServerProvider.java:75)
	at com.acs.configuration.socket.SocketServerProvider.start(SocketServerProvider.java:75)
	at com.acs.configuration.socket.SocketServerProvider.start(SocketServerProvider.java:75)
	at com.acs.configuration.socket.SocketServerProvider.start(SocketServerProvider.java:75)
	at com.acs.configuration.socket.SocketServerProvider.start(SocketServerProvider.java:75)
	at com.acs.configuration.socket.SocketServerProvider.start(SocketServerProvider.java:75)
	at com.acs.configuration.socket.SocketServerProvider.start(SocketServerProvider.java:75)
	at com.acs.configuration.socket.SocketServerProvider.start(SocketServerProvider.java:75)
	at com.acs.configuration.socket.SocketServerProvider.start(SocketServerProvider.java:75)
	at com.acs.configuration.socket.SocketServerProvider.start(SocketServerProvider.java:75)
	at com.acs.configuration.socket.SocketServerProvider.start(SocketServerProvider.java:75)
	at com.acs.configuration.socket.SocketServerProvider.start(SocketServerProvider.java:75)
	at com.acs.configuration.socket.SocketServerProvider.start(SocketServerProvider.java:75)
	at com.acs.configuration.socket.SocketServerProvider.start(SocketServerProvider.java:75)
	at com.acs.configuration.socket.SocketServerProvider.start(SocketServerProvider.java:75)
	at com.acs.configuration.socket.SocketServerProvider.start(SocketServerProvider.java:75)
	at com.acs.configuration.socket.SocketServerProvider.start(SocketServerProvider.java:75)
	at com.acs.configuration.socket.SocketServerProvider.start(SocketServerProvider.java:75)
	at com.acs.configuration.socket.SocketServerProvider.start(SocketServerProvider.java:75)
	at com.acs.configuration.socket.SocketServerProvider.start(SocketServerProvider.java:75)
	at com.acs.configuration.socket.SocketServerProvider.start(SocketServerProvider.java:75)
	at com.acs.configuration.socket.SocketServerProvider.start(SocketServerProvider.java:75)
	at com.acs.configuration.socket.SocketServerProvider.start(SocketServerProvider.java:75)
	at com.acs.configuration.socket.SocketServerProvider.start(SocketServerProvider.java:75)
	at com.acs.configuration.socket.SocketServerProvider.start(SocketServerProvider.java:75)
	at com.acs.configuration.socket.SocketServerProvider.start(SocketServerProvider.java:75)
	at com.acs.configuration.socket.SocketServerProvider.start(SocketServerProvider.java:75)
	at com.acs.configuration.socket.SocketServerProvider.start(SocketServerProvider.java:75)
	at com.acs.configuration.socket.SocketServerProvider.start(SocketServerProvider.java:75)
	at com.acs.configuration.socket.SocketServerProvider.start(SocketServerProvider.java:75)
	at com.acs.configuration.socket.SocketServerProvider.start(SocketServerProvider.java:75)
	at com.acs.configuration.socket.SocketServerProvider.start(SocketServerProvider.java:75)
	at com.acs.configuration.socket.SocketServerProvider.start(SocketServerProvider.java:75)
	at com.acs.configuration.socket.SocketServerProvider.start(SocketServerProvider.java:75)
	at com.acs.configuration.socket.SocketServerProvider.start(SocketServerProvider.java:75)
	at com.acs.configuration.socket.SocketServerProvider.start(SocketServerProvider.java:75)
	at com.acs.configuration.socket.SocketServerProvider.start(SocketServerProvider.java:75)
	at com.acs.configuration.socket.SocketServerProvider.start(SocketServerProvider.java:75)
	at com.acs.configuration.socket.SocketServerProvider.start(SocketServerProvider.java:75)
	at com.acs.configuration.socket.SocketServerProvider.start(SocketServerProvider.java:75)
	at com.acs.configuration.socket.SocketServerProvider.start(SocketServerProvider.java:75)
	at com.acs.configuration.socket.SocketServerProvider.start(SocketServerProvider.java:75)
	at com.acs.configuration.socket.SocketServerProvider.start(SocketServerProvider.java:75)
	at com.acs.configuration.socket.SocketServerProvider.start(SocketServerProvider.java:75)
	at com.acs.configuration.socket.SocketServerProvider.start(SocketServerProvider.java:75)
	at com.acs.configuration.socket.SocketServerProvider.start(SocketServerProvider.java:75)
	at com.acs.configuration.socket.SocketServerProvider.start(SocketServerProvider.java:75)
	at com.acs.configuration.socket.SocketServerProvider.start(SocketServerProvider.java:75)
	at com.acs.configuration.socket.SocketServerProvider.start(SocketServerProvider.java:75)
	at com.acs.configuration.socket.SocketServerProvider.start(SocketServerProvider.java:75)
	at com.acs.configuration.socket.SocketServerProvider.start(SocketServerProvider.java:75)
	at com.acs.configuration.socket.SocketServerProvider.start(SocketServerProvider.java:75)
	at com.acs.configuration.socket.SocketServerProvider.start(SocketServerProvider.java:75)
	at com.acs.configuration.socket.SocketServerProvider.start(SocketServerProvider.java:75)
	at com.acs.configuration.socket.SocketServerProvider.start(SocketServerProvider.java:75)
	at com.acs.configuration.socket.SocketServerProvider.start(SocketServerProvider.java:75)
	at com.acs.configuration.socket.SocketServerProvider.start(SocketServerProvider.java:75)
	at com.acs.configuration.socket.SocketServerProvider.start(SocketServerProvider.java:75)
	at com.acs.configuration.socket.SocketServerProvider.start(SocketServerProvider.java:75)
	at com.acs.configuration.socket.SocketServerProvider.start(SocketServerProvider.java:75)
	at com.acs.configuration.socket.SocketServerProvider.start(SocketServerProvider.java:75)
	at com.acs.configuration.socket.SocketServerProvider.start(SocketServerProvider.java:75)
	at com.acs.configuration.socket.SocketServerProvider.start(SocketServerProvider.java:75)
	at com.acs.configuration.socket.SocketServerProvider.start(SocketServerProvider.java:75)
	at com.acs.configuration.socket.SocketServerProvider.start(SocketServerProvider.java:75)
	at com.acs.configuration.socket.SocketServerProvider.start(SocketServerProvider.java:75)
	at com.acs.configuration.socket.SocketServerProvider.start(SocketServerProvider.java:75)
	at com.acs.configuration.socket.SocketServerProvider.start(SocketServerProvider.java:75)
	at com.acs.configuration.socket.SocketServerProvider.start(SocketServerProvider.java:75)
	at com.acs.configuration.socket.SocketServerProvider.start(SocketServerProvider.java:75)
	at com.acs.configuration.socket.SocketServerProvider.start(SocketServerProvider.java:75)
	at com.acs.configuration.socket.SocketServerProvider.start(SocketServerProvider.java:75)
	at com.acs.configuration.socket.SocketServerProvider.start(SocketServerProvider.java:75)
	at com.acs.configuration.socket.SocketServerProvider.start(SocketServerProvider.java:75)
	at com.acs.configuration.socket.SocketServerProvider.start(SocketServerProvider.java:75)
	at com.acs.configuration.socket.SocketServerProvider.start(SocketServerProvider.java:75)
	at com.acs.configuration.socket.SocketServerProvider.start(SocketServerProvider.java:75)
	at com.acs.configuration.socket.SocketServerProvider.start(SocketServerProvider.java:75)
	at com.acs.configuration.socket.SocketServerProvider.start(SocketServerProvider.java:75)
	at com.acs.configuration.socket.SocketServerProvider.start(SocketServerProvider.java:75)
	at com.acs.configuration.socket.SocketServerProvider.start(SocketServerProvider.java:75)
	at com.acs.configuration.socket.SocketServerProvider.start(SocketServerProvider.java:75)
	at com.acs.configuration.socket.SocketServerProvider.start(SocketServerProvider.java:75)
	at com.acs.configuration.socket.SocketServerProvider.start(SocketServerProvider.java:75)
	at com.acs.configuration.socket.SocketServerProvider.start(SocketServerProvider.java:75)
	at com.acs.configuration.socket.SocketServerProvider.start(SocketServerProvider.java:75)
	at com.acs.configuration.socket.SocketServerProvider.start(SocketServerProvider.java:75)
	at com.acs.configuration.socket.SocketServerProvider.start(SocketServerProvider.java:75)
	at com.acs.configuration.socket.SocketServerProvider.start(SocketServerProvider.java:75)
	at com.acs.configuration.socket.SocketServerProvider.start(SocketServerProvider.java:75)
	at com.acs.configuration.socket.SocketServerProvider.start(SocketServerProvider.java:75)
	at com.acs.configuration.socket.SocketServerProvider.start(SocketServerProvider.java:75)
	at com.acs.configuration.socket.SocketServerProvider.start(SocketServerProvider.java:75)
	at com.acs.configuration.socket.SocketServerProvider.start(SocketServerProvider.java:75)
	at com.acs.configuration.socket.SocketServerProvider.start(SocketServerProvider.java:75)
	at com.acs.configuration.socket.SocketServerProvider.start(SocketServerProvider.java:75)
	at com.acs.configuration.socket.SocketServerProvider.start(SocketServerProvider.java:75)
	at com.acs.configuration.socket.SocketServerProvider.start(SocketServerProvider.java:75)
	at com.acs.configuration.socket.SocketServerProvider.start(SocketServerProvider.java:75)
	at com.acs.configuration.socket.SocketServerProvider.start(SocketServerProvider.java:75)
	at com.acs.configuration.socket.SocketServerProvider.start(SocketServerProvider.java:75)
	at com.acs.configuration.socket.SocketServerProvider.start(SocketServerProvider.java:75)
	at com.acs.configuration.socket.SocketServerProvider.start(SocketServerProvider.java:75)
	at com.acs.configuration.socket.SocketServerProvider.start(SocketServerProvider.java:75)
	at com.acs.configuration.socket.SocketServerProvider.start(SocketServerProvider.java:75)
	at com.acs.configuration.socket.SocketServerProvider.start(SocketServerProvider.java:75)
	at com.acs.configuration.socket.SocketServerProvider.start(SocketServerProvider.java:75)
	at com.acs.configuration.socket.SocketServerProvider.start(SocketServerProvider.java:75)
	at com.acs.configuration.socket.SocketServerProvider.start(SocketServerProvider.java:75)
	at com.acs.configuration.socket.SocketServerProvider.start(SocketServerProvider.java:75)
	at com.acs.configuration.socket.SocketServerProvider.start(SocketServerProvider.java:75)
	at com.acs.configuration.socket.SocketServerProvider.start(SocketServerProvider.java:75)
	at com.acs.configuration.socket.SocketServerProvider.start(SocketServerProvider.java:75)
	at com.acs.configuration.socket.SocketServerProvider.start(SocketServerProvider.java:75)
	at com.acs.configuration.socket.SocketServerProvider.start(SocketServerProvider.java:75)
	at com.acs.configuration.socket.SocketServerProvider.start(SocketServerProvider.java:75)
	at com.acs.configuration.socket.SocketServerProvider.start(SocketServerProvider.java:75)
	at com.acs.configuration.socket.SocketServerProvider.start(SocketServerProvider.java:75)
	at com.acs.configuration.socket.SocketServerProvider.start(SocketServerProvider.java:75)
	at com.acs.configuration.socket.SocketServerProvider.start(SocketServerProvider.java:75)
	at com.acs.configuration.socket.SocketServerProvider.start(SocketServerProvider.java:75)
	at com.acs.configuration.socket.SocketServerProvider.start(SocketServerProvider.java:75)
	at com.acs.configuration.socket.SocketServerProvider.start(SocketServerProvider.java:75)
	at com.acs.configuration.socket.SocketServerProvider.start(SocketServerProvider.java:75)
	at com.acs.configuration.socket.SocketServerProvider.start(SocketServerProvider.java:75)
	at com.acs.configuration.socket.SocketServerProvider.start(SocketServerProvider.java:75)
	at com.acs.configuration.socket.SocketServerProvider.start(SocketServerProvider.java:75)
	at com.acs.configuration.socket.SocketServerProvider.start(SocketServerProvider.java:75)
	at com.acs.configuration.socket.SocketServerProvider.start(SocketServerProvider.java:75)
	at com.acs.configuration.socket.SocketServerProvider.start(SocketServerProvider.java:75)
	at com.acs.configuration.socket.SocketServerProvider.start(SocketServerProvider.java:75)
	at com.acs.configuration.socket.SocketServerProvider.start(SocketServerProvider.java:75)
	at com.acs.configuration.socket.SocketServerProvider.start(SocketServerProvider.java:75)
	at com.acs.configuration.socket.SocketServerProvider.start(SocketServerProvider.java:75)
	at com.acs.configuration.socket.SocketServerProvider.start(SocketServerProvider.java:75)
	at com.acs.configuration.socket.SocketServerProvider.start(SocketServerProvider.java:75)
	at com.acs.configuration.socket.SocketServerProvider.start(SocketServerProvider.java:75)
	at com.acs.configuration.socket.SocketServerProvider.start(SocketServerProvider.java:75)
	at com.acs.configuration.socket.SocketServerProvider.start(SocketServerProvider.java:75)
	at com.acs.configuration.socket.SocketServerProvider.start(SocketServerProvider.java:75)
	at com.acs.configuration.socket.SocketServerProvider.start(SocketServerProvider.java:75)
	at com.acs.configuration.socket.SocketServerProvider.start(SocketServerProvider.java:75)
	at com.acs.configuration.socket.SocketServerProvider.start(SocketServerProvider.java:75)
	at com.acs.configuration.socket.SocketServerProvider.start(SocketServerProvider.java:75)
	at com.acs.configuration.socket.SocketServerProvider.start(SocketServerProvider.java:75)
	at com.acs.configuration.socket.SocketServerProvider.start(SocketServerProvider.java:75)
	at com.acs.configuration.socket.SocketServerProvider.start(SocketServerProvider.java:75)
	at com.acs.configuration.socket.SocketServerProvider.start(SocketServerProvider.java:75)
	at com.acs.configuration.socket.SocketServerProvider.start(SocketServerProvider.java:75)
	at com.acs.configuration.socket.SocketServerProvider.start(SocketServerProvider.java:75)
	at com.acs.configuration.socket.SocketServerProvider.start(SocketServerProvider.java:75)
	at com.acs.configuration.socket.SocketServerProvider.start(SocketServerProvider.java:75)
	at com.acs.configuration.socket.SocketServerProvider.start(SocketServerProvider.java:75)
	at com.acs.configuration.socket.SocketServerProvider.start(SocketServerProvider.java:75)
	at com.acs.configuration.socket.SocketServerProvider.start(SocketServerProvider.java:75)
	at com.acs.configuration.socket.SocketServerProvider.start(SocketServerProvider.java:75)
	at com.acs.configuration.socket.SocketServerProvider.start(SocketServerProvider.java:75)
	at com.acs.configuration.socket.SocketServerProvider.start(SocketServerProvider.java:75)
	at com.acs.configuration.socket.SocketServerProvider.start(SocketServerProvider.java:75)
	at com.acs.configuration.socket.SocketServerProvider.start(SocketServerProvider.java:75)
	at com.acs.configuration.socket.SocketServerProvider.start(SocketServerProvider.java:75)
	at com.acs.configuration.socket.SocketServerProvider.start(SocketServerProvider.java:75)
	at com.acs.configuration.socket.SocketServerProvider.start(SocketServerProvider.java:75)
	at com.acs.configuration.socket.SocketServerProvider.start(SocketServerProvider.java:75)
	at com.acs.configuration.socket.SocketServerProvider.start(SocketServerProvider.java:75)
	at com.acs.configuration.socket.SocketServerProvider.start(SocketServerProvider.java:75)
	at com.acs.configuration.socket.SocketServerProvider.start(SocketServerProvider.java:75)
	at com.acs.configuration.socket.SocketServerProvider.start(SocketServerProvider.java:75)
	at com.acs.configuration.socket.SocketServerProvider.start(SocketServerProvider.java:75)
	at com.acs.configuration.socket.SocketServerProvider.start(SocketServerProvider.java:75)
	at com.acs.configuration.socket.SocketServerProvider.start(SocketServerProvider.java:75)
	at com.acs.configuration.socket.SocketServerProvider.start(SocketServerProvider.java:75)
	at com.acs.configuration.socket.SocketServerProvider.start(SocketServerProvider.java:75)
	at com.acs.configuration.socket.SocketServerProvider.start(SocketServerProvider.java:75)
	at com.acs.configuration.socket.SocketServerProvider.start(SocketServerProvider.java:75)
	at com.acs.configuration.socket.SocketServerProvider.start(SocketServerProvider.java:75)
	at com.acs.configuration.socket.SocketServerProvider.start(SocketServerProvider.java:75)
	at com.acs.configuration.socket.SocketServerProvider.start(SocketServerProvider.java:75)
	at com.acs.configuration.socket.SocketServerProvider.start(SocketServerProvider.java:75)
	at com.acs.configuration.socket.SocketServerProvider.start(SocketServerProvider.java:75)
	at com.acs.configuration.socket.SocketServerProvider.start(SocketServerProvider.java:75)
	at com.acs.configuration.socket.SocketServerProvider.start(SocketServerProvider.java:75)
	at com.acs.configuration.socket.SocketServerProvider.start(SocketServerProvider.java:75)
	at com.acs.configuration.socket.SocketServerProvider.start(SocketServerProvider.java:75)
	at com.acs.configuration.socket.SocketServerProvider.start(SocketServerProvider.java:75)
	at com.acs.configuration.socket.SocketServerProvider.start(SocketServerProvider.java:75)
	at com.acs.configuration.socket.SocketServerProvider.start(SocketServerProvider.java:75)
	at com.acs.configuration.socket.SocketServerProvider.start(SocketServerProvider.java:75)
	at com.acs.configuration.socket.SocketServerProvider.start(SocketServerProvider.java:75)
	at com.acs.configuration.socket.SocketServerProvider.start(SocketServerProvider.java:75)
	at com.acs.configuration.socket.SocketServerProvider.start(SocketServerProvider.java:75)
	at com.acs.configuration.socket.SocketServerProvider.start(SocketServerProvider.java:75)
	at com.acs.configuration.socket.SocketServerProvider.start(SocketServerProvider.java:75)
	at com.acs.configuration.socket.SocketServerProvider.start(SocketServerProvider.java:75)
	at com.acs.configuration.socket.SocketServerProvider.start(SocketServerProvider.java:75)
	at com.acs.configuration.socket.SocketServerProvider.start(SocketServerProvider.java:75)
	at com.acs.configuration.socket.SocketServerProvider.start(SocketServerProvider.java:75)
	at com.acs.configuration.socket.SocketServerProvider.start(SocketServerProvider.java:75)
	at com.acs.configuration.socket.SocketServerProvider.start(SocketServerProvider.java:75)
	at com.acs.configuration.socket.SocketServerProvider.start(SocketServerProvider.java:75)
	at com.acs.configuration.socket.SocketServerProvider.start(SocketServerProvider.java:75)
	at com.acs.configuration.socket.SocketServerProvider.start(SocketServerProvider.java:75)
	at com.acs.configuration.socket.SocketServerProvider.start(SocketServerProvider.java:75)
	at com.acs.configuration.socket.SocketServerProvider.start(SocketServerProvider.java:75)
	at com.acs.configuration.socket.SocketServerProvider.start(SocketServerProvider.java:75)
	at com.acs.configuration.socket.SocketServerProvider.start(SocketServerProvider.java:75)
	at com.acs.configuration.socket.SocketServerProvider.start(SocketServerProvider.java:75)
	at com.acs.configuration.socket.SocketServerProvider.start(SocketServerProvider.java:75)
	at com.acs.configuration.socket.SocketServerProvider.start(SocketServerProvider.java:75)
	at com.acs.configuration.socket.SocketServerProvider.start(SocketServerProvider.java:75)
	at com.acs.configuration.socket.SocketServerProvider.start(SocketServerProvider.java:75)
	at com.acs.configuration.socket.SocketServerProvider.start(SocketServerProvider.java:75)
	at com.acs.configuration.socket.SocketServerProvider.start(SocketServerProvider.java:75)
	at com.acs.configuration.socket.SocketServerProvider.start(SocketServerProvider.java:75)
	at com.acs.configuration.socket.SocketServerProvider.start(SocketServerProvider.java:75)
	at com.acs.configuration.socket.SocketServerProvider.start(SocketServerProvider.java:75)
	at com.acs.configuration.socket.SocketServerProvider.start(SocketServerProvider.java:75)
	at com.acs.configuration.socket.SocketServerProvider.start(SocketServerProvider.java:75)
	at com.acs.configuration.socket.SocketServerProvider.start(SocketServerProvider.java:75)
	at com.acs.configuration.socket.SocketServerProvider.start(SocketServerProvider.java:75)
	at com.acs.configuration.socket.SocketServerProvider.start(SocketServerProvider.java:75)
	at com.acs.configuration.socket.SocketServerProvider.start(SocketServerProvider.java:75)
	at com.acs.configuration.socket.SocketServerProvider.start(SocketServerProvider.java:75)
	at com.acs.configuration.socket.SocketServerProvider.start(SocketServerProvider.java:75)
	at com.acs.configuration.socket.SocketServerProvider.start(SocketServerProvider.java:75)
	at com.acs.configuration.socket.SocketServerProvider.start(SocketServerProvider.java:75)
	at com.acs.configuration.socket.SocketServerProvider.start(SocketServerProvider.java:75)
	at com.acs.configuration.socket.SocketServerProvider.start(SocketServerProvider.java:75)
	at com.acs.configuration.socket.SocketServerProvider.start(SocketServerProvider.java:75)
	at com.acs.configuration.socket.SocketServerProvider.start(SocketServerProvider.java:75)
	at com.acs.configuration.socket.SocketServerProvider.start(SocketServerProvider.java:75)
	at com.acs.configuration.socket.SocketServerProvider.start(SocketServerProvider.java:75)
	at com.acs.configuration.socket.SocketServerProvider.start(SocketServerProvider.java:75)
	at com.acs.configuration.socket.SocketServerProvider.start(SocketServerProvider.java:75)
	at com.acs.configuration.socket.SocketServerProvider.start(SocketServerProvider.java:75)
	at com.acs.configuration.socket.SocketServerProvider.start(SocketServerProvider.java:75)
	at com.acs.configuration.socket.SocketServerProvider.start(SocketServerProvider.java:75)
	at com.acs.configuration.socket.SocketServerProvider.start(SocketServerProvider.java:75)
	at com.acs.configuration.socket.SocketServerProvider.start(SocketServerProvider.java:75)
	at com.acs.configuration.socket.SocketServerProvider.start(SocketServerProvider.java:75)
	at com.acs.configuration.socket.SocketServerProvider.start(SocketServerProvider.java:75)
	at com.acs.configuration.socket.SocketServerProvider.start(SocketServerProvider.java:75)
	at com.acs.configuration.socket.SocketServerProvider.start(SocketServerProvider.java:75)
	at com.acs.configuration.socket.SocketServerProvider.start(SocketServerProvider.java:75)
	at com.acs.configuration.socket.SocketServerProvider.start(SocketServerProvider.java:75)
	at com.acs.configuration.socket.SocketServerProvider.start(SocketServerProvider.java:75)
	at com.acs.configuration.socket.SocketServerProvider.start(SocketServerProvider.java:75)
	at com.acs.configuration.socket.SocketServerProvider.start(SocketServerProvider.java:75)
	at com.acs.configuration.socket.SocketServerProvider.start(SocketServerProvider.java:75)
	at com.acs.configuration.socket.SocketServerProvider.start(SocketServerProvider.java:75)
	at com.acs.configuration.socket.SocketServerProvider.start(SocketServerProvider.java:75)
	at com.acs.configuration.socket.SocketServerProvider.start(SocketServerProvider.java:75)
	at com.acs.configuration.socket.SocketServerProvider.start(SocketServerProvider.java:75)
	at com.acs.configuration.socket.SocketServerProvider.start(SocketServerProvider.java:75)
	at com.acs.configuration.socket.SocketServerProvider.start(SocketServerProvider.java:75)
	at com.acs.configuration.socket.SocketServerProvider.start(SocketServerProvider.java:75)
	at com.acs.configuration.socket.SocketServerProvider.start(SocketServerProvider.java:75)
	at com.acs.configuration.socket.SocketServerProvider.start(SocketServerProvider.java:75)
	at com.acs.configuration.socket.SocketServerProvider.start(SocketServerProvider.java:75)
	at com.acs.configuration.socket.SocketServerProvider.start(SocketServerProvider.java:75)
	at com.acs.configuration.socket.SocketServerProvider.start(SocketServerProvider.java:75)
	at com.acs.configuration.socket.SocketServerProvider.start(SocketServerProvider.java:75)
	at com.acs.configuration.socket.SocketServerProvider.start(SocketServerProvider.java:75)
	at com.acs.configuration.socket.SocketServerProvider.start(SocketServerProvider.java:75)
	at com.acs.configuration.socket.SocketServerProvider.start(SocketServerProvider.java:75)
	at com.acs.configuration.socket.SocketServerProvider.start(SocketServerProvider.java:75)
	at com.acs.configuration.socket.SocketServerProvider.start(SocketServerProvider.java:75)
	at com.acs.configuration.socket.SocketServerProvider.start(SocketServerProvider.java:75)
	at com.acs.configuration.socket.SocketServerProvider.start(SocketServerProvider.java:75)
	at com.acs.configuration.socket.SocketServerProvider.start(SocketServerProvider.java:75)
	at com.acs.configuration.socket.SocketServerProvider.start(SocketServerProvider.java:75)
	at com.acs.configuration.socket.SocketServerProvider.start(SocketServerProvider.java:75)
	at com.acs.configuration.socket.SocketServerProvider.start(SocketServerProvider.java:75)
	at com.acs.configuration.socket.SocketServerProvider.start(SocketServerProvider.java:75)
	at com.acs.configuration.socket.SocketServerProvider.start(SocketServerProvider.java:75)
	at com.acs.configuration.socket.SocketServerProvider.start(SocketServerProvider.java:75)
	at com.acs.configuration.socket.SocketServerProvider.start(SocketServerProvider.java:75)
	at com.acs.configuration.socket.SocketServerProvider.start(SocketServerProvider.java:75)
	at com.acs.configuration.socket.SocketServerProvider.start(SocketServerProvider.java:75)
	at com.acs.configuration.socket.SocketServerProvider.start(SocketServerProvider.java:75)
	at com.acs.configuration.socket.SocketServerProvider.start(SocketServerProvider.java:75)
	at com.acs.configuration.socket.SocketServerProvider.start(SocketServerProvider.java:75)
	at com.acs.configuration.socket.SocketServerProvider.start(SocketServerProvider.java:75)
	at com.acs.configuration.socket.SocketServerProvider.start(SocketServerProvider.java:75)
	at com.acs.configuration.socket.SocketServerProvider.start(SocketServerProvider.java:75)
	at com.acs.configuration.socket.SocketServerProvider.start(SocketServerProvider.java:75)
	at com.acs.configuration.socket.SocketServerProvider.start(SocketServerProvider.java:75)
	at com.acs.configuration.socket.SocketServerProvider.start(SocketServerProvider.java:75)
	at com.acs.configuration.socket.SocketServerProvider.start(SocketServerProvider.java:75)
	at com.acs.configuration.socket.SocketServerProvider.start(SocketServerProvider.java:75)
	at com.acs.configuration.socket.SocketServerProvider.start(SocketServerProvider.java:75)
	at com.acs.configuration.socket.SocketServerProvider.start(SocketServerProvider.java:75)
	at com.acs.configuration.socket.SocketServerProvider.start(SocketServerProvider.java:75)
	at com.acs.configuration.socket.SocketServerProvider.start(SocketServerProvider.java:75)
	at com.acs.configuration.socket.SocketServerProvider.start(SocketServerProvider.java:75)
	at com.acs.configuration.socket.SocketServerProvider.start(SocketServerProvider.java:75)
	at com.acs.configuration.socket.SocketServerProvider.start(SocketServerProvider.java:75)
	at com.acs.configuration.socket.SocketServerProvider.start(SocketServerProvider.java:75)
	at com.acs.configuration.socket.SocketServerProvider.start(SocketServerProvider.java:75)
	at com.acs.configuration.socket.SocketServerProvider.start(SocketServerProvider.java:75)
	at com.acs.configuration.socket.SocketServerProvider.start(SocketServerProvider.java:75)
	at com.acs.configuration.socket.SocketServerProvider.start(SocketServerProvider.java:75)
	at com.acs.configuration.socket.SocketServerProvider.start(SocketServerProvider.java:75)
	at com.acs.configuration.socket.SocketServerProvider.start(SocketServerProvider.java:75)
	at com.acs.configuration.socket.SocketServerProvider.start(SocketServerProvider.java:75)
	at com.acs.configuration.socket.SocketServerProvider.start(SocketServerProvider.java:75)
	at com.acs.configuration.socket.SocketServerProvider.start(SocketServerProvider.java:75)
	at com.acs.configuration.socket.SocketServerProvider.start(SocketServerProvider.java:75)
	at com.acs.configuration.socket.SocketServerProvider.start(SocketServerProvider.java:75)
	at com.acs.configuration.socket.SocketServerProvider.start(SocketServerProvider.java:75)
	at com.acs.configuration.socket.SocketServerProvider.start(SocketServerProvider.java:75)
	at com.acs.configuration.socket.SocketServerProvider.start(SocketServerProvider.java:75)
	at com.acs.configuration.socket.SocketServerProvider.start(SocketServerProvider.java:75)
	at com.acs.configuration.socket.SocketServerProvider.start(SocketServerProvider.java:75)
	at com.acs.configuration.socket.SocketServerProvider.start(SocketServerProvider.java:75)
	at com.acs.configuration.socket.SocketServerProvider.start(SocketServerProvider.java:75)
	at com.acs.configuration.socket.SocketServerProvider.start(SocketServerProvider.java:75)
	at com.acs.configuration.socket.SocketServerProvider.start(SocketServerProvider.java:75)
	at com.acs.configuration.socket.SocketServerProvider.start(SocketServerProvider.java:75)
	at com.acs.configuration.socket.SocketServerProvider.start(SocketServerProvider.java:75)
	at com.acs.configuration.socket.SocketServerProvider.start(SocketServerProvider.java:75)
	at com.acs.configuration.socket.SocketServerProvider.start(SocketServerProvider.java:75)
	at com.acs.configuration.socket.SocketServerProvider.start(SocketServerProvider.java:75)
	at com.acs.configuration.socket.SocketServerProvider.start(SocketServerProvider.java:75)
	at com.acs.configuration.socket.SocketServerProvider.start(SocketServerProvider.java:75)
	at com.acs.configuration.socket.SocketServerProvider.start(SocketServerProvider.java:75)
	at com.acs.configuration.socket.SocketServerProvider.start(SocketServerProvider.java:75)
	at com.acs.configuration.socket.SocketServerProvider.start(SocketServerProvider.java:75)
	at com.acs.configuration.socket.SocketServerProvider.start(SocketServerProvider.java:75)
	at com.acs.configuration.socket.SocketServerProvider.start(SocketServerProvider.java:75)
	at com.acs.configuration.socket.SocketServerProvider.start(SocketServerProvider.java:75)
	at com.acs.configuration.socket.SocketServerProvider.start(SocketServerProvider.java:75)
	at com.acs.configuration.socket.SocketServerProvider.start(SocketServerProvider.java:75)
	at com.acs.configuration.socket.SocketServerProvider.start(SocketServerProvider.java:75)
	at com.acs.configuration.socket.SocketServerProvider.start(SocketServerProvider.java:75)
	at com.acs.configuration.socket.SocketServerProvider.start(SocketServerProvider.java:75)
	at com.acs.configuration.socket.SocketServerProvider.start(SocketServerProvider.java:75)
	at com.acs.configuration.socket.SocketServerProvider.start(SocketServerProvider.java:75)
	at com.acs.configuration.socket.SocketServerProvider.start(SocketServerProvider.java:75)
	at com.acs.configuration.socket.SocketServerProvider.start(SocketServerProvider.java:75)
	at com.acs.configuration.socket.SocketServerProvider.start(SocketServerProvider.java:75)
	at com.acs.configuration.socket.SocketServerProvider.start(SocketServerProvider.java:75)
	at com.acs.configuration.socket.SocketServerProvider.start(SocketServerProvider.java:75)
	at com.acs.configuration.socket.SocketServerProvider.start(SocketServerProvider.java:75)
	at com.acs.configuration.socket.SocketServerProvider.start(SocketServerProvider.java:75)
	at com.acs.configuration.socket.SocketServerProvider.start(SocketServerProvider.java:75)
	at com.acs.configuration.socket.SocketServerProvider.start(SocketServerProvider.java:75)
	at com.acs.configuration.socket.SocketServerProvider.start(SocketServerProvider.java:75)
	at com.acs.configuration.socket.SocketServerProvider.start(SocketServerProvider.java:75)
	at com.acs.configuration.socket.SocketServerProvider.start(SocketServerProvider.java:75)
	at com.acs.configuration.socket.SocketServerProvider.start(SocketServerProvider.java:75)
	at com.acs.configuration.socket.SocketServerProvider.start(SocketServerProvider.java:75)
	at com.acs.configuration.socket.SocketServerProvider.start(SocketServerProvider.java:75)
	at com.acs.configuration.socket.SocketServerProvider.start(SocketServerProvider.java:75)
	at com.acs.configuration.socket.SocketServerProvider.start(SocketServerProvider.java:75)
	at com.acs.configuration.socket.SocketServerProvider.start(SocketServerProvider.java:75)
	at com.acs.configuration.socket.SocketServerProvider.start(SocketServerProvider.java:75)
	at com.acs.configuration.socket.SocketServerProvider.start(SocketServerProvider.java:75)
	at com.acs.configuration.socket.SocketServerProvider.start(SocketServerProvider.java:75)
	at com.acs.configuration.socket.SocketServerProvider.start(SocketServerProvider.java:75)
	at com.acs.configuration.socket.SocketServerProvider.start(SocketServerProvider.java:75)
	at com.acs.configuration.socket.SocketServerProvider.start(SocketServerProvider.java:75)
	at com.acs.configuration.socket.SocketServerProvider.start(SocketServerProvider.java:75)
	at com.acs.configuration.socket.SocketServerProvider.start(SocketServerProvider.java:75)
	at com.acs.configuration.socket.SocketServerProvider.start(SocketServerProvider.java:75)
	at com.acs.configuration.socket.SocketServerProvider.start(SocketServerProvider.java:75)
	at com.acs.configuration.socket.SocketServerProvider.start(SocketServerProvider.java:75)
	at com.acs.configuration.socket.SocketServerProvider.start(SocketServerProvider.java:75)
	at com.acs.configuration.socket.SocketServerProvider.start(SocketServerProvider.java:75)
	at com.acs.configuration.socket.SocketServerProvider.start(SocketServerProvider.java:75)
	at com.acs.configuration.socket.SocketServerProvider.start(SocketServerProvider.java:75)
	at com.acs.configuration.socket.SocketServerProvider.start(SocketServerProvider.java:75)
	at com.acs.configuration.socket.SocketServerProvider.start(SocketServerProvider.java:75)
	at com.acs.configuration.socket.SocketServerProvider.start(SocketServerProvider.java:75)
	at com.acs.configuration.socket.SocketServerProvider.start(SocketServerProvider.java:75)
	at com.acs.configuration.socket.SocketServerProvider.start(SocketServerProvider.java:75)
	at com.acs.configuration.socket.SocketServerProvider.start(SocketServerProvider.java:75)
	at com.acs.configuration.socket.SocketServerProvider.start(SocketServerProvider.java:75)
	at com.acs.configuration.socket.SocketServerProvider.start(SocketServerProvider.java:75)
	at com.acs.configuration.socket.SocketServerProvider.start(SocketServerProvider.java:75)
	at com.acs.configuration.socket.SocketServerProvider.start(SocketServerProvider.java:75)
	at com.acs.configuration.socket.SocketServerProvider.start(SocketServerProvider.java:75)
	at com.acs.configuration.socket.SocketServerProvider.start(SocketServerProvider.java:75)
	at com.acs.configuration.socket.SocketServerProvider.start(SocketServerProvider.java:75)
	at com.acs.configuration.socket.SocketServerProvider.start(SocketServerProvider.java:75)
	at com.acs.configuration.socket.SocketServerProvider.start(SocketServerProvider.java:75)
	at com.acs.configuration.socket.SocketServerProvider.start(SocketServerProvider.java:75)
	at com.acs.configuration.socket.SocketServerProvider.start(SocketServerProvider.java:75)
	at com.acs.configuration.socket.SocketServerProvider.start(SocketServerProvider.java:75)
	at com.acs.configuration.socket.SocketServerProvider.start(SocketServerProvider.java:75)
	at com.acs.configuration.socket.SocketServerProvider.start(SocketServerProvider.java:75)
	at com.acs.configuration.socket.SocketServerProvider.start(SocketServerProvider.java:75)
	at com.acs.configuration.socket.SocketServerProvider.start(SocketServerProvider.java:75)
	at com.acs.configuration.socket.SocketServerProvider.start(SocketServerProvider.java:75)
	at com.acs.configuration.socket.SocketServerProvider.start(SocketServerProvider.java:75)
	at com.acs.configuration.socket.SocketServerProvider.start(SocketServerProvider.java:75)
	at com.acs.configuration.socket.SocketServerProvider.start(SocketServerProvider.java:75)
	at com.acs.configuration.socket.SocketServerProvider.start(SocketServerProvider.java:75)
	at com.acs.configuration.socket.SocketServerProvider.start(SocketServerProvider.java:75)
	at com.acs.configuration.socket.SocketServerProvider.start(SocketServerProvider.java:75)
	at com.acs.configuration.socket.SocketServerProvider.start(SocketServerProvider.java:75)
	at com.acs.configuration.socket.SocketServerProvider.start(SocketServerProvider.java:75)
	at com.acs.configuration.socket.SocketServerProvider.start(SocketServerProvider.java:75)
	at com.acs.configuration.socket.SocketServerProvider.start(SocketServerProvider.java:75)
	at com.acs.configuration.socket.SocketServerProvider.start(SocketServerProvider.java:75)
	at com.acs.configuration.socket.SocketServerProvider.start(SocketServerProvider.java:75)
	at com.acs.configuration.socket.SocketServerProvider.start(SocketServerProvider.java:75)
	at com.acs.configuration.socket.SocketServerProvider.start(SocketServerProvider.java:75)
	at com.acs.configuration.socket.SocketServerProvider.start(SocketServerProvider.java:75)
	at com.acs.configuration.socket.SocketServerProvider.start(SocketServerProvider.java:75)
	at com.acs.configuration.socket.SocketServerProvider.start(SocketServerProvider.java:75)
	at com.acs.configuration.socket.SocketServerProvider.start(SocketServerProvider.java:75)
	at com.acs.configuration.socket.SocketServerProvider.start(SocketServerProvider.java:75)
	at com.acs.configuration.socket.SocketServerProvider.start(SocketServerProvider.java:75)
	at com.acs.configuration.socket.SocketServerProvider.start(SocketServerProvider.java:75)
	at com.acs.configuration.socket.SocketServerProvider.start(SocketServerProvider.java:75)
	at com.acs.configuration.socket.SocketServerProvider.start(SocketServerProvider.java:75)
	at com.acs.configuration.socket.SocketServerProvider.start(SocketServerProvider.java:75)
	at com.acs.configuration.socket.SocketServerProvider.start(SocketServerProvider.java:75)
	at com.acs.configuration.socket.SocketServerProvider.start(SocketServerProvider.java:75)
	at com.acs.configuration.socket.SocketServerProvider.start(SocketServerProvider.java:75)
	at com.acs.configuration.socket.SocketServerProvider.start(SocketServerProvider.java:75)
	at com.acs.configuration.socket.SocketServerProvider.start(SocketServerProvider.java:75)
	at com.acs.configuration.socket.SocketServerProvider.start(SocketServerProvider.java:75)
	at com.acs.configuration.socket.SocketServerProvider.start(SocketServerProvider.java:75)
	at com.acs.configuration.socket.SocketServerProvider.start(SocketServerProvider.java:75)
	at com.acs.configuration.socket.SocketServerProvider.start(SocketServerProvider.java:75)
	at com.acs.configuration.socket.SocketServerProvider.start(SocketServerProvider.java:75)
	at com.acs.configuration.socket.SocketServerProvider.start(SocketServerProvider.java:75)
	at com.acs.configuration.socket.SocketServerProvider.start(SocketServerProvider.java:75)
	at com.acs.configuration.socket.SocketServerProvider.start(SocketServerProvider.java:75)
	at com.acs.configuration.socket.SocketServerProvider.start(SocketServerProvider.java:75)
	at com.acs.configuration.socket.SocketServerProvider.start(SocketServerProvider.java:75)
	at com.acs.configuration.socket.SocketServerProvider.start(SocketServerProvider.java:75)
	at com.acs.configuration.socket.SocketServerProvider.start(SocketServerProvider.java:75)
	at com.acs.configuration.socket.SocketServerProvider.start(SocketServerProvider.java:75)
	at com.acs.configuration.socket.SocketServerProvider.start(SocketServerProvider.java:75)
	at com.acs.configuration.socket.SocketServerProvider.start(SocketServerProvider.java:75)
	at com.acs.configuration.socket.SocketServerProvider.start(SocketServerProvider.java:75)
	at com.acs.configuration.socket.SocketServerProvider.start(SocketServerProvider.java:75)
	at com.acs.configuration.socket.SocketServerProvider.start(SocketServerProvider.java:75)
	at com.acs.configuration.socket.SocketServerProvider.start(SocketServerProvider.java:75)
	at com.acs.configuration.socket.SocketServerProvider.start(SocketServerProvider.java:75)
	at com.acs.configuration.socket.SocketServerProvider.start(SocketServerProvider.java:75)
	at com.acs.configuration.socket.SocketServerProvider.start(SocketServerProvider.java:75)
	at com.acs.configuration.socket.SocketServerProvider.start(SocketServerProvider.java:75)
	at com.acs.configuration.socket.SocketServerProvider.start(SocketServerProvider.java:75)
	at com.acs.configuration.socket.SocketServerProvider.start(SocketServerProvider.java:75)
	at com.acs.configuration.socket.SocketServerProvider.start(SocketServerProvider.java:75)
	at com.acs.configuration.socket.SocketServerProvider.start(SocketServerProvider.java:75)
	at com.acs.configuration.socket.SocketServerProvider.start(SocketServerProvider.java:75)
	at com.acs.configuration.socket.SocketServerProvider.start(SocketServerProvider.java:75)
	at com.acs.configuration.socket.SocketServerProvider.start(SocketServerProvider.java:75)
	at com.acs.configuration.socket.SocketServerProvider.start(SocketServerProvider.java:75)
	at com.acs.configuration.socket.SocketServerProvider.start(SocketServerProvider.java:75)
	at com.acs.configuration.socket.SocketServerProvider.start(SocketServerProvider.java:75)
	at com.acs.configuration.socket.SocketServerProvider.start(SocketServerProvider.java:75)
	at com.acs.configuration.socket.SocketServerProvider.start(SocketServerProvider.java:75)
	at com.acs.configuration.socket.SocketServerProvider.start(SocketServerProvider.java:75)
	at com.acs.configuration.socket.SocketServerProvider.start(SocketServerProvider.java:75)
	at com.acs.configuration.socket.SocketServerProvider.start(SocketServerProvider.java:75)
	at com.acs.configuration.socket.SocketServerProvider.start(SocketServerProvider.java:75)
	at com.acs.configuration.socket.SocketServerProvider.start(SocketServerProvider.java:75)
	at com.acs.configuration.socket.SocketServerProvider.start(SocketServerProvider.java:75)
	at com.acs.configuration.socket.SocketServerProvider.start(SocketServerProvider.java:75)
	at com.acs.configuration.socket.SocketServerProvider.start(SocketServerProvider.java:75)
	at com.acs.configuration.socket.SocketServerProvider.start(SocketServerProvider.java:75)
	at com.acs.configuration.socket.SocketServerProvider.start(SocketServerProvider.java:75)
	at com.acs.configuration.socket.SocketServerProvider.start(SocketServerProvider.java:75)
	at com.acs.configuration.socket.SocketServerProvider.start(SocketServerProvider.java:75)
	at com.acs.configuration.socket.SocketServerProvider.start(SocketServerProvider.java:75)
	at com.acs.configuration.socket.SocketServerProvider.start(SocketServerProvider.java:75)
	at com.acs.configuration.socket.SocketServerProvider.start(SocketServerProvider.java:75)
	at com.acs.configuration.socket.SocketServerProvider.start(SocketServerProvider.java:75)
	at com.acs.configuration.socket.SocketServerProvider.start(SocketServerProvider.java:75)
	at com.acs.configuration.socket.SocketServerProvider.start(SocketServerProvider.java:75)
	at com.acs.configuration.socket.SocketServerProvider.start(SocketServerProvider.java:75)
	at com.acs.configuration.socket.SocketServerProvider.start(SocketServerProvider.java:75)
	at com.acs.configuration.socket.SocketServerProvider.start(SocketServerProvider.java:75)
	at com.acs.configuration.socket.SocketServerProvider.start(SocketServerProvider.java:75)
	at com.acs.configuration.socket.SocketServerProvider.start(SocketServerProvider.java:75)
	at com.acs.configuration.socket.SocketServerProvider.start(SocketServerProvider.java:75)
	at com.acs.configuration.socket.SocketServerProvider.start(SocketServerProvider.java:75)
	at com.acs.configuration.socket.SocketServerProvider.start(SocketServerProvider.java:75)
	at com.acs.configuration.socket.SocketServerProvider.start(SocketServerProvider.java:75)
	at com.acs.configuration.socket.SocketServerProvider.start(SocketServerProvider.java:75)
	at com.acs.configuration.socket.SocketServerProvider.start(SocketServerProvider.java:75)
	at com.acs.configuration.socket.SocketServerProvider.start(SocketServerProvider.java:75)
	at com.acs.configuration.socket.SocketServerProvider.start(SocketServerProvider.java:75)
	at com.acs.configuration.socket.SocketServerProvider.start(SocketServerProvider.java:75)
	at com.acs.configuration.socket.SocketServerProvider.start(SocketServerProvider.java:75)
	at com.acs.configuration.socket.SocketServerProvider.start(SocketServerProvider.java:75)
	at com.acs.configuration.socket.SocketServerProvider.start(SocketServerProvider.java:75)
	at com.acs.configuration.socket.SocketServerProvider.start(SocketServerProvider.java:75)
	at com.acs.configuration.socket.SocketServerProvider.start(SocketServerProvider.java:75)
	at com.acs.configuration.socket.SocketServerProvider.start(SocketServerProvider.java:75)
	at com.acs.configuration.socket.SocketServerProvider.start(SocketServerProvider.java:75)
	at com.acs.configuration.socket.SocketServerProvider.start(SocketServerProvider.java:75)
	at com.acs.configuration.socket.SocketServerProvider.start(SocketServerProvider.java:75)
	at com.acs.configuration.socket.SocketServerProvider.start(SocketServerProvider.java:75)
	at com.acs.configuration.socket.SocketServerProvider.start(SocketServerProvider.java:75)
	at com.acs.configuration.socket.SocketServerProvider.start(SocketServerProvider.java:75)
	at com.acs.configuration.socket.SocketServerProvider.start(SocketServerProvider.java:75)
	at com.acs.configuration.socket.SocketServerProvider.start(SocketServerProvider.java:75)
	at com.acs.configuration.socket.SocketServerProvider.start(SocketServerProvider.java:75)
	at com.acs.configuration.socket.SocketServerProvider.start(SocketServerProvider.java:75)
	at com.acs.configuration.socket.SocketServerProvider.start(SocketServerProvider.java:75)
	at com.acs.configuration.socket.SocketServerProvider.start(SocketServerProvider.java:75)
	at com.acs.configuration.socket.SocketServerProvider.start(SocketServerProvider.java:75)
	at com.acs.configuration.socket.SocketServerProvider.start(SocketServerProvider.java:75)
	at com.acs.configuration.socket.SocketServerProvider.start(SocketServerProvider.java:75)
	at com.acs.configuration.socket.SocketServerProvider.start(SocketServerProvider.java:75)
	at com.acs.configuration.socket.SocketServerProvider.start(SocketServerProvider.java:75)
	at com.acs.configuration.socket.SocketServerProvider.start(SocketServerProvider.java:75)
	at com.acs.configuration.socket.SocketServerProvider.start(SocketServerProvider.java:75)
	at com.acs.configuration.socket.SocketServerProvider.start(SocketServerProvider.java:75)
	at com.acs.configuration.socket.SocketServerProvider.start(SocketServerProvider.java:75)
	at com.acs.configuration.socket.SocketServerProvider.start(SocketServerProvider.java:75)
	at com.acs.configuration.socket.SocketServerProvider.start(SocketServerProvider.java:75)
	at com.acs.configuration.socket.SocketServerProvider.start(SocketServerProvider.java:75)
	at com.acs.configuration.socket.SocketServerProvider.start(SocketServerProvider.java:75)
	at com.acs.configuration.socket.SocketServerProvider.start(SocketServerProvider.java:75)
	at com.acs.configuration.socket.SocketServerProvider.start(SocketServerProvider.java:75)
	at com.acs.configuration.socket.SocketServerProvider.start(SocketServerProvider.java:75)
	at com.acs.configuration.socket.SocketServerProvider.start(SocketServerProvider.java:75)
	at com.acs.configuration.socket.SocketServerProvider.start(SocketServerProvider.java:75)
	at com.acs.configuration.socket.SocketServerProvider.start(SocketServerProvider.java:75)
	at com.acs.configuration.socket.SocketServerProvider.start(SocketServerProvider.java:75)
	at com.acs.configuration.socket.SocketServerProvider.start(SocketServerProvider.java:75)
	at com.acs.configuration.socket.SocketServerProvider.start(SocketServerProvider.java:75)
	at com.acs.configuration.socket.SocketServerProvider.start(SocketServerProvider.java:75)
	at com.acs.configuration.socket.SocketServerProvider.start(SocketServerProvider.java:75)
	at com.acs.configuration.socket.SocketServerProvider.start(SocketServerProvider.java:75)
	at com.acs.configuration.socket.SocketServerProvider.start(SocketServerProvider.java:75)
	at com.acs.configuration.socket.SocketServerProvider.start(SocketServerProvider.java:75)
	at com.acs.configuration.socket.SocketServerProvider.start(SocketServerProvider.java:75)
	at com.acs.configuration.socket.SocketServerProvider.start(SocketServerProvider.java:75)
	at com.acs.configuration.socket.SocketServerProvider.start(SocketServerProvider.java:75)
	at com.acs.configuration.socket.SocketServerProvider.start(SocketServerProvider.java:75)
	at com.acs.configuration.socket.SocketServerProvider.start(SocketServerProvider.java:75)
	at com.acs.configuration.socket.SocketServerProvider.start(SocketServerProvider.java:75)
	at com.acs.configuration.socket.SocketServerProvider.start(SocketServerProvider.java:75)
	at com.acs.configuration.socket.SocketServerProvider.start(SocketServerProvider.java:75)
	at com.acs.configuration.socket.SocketServerProvider.start(SocketServerProvider.java:75)
	at com.acs.configuration.socket.SocketServerProvider.start(SocketServerProvider.java:75)
	at com.acs.configuration.socket.SocketServerProvider.start(SocketServerProvider.java:75)
	at com.acs.configuration.socket.SocketServerProvider.start(SocketServerProvider.java:75)
	at com.acs.configuration.socket.SocketServerProvider.start(SocketServerProvider.java:75)
	at com.acs.configuration.socket.SocketServerProvider.start(SocketServerProvider.java:75)
	at com.acs.configuration.socket.SocketServerProvider.start(SocketServerProvider.java:75)
	at com.acs.configuration.socket.SocketServerProvider.start(SocketServerProvider.java:75)
	at com.acs.configuration.socket.SocketServerProvider.start(SocketServerProvider.java:75)
	at com.acs.configuration.socket.SocketServerProvider.start(SocketServerProvider.java:75)
	at com.acs.configuration.socket.SocketServerProvider.start(SocketServerProvider.java:75)
	at com.acs.configuration.socket.SocketServerProvider.start(SocketServerProvider.java:75)
	at com.acs.configuration.socket.SocketServerProvider.start(SocketServerProvider.java:75)
	at com.acs.configuration.socket.SocketServerProvider.start(SocketServerProvider.java:75)
	at com.acs.configuration.socket.SocketServerProvider.start(SocketServerProvider.java:75)
	at com.acs.configuration.socket.SocketServerProvider.start(SocketServerProvider.java:75)
	at com.acs.configuration.socket.SocketServerProvider.start(SocketServerProvider.java:75)
	at com.acs.configuration.socket.SocketServerProvider.start(SocketServerProvider.java:75)
	at com.acs.configuration.socket.SocketServerProvider.start(SocketServerProvider.java:75)
	at com.acs.configuration.socket.SocketServerProvider.start(SocketServerProvider.java:75)
	at com.acs.configuration.socket.SocketServerProvider.start(SocketServerProvider.java:75)
	at com.acs.configuration.socket.SocketServerProvider.start(SocketServerProvider.java:75)
	at com.acs.configuration.socket.SocketServerProvider.start(SocketServerProvider.java:75)
	at com.acs.configuration.socket.SocketServerProvider.start(SocketServerProvider.java:75)
	at com.acs.configuration.socket.SocketServerProvider.start(SocketServerProvider.java:75)
	at com.acs.configuration.socket.SocketServerProvider.start(SocketServerProvider.java:75)
	at com.acs.configuration.socket.SocketServerProvider.start(SocketServerProvider.java:75)
	at com.acs.configuration.socket.SocketServerProvider.start(SocketServerProvider.java:75)
	at com.acs.configuration.socket.SocketServerProvider.start(SocketServerProvider.java:75)
	at com.acs.configuration.socket.SocketServerProvider.start(SocketServerProvider.java:75)
	at com.acs.configuration.socket.SocketServerProvider.start(SocketServerProvider.java:75)
	at com.acs.configuration.socket.SocketServerProvider.start(SocketServerProvider.java:75)
	at com.acs.configuration.socket.SocketServerProvider.start(SocketServerProvider.java:75)
	at com.acs.configuration.socket.SocketServerProvider.start(SocketServerProvider.java:75)
	at com.acs.configuration.socket.SocketServerProvider.start(SocketServerProvider.java:75)
	at com.acs.configuration.socket.SocketServerProvider.start(SocketServerProvider.java:75)
	at com.acs.configuration.socket.SocketServerProvider.start(SocketServerProvider.java:75)
	at com.acs.configuration.socket.SocketServerProvider.start(SocketServerProvider.java:75)
	at com.acs.configuration.socket.SocketServerProvider.start(SocketServerProvider.java:75)
	at com.acs.configuration.socket.SocketServerProvider.start(SocketServerProvider.java:75)
	at com.acs.configuration.socket.SocketServerProvider.start(SocketServerProvider.java:75)
	at com.acs.configuration.socket.SocketServerProvider.start(SocketServerProvider.java:75)
	at com.acs.configuration.socket.SocketServerProvider.start(SocketServerProvider.java:75)
	at com.acs.configuration.socket.SocketServerProvider.start(SocketServerProvider.java:75)
	at com.acs.configuration.socket.SocketServerProvider.start(SocketServerProvider.java:75)
	at com.acs.configuration.socket.SocketServerProvider.start(SocketServerProvider.java:75)
	at com.acs.configuration.socket.SocketServerProvider.start(SocketServerProvider.java:75)
	at com.acs.configuration.socket.SocketServerProvider.start(SocketServerProvider.java:75)
	at com.acs.configuration.socket.SocketServerProvider.start(SocketServerProvider.java:75)
	at com.acs.configuration.socket.SocketServerProvider.start(SocketServerProvider.java:75)
	at com.acs.configuration.socket.SocketServerProvider.start(SocketServerProvider.java:75)
	at com.acs.configuration.socket.SocketServerProvider.start(SocketServerProvider.java:75)
	at com.acs.configuration.socket.SocketServerProvider.start(SocketServerProvider.java:75)
	at com.acs.configuration.socket.SocketServerProvider.start(SocketServerProvider.java:75)
	at com.acs.configuration.socket.SocketServerProvider.start(SocketServerProvider.java:75)
	at com.acs.configuration.socket.SocketServerProvider.start(SocketServerProvider.java:75)
	at com.acs.configuration.socket.SocketServerProvider.start(SocketServerProvider.java:75)
	at com.acs.configuration.socket.SocketServerProvider.start(SocketServerProvider.java:75)
	at com.acs.configuration.socket.SocketServerProvider.start(SocketServerProvider.java:75)
	at com.acs.configuration.socket.SocketServerProvider.start(SocketServerProvider.java:75)
	at com.acs.configuration.socket.SocketServerProvider.start(SocketServerProvider.java:75)
	at com.acs.configuration.socket.SocketServerProvider.start(SocketServerProvider.java:75)
	at com.acs.configuration.socket.SocketServerProvider.start(SocketServerProvider.java:75)
	at com.acs.configuration.socket.SocketServerProvider.start(SocketServerProvider.java:75)
	at com.acs.configuration.socket.SocketServerProvider.start(SocketServerProvider.java:75)
	at com.acs.configuration.socket.SocketServerProvider.start(SocketServerProvider.java:75)
	at com.acs.configuration.socket.SocketServerProvider.start(SocketServerProvider.java:75)
	at com.acs.configuration.socket.SocketServerProvider.start(SocketServerProvider.java:75)
	at com.acs.configuration.socket.SocketServerProvider.start(SocketServerProvider.java:75)
	at com.acs.configuration.socket.SocketServerProvider.start(SocketServerProvider.java:75)
	at com.acs.configuration.socket.SocketServerProvider.start(SocketServerProvider.java:75)
	at com.acs.configuration.socket.SocketServerProvider.start(SocketServerProvider.java:75)
	at com.acs.configuration.socket.SocketServerProvider.start(SocketServerProvider.java:75)
	at com.acs.configuration.socket.SocketServerProvider.start(SocketServerProvider.java:75)
	at com.acs.configuration.socket.SocketServerProvider.start(SocketServerProvider.java:75)
	at com.acs.configuration.socket.SocketServerProvider.start(SocketServerProvider.java:75)
	at com.acs.configuration.socket.SocketServerProvider.start(SocketServerProvider.java:75)
	at com.acs.configuration.socket.SocketServerProvider.start(SocketServerProvider.java:75)
	at com.acs.configuration.socket.SocketServerProvider.start(SocketServerProvider.java:75)
	at com.acs.configuration.socket.SocketServerProvider.start(SocketServerProvider.java:75)
	at com.acs.configuration.socket.SocketServerProvider.start(SocketServerProvider.java:75)
	at com.acs.configuration.socket.SocketServerProvider.start(SocketServerProvider.java:75)
	at com.acs.configuration.socket.SocketServerProvider.start(SocketServerProvider.java:75)
	at com.acs.configuration.socket.SocketServerProvider.start(SocketServerProvider.java:75)
	at com.acs.configuration.socket.SocketServerProvider.start(SocketServerProvider.java:75)
	at com.acs.configuration.socket.SocketServerProvider.start(SocketServerProvider.java:75)
	at com.acs.configuration.socket.SocketServerProvider.start(SocketServerProvider.java:75)
	at com.acs.configuration.socket.SocketServerProvider.start(SocketServerProvider.java:75)
	at com.acs.configuration.socket.SocketServerProvider.start(SocketServerProvider.java:75)
	at com.acs.configuration.socket.SocketServerProvider.start(SocketServerProvider.java:75)
	at com.acs.configuration.socket.SocketServerProvider.start(SocketServerProvider.java:75)
	at com.acs.configuration.socket.SocketServerProvider.start(SocketServerProvider.java:75)
	at com.acs.configuration.socket.SocketServerProvider.start(SocketServerProvider.java:75)
	at com.acs.configuration.socket.SocketServerProvider.start(SocketServerProvider.java:75)
	at com.acs.configuration.socket.SocketServerProvider.start(SocketServerProvider.java:75)
	at com.acs.configuration.socket.SocketServerProvider.start(SocketServerProvider.java:75)
	at com.acs.configuration.socket.SocketServerProvider.start(SocketServerProvider.java:75)
	at com.acs.configuration.socket.SocketServerProvider.start(SocketServerProvider.java:75)
	at com.acs.configuration.socket.SocketServerProvider.start(SocketServerProvider.java:75)
	at com.acs.configuration.socket.SocketServerProvider.start(SocketServerProvider.java:75)
	at com.acs.configuration.socket.SocketServerProvider.start(SocketServerProvider.java:75)
	at com.acs.configuration.socket.SocketServerProvider.start(SocketServerProvider.java:75)
	at com.acs.configuration.socket.SocketServerProvider.start(SocketServerProvider.java:75)
	at com.acs.configuration.socket.SocketServerProvider.start(SocketServerProvider.java:75)
	at com.acs.configuration.socket.SocketServerProvider.start(SocketServerProvider.java:75)
	at com.acs.configuration.socket.SocketServerProvider.start(SocketServerProvider.java:75)
	at com.acs.configuration.socket.SocketServerProvider.start(SocketServerProvider.java:75)
	at com.acs.configuration.socket.SocketServerProvider.start(SocketServerProvider.java:75)
	at com.acs.configuration.socket.SocketServerProvider.start(SocketServerProvider.java:75)
	at com.acs.configuration.socket.SocketServerProvider.start(SocketServerProvider.java:75)
	at com.acs.configuration.socket.SocketServerProvider.start(SocketServerProvider.java:75)
	at com.acs.configuration.socket.SocketServerProvider.start(SocketServerProvider.java:75)
	at com.acs.configuration.socket.SocketServerProvider.start(SocketServerProvider.java:75)
	at com.acs.configuration.socket.SocketServerProvider.start(SocketServerProvider.java:75)
	at com.acs.configuration.socket.SocketServerProvider.start(SocketServerProvider.java:75)
	at com.acs.configuration.socket.SocketServerProvider.start(SocketServerProvider.java:75)
	at com.acs.configuration.socket.SocketServerProvider.start(SocketServerProvider.java:75)
	at com.acs.configuration.socket.SocketServerProvider.start(SocketServerProvider.java:75)
	at com.acs.configuration.socket.SocketServerProvider.start(SocketServerProvider.java:75)
	at com.acs.configuration.socket.SocketServerProvider.start(SocketServerProvider.java:75)
	at com.acs.configuration.socket.SocketServerProvider.start(SocketServerProvider.java:75)
	at com.acs.configuration.socket.SocketServerProvider.start(SocketServerProvider.java:75)
	at com.acs.configuration.socket.SocketServerProvider.start(SocketServerProvider.java:75)
	at com.acs.configuration.socket.SocketServerProvider.start(SocketServerProvider.java:75)
	at com.acs.configuration.socket.SocketServerProvider.start(SocketServerProvider.java:75)
	at com.acs.configuration.socket.SocketServerProvider.start(SocketServerProvider.java:75)
	at com.acs.configuration.socket.SocketServerProvider.start(SocketServerProvider.java:75)
	at com.acs.configuration.socket.SocketServerProvider.start(SocketServerProvider.java:75)
	at com.acs.configuration.socket.SocketServerProvider.start(SocketServerProvider.java:75)
	at com.acs.configuration.socket.SocketServerProvider.start(SocketServerProvider.java:75)
	at com.acs.configuration.socket.SocketServerProvider.start(SocketServerProvider.java:75)
	at com.acs.configuration.socket.SocketServerProvider.start(SocketServerProvider.java:75)
	at com.acs.configuration.socket.SocketServerProvider.start(SocketServerProvider.java:75)
	at com.acs.configuration.socket.SocketServerProvider.start(SocketServerProvider.java:75)
	at com.acs.configuration.socket.SocketServerProvider.start(SocketServerProvider.java:75)
	at com.acs.configuration.socket.SocketServerProvider.start(SocketServerProvider.java:75)
	at com.acs.configuration.socket.SocketServerProvider.start(SocketServerProvider.java:75)
	at com.acs.configuration.socket.SocketServerProvider.start(SocketServerProvider.java:75)
	at com.acs.configuration.socket.SocketServerProvider.start(SocketServerProvider.java:75)
	at com.acs.configuration.socket.SocketServerProvider.start(SocketServerProvider.java:75)
	at com.acs.configuration.socket.SocketServerProvider.start(SocketServerProvider.java:75)
	at com.acs.configuration.socket.SocketServerProvider.start(SocketServerProvider.java:75)
	at com.acs.configuration.socket.SocketServerProvider.start(SocketServerProvider.java:75)
	at com.acs.configuration.socket.SocketServerProvider.start(SocketServerProvider.java:75)
	at com.acs.configuration.socket.SocketServerProvider.start(SocketServerProvider.java:75)
	at com.acs.configuration.socket.SocketServerProvider.start(SocketServerProvider.java:75)
	at com.acs.configuration.socket.SocketServerProvider.start(SocketServerProvider.java:75)
	at com.acs.configuration.socket.SocketServerProvider.start(SocketServerProvider.java:75)
	at com.acs.configuration.socket.SocketServerProvider.start(SocketServerProvider.java:75)
	at com.acs.configuration.socket.SocketServerProvider.start(SocketServerProvider.java:75)
	at com.acs.configuration.socket.SocketServerProvider.start(SocketServerProvider.java:75)
	at com.acs.configuration.socket.SocketServerProvider.start(SocketServerProvider.java:75)
	at com.acs.configuration.socket.SocketServerProvider.start(SocketServerProvider.java:75)
	at com.acs.configuration.socket.SocketServerProvider.start(SocketServerProvider.java:75)
	at com.acs.configuration.socket.SocketServerProvider.start(SocketServerProvider.java:75)
	at com.acs.configuration.socket.SocketServerProvider.start(SocketServerProvider.java:75)
	at com.acs.configuration.socket.SocketServerProvider.start(SocketServerProvider.java:75)
	at com.acs.configuration.socket.SocketServerProvider.start(SocketServerProvider.java:75)
]]></system-out>
  </testcase>
</testsuite>